10/18/2024 13:07:13 [Information] X Stepper Motor Controller Application Started.
10/18/2024 13:07:13 [Information] Version: 3.0.9057.23613 (10/18/2024 13:07:13)
10/18/2024 13:07:13 [Information] X Axis SerialPort COM7 not connected.
10/18/2024 13:07:13 [Information] Y Axis SerialPort COM8 not connected.
10/18/2024 13:07:14 [Information] Version: 3.1.0.23614 (10/18/2024 13:07:14)
10/18/2024 13:07:14 [Information] Version: 3.1.0.23614 (10/18/2024 13:07:14)
10/18/2024 13:07:14 [Information] Stepper Motor Controller Application Settings Window Opened.
10/18/2024 13:07:14 [Information] Stepper Motor Controller Application Settings form is rebuilt each and every time it is opened.
10/18/2024 13:07:14 [Information] int: 9600 BaudRate added to the Settings Form.
10/18/2024 13:07:14 [Information] bool: False ckbXaxisResetToZeroIsChecked added to the Settings Form.
10/18/2024 13:07:14 [Information] bool: False ckbYaxisResetToZeroIsChecked added to the Settings Form.
10/18/2024 13:07:14 [Information] bool: False ckbZaxisResetToZeroIsChecked added to the Settings Form.
10/18/2024 13:07:14 [Information] COM1: ComPort added to the Settings Form.
10/18/2024 13:07:14 [Information] COM2: ComPort added to the Settings Form.
10/18/2024 13:07:14 [Information] COM3: ComPort added to the Settings Form.
10/18/2024 13:07:14 [Information] COM4: ComPort added to the Settings Form.
10/18/2024 13:07:14 [Information] COM5: ComPort added to the Settings Form.
10/18/2024 13:07:14 [Information] COM6: ComPort added to the Settings Form.
10/18/2024 13:07:14 [Information] COM7: ComPort added to the Settings Form.
10/18/2024 13:07:14 [Information] COM8: ComPort added to the Settings Form.
10/18/2024 13:07:14 [Information] COM9: ComPort added to the Settings Form.
10/18/2024 13:07:14 [Information] COM10: ComPort added to the Settings Form.
10/18/2024 13:07:14 [Information] decimal: 4.00 Divider4_00 added to the Settings Form.
10/18/2024 13:07:14 [Information] decimal: 0.00 MathPart2Initlz added to the Settings Form.
10/18/2024 13:07:14 [Information] decimal: 1.00 MilisecondTimerInterval added to the Settings Form.
10/18/2024 13:07:14 [Information] decimal: 1000.00 MillisecondDelay added to the Settings Form.
10/18/2024 13:07:14 [Information] int: 1000 Milliseconds added to the Settings Form.
10/18/2024 13:07:14 [Information] int: 4 mmPerRevolution added to the Settings Form.
10/18/2024 13:07:14 [Information] int: 2000 ThreadSleep added to the Settings Form.
10/18/2024 13:07:14 [Information] decimal: 0.00 Value_0_00 added to the Settings Form.
10/18/2024 13:07:14 [Information] decimal: 50.00 XaxisAcceleration added to the Settings Form.
10/18/2024 13:07:14 [Information] bool: False XaxisChanged added to the Settings Form.
10/18/2024 13:07:14 [Information] decimal: 400.00 XaxisMotorSpeed added to the Settings Form.
10/18/2024 13:07:14 [Information] decimal: 0.00 XaxisStepperCurrent added to the Settings Form.
10/18/2024 13:07:14 [Information] decimal: 0.00 XaxisStepperMove added to the Settings Form.
10/18/2024 13:07:14 [Information] XCOM1: XComPort added to the Settings Form.
10/18/2024 13:07:14 [Information] XCOM2: XComPort added to the Settings Form.
10/18/2024 13:07:14 [Information] XCOM3: XComPort added to the Settings Form.
10/18/2024 13:07:14 [Information] XCOM4: XComPort added to the Settings Form.
10/18/2024 13:07:14 [Information] XCOM5: XComPort added to the Settings Form.
10/18/2024 13:07:14 [Information] XCOM6: XComPort added to the Settings Form.
10/18/2024 13:07:14 [Information] XCOM7: XComPort added to the Settings Form.
10/18/2024 13:07:14 [Information] XCOM8: XComPort added to the Settings Form.
10/18/2024 13:07:14 [Information] XCOM9: XComPort added to the Settings Form.
10/18/2024 13:07:14 [Information] XCOM10: XComPort added to the Settings Form.
10/18/2024 13:07:14 [Information] decimal: 50.00 YaxisAcceleration added to the Settings Form.
10/18/2024 13:07:14 [Information] bool: False YaxisChanged added to the Settings Form.
10/18/2024 13:07:14 [Information] decimal: 400.00 YaxisMotorSpeed added to the Settings Form.
10/18/2024 13:07:14 [Information] decimal: 0.00 YaxisStepperCurrent added to the Settings Form.
10/18/2024 13:07:14 [Information] decimal: 0.00 YaxisStepperMove added to the Settings Form.
10/18/2024 13:07:14 [Information] YCOM1: YComPort added to the Settings Form.
10/18/2024 13:07:14 [Information] YCOM2: YComPort added to the Settings Form.
10/18/2024 13:07:14 [Information] YCOM3: YComPort added to the Settings Form.
10/18/2024 13:07:14 [Information] YCOM4: YComPort added to the Settings Form.
10/18/2024 13:07:14 [Information] YCOM5: YComPort added to the Settings Form.
10/18/2024 13:07:14 [Information] YCOM6: YComPort added to the Settings Form.
10/18/2024 13:07:14 [Information] YCOM7: YComPort added to the Settings Form.
10/18/2024 13:07:14 [Information] YCOM8: YComPort added to the Settings Form.
10/18/2024 13:07:14 [Information] YCOM9: YComPort added to the Settings Form.
10/18/2024 13:07:14 [Information] YCOM10: YComPort added to the Settings Form.
10/18/2024 13:07:14 [Information] decimal: 50.00 ZaxisAcceleration added to the Settings Form.
10/18/2024 13:07:14 [Information] bool: False ZaxisChanged added to the Settings Form.
10/18/2024 13:07:14 [Information] decimal: 400.00 ZaxisMotorSpeed added to the Settings Form.
10/18/2024 13:07:14 [Information] decimal: 0.00 ZaxisStepperCurrent added to the Settings Form.
10/18/2024 13:07:14 [Information] decimal: 0.00 ZaxisStepperMove added to the Settings Form.
10/18/2024 13:07:14 [Information] ZCOM1: ZComPort added to the Settings Form.
10/18/2024 13:07:14 [Information] ZCOM2: ZComPort added to the Settings Form.
10/18/2024 13:07:14 [Information] ZCOM3: ZComPort added to the Settings Form.
10/18/2024 13:07:14 [Information] ZCOM4: ZComPort added to the Settings Form.
10/18/2024 13:07:14 [Information] ZCOM5: ZComPort added to the Settings Form.
10/18/2024 13:07:14 [Information] ZCOM6: ZComPort added to the Settings Form.
10/18/2024 13:07:14 [Information] ZCOM7: ZComPort added to the Settings Form.
10/18/2024 13:07:14 [Information] ZCOM8: ZComPort added to the Settings Form.
10/18/2024 13:07:14 [Information] ZCOM9: ZComPort added to the Settings Form.
10/18/2024 13:07:14 [Information] ZCOM10: ZComPort added to the Settings Form.
10/18/2024 13:07:14 [Information] int: 0 zeroXaxis added to the Settings Form.
10/18/2024 13:07:14 [Information] int: 0 zeroYaxis added to the Settings Form.
10/18/2024 13:07:14 [Information] int: 0 zeroZaxis added to the Settings Form.
10/18/2024 13:07:14 [Information] Stepper Motor Controller MainWindow loaded
10/18/2024 13:07:14 [Information] Set MainWindow Media Brushes to White.
10/18/2024 13:07:53 [Information] Stepper Motor Controller Loading Application Settings form.
10/18/2024 13:08:05 [Information] Stepper Motor Controller Application Settings Saved.
10/18/2024 13:08:13 [Information] Z Axis mouse controlled Keypad returned: 4.00
10/18/2024 13:08:15 [Information] ZAxisRun_Click button clicked:
10/18/2024 13:08:15 [Information] Z Axis MotorMovementSeconds decimal: (4.00 / 4) / 2 = 0.50
10/18/2024 13:08:15 [Information] Z Axis myMovementTimer int: 1000 * 0.50 = 0
10/18/2024 13:08:16 [Information] Z Axis Run Event: Z,0.00,400.00,0,0.00,400.00,0,4.00,400.00,0
10/18/2024 13:08:16 [Information] Z Axis Current Time: 01:08:16 + 0 = targetEndTime: 01:08:16
10/18/2024 13:08:16 [Information] Stepper Motor Controller Enable Z Axis controls after moving to location.
10/18/2024 13:08:16 [Information] Stepper Motor Controller Stopwatch Stopped.
10/18/2024 13:08:16 [Information] Stepper Motor Controller Timer Stopped.
10/18/2024 13:08:16 [Information] Stepper Motor Controller Stopwatch Reset.
10/18/2024 13:08:21 [Information] ZAxisRun_Click button clicked:
10/18/2024 13:08:21 [Information] Z Axis MotorMovementSeconds decimal: (4.00 / 4) / 2 = 0.50
10/18/2024 13:08:21 [Information] Z Axis myMovementTimer int: 1000 * 0.50 = 0
10/18/2024 13:08:22 [Information] Z Axis Run Event: Z,0.00,400.00,0,0.00,400.00,0,8.00,400.00,0
10/18/2024 13:08:22 [Information] Z Axis Current Time: 01:08:22 + 0 = targetEndTime: 01:08:22
10/18/2024 13:08:22 [Information] Stepper Motor Controller Enable Z Axis controls after moving to location.
10/18/2024 13:08:22 [Information] Stepper Motor Controller Stopwatch Stopped.
10/18/2024 13:08:22 [Information] Stepper Motor Controller Timer Stopped.
10/18/2024 13:08:22 [Information] Stepper Motor Controller Stopwatch Reset.
10/18/2024 13:08:23 [Information] ZAxisRun_Click button clicked:
10/18/2024 13:08:23 [Information] Z Axis MotorMovementSeconds decimal: (4.00 / 4) / 2 = 0.50
10/18/2024 13:08:23 [Information] Z Axis myMovementTimer int: 1000 * 0.50 = 0
10/18/2024 13:08:24 [Information] Z Axis Run Event: Z,0.00,400.00,0,0.00,400.00,0,12.00,400.00,0
10/18/2024 13:08:24 [Information] Z Axis Current Time: 01:08:24 + 0 = targetEndTime: 01:08:24
10/18/2024 13:08:24 [Information] Stepper Motor Controller Enable Z Axis controls after moving to location.
10/18/2024 13:08:24 [Information] Stepper Motor Controller Stopwatch Stopped.
10/18/2024 13:08:24 [Information] Stepper Motor Controller Timer Stopped.
10/18/2024 13:08:24 [Information] Stepper Motor Controller Stopwatch Reset.
10/18/2024 13:08:25 [Information] ZAxisRun_Click button clicked:
10/18/2024 13:08:25 [Information] Z Axis MotorMovementSeconds decimal: (4.00 / 4) / 2 = 0.50
10/18/2024 13:08:25 [Information] Z Axis myMovementTimer int: 1000 * 0.50 = 0
10/18/2024 13:08:26 [Information] Z Axis Run Event: Z,0.00,400.00,0,0.00,400.00,0,16.00,400.00,0
10/18/2024 13:08:26 [Information] Z Axis Current Time: 01:08:26 + 0 = targetEndTime: 01:08:26
10/18/2024 13:08:26 [Information] Stepper Motor Controller Enable Z Axis controls after moving to location.
10/18/2024 13:08:26 [Information] Stepper Motor Controller Stopwatch Stopped.
10/18/2024 13:08:26 [Information] Stepper Motor Controller Timer Stopped.
10/18/2024 13:08:26 [Information] Stepper Motor Controller Stopwatch Reset.
10/18/2024 13:08:26 [Information] ZAxisRun_Click button clicked:
10/18/2024 13:08:26 [Information] Z Axis MotorMovementSeconds decimal: (4.00 / 4) / 2 = 0.50
10/18/2024 13:08:26 [Information] Z Axis myMovementTimer int: 1000 * 0.50 = 0
10/18/2024 13:08:27 [Information] Z Axis Run Event: Z,0.00,400.00,0,0.00,400.00,0,20.00,400.00,0
10/18/2024 13:08:27 [Information] Z Axis Current Time: 01:08:27 + 0 = targetEndTime: 01:08:27
10/18/2024 13:08:28 [Information] Stepper Motor Controller Enable Z Axis controls after moving to location.
10/18/2024 13:08:28 [Information] Stepper Motor Controller Stopwatch Stopped.
10/18/2024 13:08:28 [Information] Stepper Motor Controller Timer Stopped.
10/18/2024 13:08:28 [Information] Stepper Motor Controller Stopwatch Reset.
10/18/2024 13:08:31 [Information] Updated X,Y Zero.IsChecked status to 0 and Z Zero.IsChecked status to 1.
10/18/2024 13:08:32 [Information] ZAxisRun_Click button clicked:
10/18/2024 13:08:32 [Information] Z Axis Run Event to reset Axis to zero: Z,0.00,400.00,0,0.00,400.00,0,0.00,400.00,1
10/18/2024 13:08:32 [Information] Setting Z Axis Current Location Set to Zero on DRO
10/18/2024 13:08:33 [Information] Updated X,Y,Z Zero.IsChecked status to 0.
10/18/2024 13:08:33 [Information] Z Axis Current Location Set to Zero
10/18/2024 13:08:38 [Information] Z Axis Data Received: VMDPV_1|1_VMDPV

10/18/2024 13:08:38 [Information] Z Axis Data Received: VMDPR?
10/18/2024 13:09:47 [Information] Stepper Motor Controller Serial Ports closed.
10/18/2024 13:09:47 [Information] Stepper Motor Controller MainWindow Closing.
10/18/2024 13:09:47 [Information] Properties Settings Saved.
10/18/2024 13:09:47 [Information] Properties Settings Form Closed.
