10/20/2024 09:26:31 [Information] X Stepper Motor Controller Application Started.
10/20/2024 09:26:31 [Information] Version: 3.0.9059.16991 (10/20/2024 09:26:31)
10/20/2024 09:26:31 [Information] X Axis SerialPort COM7 not connected.
10/20/2024 09:26:31 [Information] Y Axis SerialPort COM8 not connected.
10/20/2024 09:26:31 [Information] Version: 3.1.0.16992 (10/20/2024 09:26:31)
10/20/2024 09:26:31 [Information] Version: 3.1.0.16992 (10/20/2024 09:26:31)
10/20/2024 09:26:31 [Information] Stepper Motor Controller Application Settings Window Opened.
10/20/2024 09:26:31 [Information] Stepper Motor Controller Application Settings form is rebuilt each and every time it is opened.
10/20/2024 09:26:31 [Information] int: 9600 BaudRate added to the Settings Form.
10/20/2024 09:26:31 [Information] bool: False ckbXaxisResetToZeroIsChecked added to the Settings Form.
10/20/2024 09:26:32 [Information] bool: False ckbYaxisResetToZeroIsChecked added to the Settings Form.
10/20/2024 09:26:32 [Information] bool: False ckbZaxisResetToZeroIsChecked added to the Settings Form.
10/20/2024 09:26:32 [Information] COM1: ComPort added to the Settings Form.
10/20/2024 09:26:32 [Information] COM2: ComPort added to the Settings Form.
10/20/2024 09:26:32 [Information] COM3: ComPort added to the Settings Form.
10/20/2024 09:26:32 [Information] COM4: ComPort added to the Settings Form.
10/20/2024 09:26:32 [Information] COM5: ComPort added to the Settings Form.
10/20/2024 09:26:32 [Information] COM6: ComPort added to the Settings Form.
10/20/2024 09:26:32 [Information] COM7: ComPort added to the Settings Form.
10/20/2024 09:26:32 [Information] COM8: ComPort added to the Settings Form.
10/20/2024 09:26:32 [Information] COM9: ComPort added to the Settings Form.
10/20/2024 09:26:32 [Information] COM10: ComPort added to the Settings Form.
10/20/2024 09:26:32 [Information] decimal: 4.00 Divider4_00 added to the Settings Form.
10/20/2024 09:26:32 [Information] decimal: 0.00 MathPart2Initlz added to the Settings Form.
10/20/2024 09:26:32 [Information] decimal: 1.00 MilisecondTimerInterval added to the Settings Form.
10/20/2024 09:26:32 [Information] decimal: 1000.00 MillisecondDelay added to the Settings Form.
10/20/2024 09:26:32 [Information] int: 1000 Milliseconds added to the Settings Form.
10/20/2024 09:26:32 [Information] int: 4 mmPerRevolution added to the Settings Form.
10/20/2024 09:26:32 [Information] int: 2000 ThreadSleep added to the Settings Form.
10/20/2024 09:26:32 [Information] decimal: 0.00 Value_0_00 added to the Settings Form.
10/20/2024 09:26:32 [Information] decimal: 50.00 XaxisAcceleration added to the Settings Form.
10/20/2024 09:26:32 [Information] bool: False XaxisChanged added to the Settings Form.
10/20/2024 09:26:32 [Information] decimal: 400.00 XaxisMotorSpeed added to the Settings Form.
10/20/2024 09:26:32 [Information] decimal: 0.00 XaxisStepperCurrent added to the Settings Form.
10/20/2024 09:26:32 [Information] decimal: 0.00 XaxisStepperMove added to the Settings Form.
10/20/2024 09:26:32 [Information] XCOM1: XComPort added to the Settings Form.
10/20/2024 09:26:32 [Information] XCOM2: XComPort added to the Settings Form.
10/20/2024 09:26:32 [Information] XCOM3: XComPort added to the Settings Form.
10/20/2024 09:26:32 [Information] XCOM4: XComPort added to the Settings Form.
10/20/2024 09:26:32 [Information] XCOM5: XComPort added to the Settings Form.
10/20/2024 09:26:32 [Information] XCOM6: XComPort added to the Settings Form.
10/20/2024 09:26:32 [Information] XCOM7: XComPort added to the Settings Form.
10/20/2024 09:26:32 [Information] XCOM8: XComPort added to the Settings Form.
10/20/2024 09:26:32 [Information] XCOM9: XComPort added to the Settings Form.
10/20/2024 09:26:32 [Information] XCOM10: XComPort added to the Settings Form.
10/20/2024 09:26:32 [Information] decimal: 50.00 YaxisAcceleration added to the Settings Form.
10/20/2024 09:26:32 [Information] bool: False YaxisChanged added to the Settings Form.
10/20/2024 09:26:32 [Information] decimal: 400.00 YaxisMotorSpeed added to the Settings Form.
10/20/2024 09:26:32 [Information] decimal: 0.00 YaxisStepperCurrent added to the Settings Form.
10/20/2024 09:26:32 [Information] decimal: 0.00 YaxisStepperMove added to the Settings Form.
10/20/2024 09:26:32 [Information] YCOM1: YComPort added to the Settings Form.
10/20/2024 09:26:32 [Information] YCOM2: YComPort added to the Settings Form.
10/20/2024 09:26:32 [Information] YCOM3: YComPort added to the Settings Form.
10/20/2024 09:26:32 [Information] YCOM4: YComPort added to the Settings Form.
10/20/2024 09:26:32 [Information] YCOM5: YComPort added to the Settings Form.
10/20/2024 09:26:32 [Information] YCOM6: YComPort added to the Settings Form.
10/20/2024 09:26:32 [Information] YCOM7: YComPort added to the Settings Form.
10/20/2024 09:26:32 [Information] YCOM8: YComPort added to the Settings Form.
10/20/2024 09:26:32 [Information] YCOM9: YComPort added to the Settings Form.
10/20/2024 09:26:32 [Information] YCOM10: YComPort added to the Settings Form.
10/20/2024 09:26:32 [Information] decimal: 50.00 ZaxisAcceleration added to the Settings Form.
10/20/2024 09:26:32 [Information] bool: False ZaxisChanged added to the Settings Form.
10/20/2024 09:26:32 [Information] decimal: 400.00 ZaxisMotorSpeed added to the Settings Form.
10/20/2024 09:26:32 [Information] decimal: 0.00 ZaxisStepperCurrent added to the Settings Form.
10/20/2024 09:26:32 [Information] decimal: 0.00 ZaxisStepperMove added to the Settings Form.
10/20/2024 09:26:32 [Information] ZCOM1: ZComPort added to the Settings Form.
10/20/2024 09:26:32 [Information] ZCOM2: ZComPort added to the Settings Form.
10/20/2024 09:26:32 [Information] ZCOM3: ZComPort added to the Settings Form.
10/20/2024 09:26:32 [Information] ZCOM4: ZComPort added to the Settings Form.
10/20/2024 09:26:32 [Information] ZCOM5: ZComPort added to the Settings Form.
10/20/2024 09:26:32 [Information] ZCOM6: ZComPort added to the Settings Form.
10/20/2024 09:26:32 [Information] ZCOM7: ZComPort added to the Settings Form.
10/20/2024 09:26:32 [Information] ZCOM8: ZComPort added to the Settings Form.
10/20/2024 09:26:32 [Information] ZCOM9: ZComPort added to the Settings Form.
10/20/2024 09:26:32 [Information] ZCOM10: ZComPort added to the Settings Form.
10/20/2024 09:26:32 [Information] int: 0 zeroXaxis added to the Settings Form.
10/20/2024 09:26:32 [Information] int: 0 zeroYaxis added to the Settings Form.
10/20/2024 09:26:32 [Information] int: 0 zeroZaxis added to the Settings Form.
10/20/2024 09:26:32 [Information] Stepper Motor Controller MainWindow loaded
10/20/2024 09:26:32 [Information] Set MainWindow Media Brushes to White.
10/20/2024 09:26:46 [Information] Z Axis mouse controlled Keypad returned: 4.00
10/20/2024 09:26:48 [Information] ZAxisRun_Click button clicked:
10/20/2024 09:26:48 [Information] Z Axis MotorMovementSeconds decimal: (4.00 / 4) / 2 = 0.50
10/20/2024 09:26:48 [Information] Z Axis myMovementTimer int: 1000 * 0.50 = 0
10/20/2024 09:26:49 [Information] Z Axis Run Event: Z,0.00,400.00,0,0.00,400.00,0,4.00,400.00,0
10/20/2024 09:26:49 [Information] Z Axis Current Time: 09:26:49 + 0 = targetEndTime: 09:26:49
10/20/2024 09:26:49 [Information] Stepper Motor Controller Enable Z Axis controls after moving to location.
10/20/2024 09:26:49 [Information] Stepper Motor Controller Stopwatch Stopped.
10/20/2024 09:26:49 [Information] Stepper Motor Controller Timer Stopped.
10/20/2024 09:26:49 [Information] Stepper Motor Controller Stopwatch Reset.
10/20/2024 09:27:30 [Information] ZAxisRun_Click button clicked:
10/20/2024 09:27:30 [Information] Z Axis MotorMovementSeconds decimal: (4.00 / 4) / 2 = 0.50
10/20/2024 09:27:30 [Information] Z Axis myMovementTimer int: 1000 * 0.50 = 0
10/20/2024 09:27:31 [Information] Z Axis Run Event: Z,0.00,400.00,0,0.00,400.00,0,8.00,400.00,0
10/20/2024 09:27:31 [Information] Z Axis Current Time: 09:27:31 + 0 = targetEndTime: 09:27:31
10/20/2024 09:27:31 [Information] Stepper Motor Controller Enable Z Axis controls after moving to location.
10/20/2024 09:27:31 [Information] Stepper Motor Controller Stopwatch Stopped.
10/20/2024 09:27:31 [Information] Stepper Motor Controller Timer Stopped.
10/20/2024 09:27:31 [Information] Stepper Motor Controller Stopwatch Reset.
10/20/2024 09:27:35 [Information] ZAxisRun_Click button clicked:
10/20/2024 09:27:35 [Information] Z Axis MotorMovementSeconds decimal: (4.00 / 4) / 2 = 0.50
10/20/2024 09:27:35 [Information] Z Axis myMovementTimer int: 1000 * 0.50 = 0
10/20/2024 09:27:36 [Information] Z Axis Run Event: Z,0.00,400.00,0,0.00,400.00,0,12.00,400.00,0
10/20/2024 09:27:36 [Information] Z Axis Current Time: 09:27:36 + 0 = targetEndTime: 09:27:36
10/20/2024 09:27:37 [Information] Stepper Motor Controller Enable Z Axis controls after moving to location.
10/20/2024 09:27:37 [Information] Stepper Motor Controller Stopwatch Stopped.
10/20/2024 09:27:37 [Information] Stepper Motor Controller Timer Stopped.
10/20/2024 09:27:37 [Information] Stepper Motor Controller Stopwatch Reset.
10/20/2024 09:27:47 [Information] ZAxisRun_Click button clicked:
10/20/2024 09:27:47 [Information] Z Axis MotorMovementSeconds decimal: (4.00 / 4) / 2 = 0.50
10/20/2024 09:27:47 [Information] Z Axis myMovementTimer int: 1000 * 0.50 = 0
10/20/2024 09:27:48 [Information] Z Axis Run Event: Z,0.00,400.00,0,0.00,400.00,0,16.00,400.00,0
10/20/2024 09:27:48 [Information] Z Axis Current Time: 09:27:48 + 0 = targetEndTime: 09:27:48
10/20/2024 09:27:48 [Information] Stepper Motor Controller Enable Z Axis controls after moving to location.
10/20/2024 09:27:48 [Information] Stepper Motor Controller Stopwatch Stopped.
10/20/2024 09:27:48 [Information] Stepper Motor Controller Timer Stopped.
10/20/2024 09:27:48 [Information] Stepper Motor Controller Stopwatch Reset.
10/20/2024 09:27:53 [Information] ZAxisRun_Click button clicked:
10/20/2024 09:27:53 [Information] Z Axis MotorMovementSeconds decimal: (4.00 / 4) / 2 = 0.50
10/20/2024 09:27:53 [Information] Z Axis myMovementTimer int: 1000 * 0.50 = 0
10/20/2024 09:27:54 [Information] Z Axis Run Event: Z,0.00,400.00,0,0.00,400.00,0,20.00,400.00,0
10/20/2024 09:27:54 [Information] Z Axis Current Time: 09:27:54 + 0 = targetEndTime: 09:27:54
10/20/2024 09:27:54 [Information] Stepper Motor Controller Enable Z Axis controls after moving to location.
10/20/2024 09:27:54 [Information] Stepper Motor Controller Stopwatch Stopped.
10/20/2024 09:27:54 [Information] Stepper Motor Controller Timer Stopped.
10/20/2024 09:27:54 [Information] Stepper Motor Controller Stopwatch Reset.
10/20/2024 09:28:08 [Information] Updated X,Y Zero.IsChecked status to 0 and Z Zero.IsChecked status to 1.
10/20/2024 09:28:10 [Information] ZAxisRun_Click button clicked:
10/20/2024 09:28:10 [Information] Z Axis Run Event to reset Axis to zero: Z,0.00,400.00,0,0.00,400.00,0,0.00,400.00,1
10/20/2024 09:28:10 [Information] Setting Z Axis Current Location Set to Zero on DRO
10/20/2024 09:28:11 [Information] Updated X,Y,Z Zero.IsChecked status to 0.
10/20/2024 09:28:11 [Information] Z Axis Current Location Set to Zero
10/20/2024 09:28:19 [Information] Z Axis mouse controlled Keypad returned: 4.00
10/20/2024 09:28:20 [Information] ZAxisRun_Click button clicked:
10/20/2024 09:28:20 [Information] Z Axis MotorMovementSeconds decimal: (4.00 / 4) / 2 = 0.50
10/20/2024 09:28:20 [Information] Z Axis myMovementTimer int: 1000 * 0.50 = 0
10/20/2024 09:28:21 [Information] Z Axis Run Event: Z,0.00,400.00,0,0.00,400.00,0,4.00,400.00,0
10/20/2024 09:28:21 [Information] Z Axis Current Time: 09:28:21 + 0 = targetEndTime: 09:28:21
10/20/2024 09:28:21 [Information] Stepper Motor Controller Enable Z Axis controls after moving to location.
10/20/2024 09:28:21 [Information] Stepper Motor Controller Stopwatch Stopped.
10/20/2024 09:28:21 [Information] Stepper Motor Controller Timer Stopped.
10/20/2024 09:28:21 [Information] Stepper Motor Controller Stopwatch Reset.
10/20/2024 09:28:30 [Information] Z Axis mouse controlled Keypad returned: -4.00
10/20/2024 09:28:32 [Information] ZAxisRun_Click button clicked:
10/20/2024 09:28:32 [Information] Z Axis negative value: -4.00 converted to positive decimal: 4.00
10/20/2024 09:28:32 [Information] Z Axis MotorMovementSeconds decimal: (4.00 / 4) / 2 = 0.50
10/20/2024 09:28:32 [Information] Z Axis myMovementTimer int: 1000 * 0.50 = 0
10/20/2024 09:28:33 [Information] Z Axis Run Event: Z,0.00,400.00,0,0.00,400.00,0,0.00,400.00,0
10/20/2024 09:28:33 [Information] Z Axis Current Time: 09:28:33 + 0 = targetEndTime: 09:28:33
10/20/2024 09:28:33 [Information] Stepper Motor Controller Enable Z Axis controls after moving to location.
10/20/2024 09:28:33 [Information] Stepper Motor Controller Stopwatch Stopped.
10/20/2024 09:28:33 [Information] Stepper Motor Controller Timer Stopped.
10/20/2024 09:28:33 [Information] Stepper Motor Controller Stopwatch Reset.
10/20/2024 09:29:43 [Information] Updated X,Y Zero.IsChecked status to 0 and Z Zero.IsChecked status to 1.
10/20/2024 09:29:45 [Information] ZAxisRun_Click button clicked:
10/20/2024 09:29:45 [Information] Z Axis Run Event to reset Axis to zero: Z,0.00,400.00,0,0.00,400.00,0,0.00,400.00,1
10/20/2024 09:29:45 [Information] Setting Z Axis Current Location Set to Zero on DRO
10/20/2024 09:29:46 [Information] Updated X,Y,Z Zero.IsChecked status to 0.
10/20/2024 09:29:46 [Information] Z Axis Current Location Set to Zero
10/20/2024 09:29:55 [Information] Updated X,Y Zero.IsChecked status to 0 and Z Zero.IsChecked status to 1.
10/20/2024 09:29:56 [Information] ZAxisRun_Click button clicked:
10/20/2024 09:29:56 [Information] Z Axis Run Event to reset Axis to zero: Z,0.00,400.00,0,0.00,400.00,0,0.00,400.00,1
10/20/2024 09:29:56 [Information] Setting Z Axis Current Location Set to Zero on DRO
10/20/2024 09:29:57 [Information] Updated X,Y,Z Zero.IsChecked status to 0.
10/20/2024 09:29:57 [Information] Z Axis Current Location Set to Zero
10/20/2024 09:29:59 [Information] Updated X,Y Zero.IsChecked status to 0 and Z Zero.IsChecked status to 1.
10/20/2024 09:30:00 [Information] ZAxisRun_Click button clicked:
10/20/2024 09:30:00 [Information] Z Axis Run Event to reset Axis to zero: Z,0.00,400.00,0,0.00,400.00,0,0.00,400.00,1
10/20/2024 09:30:00 [Information] Setting Z Axis Current Location Set to Zero on DRO
10/20/2024 09:30:01 [Information] Updated X,Y,Z Zero.IsChecked status to 0.
10/20/2024 09:30:01 [Information] Z Axis Current Location Set to Zero
10/20/2024 09:30:09 [Information] Z Axis mouse controlled Keypad returned: 4.00
10/20/2024 09:30:12 [Information] ZAxisRun_Click button clicked:
10/20/2024 09:30:12 [Information] Z Axis MotorMovementSeconds decimal: (4.00 / 4) / 2 = 0.50
10/20/2024 09:30:12 [Information] Z Axis myMovementTimer int: 1000 * 0.50 = 0
10/20/2024 09:30:13 [Information] Z Axis Run Event: Z,0.00,400.00,0,0.00,400.00,0,4.00,400.00,0
10/20/2024 09:30:13 [Information] Z Axis Current Time: 09:30:13 + 0 = targetEndTime: 09:30:13
10/20/2024 09:30:13 [Information] Stepper Motor Controller Enable Z Axis controls after moving to location.
10/20/2024 09:30:13 [Information] Stepper Motor Controller Stopwatch Stopped.
10/20/2024 09:30:13 [Information] Stepper Motor Controller Timer Stopped.
10/20/2024 09:30:13 [Information] Stepper Motor Controller Stopwatch Reset.
10/20/2024 09:30:31 [Information] Z Axis mouse controlled Keypad returned: -4.00
10/20/2024 09:30:33 [Information] ZAxisRun_Click button clicked:
10/20/2024 09:30:33 [Information] Z Axis negative value: -4.00 converted to positive decimal: 4.00
10/20/2024 09:30:33 [Information] Z Axis MotorMovementSeconds decimal: (4.00 / 4) / 2 = 0.50
10/20/2024 09:30:33 [Information] Z Axis myMovementTimer int: 1000 * 0.50 = 0
10/20/2024 09:30:34 [Information] Z Axis Run Event: Z,0.00,400.00,0,0.00,400.00,0,0.00,400.00,0
10/20/2024 09:30:34 [Information] Z Axis Current Time: 09:30:34 + 0 = targetEndTime: 09:30:34
10/20/2024 09:30:34 [Information] Stepper Motor Controller Enable Z Axis controls after moving to location.
10/20/2024 09:30:34 [Information] Stepper Motor Controller Stopwatch Stopped.
10/20/2024 09:30:34 [Information] Stepper Motor Controller Timer Stopped.
10/20/2024 09:30:34 [Information] Stepper Motor Controller Stopwatch Reset.
10/20/2024 09:32:20 [Information] Updated X,Y Zero.IsChecked status to 0 and Z Zero.IsChecked status to 1.
10/20/2024 09:32:23 [Information] ZAxisRun_Click button clicked:
10/20/2024 09:32:23 [Information] Z Axis Run Event to reset Axis to zero: Z,0.00,400.00,0,0.00,400.00,0,0.00,400.00,1
10/20/2024 09:32:23 [Information] Setting Z Axis Current Location Set to Zero on DRO
10/20/2024 09:32:24 [Information] Updated X,Y,Z Zero.IsChecked status to 0.
10/20/2024 09:32:24 [Information] Z Axis Current Location Set to Zero
10/20/2024 09:34:21 [Information] Stepper Motor Controller Serial Ports closed.
10/20/2024 09:34:21 [Information] Stepper Motor Controller MainWindow Closing.
10/20/2024 09:34:21 [Information] Properties Settings Saved.
10/20/2024 09:34:21 [Information] Properties Settings Form Closed.
