10/6/2024 12:54:44 [Information] X Stepper Motor Controller Application Started.
10/6/2024 12:54:44 [Information] Version: 3.0.9044.32791 (10/6/2024 12:54:44)
10/6/2024 12:54:44 [Information] X Axis SerialPort COM7 not connected.
10/6/2024 12:54:44 [Information] Y Axis SerialPort COM8 not connected.
10/6/2024 12:54:44 [Information] Version: 3.1.0.32792 (10/6/2024 12:54:44)
10/6/2024 12:54:44 [Information] Version: 3.1.0.32792 (10/6/2024 12:54:44)
10/6/2024 12:54:44 [Information] Stepper Motor Controller Application Settings Window Opened.
10/6/2024 12:54:44 [Information] Stepper Motor Controller Application Settings form is rebuilt each and every time it is opened.
10/6/2024 12:54:44 [Information] int: 9600 BaudRate added to the Settings Form.
10/6/2024 12:54:44 [Information] bool: False ckbXaxisResetToZeroIsChecked added to the Settings Form.
10/6/2024 12:54:44 [Information] bool: False ckbYaxisResetToZeroIsChecked added to the Settings Form.
10/6/2024 12:54:44 [Information] bool: False ckbZaxisResetToZeroIsChecked added to the Settings Form.
10/6/2024 12:54:44 [Information] COM1: ComPort added to the Settings Form.
10/6/2024 12:54:44 [Information] COM2: ComPort added to the Settings Form.
10/6/2024 12:54:44 [Information] COM3: ComPort added to the Settings Form.
10/6/2024 12:54:44 [Information] COM4: ComPort added to the Settings Form.
10/6/2024 12:54:44 [Information] COM5: ComPort added to the Settings Form.
10/6/2024 12:54:44 [Information] COM6: ComPort added to the Settings Form.
10/6/2024 12:54:44 [Information] COM7: ComPort added to the Settings Form.
10/6/2024 12:54:44 [Information] COM8: ComPort added to the Settings Form.
10/6/2024 12:54:44 [Information] COM9: ComPort added to the Settings Form.
10/6/2024 12:54:44 [Information] COM10: ComPort added to the Settings Form.
10/6/2024 12:54:44 [Information] decimal: 4.00 Divider4_00 added to the Settings Form.
10/6/2024 12:54:44 [Information] decimal: 0.00 MathPart2Initlz added to the Settings Form.
10/6/2024 12:54:44 [Information] decimal: 1.00 MilisecondTimerInterval added to the Settings Form.
10/6/2024 12:54:44 [Information] decimal: 1000.00 MillisecondDelay added to the Settings Form.
10/6/2024 12:54:44 [Information] int: 1000 Milliseconds added to the Settings Form.
10/6/2024 12:54:44 [Information] int: 4 mmPerRevolution added to the Settings Form.
10/6/2024 12:54:44 [Information] int: 2000 ThreadSleep added to the Settings Form.
10/6/2024 12:54:44 [Information] decimal: 0.00 Value_0_00 added to the Settings Form.
10/6/2024 12:54:44 [Information] decimal: 50.00 XaxisAcceleration added to the Settings Form.
10/6/2024 12:54:44 [Information] bool: False XaxisChanged added to the Settings Form.
10/6/2024 12:54:44 [Information] decimal: 400.00 XaxisMotorSpeed added to the Settings Form.
10/6/2024 12:54:44 [Information] decimal: 0.00 XaxisStepperCurrent added to the Settings Form.
10/6/2024 12:54:44 [Information] decimal: 0.00 XaxisStepperMove added to the Settings Form.
10/6/2024 12:54:44 [Information] XCOM1: XComPort added to the Settings Form.
10/6/2024 12:54:44 [Information] XCOM2: XComPort added to the Settings Form.
10/6/2024 12:54:44 [Information] XCOM3: XComPort added to the Settings Form.
10/6/2024 12:54:44 [Information] XCOM4: XComPort added to the Settings Form.
10/6/2024 12:54:44 [Information] XCOM5: XComPort added to the Settings Form.
10/6/2024 12:54:44 [Information] XCOM6: XComPort added to the Settings Form.
10/6/2024 12:54:44 [Information] XCOM7: XComPort added to the Settings Form.
10/6/2024 12:54:44 [Information] XCOM8: XComPort added to the Settings Form.
10/6/2024 12:54:44 [Information] XCOM9: XComPort added to the Settings Form.
10/6/2024 12:54:44 [Information] XCOM10: XComPort added to the Settings Form.
10/6/2024 12:54:44 [Information] decimal: 50.00 YaxisAcceleration added to the Settings Form.
10/6/2024 12:54:44 [Information] bool: False YaxisChanged added to the Settings Form.
10/6/2024 12:54:44 [Information] decimal: 400.00 YaxisMotorSpeed added to the Settings Form.
10/6/2024 12:54:44 [Information] decimal: 0.00 YaxisStepperCurrent added to the Settings Form.
10/6/2024 12:54:44 [Information] decimal: 0.00 YaxisStepperMove added to the Settings Form.
10/6/2024 12:54:44 [Information] YCOM1: YComPort added to the Settings Form.
10/6/2024 12:54:44 [Information] YCOM2: YComPort added to the Settings Form.
10/6/2024 12:54:44 [Information] YCOM3: YComPort added to the Settings Form.
10/6/2024 12:54:44 [Information] YCOM4: YComPort added to the Settings Form.
10/6/2024 12:54:44 [Information] YCOM5: YComPort added to the Settings Form.
10/6/2024 12:54:44 [Information] YCOM6: YComPort added to the Settings Form.
10/6/2024 12:54:44 [Information] YCOM7: YComPort added to the Settings Form.
10/6/2024 12:54:44 [Information] YCOM8: YComPort added to the Settings Form.
10/6/2024 12:54:44 [Information] YCOM9: YComPort added to the Settings Form.
10/6/2024 12:54:44 [Information] YCOM10: YComPort added to the Settings Form.
10/6/2024 12:54:44 [Information] decimal: 50.00 ZaxisAcceleration added to the Settings Form.
10/6/2024 12:54:44 [Information] bool: False ZaxisChanged added to the Settings Form.
10/6/2024 12:54:44 [Information] decimal: 400.00 ZaxisMotorSpeed added to the Settings Form.
10/6/2024 12:54:44 [Information] decimal: 64.00 ZaxisStepperCurrent added to the Settings Form.
10/6/2024 12:54:44 [Information] decimal: 0.00 ZaxisStepperMove added to the Settings Form.
10/6/2024 12:54:44 [Information] ZCOM1: ZComPort added to the Settings Form.
10/6/2024 12:54:44 [Information] ZCOM2: ZComPort added to the Settings Form.
10/6/2024 12:54:44 [Information] ZCOM3: ZComPort added to the Settings Form.
10/6/2024 12:54:44 [Information] ZCOM4: ZComPort added to the Settings Form.
10/6/2024 12:54:44 [Information] ZCOM5: ZComPort added to the Settings Form.
10/6/2024 12:54:44 [Information] ZCOM6: ZComPort added to the Settings Form.
10/6/2024 12:54:44 [Information] ZCOM7: ZComPort added to the Settings Form.
10/6/2024 12:54:44 [Information] ZCOM8: ZComPort added to the Settings Form.
10/6/2024 12:54:44 [Information] ZCOM9: ZComPort added to the Settings Form.
10/6/2024 12:54:44 [Information] ZCOM10: ZComPort added to the Settings Form.
10/6/2024 12:54:44 [Information] int: 0 zeroXaxis added to the Settings Form.
10/6/2024 12:54:44 [Information] int: 0 zeroYaxis added to the Settings Form.
10/6/2024 12:54:44 [Information] int: 0 zeroZaxis added to the Settings Form.
10/6/2024 12:54:45 [Information] Stepper Motor Controller MainWindow loaded
10/6/2024 12:54:45 [Information] Set MainWindow Media Brushes to White.
10/6/2024 12:55:36 [Information] Z Axis mouse controlled Keypad returned: 64.00
10/6/2024 12:56:26 [Information] ZAxisRun_Click button clicked:
10/6/2024 12:56:26 [Information] Z Axis MotorMovementSeconds decimal: (64.00 / 4) / 2 = 8.00
10/6/2024 12:56:26 [Information] Z Axis myMovementTimer int: 1000 * 8.00 = 8000
10/6/2024 12:56:27 [Information] Z Axis Run Event: Z,0.00,400.00,0,0.00,400.00,0,128.00,400.00,0
10/6/2024 12:56:27 [Information] Z Axis Current Time: 12:56:27 + 8000 = targetEndTime: 12:56:35
10/6/2024 12:56:27 [Information] Stepper Motor Controller Disable Z Axis controls while moving to location.
10/6/2024 12:56:27 [Information] Time remaining: 00:00:00 targetEndTime = 12:56:35
10/6/2024 12:56:27 [Information] Stepper Motor Controller Disable Z Axis controls while moving to location.
10/6/2024 12:56:27 [Information] Time remaining: 00:00:00 targetEndTime = 12:56:35
10/6/2024 12:56:27 [Information] Stepper Motor Controller Disable Z Axis controls while moving to location.
10/6/2024 12:56:27 [Information] Time remaining: 00:00:00 targetEndTime = 12:56:35
10/6/2024 12:56:27 [Information] Stepper Motor Controller Disable Z Axis controls while moving to location.
10/6/2024 12:56:27 [Information] Time remaining: 00:00:00 targetEndTime = 12:56:35
10/6/2024 12:56:27 [Information] Stepper Motor Controller Disable Z Axis controls while moving to location.
10/6/2024 12:56:27 [Information] Time remaining: 00:00:00 targetEndTime = 12:56:35
10/6/2024 12:56:27 [Information] Stepper Motor Controller Disable Z Axis controls while moving to location.
10/6/2024 12:56:27 [Information] Time remaining: 00:00:00 targetEndTime = 12:56:35
10/6/2024 12:56:27 [Information] Stepper Motor Controller Disable Z Axis controls while moving to location.
10/6/2024 12:56:27 [Information] Time remaining: 00:00:00 targetEndTime = 12:56:35
10/6/2024 12:56:27 [Information] Stepper Motor Controller Disable Z Axis controls while moving to location.
10/6/2024 12:56:27 [Information] Time remaining: 00:00:00 targetEndTime = 12:56:35
10/6/2024 12:56:27 [Information] Stepper Motor Controller Disable Z Axis controls while moving to location.
10/6/2024 12:56:27 [Information] Time remaining: 00:00:00 targetEndTime = 12:56:35
10/6/2024 12:56:27 [Information] Stepper Motor Controller Disable Z Axis controls while moving to location.
10/6/2024 12:56:27 [Information] Time remaining: 00:00:00 targetEndTime = 12:56:35
10/6/2024 12:56:27 [Information] Stepper Motor Controller Disable Z Axis controls while moving to location.
10/6/2024 12:56:27 [Information] Time remaining: 00:00:00 targetEndTime = 12:56:35
10/6/2024 12:56:27 [Information] Stepper Motor Controller Disable Z Axis controls while moving to location.
10/6/2024 12:56:27 [Information] Time remaining: 00:00:00 targetEndTime = 12:56:35
10/6/2024 12:56:27 [Information] Stepper Motor Controller Disable Z Axis controls while moving to location.
10/6/2024 12:56:27 [Information] Time remaining: 00:00:00 targetEndTime = 12:56:35
10/6/2024 12:56:27 [Information] Stepper Motor Controller Disable Z Axis controls while moving to location.
10/6/2024 12:56:27 [Information] Time remaining: 00:00:00 targetEndTime = 12:56:35
10/6/2024 12:56:27 [Information] Stepper Motor Controller Disable Z Axis controls while moving to location.
10/6/2024 12:56:27 [Information] Time remaining: 00:00:00 targetEndTime = 12:56:35
10/6/2024 12:56:27 [Information] Stepper Motor Controller Disable Z Axis controls while moving to location.
10/6/2024 12:56:27 [Information] Time remaining: 00:00:00 targetEndTime = 12:56:35
10/6/2024 12:56:27 [Information] Stepper Motor Controller Disable Z Axis controls while moving to location.
10/6/2024 12:56:27 [Information] Time remaining: 00:00:00 targetEndTime = 12:56:35
10/6/2024 12:56:27 [Information] Stepper Motor Controller Disable Z Axis controls while moving to location.
10/6/2024 12:56:27 [Information] Time remaining: 00:00:00 targetEndTime = 12:56:35
10/6/2024 12:56:27 [Information] Stepper Motor Controller Disable Z Axis controls while moving to location.
10/6/2024 12:56:27 [Information] Time remaining: 00:00:00 targetEndTime = 12:56:35
10/6/2024 12:56:27 [Information] Stepper Motor Controller Disable Z Axis controls while moving to location.
10/6/2024 12:56:27 [Information] Time remaining: 00:00:00 targetEndTime = 12:56:35
10/6/2024 12:56:27 [Information] Stepper Motor Controller Disable Z Axis controls while moving to location.
10/6/2024 12:56:27 [Information] Time remaining: 00:00:00 targetEndTime = 12:56:35
10/6/2024 12:56:27 [Information] Stepper Motor Controller Disable Z Axis controls while moving to location.
10/6/2024 12:56:27 [Information] Time remaining: 00:00:00 targetEndTime = 12:56:35
10/6/2024 12:56:27 [Information] Stepper Motor Controller Disable Z Axis controls while moving to location.
10/6/2024 12:56:27 [Information] Time remaining: 00:00:00 targetEndTime = 12:56:35
10/6/2024 12:56:27 [Information] Stepper Motor Controller Disable Z Axis controls while moving to location.
10/6/2024 12:56:27 [Information] Time remaining: 00:00:00 targetEndTime = 12:56:35
10/6/2024 12:56:27 [Information] Stepper Motor Controller Disable Z Axis controls while moving to location.
10/6/2024 12:56:27 [Information] Time remaining: 00:00:00 targetEndTime = 12:56:35
10/6/2024 12:56:27 [Information] Stepper Motor Controller Disable Z Axis controls while moving to location.
10/6/2024 12:56:27 [Information] Time remaining: 00:00:00 targetEndTime = 12:56:35
10/6/2024 12:56:27 [Information] Stepper Motor Controller Disable Z Axis controls while moving to location.
10/6/2024 12:56:27 [Information] Time remaining: 00:00:00 targetEndTime = 12:56:35
10/6/2024 12:56:27 [Information] Stepper Motor Controller Disable Z Axis controls while moving to location.
10/6/2024 12:56:27 [Information] Time remaining: 00:00:00 targetEndTime = 12:56:35
10/6/2024 12:56:27 [Information] Stepper Motor Controller Disable Z Axis controls while moving to location.
10/6/2024 12:56:27 [Information] Time remaining: 00:00:00 targetEndTime = 12:56:35
10/6/2024 12:56:27 [Information] Stepper Motor Controller Disable Z Axis controls while moving to location.
10/6/2024 12:56:27 [Information] Time remaining: 00:00:00 targetEndTime = 12:56:35
10/6/2024 12:56:27 [Information] Stepper Motor Controller Disable Z Axis controls while moving to location.
10/6/2024 12:56:27 [Information] Time remaining: 00:00:00 targetEndTime = 12:56:35
10/6/2024 12:56:27 [Information] Stepper Motor Controller Disable Z Axis controls while moving to location.
10/6/2024 12:56:27 [Information] Time remaining: 00:00:00 targetEndTime = 12:56:35
10/6/2024 12:56:27 [Information] Stepper Motor Controller Disable Z Axis controls while moving to location.
10/6/2024 12:56:27 [Information] Time remaining: 00:00:00 targetEndTime = 12:56:35
10/6/2024 12:56:27 [Information] Stepper Motor Controller Disable Z Axis controls while moving to location.
10/6/2024 12:56:27 [Information] Time remaining: 00:00:00 targetEndTime = 12:56:35
10/6/2024 12:56:27 [Information] Stepper Motor Controller Disable Z Axis controls while moving to location.
10/6/2024 12:56:27 [Information] Time remaining: 00:00:00 targetEndTime = 12:56:35
10/6/2024 12:56:27 [Information] Stepper Motor Controller Disable Z Axis controls while moving to location.
10/6/2024 12:56:27 [Information] Time remaining: 00:00:00 targetEndTime = 12:56:35
10/6/2024 12:56:27 [Information] Stepper Motor Controller Disable Z Axis controls while moving to location.
10/6/2024 12:56:27 [Information] Time remaining: 00:00:00 targetEndTime = 12:56:35
10/6/2024 12:56:27 [Information] Stepper Motor Controller Disable Z Axis controls while moving to location.
10/6/2024 12:56:27 [Information] Time remaining: 00:00:00 targetEndTime = 12:56:35
10/6/2024 12:56:27 [Information] Stepper Motor Controller Disable Z Axis controls while moving to location.
10/6/2024 12:56:27 [Information] Time remaining: 00:00:00 targetEndTime = 12:56:35
10/6/2024 12:56:27 [Information] Stepper Motor Controller Disable Z Axis controls while moving to location.
10/6/2024 12:56:27 [Information] Time remaining: 00:00:00 targetEndTime = 12:56:35
10/6/2024 12:56:27 [Information] Stepper Motor Controller Disable Z Axis controls while moving to location.
10/6/2024 12:56:27 [Information] Time remaining: 00:00:00 targetEndTime = 12:56:35
10/6/2024 12:56:27 [Information] Stepper Motor Controller Disable Z Axis controls while moving to location.
10/6/2024 12:56:27 [Information] Time remaining: 00:00:00 targetEndTime = 12:56:35
10/6/2024 12:56:27 [Information] Stepper Motor Controller Disable Z Axis controls while moving to location.
10/6/2024 12:56:27 [Information] Time remaining: 00:00:00 targetEndTime = 12:56:35
10/6/2024 12:56:27 [Information] Stepper Motor Controller Disable Z Axis controls while moving to location.
10/6/2024 12:56:27 [Information] Time remaining: 00:00:00 targetEndTime = 12:56:35
10/6/2024 12:56:27 [Information] Stepper Motor Controller Disable Z Axis controls while moving to location.
10/6/2024 12:56:27 [Information] Time remaining: 00:00:00 targetEndTime = 12:56:35
10/6/2024 12:56:27 [Information] Stepper Motor Controller Disable Z Axis controls while moving to location.
10/6/2024 12:56:27 [Information] Time remaining: 00:00:00 targetEndTime = 12:56:35
10/6/2024 12:56:27 [Information] Stepper Motor Controller Disable Z Axis controls while moving to location.
10/6/2024 12:56:27 [Information] Time remaining: 00:00:00 targetEndTime = 12:56:35
10/6/2024 12:56:27 [Information] Stepper Motor Controller Disable Z Axis controls while moving to location.
10/6/2024 12:56:27 [Information] Time remaining: 00:00:00 targetEndTime = 12:56:35
10/6/2024 12:56:27 [Information] Stepper Motor Controller Disable Z Axis controls while moving to location.
10/6/2024 12:56:27 [Information] Time remaining: 00:00:00 targetEndTime = 12:56:35
10/6/2024 12:56:27 [Information] Stepper Motor Controller Disable Z Axis controls while moving to location.
10/6/2024 12:56:27 [Information] Time remaining: 00:00:00 targetEndTime = 12:56:35
10/6/2024 12:56:27 [Information] Stepper Motor Controller Disable Z Axis controls while moving to location.
10/6/2024 12:56:27 [Information] Time remaining: 00:00:00 targetEndTime = 12:56:35
10/6/2024 12:56:27 [Information] Stepper Motor Controller Disable Z Axis controls while moving to location.
10/6/2024 12:56:27 [Information] Time remaining: 00:00:00 targetEndTime = 12:56:35
10/6/2024 12:56:27 [Information] Stepper Motor Controller Disable Z Axis controls while moving to location.
10/6/2024 12:56:27 [Information] Time remaining: 00:00:00 targetEndTime = 12:56:35
10/6/2024 12:56:27 [Information] Stepper Motor Controller Disable Z Axis controls while moving to location.
10/6/2024 12:56:28 [Information] Time remaining: 00:00:00 targetEndTime = 12:56:35
10/6/2024 12:56:28 [Information] Stepper Motor Controller Disable Z Axis controls while moving to location.
10/6/2024 12:56:28 [Information] Time remaining: 00:00:00 targetEndTime = 12:56:35
10/6/2024 12:56:28 [Information] Stepper Motor Controller Disable Z Axis controls while moving to location.
10/6/2024 12:56:28 [Information] Time remaining: 00:00:01 targetEndTime = 12:56:35
10/6/2024 12:56:28 [Information] Stepper Motor Controller Disable Z Axis controls while moving to location.
10/6/2024 12:56:28 [Information] Time remaining: 00:00:01 targetEndTime = 12:56:35
10/6/2024 12:56:28 [Information] Stepper Motor Controller Disable Z Axis controls while moving to location.
10/6/2024 12:56:28 [Information] Time remaining: 00:00:01 targetEndTime = 12:56:35
10/6/2024 12:56:28 [Information] Stepper Motor Controller Disable Z Axis controls while moving to location.
10/6/2024 12:56:28 [Information] Time remaining: 00:00:01 targetEndTime = 12:56:35
10/6/2024 12:56:28 [Information] Stepper Motor Controller Disable Z Axis controls while moving to location.
10/6/2024 12:56:28 [Information] Time remaining: 00:00:01 targetEndTime = 12:56:35
10/6/2024 12:56:28 [Information] Stepper Motor Controller Disable Z Axis controls while moving to location.
10/6/2024 12:56:28 [Information] Time remaining: 00:00:01 targetEndTime = 12:56:35
10/6/2024 12:56:28 [Information] Stepper Motor Controller Disable Z Axis controls while moving to location.
10/6/2024 12:56:28 [Information] Time remaining: 00:00:01 targetEndTime = 12:56:35
10/6/2024 12:56:28 [Information] Stepper Motor Controller Disable Z Axis controls while moving to location.
10/6/2024 12:56:28 [Information] Time remaining: 00:00:01 targetEndTime = 12:56:35
10/6/2024 12:56:28 [Information] Stepper Motor Controller Disable Z Axis controls while moving to location.
10/6/2024 12:56:28 [Information] Time remaining: 00:00:01 targetEndTime = 12:56:35
10/6/2024 12:56:28 [Information] Stepper Motor Controller Disable Z Axis controls while moving to location.
10/6/2024 12:56:28 [Information] Time remaining: 00:00:01 targetEndTime = 12:56:35
10/6/2024 12:56:28 [Information] Stepper Motor Controller Disable Z Axis controls while moving to location.
10/6/2024 12:56:28 [Information] Time remaining: 00:00:01 targetEndTime = 12:56:35
10/6/2024 12:56:28 [Information] Stepper Motor Controller Disable Z Axis controls while moving to location.
10/6/2024 12:56:28 [Information] Time remaining: 00:00:01 targetEndTime = 12:56:35
10/6/2024 12:56:28 [Information] Stepper Motor Controller Disable Z Axis controls while moving to location.
10/6/2024 12:56:28 [Information] Time remaining: 00:00:01 targetEndTime = 12:56:35
10/6/2024 12:56:28 [Information] Stepper Motor Controller Disable Z Axis controls while moving to location.
10/6/2024 12:56:28 [Information] Time remaining: 00:00:01 targetEndTime = 12:56:35
10/6/2024 12:56:28 [Information] Stepper Motor Controller Disable Z Axis controls while moving to location.
10/6/2024 12:56:28 [Information] Time remaining: 00:00:01 targetEndTime = 12:56:35
10/6/2024 12:56:28 [Information] Stepper Motor Controller Disable Z Axis controls while moving to location.
10/6/2024 12:56:28 [Information] Time remaining: 00:00:01 targetEndTime = 12:56:35
10/6/2024 12:56:28 [Information] Stepper Motor Controller Disable Z Axis controls while moving to location.
10/6/2024 12:56:28 [Information] Time remaining: 00:00:01 targetEndTime = 12:56:35
10/6/2024 12:56:28 [Information] Stepper Motor Controller Disable Z Axis controls while moving to location.
10/6/2024 12:56:28 [Information] Time remaining: 00:00:01 targetEndTime = 12:56:35
10/6/2024 12:56:28 [Information] Stepper Motor Controller Disable Z Axis controls while moving to location.
10/6/2024 12:56:28 [Information] Time remaining: 00:00:01 targetEndTime = 12:56:35
10/6/2024 12:56:28 [Information] Stepper Motor Controller Disable Z Axis controls while moving to location.
10/6/2024 12:56:28 [Information] Time remaining: 00:00:01 targetEndTime = 12:56:35
10/6/2024 12:56:28 [Information] Stepper Motor Controller Disable Z Axis controls while moving to location.
10/6/2024 12:56:28 [Information] Time remaining: 00:00:01 targetEndTime = 12:56:35
10/6/2024 12:56:28 [Information] Stepper Motor Controller Disable Z Axis controls while moving to location.
10/6/2024 12:56:28 [Information] Time remaining: 00:00:01 targetEndTime = 12:56:35
10/6/2024 12:56:28 [Information] Stepper Motor Controller Disable Z Axis controls while moving to location.
10/6/2024 12:56:28 [Information] Time remaining: 00:00:01 targetEndTime = 12:56:35
10/6/2024 12:56:28 [Information] Stepper Motor Controller Disable Z Axis controls while moving to location.
10/6/2024 12:56:28 [Information] Time remaining: 00:00:01 targetEndTime = 12:56:35
10/6/2024 12:56:28 [Information] Stepper Motor Controller Disable Z Axis controls while moving to location.
10/6/2024 12:56:28 [Information] Time remaining: 00:00:01 targetEndTime = 12:56:35
10/6/2024 12:56:28 [Information] Stepper Motor Controller Disable Z Axis controls while moving to location.
10/6/2024 12:56:28 [Information] Time remaining: 00:00:01 targetEndTime = 12:56:35
10/6/2024 12:56:28 [Information] Stepper Motor Controller Disable Z Axis controls while moving to location.
10/6/2024 12:56:28 [Information] Time remaining: 00:00:01 targetEndTime = 12:56:35
10/6/2024 12:56:28 [Information] Stepper Motor Controller Disable Z Axis controls while moving to location.
10/6/2024 12:56:28 [Information] Time remaining: 00:00:01 targetEndTime = 12:56:35
10/6/2024 12:56:28 [Information] Stepper Motor Controller Disable Z Axis controls while moving to location.
10/6/2024 12:56:28 [Information] Time remaining: 00:00:01 targetEndTime = 12:56:35
10/6/2024 12:56:28 [Information] Stepper Motor Controller Disable Z Axis controls while moving to location.
10/6/2024 12:56:28 [Information] Time remaining: 00:00:01 targetEndTime = 12:56:35
10/6/2024 12:56:28 [Information] Stepper Motor Controller Disable Z Axis controls while moving to location.
10/6/2024 12:56:28 [Information] Time remaining: 00:00:01 targetEndTime = 12:56:35
10/6/2024 12:56:28 [Information] Stepper Motor Controller Disable Z Axis controls while moving to location.
10/6/2024 12:56:28 [Information] Time remaining: 00:00:01 targetEndTime = 12:56:35
10/6/2024 12:56:28 [Information] Stepper Motor Controller Disable Z Axis controls while moving to location.
10/6/2024 12:56:28 [Information] Time remaining: 00:00:01 targetEndTime = 12:56:35
10/6/2024 12:56:28 [Information] Stepper Motor Controller Disable Z Axis controls while moving to location.
10/6/2024 12:56:28 [Information] Time remaining: 00:00:01 targetEndTime = 12:56:35
10/6/2024 12:56:28 [Information] Stepper Motor Controller Disable Z Axis controls while moving to location.
10/6/2024 12:56:28 [Information] Time remaining: 00:00:01 targetEndTime = 12:56:35
10/6/2024 12:56:28 [Information] Stepper Motor Controller Disable Z Axis controls while moving to location.
10/6/2024 12:56:28 [Information] Time remaining: 00:00:01 targetEndTime = 12:56:35
10/6/2024 12:56:28 [Information] Stepper Motor Controller Disable Z Axis controls while moving to location.
10/6/2024 12:56:28 [Information] Time remaining: 00:00:01 targetEndTime = 12:56:35
10/6/2024 12:56:28 [Information] Stepper Motor Controller Disable Z Axis controls while moving to location.
10/6/2024 12:56:28 [Information] Time remaining: 00:00:01 targetEndTime = 12:56:35
10/6/2024 12:56:28 [Information] Stepper Motor Controller Disable Z Axis controls while moving to location.
10/6/2024 12:56:28 [Information] Time remaining: 00:00:01 targetEndTime = 12:56:35
10/6/2024 12:56:28 [Information] Stepper Motor Controller Disable Z Axis controls while moving to location.
10/6/2024 12:56:28 [Information] Time remaining: 00:00:01 targetEndTime = 12:56:35
10/6/2024 12:56:28 [Information] Stepper Motor Controller Disable Z Axis controls while moving to location.
10/6/2024 12:56:28 [Information] Time remaining: 00:00:01 targetEndTime = 12:56:35
10/6/2024 12:56:28 [Information] Stepper Motor Controller Disable Z Axis controls while moving to location.
10/6/2024 12:56:28 [Information] Time remaining: 00:00:01 targetEndTime = 12:56:35
10/6/2024 12:56:28 [Information] Stepper Motor Controller Disable Z Axis controls while moving to location.
10/6/2024 12:56:28 [Information] Time remaining: 00:00:01 targetEndTime = 12:56:35
10/6/2024 12:56:28 [Information] Stepper Motor Controller Disable Z Axis controls while moving to location.
10/6/2024 12:56:28 [Information] Time remaining: 00:00:01 targetEndTime = 12:56:35
10/6/2024 12:56:28 [Information] Stepper Motor Controller Disable Z Axis controls while moving to location.
10/6/2024 12:56:28 [Information] Time remaining: 00:00:01 targetEndTime = 12:56:35
10/6/2024 12:56:28 [Information] Stepper Motor Controller Disable Z Axis controls while moving to location.
10/6/2024 12:56:28 [Information] Time remaining: 00:00:01 targetEndTime = 12:56:35
10/6/2024 12:56:28 [Information] Stepper Motor Controller Disable Z Axis controls while moving to location.
10/6/2024 12:56:28 [Information] Time remaining: 00:00:01 targetEndTime = 12:56:35
10/6/2024 12:56:28 [Information] Stepper Motor Controller Disable Z Axis controls while moving to location.
10/6/2024 12:56:28 [Information] Time remaining: 00:00:01 targetEndTime = 12:56:35
10/6/2024 12:56:28 [Information] Stepper Motor Controller Disable Z Axis controls while moving to location.
10/6/2024 12:56:28 [Information] Time remaining: 00:00:01 targetEndTime = 12:56:35
10/6/2024 12:56:28 [Information] Stepper Motor Controller Disable Z Axis controls while moving to location.
10/6/2024 12:56:28 [Information] Time remaining: 00:00:01 targetEndTime = 12:56:35
10/6/2024 12:56:28 [Information] Stepper Motor Controller Disable Z Axis controls while moving to location.
10/6/2024 12:56:28 [Information] Time remaining: 00:00:01 targetEndTime = 12:56:35
10/6/2024 12:56:28 [Information] Stepper Motor Controller Disable Z Axis controls while moving to location.
10/6/2024 12:56:28 [Information] Time remaining: 00:00:01 targetEndTime = 12:56:35
10/6/2024 12:56:28 [Information] Stepper Motor Controller Disable Z Axis controls while moving to location.
10/6/2024 12:56:28 [Information] Time remaining: 00:00:01 targetEndTime = 12:56:35
10/6/2024 12:56:28 [Information] Stepper Motor Controller Disable Z Axis controls while moving to location.
10/6/2024 12:56:28 [Information] Time remaining: 00:00:01 targetEndTime = 12:56:35
10/6/2024 12:56:28 [Information] Stepper Motor Controller Disable Z Axis controls while moving to location.
10/6/2024 12:56:28 [Information] Time remaining: 00:00:01 targetEndTime = 12:56:35
10/6/2024 12:56:28 [Information] Stepper Motor Controller Disable Z Axis controls while moving to location.
10/6/2024 12:56:28 [Information] Time remaining: 00:00:01 targetEndTime = 12:56:35
10/6/2024 12:56:28 [Information] Stepper Motor Controller Disable Z Axis controls while moving to location.
10/6/2024 12:56:28 [Information] Time remaining: 00:00:01 targetEndTime = 12:56:35
10/6/2024 12:56:28 [Information] Stepper Motor Controller Disable Z Axis controls while moving to location.
10/6/2024 12:56:28 [Information] Time remaining: 00:00:01 targetEndTime = 12:56:35
10/6/2024 12:56:29 [Information] Stepper Motor Controller Disable Z Axis controls while moving to location.
10/6/2024 12:56:29 [Information] Time remaining: 00:00:01 targetEndTime = 12:56:35
10/6/2024 12:56:29 [Information] Stepper Motor Controller Disable Z Axis controls while moving to location.
10/6/2024 12:56:29 [Information] Time remaining: 00:00:01 targetEndTime = 12:56:35
10/6/2024 12:56:29 [Information] Stepper Motor Controller Disable Z Axis controls while moving to location.
10/6/2024 12:56:29 [Information] Time remaining: 00:00:02 targetEndTime = 12:56:35
10/6/2024 12:56:29 [Information] Stepper Motor Controller Disable Z Axis controls while moving to location.
10/6/2024 12:56:29 [Information] Time remaining: 00:00:02 targetEndTime = 12:56:35
10/6/2024 12:56:29 [Information] Stepper Motor Controller Disable Z Axis controls while moving to location.
10/6/2024 12:56:29 [Information] Time remaining: 00:00:02 targetEndTime = 12:56:35
10/6/2024 12:56:29 [Information] Stepper Motor Controller Disable Z Axis controls while moving to location.
10/6/2024 12:56:29 [Information] Time remaining: 00:00:02 targetEndTime = 12:56:35
10/6/2024 12:56:29 [Information] Stepper Motor Controller Disable Z Axis controls while moving to location.
10/6/2024 12:56:29 [Information] Time remaining: 00:00:02 targetEndTime = 12:56:35
10/6/2024 12:56:29 [Information] Stepper Motor Controller Disable Z Axis controls while moving to location.
10/6/2024 12:56:29 [Information] Time remaining: 00:00:02 targetEndTime = 12:56:35
10/6/2024 12:56:29 [Information] Stepper Motor Controller Disable Z Axis controls while moving to location.
10/6/2024 12:56:29 [Information] Time remaining: 00:00:02 targetEndTime = 12:56:35
10/6/2024 12:56:29 [Information] Stepper Motor Controller Disable Z Axis controls while moving to location.
10/6/2024 12:56:29 [Information] Time remaining: 00:00:02 targetEndTime = 12:56:35
10/6/2024 12:56:29 [Information] Stepper Motor Controller Disable Z Axis controls while moving to location.
10/6/2024 12:56:29 [Information] Time remaining: 00:00:02 targetEndTime = 12:56:35
10/6/2024 12:56:29 [Information] Stepper Motor Controller Disable Z Axis controls while moving to location.
10/6/2024 12:56:29 [Information] Time remaining: 00:00:02 targetEndTime = 12:56:35
10/6/2024 12:56:29 [Information] Stepper Motor Controller Disable Z Axis controls while moving to location.
10/6/2024 12:56:29 [Information] Time remaining: 00:00:02 targetEndTime = 12:56:35
10/6/2024 12:56:29 [Information] Stepper Motor Controller Disable Z Axis controls while moving to location.
10/6/2024 12:56:29 [Information] Time remaining: 00:00:02 targetEndTime = 12:56:35
10/6/2024 12:56:29 [Information] Stepper Motor Controller Disable Z Axis controls while moving to location.
10/6/2024 12:56:29 [Information] Time remaining: 00:00:02 targetEndTime = 12:56:35
10/6/2024 12:56:29 [Information] Stepper Motor Controller Disable Z Axis controls while moving to location.
10/6/2024 12:56:29 [Information] Time remaining: 00:00:02 targetEndTime = 12:56:35
10/6/2024 12:56:29 [Information] Stepper Motor Controller Disable Z Axis controls while moving to location.
10/6/2024 12:56:29 [Information] Time remaining: 00:00:02 targetEndTime = 12:56:35
10/6/2024 12:56:29 [Information] Stepper Motor Controller Disable Z Axis controls while moving to location.
10/6/2024 12:56:29 [Information] Time remaining: 00:00:02 targetEndTime = 12:56:35
10/6/2024 12:56:29 [Information] Stepper Motor Controller Disable Z Axis controls while moving to location.
10/6/2024 12:56:29 [Information] Time remaining: 00:00:02 targetEndTime = 12:56:35
10/6/2024 12:56:29 [Information] Stepper Motor Controller Disable Z Axis controls while moving to location.
10/6/2024 12:56:29 [Information] Time remaining: 00:00:02 targetEndTime = 12:56:35
10/6/2024 12:56:29 [Information] Stepper Motor Controller Disable Z Axis controls while moving to location.
10/6/2024 12:56:29 [Information] Time remaining: 00:00:02 targetEndTime = 12:56:35
10/6/2024 12:56:29 [Information] Stepper Motor Controller Disable Z Axis controls while moving to location.
10/6/2024 12:56:29 [Information] Time remaining: 00:00:02 targetEndTime = 12:56:35
10/6/2024 12:56:29 [Information] Stepper Motor Controller Disable Z Axis controls while moving to location.
10/6/2024 12:56:29 [Information] Time remaining: 00:00:02 targetEndTime = 12:56:35
10/6/2024 12:56:29 [Information] Stepper Motor Controller Disable Z Axis controls while moving to location.
10/6/2024 12:56:29 [Information] Time remaining: 00:00:02 targetEndTime = 12:56:35
10/6/2024 12:56:29 [Information] Stepper Motor Controller Disable Z Axis controls while moving to location.
10/6/2024 12:56:29 [Information] Time remaining: 00:00:02 targetEndTime = 12:56:35
10/6/2024 12:56:29 [Information] Stepper Motor Controller Disable Z Axis controls while moving to location.
10/6/2024 12:56:29 [Information] Time remaining: 00:00:02 targetEndTime = 12:56:35
10/6/2024 12:56:29 [Information] Stepper Motor Controller Disable Z Axis controls while moving to location.
10/6/2024 12:56:29 [Information] Time remaining: 00:00:02 targetEndTime = 12:56:35
10/6/2024 12:56:29 [Information] Stepper Motor Controller Disable Z Axis controls while moving to location.
10/6/2024 12:56:29 [Information] Time remaining: 00:00:02 targetEndTime = 12:56:35
10/6/2024 12:56:29 [Information] Stepper Motor Controller Disable Z Axis controls while moving to location.
10/6/2024 12:56:29 [Information] Time remaining: 00:00:02 targetEndTime = 12:56:35
10/6/2024 12:56:29 [Information] Stepper Motor Controller Disable Z Axis controls while moving to location.
10/6/2024 12:56:29 [Information] Time remaining: 00:00:02 targetEndTime = 12:56:35
10/6/2024 12:56:29 [Information] Stepper Motor Controller Disable Z Axis controls while moving to location.
10/6/2024 12:56:29 [Information] Time remaining: 00:00:02 targetEndTime = 12:56:35
10/6/2024 12:56:29 [Information] Stepper Motor Controller Disable Z Axis controls while moving to location.
10/6/2024 12:56:29 [Information] Time remaining: 00:00:02 targetEndTime = 12:56:35
10/6/2024 12:56:29 [Information] Stepper Motor Controller Disable Z Axis controls while moving to location.
10/6/2024 12:56:29 [Information] Time remaining: 00:00:02 targetEndTime = 12:56:35
10/6/2024 12:56:29 [Information] Stepper Motor Controller Disable Z Axis controls while moving to location.
10/6/2024 12:56:29 [Information] Time remaining: 00:00:02 targetEndTime = 12:56:35
10/6/2024 12:56:29 [Information] Stepper Motor Controller Disable Z Axis controls while moving to location.
10/6/2024 12:56:29 [Information] Time remaining: 00:00:02 targetEndTime = 12:56:35
10/6/2024 12:56:29 [Information] Stepper Motor Controller Disable Z Axis controls while moving to location.
10/6/2024 12:56:29 [Information] Time remaining: 00:00:02 targetEndTime = 12:56:35
10/6/2024 12:56:29 [Information] Stepper Motor Controller Disable Z Axis controls while moving to location.
10/6/2024 12:56:29 [Information] Time remaining: 00:00:02 targetEndTime = 12:56:35
10/6/2024 12:56:29 [Information] Stepper Motor Controller Disable Z Axis controls while moving to location.
10/6/2024 12:56:29 [Information] Time remaining: 00:00:02 targetEndTime = 12:56:35
10/6/2024 12:56:29 [Information] Stepper Motor Controller Disable Z Axis controls while moving to location.
10/6/2024 12:56:29 [Information] Time remaining: 00:00:02 targetEndTime = 12:56:35
10/6/2024 12:56:29 [Information] Stepper Motor Controller Disable Z Axis controls while moving to location.
10/6/2024 12:56:29 [Information] Time remaining: 00:00:02 targetEndTime = 12:56:35
10/6/2024 12:56:29 [Information] Stepper Motor Controller Disable Z Axis controls while moving to location.
10/6/2024 12:56:29 [Information] Time remaining: 00:00:02 targetEndTime = 12:56:35
10/6/2024 12:56:29 [Information] Stepper Motor Controller Disable Z Axis controls while moving to location.
10/6/2024 12:56:29 [Information] Time remaining: 00:00:02 targetEndTime = 12:56:35
10/6/2024 12:56:29 [Information] Stepper Motor Controller Disable Z Axis controls while moving to location.
10/6/2024 12:56:29 [Information] Time remaining: 00:00:02 targetEndTime = 12:56:35
10/6/2024 12:56:29 [Information] Stepper Motor Controller Disable Z Axis controls while moving to location.
10/6/2024 12:56:29 [Information] Time remaining: 00:00:02 targetEndTime = 12:56:35
10/6/2024 12:56:29 [Information] Stepper Motor Controller Disable Z Axis controls while moving to location.
10/6/2024 12:56:29 [Information] Time remaining: 00:00:02 targetEndTime = 12:56:35
10/6/2024 12:56:29 [Information] Stepper Motor Controller Disable Z Axis controls while moving to location.
10/6/2024 12:56:29 [Information] Time remaining: 00:00:02 targetEndTime = 12:56:35
10/6/2024 12:56:29 [Information] Stepper Motor Controller Disable Z Axis controls while moving to location.
10/6/2024 12:56:29 [Information] Time remaining: 00:00:02 targetEndTime = 12:56:35
10/6/2024 12:56:29 [Information] Stepper Motor Controller Disable Z Axis controls while moving to location.
10/6/2024 12:56:29 [Information] Time remaining: 00:00:02 targetEndTime = 12:56:35
10/6/2024 12:56:29 [Information] Stepper Motor Controller Disable Z Axis controls while moving to location.
10/6/2024 12:56:29 [Information] Time remaining: 00:00:02 targetEndTime = 12:56:35
10/6/2024 12:56:29 [Information] Stepper Motor Controller Disable Z Axis controls while moving to location.
10/6/2024 12:56:29 [Information] Time remaining: 00:00:02 targetEndTime = 12:56:35
10/6/2024 12:56:29 [Information] Stepper Motor Controller Disable Z Axis controls while moving to location.
10/6/2024 12:56:29 [Information] Time remaining: 00:00:02 targetEndTime = 12:56:35
10/6/2024 12:56:29 [Information] Stepper Motor Controller Disable Z Axis controls while moving to location.
10/6/2024 12:56:29 [Information] Time remaining: 00:00:02 targetEndTime = 12:56:35
10/6/2024 12:56:29 [Information] Stepper Motor Controller Disable Z Axis controls while moving to location.
10/6/2024 12:56:29 [Information] Time remaining: 00:00:02 targetEndTime = 12:56:35
10/6/2024 12:56:29 [Information] Stepper Motor Controller Disable Z Axis controls while moving to location.
10/6/2024 12:56:29 [Information] Time remaining: 00:00:02 targetEndTime = 12:56:35
10/6/2024 12:56:29 [Information] Stepper Motor Controller Disable Z Axis controls while moving to location.
10/6/2024 12:56:29 [Information] Time remaining: 00:00:02 targetEndTime = 12:56:35
10/6/2024 12:56:29 [Information] Stepper Motor Controller Disable Z Axis controls while moving to location.
10/6/2024 12:56:29 [Information] Time remaining: 00:00:02 targetEndTime = 12:56:35
10/6/2024 12:56:29 [Information] Stepper Motor Controller Disable Z Axis controls while moving to location.
10/6/2024 12:56:29 [Information] Time remaining: 00:00:02 targetEndTime = 12:56:35
10/6/2024 12:56:29 [Information] Stepper Motor Controller Disable Z Axis controls while moving to location.
10/6/2024 12:56:29 [Information] Time remaining: 00:00:02 targetEndTime = 12:56:35
10/6/2024 12:56:29 [Information] Stepper Motor Controller Disable Z Axis controls while moving to location.
10/6/2024 12:56:29 [Information] Time remaining: 00:00:02 targetEndTime = 12:56:35
10/6/2024 12:56:30 [Information] Stepper Motor Controller Disable Z Axis controls while moving to location.
10/6/2024 12:56:30 [Information] Time remaining: 00:00:02 targetEndTime = 12:56:35
10/6/2024 12:56:30 [Information] Stepper Motor Controller Disable Z Axis controls while moving to location.
10/6/2024 12:56:30 [Information] Time remaining: 00:00:03 targetEndTime = 12:56:35
10/6/2024 12:56:30 [Information] Stepper Motor Controller Disable Z Axis controls while moving to location.
10/6/2024 12:56:30 [Information] Time remaining: 00:00:03 targetEndTime = 12:56:35
10/6/2024 12:56:30 [Information] Stepper Motor Controller Disable Z Axis controls while moving to location.
10/6/2024 12:56:30 [Information] Time remaining: 00:00:03 targetEndTime = 12:56:35
10/6/2024 12:56:30 [Information] Stepper Motor Controller Disable Z Axis controls while moving to location.
10/6/2024 12:56:30 [Information] Time remaining: 00:00:03 targetEndTime = 12:56:35
10/6/2024 12:56:30 [Information] Stepper Motor Controller Disable Z Axis controls while moving to location.
10/6/2024 12:56:30 [Information] Time remaining: 00:00:03 targetEndTime = 12:56:35
10/6/2024 12:56:30 [Information] Stepper Motor Controller Disable Z Axis controls while moving to location.
10/6/2024 12:56:30 [Information] Time remaining: 00:00:03 targetEndTime = 12:56:35
10/6/2024 12:56:30 [Information] Stepper Motor Controller Disable Z Axis controls while moving to location.
10/6/2024 12:56:30 [Information] Time remaining: 00:00:03 targetEndTime = 12:56:35
10/6/2024 12:56:30 [Information] Stepper Motor Controller Disable Z Axis controls while moving to location.
10/6/2024 12:56:30 [Information] Time remaining: 00:00:03 targetEndTime = 12:56:35
10/6/2024 12:56:30 [Information] Stepper Motor Controller Disable Z Axis controls while moving to location.
10/6/2024 12:56:30 [Information] Time remaining: 00:00:03 targetEndTime = 12:56:35
10/6/2024 12:56:30 [Information] Stepper Motor Controller Disable Z Axis controls while moving to location.
10/6/2024 12:56:30 [Information] Time remaining: 00:00:03 targetEndTime = 12:56:35
10/6/2024 12:56:30 [Information] Stepper Motor Controller Disable Z Axis controls while moving to location.
10/6/2024 12:56:30 [Information] Time remaining: 00:00:03 targetEndTime = 12:56:35
10/6/2024 12:56:30 [Information] Stepper Motor Controller Disable Z Axis controls while moving to location.
10/6/2024 12:56:30 [Information] Time remaining: 00:00:03 targetEndTime = 12:56:35
10/6/2024 12:56:30 [Information] Stepper Motor Controller Disable Z Axis controls while moving to location.
10/6/2024 12:56:30 [Information] Time remaining: 00:00:03 targetEndTime = 12:56:35
10/6/2024 12:56:30 [Information] Stepper Motor Controller Disable Z Axis controls while moving to location.
10/6/2024 12:56:30 [Information] Time remaining: 00:00:03 targetEndTime = 12:56:35
10/6/2024 12:56:30 [Information] Stepper Motor Controller Disable Z Axis controls while moving to location.
10/6/2024 12:56:30 [Information] Time remaining: 00:00:03 targetEndTime = 12:56:35
10/6/2024 12:56:30 [Information] Stepper Motor Controller Disable Z Axis controls while moving to location.
10/6/2024 12:56:30 [Information] Time remaining: 00:00:03 targetEndTime = 12:56:35
10/6/2024 12:56:30 [Information] Stepper Motor Controller Disable Z Axis controls while moving to location.
10/6/2024 12:56:30 [Information] Time remaining: 00:00:03 targetEndTime = 12:56:35
10/6/2024 12:56:30 [Information] Stepper Motor Controller Disable Z Axis controls while moving to location.
10/6/2024 12:56:30 [Information] Time remaining: 00:00:03 targetEndTime = 12:56:35
10/6/2024 12:56:30 [Information] Stepper Motor Controller Disable Z Axis controls while moving to location.
10/6/2024 12:56:30 [Information] Time remaining: 00:00:03 targetEndTime = 12:56:35
10/6/2024 12:56:30 [Information] Stepper Motor Controller Disable Z Axis controls while moving to location.
10/6/2024 12:56:30 [Information] Time remaining: 00:00:03 targetEndTime = 12:56:35
10/6/2024 12:56:30 [Information] Stepper Motor Controller Disable Z Axis controls while moving to location.
10/6/2024 12:56:30 [Information] Time remaining: 00:00:03 targetEndTime = 12:56:35
10/6/2024 12:56:30 [Information] Stepper Motor Controller Disable Z Axis controls while moving to location.
10/6/2024 12:56:30 [Information] Time remaining: 00:00:03 targetEndTime = 12:56:35
10/6/2024 12:56:30 [Information] Stepper Motor Controller Disable Z Axis controls while moving to location.
10/6/2024 12:56:30 [Information] Time remaining: 00:00:03 targetEndTime = 12:56:35
10/6/2024 12:56:30 [Information] Stepper Motor Controller Disable Z Axis controls while moving to location.
10/6/2024 12:56:30 [Information] Time remaining: 00:00:03 targetEndTime = 12:56:35
10/6/2024 12:56:30 [Information] Stepper Motor Controller Disable Z Axis controls while moving to location.
10/6/2024 12:56:30 [Information] Time remaining: 00:00:03 targetEndTime = 12:56:35
10/6/2024 12:56:30 [Information] Stepper Motor Controller Disable Z Axis controls while moving to location.
10/6/2024 12:56:30 [Information] Time remaining: 00:00:03 targetEndTime = 12:56:35
10/6/2024 12:56:30 [Information] Stepper Motor Controller Disable Z Axis controls while moving to location.
10/6/2024 12:56:30 [Information] Time remaining: 00:00:03 targetEndTime = 12:56:35
10/6/2024 12:56:30 [Information] Stepper Motor Controller Disable Z Axis controls while moving to location.
10/6/2024 12:56:30 [Information] Time remaining: 00:00:03 targetEndTime = 12:56:35
10/6/2024 12:56:30 [Information] Stepper Motor Controller Disable Z Axis controls while moving to location.
10/6/2024 12:56:30 [Information] Time remaining: 00:00:03 targetEndTime = 12:56:35
10/6/2024 12:56:30 [Information] Stepper Motor Controller Disable Z Axis controls while moving to location.
10/6/2024 12:56:30 [Information] Time remaining: 00:00:03 targetEndTime = 12:56:35
10/6/2024 12:56:30 [Information] Stepper Motor Controller Disable Z Axis controls while moving to location.
10/6/2024 12:56:30 [Information] Time remaining: 00:00:03 targetEndTime = 12:56:35
10/6/2024 12:56:30 [Information] Stepper Motor Controller Disable Z Axis controls while moving to location.
10/6/2024 12:56:30 [Information] Time remaining: 00:00:03 targetEndTime = 12:56:35
10/6/2024 12:56:30 [Information] Stepper Motor Controller Disable Z Axis controls while moving to location.
10/6/2024 12:56:30 [Information] Time remaining: 00:00:03 targetEndTime = 12:56:35
10/6/2024 12:56:30 [Information] Stepper Motor Controller Disable Z Axis controls while moving to location.
10/6/2024 12:56:30 [Information] Time remaining: 00:00:03 targetEndTime = 12:56:35
10/6/2024 12:56:30 [Information] Stepper Motor Controller Disable Z Axis controls while moving to location.
10/6/2024 12:56:30 [Information] Time remaining: 00:00:03 targetEndTime = 12:56:35
10/6/2024 12:56:30 [Information] Stepper Motor Controller Disable Z Axis controls while moving to location.
10/6/2024 12:56:30 [Information] Time remaining: 00:00:03 targetEndTime = 12:56:35
10/6/2024 12:56:30 [Information] Stepper Motor Controller Disable Z Axis controls while moving to location.
10/6/2024 12:56:30 [Information] Time remaining: 00:00:03 targetEndTime = 12:56:35
10/6/2024 12:56:30 [Information] Stepper Motor Controller Disable Z Axis controls while moving to location.
10/6/2024 12:56:30 [Information] Time remaining: 00:00:03 targetEndTime = 12:56:35
10/6/2024 12:56:30 [Information] Stepper Motor Controller Disable Z Axis controls while moving to location.
10/6/2024 12:56:30 [Information] Time remaining: 00:00:03 targetEndTime = 12:56:35
10/6/2024 12:56:30 [Information] Stepper Motor Controller Disable Z Axis controls while moving to location.
10/6/2024 12:56:30 [Information] Time remaining: 00:00:03 targetEndTime = 12:56:35
10/6/2024 12:56:30 [Information] Stepper Motor Controller Disable Z Axis controls while moving to location.
10/6/2024 12:56:30 [Information] Time remaining: 00:00:03 targetEndTime = 12:56:35
10/6/2024 12:56:30 [Information] Stepper Motor Controller Disable Z Axis controls while moving to location.
10/6/2024 12:56:30 [Information] Time remaining: 00:00:03 targetEndTime = 12:56:35
10/6/2024 12:56:30 [Information] Stepper Motor Controller Disable Z Axis controls while moving to location.
10/6/2024 12:56:30 [Information] Time remaining: 00:00:03 targetEndTime = 12:56:35
10/6/2024 12:56:30 [Information] Stepper Motor Controller Disable Z Axis controls while moving to location.
10/6/2024 12:56:30 [Information] Time remaining: 00:00:03 targetEndTime = 12:56:35
10/6/2024 12:56:30 [Information] Stepper Motor Controller Disable Z Axis controls while moving to location.
10/6/2024 12:56:30 [Information] Time remaining: 00:00:03 targetEndTime = 12:56:35
10/6/2024 12:56:30 [Information] Stepper Motor Controller Disable Z Axis controls while moving to location.
10/6/2024 12:56:30 [Information] Time remaining: 00:00:03 targetEndTime = 12:56:35
10/6/2024 12:56:30 [Information] Stepper Motor Controller Disable Z Axis controls while moving to location.
10/6/2024 12:56:30 [Information] Time remaining: 00:00:03 targetEndTime = 12:56:35
10/6/2024 12:56:30 [Information] Stepper Motor Controller Disable Z Axis controls while moving to location.
10/6/2024 12:56:30 [Information] Time remaining: 00:00:03 targetEndTime = 12:56:35
10/6/2024 12:56:30 [Information] Stepper Motor Controller Disable Z Axis controls while moving to location.
10/6/2024 12:56:30 [Information] Time remaining: 00:00:03 targetEndTime = 12:56:35
10/6/2024 12:56:30 [Information] Stepper Motor Controller Disable Z Axis controls while moving to location.
10/6/2024 12:56:30 [Information] Time remaining: 00:00:03 targetEndTime = 12:56:35
10/6/2024 12:56:30 [Information] Stepper Motor Controller Disable Z Axis controls while moving to location.
10/6/2024 12:56:30 [Information] Time remaining: 00:00:03 targetEndTime = 12:56:35
10/6/2024 12:56:30 [Information] Stepper Motor Controller Disable Z Axis controls while moving to location.
10/6/2024 12:56:30 [Information] Time remaining: 00:00:03 targetEndTime = 12:56:35
10/6/2024 12:56:30 [Information] Stepper Motor Controller Disable Z Axis controls while moving to location.
10/6/2024 12:56:30 [Information] Time remaining: 00:00:03 targetEndTime = 12:56:35
10/6/2024 12:56:30 [Information] Stepper Motor Controller Disable Z Axis controls while moving to location.
10/6/2024 12:56:30 [Information] Time remaining: 00:00:03 targetEndTime = 12:56:35
10/6/2024 12:56:30 [Information] Stepper Motor Controller Disable Z Axis controls while moving to location.
10/6/2024 12:56:30 [Information] Time remaining: 00:00:03 targetEndTime = 12:56:35
10/6/2024 12:56:30 [Information] Stepper Motor Controller Disable Z Axis controls while moving to location.
10/6/2024 12:56:30 [Information] Time remaining: 00:00:03 targetEndTime = 12:56:35
10/6/2024 12:56:30 [Information] Stepper Motor Controller Disable Z Axis controls while moving to location.
10/6/2024 12:56:30 [Information] Time remaining: 00:00:03 targetEndTime = 12:56:35
10/6/2024 12:56:30 [Information] Stepper Motor Controller Disable Z Axis controls while moving to location.
10/6/2024 12:56:30 [Information] Time remaining: 00:00:03 targetEndTime = 12:56:35
10/6/2024 12:56:30 [Information] Stepper Motor Controller Disable Z Axis controls while moving to location.
10/6/2024 12:56:30 [Information] Time remaining: 00:00:03 targetEndTime = 12:56:35
10/6/2024 12:56:30 [Information] Stepper Motor Controller Disable Z Axis controls while moving to location.
10/6/2024 12:56:30 [Information] Time remaining: 00:00:03 targetEndTime = 12:56:35
10/6/2024 12:56:30 [Information] Stepper Motor Controller Disable Z Axis controls while moving to location.
10/6/2024 12:56:30 [Information] Time remaining: 00:00:03 targetEndTime = 12:56:35
10/6/2024 12:56:31 [Information] Stepper Motor Controller Disable Z Axis controls while moving to location.
10/6/2024 12:56:31 [Information] Time remaining: 00:00:04 targetEndTime = 12:56:35
10/6/2024 12:56:31 [Information] Stepper Motor Controller Disable Z Axis controls while moving to location.
10/6/2024 12:56:31 [Information] Time remaining: 00:00:04 targetEndTime = 12:56:35
10/6/2024 12:56:31 [Information] Stepper Motor Controller Disable Z Axis controls while moving to location.
10/6/2024 12:56:31 [Information] Time remaining: 00:00:04 targetEndTime = 12:56:35
10/6/2024 12:56:31 [Information] Stepper Motor Controller Disable Z Axis controls while moving to location.
10/6/2024 12:56:31 [Information] Time remaining: 00:00:04 targetEndTime = 12:56:35
10/6/2024 12:56:31 [Information] Stepper Motor Controller Disable Z Axis controls while moving to location.
10/6/2024 12:56:31 [Information] Time remaining: 00:00:04 targetEndTime = 12:56:35
10/6/2024 12:56:31 [Information] Stepper Motor Controller Disable Z Axis controls while moving to location.
10/6/2024 12:56:31 [Information] Time remaining: 00:00:04 targetEndTime = 12:56:35
10/6/2024 12:56:31 [Information] Stepper Motor Controller Disable Z Axis controls while moving to location.
10/6/2024 12:56:31 [Information] Time remaining: 00:00:04 targetEndTime = 12:56:35
10/6/2024 12:56:31 [Information] Stepper Motor Controller Disable Z Axis controls while moving to location.
10/6/2024 12:56:31 [Information] Time remaining: 00:00:04 targetEndTime = 12:56:35
10/6/2024 12:56:31 [Information] Stepper Motor Controller Disable Z Axis controls while moving to location.
10/6/2024 12:56:31 [Information] Time remaining: 00:00:04 targetEndTime = 12:56:35
10/6/2024 12:56:31 [Information] Stepper Motor Controller Disable Z Axis controls while moving to location.
10/6/2024 12:56:31 [Information] Time remaining: 00:00:04 targetEndTime = 12:56:35
10/6/2024 12:56:31 [Information] Stepper Motor Controller Disable Z Axis controls while moving to location.
10/6/2024 12:56:31 [Information] Time remaining: 00:00:04 targetEndTime = 12:56:35
10/6/2024 12:56:31 [Information] Stepper Motor Controller Disable Z Axis controls while moving to location.
10/6/2024 12:56:31 [Information] Time remaining: 00:00:04 targetEndTime = 12:56:35
10/6/2024 12:56:31 [Information] Stepper Motor Controller Disable Z Axis controls while moving to location.
10/6/2024 12:56:31 [Information] Time remaining: 00:00:04 targetEndTime = 12:56:35
10/6/2024 12:56:31 [Information] Stepper Motor Controller Disable Z Axis controls while moving to location.
10/6/2024 12:56:31 [Information] Time remaining: 00:00:04 targetEndTime = 12:56:35
10/6/2024 12:56:31 [Information] Stepper Motor Controller Disable Z Axis controls while moving to location.
10/6/2024 12:56:31 [Information] Time remaining: 00:00:04 targetEndTime = 12:56:35
10/6/2024 12:56:31 [Information] Stepper Motor Controller Disable Z Axis controls while moving to location.
10/6/2024 12:56:31 [Information] Time remaining: 00:00:04 targetEndTime = 12:56:35
10/6/2024 12:56:31 [Information] Stepper Motor Controller Disable Z Axis controls while moving to location.
10/6/2024 12:56:31 [Information] Time remaining: 00:00:04 targetEndTime = 12:56:35
10/6/2024 12:56:31 [Information] Stepper Motor Controller Disable Z Axis controls while moving to location.
10/6/2024 12:56:31 [Information] Time remaining: 00:00:04 targetEndTime = 12:56:35
10/6/2024 12:56:31 [Information] Stepper Motor Controller Disable Z Axis controls while moving to location.
10/6/2024 12:56:31 [Information] Time remaining: 00:00:04 targetEndTime = 12:56:35
10/6/2024 12:56:31 [Information] Stepper Motor Controller Disable Z Axis controls while moving to location.
10/6/2024 12:56:31 [Information] Time remaining: 00:00:04 targetEndTime = 12:56:35
10/6/2024 12:56:31 [Information] Stepper Motor Controller Disable Z Axis controls while moving to location.
10/6/2024 12:56:31 [Information] Time remaining: 00:00:04 targetEndTime = 12:56:35
10/6/2024 12:56:31 [Information] Stepper Motor Controller Disable Z Axis controls while moving to location.
10/6/2024 12:56:31 [Information] Time remaining: 00:00:04 targetEndTime = 12:56:35
10/6/2024 12:56:31 [Information] Stepper Motor Controller Disable Z Axis controls while moving to location.
10/6/2024 12:56:31 [Information] Time remaining: 00:00:04 targetEndTime = 12:56:35
10/6/2024 12:56:31 [Information] Stepper Motor Controller Disable Z Axis controls while moving to location.
10/6/2024 12:56:31 [Information] Time remaining: 00:00:04 targetEndTime = 12:56:35
10/6/2024 12:56:31 [Information] Stepper Motor Controller Disable Z Axis controls while moving to location.
10/6/2024 12:56:31 [Information] Time remaining: 00:00:04 targetEndTime = 12:56:35
10/6/2024 12:56:31 [Information] Stepper Motor Controller Disable Z Axis controls while moving to location.
10/6/2024 12:56:31 [Information] Time remaining: 00:00:04 targetEndTime = 12:56:35
10/6/2024 12:56:31 [Information] Stepper Motor Controller Disable Z Axis controls while moving to location.
10/6/2024 12:56:31 [Information] Time remaining: 00:00:04 targetEndTime = 12:56:35
10/6/2024 12:56:31 [Information] Stepper Motor Controller Disable Z Axis controls while moving to location.
10/6/2024 12:56:31 [Information] Time remaining: 00:00:04 targetEndTime = 12:56:35
10/6/2024 12:56:31 [Information] Stepper Motor Controller Disable Z Axis controls while moving to location.
10/6/2024 12:56:31 [Information] Time remaining: 00:00:04 targetEndTime = 12:56:35
10/6/2024 12:56:31 [Information] Stepper Motor Controller Disable Z Axis controls while moving to location.
10/6/2024 12:56:31 [Information] Time remaining: 00:00:04 targetEndTime = 12:56:35
10/6/2024 12:56:31 [Information] Stepper Motor Controller Disable Z Axis controls while moving to location.
10/6/2024 12:56:31 [Information] Time remaining: 00:00:04 targetEndTime = 12:56:35
10/6/2024 12:56:31 [Information] Stepper Motor Controller Disable Z Axis controls while moving to location.
10/6/2024 12:56:31 [Information] Time remaining: 00:00:04 targetEndTime = 12:56:35
10/6/2024 12:56:31 [Information] Stepper Motor Controller Disable Z Axis controls while moving to location.
10/6/2024 12:56:31 [Information] Time remaining: 00:00:04 targetEndTime = 12:56:35
10/6/2024 12:56:31 [Information] Stepper Motor Controller Disable Z Axis controls while moving to location.
10/6/2024 12:56:31 [Information] Time remaining: 00:00:04 targetEndTime = 12:56:35
10/6/2024 12:56:31 [Information] Stepper Motor Controller Disable Z Axis controls while moving to location.
10/6/2024 12:56:31 [Information] Time remaining: 00:00:04 targetEndTime = 12:56:35
10/6/2024 12:56:31 [Information] Stepper Motor Controller Disable Z Axis controls while moving to location.
10/6/2024 12:56:31 [Information] Time remaining: 00:00:04 targetEndTime = 12:56:35
10/6/2024 12:56:31 [Information] Stepper Motor Controller Disable Z Axis controls while moving to location.
10/6/2024 12:56:31 [Information] Time remaining: 00:00:04 targetEndTime = 12:56:35
10/6/2024 12:56:31 [Information] Stepper Motor Controller Disable Z Axis controls while moving to location.
10/6/2024 12:56:31 [Information] Time remaining: 00:00:04 targetEndTime = 12:56:35
10/6/2024 12:56:31 [Information] Stepper Motor Controller Disable Z Axis controls while moving to location.
10/6/2024 12:56:31 [Information] Time remaining: 00:00:04 targetEndTime = 12:56:35
10/6/2024 12:56:31 [Information] Stepper Motor Controller Disable Z Axis controls while moving to location.
10/6/2024 12:56:31 [Information] Time remaining: 00:00:04 targetEndTime = 12:56:35
10/6/2024 12:56:31 [Information] Stepper Motor Controller Disable Z Axis controls while moving to location.
10/6/2024 12:56:31 [Information] Time remaining: 00:00:04 targetEndTime = 12:56:35
10/6/2024 12:56:31 [Information] Stepper Motor Controller Disable Z Axis controls while moving to location.
10/6/2024 12:56:31 [Information] Time remaining: 00:00:04 targetEndTime = 12:56:35
10/6/2024 12:56:31 [Information] Stepper Motor Controller Disable Z Axis controls while moving to location.
10/6/2024 12:56:31 [Information] Time remaining: 00:00:04 targetEndTime = 12:56:35
10/6/2024 12:56:31 [Information] Stepper Motor Controller Disable Z Axis controls while moving to location.
10/6/2024 12:56:31 [Information] Time remaining: 00:00:04 targetEndTime = 12:56:35
10/6/2024 12:56:31 [Information] Stepper Motor Controller Disable Z Axis controls while moving to location.
10/6/2024 12:56:31 [Information] Time remaining: 00:00:04 targetEndTime = 12:56:35
10/6/2024 12:56:31 [Information] Stepper Motor Controller Disable Z Axis controls while moving to location.
10/6/2024 12:56:31 [Information] Time remaining: 00:00:04 targetEndTime = 12:56:35
10/6/2024 12:56:31 [Information] Stepper Motor Controller Disable Z Axis controls while moving to location.
10/6/2024 12:56:31 [Information] Time remaining: 00:00:04 targetEndTime = 12:56:35
10/6/2024 12:56:31 [Information] Stepper Motor Controller Disable Z Axis controls while moving to location.
10/6/2024 12:56:31 [Information] Time remaining: 00:00:04 targetEndTime = 12:56:35
10/6/2024 12:56:31 [Information] Stepper Motor Controller Disable Z Axis controls while moving to location.
10/6/2024 12:56:31 [Information] Time remaining: 00:00:04 targetEndTime = 12:56:35
10/6/2024 12:56:31 [Information] Stepper Motor Controller Disable Z Axis controls while moving to location.
10/6/2024 12:56:31 [Information] Time remaining: 00:00:04 targetEndTime = 12:56:35
10/6/2024 12:56:31 [Information] Stepper Motor Controller Disable Z Axis controls while moving to location.
10/6/2024 12:56:31 [Information] Time remaining: 00:00:04 targetEndTime = 12:56:35
10/6/2024 12:56:31 [Information] Stepper Motor Controller Disable Z Axis controls while moving to location.
10/6/2024 12:56:31 [Information] Time remaining: 00:00:04 targetEndTime = 12:56:35
10/6/2024 12:56:31 [Information] Stepper Motor Controller Disable Z Axis controls while moving to location.
10/6/2024 12:56:31 [Information] Time remaining: 00:00:04 targetEndTime = 12:56:35
10/6/2024 12:56:31 [Information] Stepper Motor Controller Disable Z Axis controls while moving to location.
10/6/2024 12:56:31 [Information] Time remaining: 00:00:04 targetEndTime = 12:56:35
10/6/2024 12:56:31 [Information] Stepper Motor Controller Disable Z Axis controls while moving to location.
10/6/2024 12:56:31 [Information] Time remaining: 00:00:04 targetEndTime = 12:56:35
10/6/2024 12:56:31 [Information] Stepper Motor Controller Disable Z Axis controls while moving to location.
10/6/2024 12:56:31 [Information] Time remaining: 00:00:04 targetEndTime = 12:56:35
10/6/2024 12:56:31 [Information] Stepper Motor Controller Disable Z Axis controls while moving to location.
10/6/2024 12:56:31 [Information] Time remaining: 00:00:04 targetEndTime = 12:56:35
10/6/2024 12:56:32 [Information] Stepper Motor Controller Disable Z Axis controls while moving to location.
10/6/2024 12:56:32 [Information] Time remaining: 00:00:04 targetEndTime = 12:56:35
10/6/2024 12:56:32 [Information] Stepper Motor Controller Disable Z Axis controls while moving to location.
10/6/2024 12:56:32 [Information] Time remaining: 00:00:05 targetEndTime = 12:56:35
10/6/2024 12:56:32 [Information] Stepper Motor Controller Disable Z Axis controls while moving to location.
10/6/2024 12:56:32 [Information] Time remaining: 00:00:05 targetEndTime = 12:56:35
10/6/2024 12:56:32 [Information] Stepper Motor Controller Disable Z Axis controls while moving to location.
10/6/2024 12:56:32 [Information] Time remaining: 00:00:05 targetEndTime = 12:56:35
10/6/2024 12:56:32 [Information] Stepper Motor Controller Disable Z Axis controls while moving to location.
10/6/2024 12:56:32 [Information] Time remaining: 00:00:05 targetEndTime = 12:56:35
10/6/2024 12:56:32 [Information] Stepper Motor Controller Disable Z Axis controls while moving to location.
10/6/2024 12:56:32 [Information] Time remaining: 00:00:05 targetEndTime = 12:56:35
10/6/2024 12:56:32 [Information] Stepper Motor Controller Disable Z Axis controls while moving to location.
10/6/2024 12:56:32 [Information] Time remaining: 00:00:05 targetEndTime = 12:56:35
10/6/2024 12:56:32 [Information] Stepper Motor Controller Disable Z Axis controls while moving to location.
10/6/2024 12:56:32 [Information] Time remaining: 00:00:05 targetEndTime = 12:56:35
10/6/2024 12:56:32 [Information] Stepper Motor Controller Disable Z Axis controls while moving to location.
10/6/2024 12:56:32 [Information] Time remaining: 00:00:05 targetEndTime = 12:56:35
10/6/2024 12:56:32 [Information] Stepper Motor Controller Disable Z Axis controls while moving to location.
10/6/2024 12:56:32 [Information] Time remaining: 00:00:05 targetEndTime = 12:56:35
10/6/2024 12:56:32 [Information] Stepper Motor Controller Disable Z Axis controls while moving to location.
10/6/2024 12:56:32 [Information] Time remaining: 00:00:05 targetEndTime = 12:56:35
10/6/2024 12:56:32 [Information] Stepper Motor Controller Disable Z Axis controls while moving to location.
10/6/2024 12:56:32 [Information] Time remaining: 00:00:05 targetEndTime = 12:56:35
10/6/2024 12:56:32 [Information] Stepper Motor Controller Disable Z Axis controls while moving to location.
10/6/2024 12:56:32 [Information] Time remaining: 00:00:05 targetEndTime = 12:56:35
10/6/2024 12:56:32 [Information] Stepper Motor Controller Disable Z Axis controls while moving to location.
10/6/2024 12:56:32 [Information] Time remaining: 00:00:05 targetEndTime = 12:56:35
10/6/2024 12:56:32 [Information] Stepper Motor Controller Disable Z Axis controls while moving to location.
10/6/2024 12:56:32 [Information] Time remaining: 00:00:05 targetEndTime = 12:56:35
10/6/2024 12:56:32 [Information] Stepper Motor Controller Disable Z Axis controls while moving to location.
10/6/2024 12:56:32 [Information] Time remaining: 00:00:05 targetEndTime = 12:56:35
10/6/2024 12:56:32 [Information] Stepper Motor Controller Disable Z Axis controls while moving to location.
10/6/2024 12:56:32 [Information] Time remaining: 00:00:05 targetEndTime = 12:56:35
10/6/2024 12:56:32 [Information] Stepper Motor Controller Disable Z Axis controls while moving to location.
10/6/2024 12:56:32 [Information] Time remaining: 00:00:05 targetEndTime = 12:56:35
10/6/2024 12:56:32 [Information] Stepper Motor Controller Disable Z Axis controls while moving to location.
10/6/2024 12:56:32 [Information] Time remaining: 00:00:05 targetEndTime = 12:56:35
10/6/2024 12:56:32 [Information] Stepper Motor Controller Disable Z Axis controls while moving to location.
10/6/2024 12:56:32 [Information] Time remaining: 00:00:05 targetEndTime = 12:56:35
10/6/2024 12:56:32 [Information] Stepper Motor Controller Disable Z Axis controls while moving to location.
10/6/2024 12:56:32 [Information] Time remaining: 00:00:05 targetEndTime = 12:56:35
10/6/2024 12:56:32 [Information] Stepper Motor Controller Disable Z Axis controls while moving to location.
10/6/2024 12:56:32 [Information] Time remaining: 00:00:05 targetEndTime = 12:56:35
10/6/2024 12:56:32 [Information] Stepper Motor Controller Disable Z Axis controls while moving to location.
10/6/2024 12:56:32 [Information] Time remaining: 00:00:05 targetEndTime = 12:56:35
10/6/2024 12:56:32 [Information] Stepper Motor Controller Disable Z Axis controls while moving to location.
10/6/2024 12:56:32 [Information] Time remaining: 00:00:05 targetEndTime = 12:56:35
10/6/2024 12:56:32 [Information] Stepper Motor Controller Disable Z Axis controls while moving to location.
10/6/2024 12:56:32 [Information] Time remaining: 00:00:05 targetEndTime = 12:56:35
10/6/2024 12:56:32 [Information] Stepper Motor Controller Disable Z Axis controls while moving to location.
10/6/2024 12:56:32 [Information] Time remaining: 00:00:05 targetEndTime = 12:56:35
10/6/2024 12:56:32 [Information] Stepper Motor Controller Disable Z Axis controls while moving to location.
10/6/2024 12:56:32 [Information] Time remaining: 00:00:05 targetEndTime = 12:56:35
10/6/2024 12:56:32 [Information] Stepper Motor Controller Disable Z Axis controls while moving to location.
10/6/2024 12:56:32 [Information] Time remaining: 00:00:05 targetEndTime = 12:56:35
10/6/2024 12:56:32 [Information] Stepper Motor Controller Disable Z Axis controls while moving to location.
10/6/2024 12:56:32 [Information] Time remaining: 00:00:05 targetEndTime = 12:56:35
10/6/2024 12:56:32 [Information] Stepper Motor Controller Disable Z Axis controls while moving to location.
10/6/2024 12:56:32 [Information] Time remaining: 00:00:05 targetEndTime = 12:56:35
10/6/2024 12:56:32 [Information] Stepper Motor Controller Disable Z Axis controls while moving to location.
10/6/2024 12:56:32 [Information] Time remaining: 00:00:05 targetEndTime = 12:56:35
10/6/2024 12:56:32 [Information] Stepper Motor Controller Disable Z Axis controls while moving to location.
10/6/2024 12:56:32 [Information] Time remaining: 00:00:05 targetEndTime = 12:56:35
10/6/2024 12:56:32 [Information] Stepper Motor Controller Disable Z Axis controls while moving to location.
10/6/2024 12:56:32 [Information] Time remaining: 00:00:05 targetEndTime = 12:56:35
10/6/2024 12:56:32 [Information] Stepper Motor Controller Disable Z Axis controls while moving to location.
10/6/2024 12:56:32 [Information] Time remaining: 00:00:05 targetEndTime = 12:56:35
10/6/2024 12:56:32 [Information] Stepper Motor Controller Disable Z Axis controls while moving to location.
10/6/2024 12:56:32 [Information] Time remaining: 00:00:05 targetEndTime = 12:56:35
10/6/2024 12:56:32 [Information] Stepper Motor Controller Disable Z Axis controls while moving to location.
10/6/2024 12:56:32 [Information] Time remaining: 00:00:05 targetEndTime = 12:56:35
10/6/2024 12:56:32 [Information] Stepper Motor Controller Disable Z Axis controls while moving to location.
10/6/2024 12:56:32 [Information] Time remaining: 00:00:05 targetEndTime = 12:56:35
10/6/2024 12:56:32 [Information] Stepper Motor Controller Disable Z Axis controls while moving to location.
10/6/2024 12:56:32 [Information] Time remaining: 00:00:05 targetEndTime = 12:56:35
10/6/2024 12:56:32 [Information] Stepper Motor Controller Disable Z Axis controls while moving to location.
10/6/2024 12:56:32 [Information] Time remaining: 00:00:05 targetEndTime = 12:56:35
10/6/2024 12:56:32 [Information] Stepper Motor Controller Disable Z Axis controls while moving to location.
10/6/2024 12:56:32 [Information] Time remaining: 00:00:05 targetEndTime = 12:56:35
10/6/2024 12:56:32 [Information] Stepper Motor Controller Disable Z Axis controls while moving to location.
10/6/2024 12:56:32 [Information] Time remaining: 00:00:05 targetEndTime = 12:56:35
10/6/2024 12:56:32 [Information] Stepper Motor Controller Disable Z Axis controls while moving to location.
10/6/2024 12:56:32 [Information] Time remaining: 00:00:05 targetEndTime = 12:56:35
10/6/2024 12:56:32 [Information] Stepper Motor Controller Disable Z Axis controls while moving to location.
10/6/2024 12:56:32 [Information] Time remaining: 00:00:05 targetEndTime = 12:56:35
10/6/2024 12:56:32 [Information] Stepper Motor Controller Disable Z Axis controls while moving to location.
10/6/2024 12:56:32 [Information] Time remaining: 00:00:05 targetEndTime = 12:56:35
10/6/2024 12:56:32 [Information] Stepper Motor Controller Disable Z Axis controls while moving to location.
10/6/2024 12:56:32 [Information] Time remaining: 00:00:05 targetEndTime = 12:56:35
10/6/2024 12:56:32 [Information] Stepper Motor Controller Disable Z Axis controls while moving to location.
10/6/2024 12:56:32 [Information] Time remaining: 00:00:05 targetEndTime = 12:56:35
10/6/2024 12:56:32 [Information] Stepper Motor Controller Disable Z Axis controls while moving to location.
10/6/2024 12:56:32 [Information] Time remaining: 00:00:05 targetEndTime = 12:56:35
10/6/2024 12:56:32 [Information] Stepper Motor Controller Disable Z Axis controls while moving to location.
10/6/2024 12:56:32 [Information] Time remaining: 00:00:05 targetEndTime = 12:56:35
10/6/2024 12:56:32 [Information] Stepper Motor Controller Disable Z Axis controls while moving to location.
10/6/2024 12:56:32 [Information] Time remaining: 00:00:05 targetEndTime = 12:56:35
10/6/2024 12:56:32 [Information] Stepper Motor Controller Disable Z Axis controls while moving to location.
10/6/2024 12:56:32 [Information] Time remaining: 00:00:05 targetEndTime = 12:56:35
10/6/2024 12:56:32 [Information] Stepper Motor Controller Disable Z Axis controls while moving to location.
10/6/2024 12:56:32 [Information] Time remaining: 00:00:05 targetEndTime = 12:56:35
10/6/2024 12:56:32 [Information] Stepper Motor Controller Disable Z Axis controls while moving to location.
10/6/2024 12:56:32 [Information] Time remaining: 00:00:05 targetEndTime = 12:56:35
10/6/2024 12:56:32 [Information] Stepper Motor Controller Disable Z Axis controls while moving to location.
10/6/2024 12:56:32 [Information] Time remaining: 00:00:05 targetEndTime = 12:56:35
10/6/2024 12:56:32 [Information] Stepper Motor Controller Disable Z Axis controls while moving to location.
10/6/2024 12:56:32 [Information] Time remaining: 00:00:05 targetEndTime = 12:56:35
10/6/2024 12:56:32 [Information] Stepper Motor Controller Disable Z Axis controls while moving to location.
10/6/2024 12:56:32 [Information] Time remaining: 00:00:05 targetEndTime = 12:56:35
10/6/2024 12:56:32 [Information] Stepper Motor Controller Disable Z Axis controls while moving to location.
10/6/2024 12:56:32 [Information] Time remaining: 00:00:05 targetEndTime = 12:56:35
10/6/2024 12:56:32 [Information] Stepper Motor Controller Disable Z Axis controls while moving to location.
10/6/2024 12:56:32 [Information] Time remaining: 00:00:05 targetEndTime = 12:56:35
10/6/2024 12:56:32 [Information] Stepper Motor Controller Disable Z Axis controls while moving to location.
10/6/2024 12:56:32 [Information] Time remaining: 00:00:05 targetEndTime = 12:56:35
10/6/2024 12:56:32 [Information] Stepper Motor Controller Disable Z Axis controls while moving to location.
10/6/2024 12:56:32 [Information] Time remaining: 00:00:05 targetEndTime = 12:56:35
10/6/2024 12:56:32 [Information] Stepper Motor Controller Disable Z Axis controls while moving to location.
10/6/2024 12:56:32 [Information] Time remaining: 00:00:05 targetEndTime = 12:56:35
10/6/2024 12:56:32 [Information] Stepper Motor Controller Disable Z Axis controls while moving to location.
10/6/2024 12:56:32 [Information] Time remaining: 00:00:05 targetEndTime = 12:56:35
10/6/2024 12:56:32 [Information] Stepper Motor Controller Disable Z Axis controls while moving to location.
10/6/2024 12:56:32 [Information] Time remaining: 00:00:05 targetEndTime = 12:56:35
10/6/2024 12:56:33 [Information] Stepper Motor Controller Disable Z Axis controls while moving to location.
10/6/2024 12:56:33 [Information] Time remaining: 00:00:05 targetEndTime = 12:56:35
10/6/2024 12:56:33 [Information] Stepper Motor Controller Disable Z Axis controls while moving to location.
10/6/2024 12:56:33 [Information] Time remaining: 00:00:05 targetEndTime = 12:56:35
10/6/2024 12:56:33 [Information] Stepper Motor Controller Disable Z Axis controls while moving to location.
10/6/2024 12:56:33 [Information] Time remaining: 00:00:06 targetEndTime = 12:56:35
10/6/2024 12:56:33 [Information] Stepper Motor Controller Disable Z Axis controls while moving to location.
10/6/2024 12:56:33 [Information] Time remaining: 00:00:06 targetEndTime = 12:56:35
10/6/2024 12:56:33 [Information] Stepper Motor Controller Disable Z Axis controls while moving to location.
10/6/2024 12:56:33 [Information] Time remaining: 00:00:06 targetEndTime = 12:56:35
10/6/2024 12:56:33 [Information] Stepper Motor Controller Disable Z Axis controls while moving to location.
10/6/2024 12:56:33 [Information] Time remaining: 00:00:06 targetEndTime = 12:56:35
10/6/2024 12:56:33 [Information] Stepper Motor Controller Disable Z Axis controls while moving to location.
10/6/2024 12:56:33 [Information] Time remaining: 00:00:06 targetEndTime = 12:56:35
10/6/2024 12:56:33 [Information] Stepper Motor Controller Disable Z Axis controls while moving to location.
10/6/2024 12:56:33 [Information] Time remaining: 00:00:06 targetEndTime = 12:56:35
10/6/2024 12:56:33 [Information] Stepper Motor Controller Disable Z Axis controls while moving to location.
10/6/2024 12:56:33 [Information] Time remaining: 00:00:06 targetEndTime = 12:56:35
10/6/2024 12:56:33 [Information] Stepper Motor Controller Disable Z Axis controls while moving to location.
10/6/2024 12:56:33 [Information] Time remaining: 00:00:06 targetEndTime = 12:56:35
10/6/2024 12:56:33 [Information] Stepper Motor Controller Disable Z Axis controls while moving to location.
10/6/2024 12:56:33 [Information] Time remaining: 00:00:06 targetEndTime = 12:56:35
10/6/2024 12:56:33 [Information] Stepper Motor Controller Disable Z Axis controls while moving to location.
10/6/2024 12:56:33 [Information] Time remaining: 00:00:06 targetEndTime = 12:56:35
10/6/2024 12:56:33 [Information] Stepper Motor Controller Disable Z Axis controls while moving to location.
10/6/2024 12:56:33 [Information] Time remaining: 00:00:06 targetEndTime = 12:56:35
10/6/2024 12:56:33 [Information] Stepper Motor Controller Disable Z Axis controls while moving to location.
10/6/2024 12:56:33 [Information] Time remaining: 00:00:06 targetEndTime = 12:56:35
10/6/2024 12:56:33 [Information] Stepper Motor Controller Disable Z Axis controls while moving to location.
10/6/2024 12:56:33 [Information] Time remaining: 00:00:06 targetEndTime = 12:56:35
10/6/2024 12:56:33 [Information] Stepper Motor Controller Disable Z Axis controls while moving to location.
10/6/2024 12:56:33 [Information] Time remaining: 00:00:06 targetEndTime = 12:56:35
10/6/2024 12:56:33 [Information] Stepper Motor Controller Disable Z Axis controls while moving to location.
10/6/2024 12:56:33 [Information] Time remaining: 00:00:06 targetEndTime = 12:56:35
10/6/2024 12:56:33 [Information] Stepper Motor Controller Disable Z Axis controls while moving to location.
10/6/2024 12:56:33 [Information] Time remaining: 00:00:06 targetEndTime = 12:56:35
10/6/2024 12:56:33 [Information] Stepper Motor Controller Disable Z Axis controls while moving to location.
10/6/2024 12:56:33 [Information] Time remaining: 00:00:06 targetEndTime = 12:56:35
10/6/2024 12:56:33 [Information] Stepper Motor Controller Disable Z Axis controls while moving to location.
10/6/2024 12:56:33 [Information] Time remaining: 00:00:06 targetEndTime = 12:56:35
10/6/2024 12:56:33 [Information] Stepper Motor Controller Disable Z Axis controls while moving to location.
10/6/2024 12:56:33 [Information] Time remaining: 00:00:06 targetEndTime = 12:56:35
10/6/2024 12:56:33 [Information] Stepper Motor Controller Disable Z Axis controls while moving to location.
10/6/2024 12:56:33 [Information] Time remaining: 00:00:06 targetEndTime = 12:56:35
10/6/2024 12:56:33 [Information] Stepper Motor Controller Disable Z Axis controls while moving to location.
10/6/2024 12:56:33 [Information] Time remaining: 00:00:06 targetEndTime = 12:56:35
10/6/2024 12:56:33 [Information] Stepper Motor Controller Disable Z Axis controls while moving to location.
10/6/2024 12:56:33 [Information] Time remaining: 00:00:06 targetEndTime = 12:56:35
10/6/2024 12:56:33 [Information] Stepper Motor Controller Disable Z Axis controls while moving to location.
10/6/2024 12:56:33 [Information] Time remaining: 00:00:06 targetEndTime = 12:56:35
10/6/2024 12:56:33 [Information] Stepper Motor Controller Disable Z Axis controls while moving to location.
10/6/2024 12:56:33 [Information] Time remaining: 00:00:06 targetEndTime = 12:56:35
10/6/2024 12:56:33 [Information] Stepper Motor Controller Disable Z Axis controls while moving to location.
10/6/2024 12:56:33 [Information] Time remaining: 00:00:06 targetEndTime = 12:56:35
10/6/2024 12:56:33 [Information] Stepper Motor Controller Disable Z Axis controls while moving to location.
10/6/2024 12:56:33 [Information] Time remaining: 00:00:06 targetEndTime = 12:56:35
10/6/2024 12:56:33 [Information] Stepper Motor Controller Disable Z Axis controls while moving to location.
10/6/2024 12:56:33 [Information] Time remaining: 00:00:06 targetEndTime = 12:56:35
10/6/2024 12:56:33 [Information] Stepper Motor Controller Disable Z Axis controls while moving to location.
10/6/2024 12:56:33 [Information] Time remaining: 00:00:06 targetEndTime = 12:56:35
10/6/2024 12:56:33 [Information] Stepper Motor Controller Disable Z Axis controls while moving to location.
10/6/2024 12:56:33 [Information] Time remaining: 00:00:06 targetEndTime = 12:56:35
10/6/2024 12:56:33 [Information] Stepper Motor Controller Disable Z Axis controls while moving to location.
10/6/2024 12:56:33 [Information] Time remaining: 00:00:06 targetEndTime = 12:56:35
10/6/2024 12:56:33 [Information] Stepper Motor Controller Disable Z Axis controls while moving to location.
10/6/2024 12:56:33 [Information] Time remaining: 00:00:06 targetEndTime = 12:56:35
10/6/2024 12:56:33 [Information] Stepper Motor Controller Disable Z Axis controls while moving to location.
10/6/2024 12:56:33 [Information] Time remaining: 00:00:06 targetEndTime = 12:56:35
10/6/2024 12:56:33 [Information] Stepper Motor Controller Disable Z Axis controls while moving to location.
10/6/2024 12:56:33 [Information] Time remaining: 00:00:06 targetEndTime = 12:56:35
10/6/2024 12:56:33 [Information] Stepper Motor Controller Disable Z Axis controls while moving to location.
10/6/2024 12:56:33 [Information] Time remaining: 00:00:06 targetEndTime = 12:56:35
10/6/2024 12:56:33 [Information] Stepper Motor Controller Disable Z Axis controls while moving to location.
10/6/2024 12:56:33 [Information] Time remaining: 00:00:06 targetEndTime = 12:56:35
10/6/2024 12:56:33 [Information] Stepper Motor Controller Disable Z Axis controls while moving to location.
10/6/2024 12:56:33 [Information] Time remaining: 00:00:06 targetEndTime = 12:56:35
10/6/2024 12:56:33 [Information] Stepper Motor Controller Disable Z Axis controls while moving to location.
10/6/2024 12:56:33 [Information] Time remaining: 00:00:06 targetEndTime = 12:56:35
10/6/2024 12:56:33 [Information] Stepper Motor Controller Disable Z Axis controls while moving to location.
10/6/2024 12:56:33 [Information] Time remaining: 00:00:06 targetEndTime = 12:56:35
10/6/2024 12:56:33 [Information] Stepper Motor Controller Disable Z Axis controls while moving to location.
10/6/2024 12:56:33 [Information] Time remaining: 00:00:06 targetEndTime = 12:56:35
10/6/2024 12:56:33 [Information] Stepper Motor Controller Disable Z Axis controls while moving to location.
10/6/2024 12:56:33 [Information] Time remaining: 00:00:06 targetEndTime = 12:56:35
10/6/2024 12:56:33 [Information] Stepper Motor Controller Disable Z Axis controls while moving to location.
10/6/2024 12:56:33 [Information] Time remaining: 00:00:06 targetEndTime = 12:56:35
10/6/2024 12:56:33 [Information] Stepper Motor Controller Disable Z Axis controls while moving to location.
10/6/2024 12:56:33 [Information] Time remaining: 00:00:06 targetEndTime = 12:56:35
10/6/2024 12:56:33 [Information] Stepper Motor Controller Disable Z Axis controls while moving to location.
10/6/2024 12:56:33 [Information] Time remaining: 00:00:06 targetEndTime = 12:56:35
10/6/2024 12:56:33 [Information] Stepper Motor Controller Disable Z Axis controls while moving to location.
10/6/2024 12:56:33 [Information] Time remaining: 00:00:06 targetEndTime = 12:56:35
10/6/2024 12:56:33 [Information] Stepper Motor Controller Disable Z Axis controls while moving to location.
10/6/2024 12:56:33 [Information] Time remaining: 00:00:06 targetEndTime = 12:56:35
10/6/2024 12:56:33 [Information] Stepper Motor Controller Disable Z Axis controls while moving to location.
10/6/2024 12:56:33 [Information] Time remaining: 00:00:06 targetEndTime = 12:56:35
10/6/2024 12:56:33 [Information] Stepper Motor Controller Disable Z Axis controls while moving to location.
10/6/2024 12:56:33 [Information] Time remaining: 00:00:06 targetEndTime = 12:56:35
10/6/2024 12:56:33 [Information] Stepper Motor Controller Disable Z Axis controls while moving to location.
10/6/2024 12:56:33 [Information] Time remaining: 00:00:06 targetEndTime = 12:56:35
10/6/2024 12:56:33 [Information] Stepper Motor Controller Disable Z Axis controls while moving to location.
10/6/2024 12:56:33 [Information] Time remaining: 00:00:06 targetEndTime = 12:56:35
10/6/2024 12:56:33 [Information] Stepper Motor Controller Disable Z Axis controls while moving to location.
10/6/2024 12:56:33 [Information] Time remaining: 00:00:06 targetEndTime = 12:56:35
10/6/2024 12:56:33 [Information] Stepper Motor Controller Disable Z Axis controls while moving to location.
10/6/2024 12:56:33 [Information] Time remaining: 00:00:06 targetEndTime = 12:56:35
10/6/2024 12:56:33 [Information] Stepper Motor Controller Disable Z Axis controls while moving to location.
10/6/2024 12:56:33 [Information] Time remaining: 00:00:06 targetEndTime = 12:56:35
10/6/2024 12:56:33 [Information] Stepper Motor Controller Disable Z Axis controls while moving to location.
10/6/2024 12:56:33 [Information] Time remaining: 00:00:06 targetEndTime = 12:56:35
10/6/2024 12:56:33 [Information] Stepper Motor Controller Disable Z Axis controls while moving to location.
10/6/2024 12:56:33 [Information] Time remaining: 00:00:06 targetEndTime = 12:56:35
10/6/2024 12:56:33 [Information] Stepper Motor Controller Disable Z Axis controls while moving to location.
10/6/2024 12:56:33 [Information] Time remaining: 00:00:06 targetEndTime = 12:56:35
10/6/2024 12:56:33 [Information] Stepper Motor Controller Disable Z Axis controls while moving to location.
10/6/2024 12:56:33 [Information] Time remaining: 00:00:06 targetEndTime = 12:56:35
10/6/2024 12:56:33 [Information] Stepper Motor Controller Disable Z Axis controls while moving to location.
10/6/2024 12:56:33 [Information] Time remaining: 00:00:06 targetEndTime = 12:56:35
10/6/2024 12:56:33 [Information] Stepper Motor Controller Disable Z Axis controls while moving to location.
10/6/2024 12:56:33 [Information] Time remaining: 00:00:06 targetEndTime = 12:56:35
10/6/2024 12:56:34 [Information] Stepper Motor Controller Disable Z Axis controls while moving to location.
10/6/2024 12:56:34 [Information] Time remaining: 00:00:06 targetEndTime = 12:56:35
10/6/2024 12:56:34 [Information] Stepper Motor Controller Disable Z Axis controls while moving to location.
10/6/2024 12:56:34 [Information] Time remaining: 00:00:06 targetEndTime = 12:56:35
10/6/2024 12:56:34 [Information] Stepper Motor Controller Disable Z Axis controls while moving to location.
10/6/2024 12:56:34 [Information] Time remaining: 00:00:07 targetEndTime = 12:56:35
10/6/2024 12:56:34 [Information] Stepper Motor Controller Disable Z Axis controls while moving to location.
10/6/2024 12:56:34 [Information] Time remaining: 00:00:07 targetEndTime = 12:56:35
10/6/2024 12:56:34 [Information] Stepper Motor Controller Disable Z Axis controls while moving to location.
10/6/2024 12:56:34 [Information] Time remaining: 00:00:07 targetEndTime = 12:56:35
10/6/2024 12:56:34 [Information] Stepper Motor Controller Disable Z Axis controls while moving to location.
10/6/2024 12:56:34 [Information] Time remaining: 00:00:07 targetEndTime = 12:56:35
10/6/2024 12:56:34 [Information] Stepper Motor Controller Disable Z Axis controls while moving to location.
10/6/2024 12:56:34 [Information] Time remaining: 00:00:07 targetEndTime = 12:56:35
10/6/2024 12:56:34 [Information] Stepper Motor Controller Disable Z Axis controls while moving to location.
10/6/2024 12:56:34 [Information] Time remaining: 00:00:07 targetEndTime = 12:56:35
10/6/2024 12:56:34 [Information] Stepper Motor Controller Disable Z Axis controls while moving to location.
10/6/2024 12:56:34 [Information] Time remaining: 00:00:07 targetEndTime = 12:56:35
10/6/2024 12:56:34 [Information] Stepper Motor Controller Disable Z Axis controls while moving to location.
10/6/2024 12:56:34 [Information] Time remaining: 00:00:07 targetEndTime = 12:56:35
10/6/2024 12:56:34 [Information] Stepper Motor Controller Disable Z Axis controls while moving to location.
10/6/2024 12:56:34 [Information] Time remaining: 00:00:07 targetEndTime = 12:56:35
10/6/2024 12:56:34 [Information] Stepper Motor Controller Disable Z Axis controls while moving to location.
10/6/2024 12:56:34 [Information] Time remaining: 00:00:07 targetEndTime = 12:56:35
10/6/2024 12:56:34 [Information] Stepper Motor Controller Disable Z Axis controls while moving to location.
10/6/2024 12:56:34 [Information] Time remaining: 00:00:07 targetEndTime = 12:56:35
10/6/2024 12:56:34 [Information] Stepper Motor Controller Disable Z Axis controls while moving to location.
10/6/2024 12:56:34 [Information] Time remaining: 00:00:07 targetEndTime = 12:56:35
10/6/2024 12:56:34 [Information] Stepper Motor Controller Disable Z Axis controls while moving to location.
10/6/2024 12:56:34 [Information] Time remaining: 00:00:07 targetEndTime = 12:56:35
10/6/2024 12:56:34 [Information] Stepper Motor Controller Disable Z Axis controls while moving to location.
10/6/2024 12:56:34 [Information] Time remaining: 00:00:07 targetEndTime = 12:56:35
10/6/2024 12:56:34 [Information] Stepper Motor Controller Disable Z Axis controls while moving to location.
10/6/2024 12:56:34 [Information] Time remaining: 00:00:07 targetEndTime = 12:56:35
10/6/2024 12:56:34 [Information] Stepper Motor Controller Disable Z Axis controls while moving to location.
10/6/2024 12:56:34 [Information] Time remaining: 00:00:07 targetEndTime = 12:56:35
10/6/2024 12:56:34 [Information] Stepper Motor Controller Disable Z Axis controls while moving to location.
10/6/2024 12:56:34 [Information] Time remaining: 00:00:07 targetEndTime = 12:56:35
10/6/2024 12:56:34 [Information] Stepper Motor Controller Disable Z Axis controls while moving to location.
10/6/2024 12:56:34 [Information] Time remaining: 00:00:07 targetEndTime = 12:56:35
10/6/2024 12:56:34 [Information] Stepper Motor Controller Disable Z Axis controls while moving to location.
10/6/2024 12:56:34 [Information] Time remaining: 00:00:07 targetEndTime = 12:56:35
10/6/2024 12:56:34 [Information] Stepper Motor Controller Disable Z Axis controls while moving to location.
10/6/2024 12:56:34 [Information] Time remaining: 00:00:07 targetEndTime = 12:56:35
10/6/2024 12:56:34 [Information] Stepper Motor Controller Disable Z Axis controls while moving to location.
10/6/2024 12:56:34 [Information] Time remaining: 00:00:07 targetEndTime = 12:56:35
10/6/2024 12:56:34 [Information] Stepper Motor Controller Disable Z Axis controls while moving to location.
10/6/2024 12:56:34 [Information] Time remaining: 00:00:07 targetEndTime = 12:56:35
10/6/2024 12:56:34 [Information] Stepper Motor Controller Disable Z Axis controls while moving to location.
10/6/2024 12:56:34 [Information] Time remaining: 00:00:07 targetEndTime = 12:56:35
10/6/2024 12:56:34 [Information] Stepper Motor Controller Disable Z Axis controls while moving to location.
10/6/2024 12:56:34 [Information] Time remaining: 00:00:07 targetEndTime = 12:56:35
10/6/2024 12:56:34 [Information] Stepper Motor Controller Disable Z Axis controls while moving to location.
10/6/2024 12:56:34 [Information] Time remaining: 00:00:07 targetEndTime = 12:56:35
10/6/2024 12:56:34 [Information] Stepper Motor Controller Disable Z Axis controls while moving to location.
10/6/2024 12:56:34 [Information] Time remaining: 00:00:07 targetEndTime = 12:56:35
10/6/2024 12:56:34 [Information] Stepper Motor Controller Disable Z Axis controls while moving to location.
10/6/2024 12:56:34 [Information] Time remaining: 00:00:07 targetEndTime = 12:56:35
10/6/2024 12:56:34 [Information] Stepper Motor Controller Disable Z Axis controls while moving to location.
10/6/2024 12:56:34 [Information] Time remaining: 00:00:07 targetEndTime = 12:56:35
10/6/2024 12:56:34 [Information] Stepper Motor Controller Disable Z Axis controls while moving to location.
10/6/2024 12:56:34 [Information] Time remaining: 00:00:07 targetEndTime = 12:56:35
10/6/2024 12:56:34 [Information] Stepper Motor Controller Disable Z Axis controls while moving to location.
10/6/2024 12:56:34 [Information] Time remaining: 00:00:07 targetEndTime = 12:56:35
10/6/2024 12:56:34 [Information] Stepper Motor Controller Disable Z Axis controls while moving to location.
10/6/2024 12:56:34 [Information] Time remaining: 00:00:07 targetEndTime = 12:56:35
10/6/2024 12:56:34 [Information] Stepper Motor Controller Disable Z Axis controls while moving to location.
10/6/2024 12:56:34 [Information] Time remaining: 00:00:07 targetEndTime = 12:56:35
10/6/2024 12:56:34 [Information] Stepper Motor Controller Disable Z Axis controls while moving to location.
10/6/2024 12:56:34 [Information] Time remaining: 00:00:07 targetEndTime = 12:56:35
10/6/2024 12:56:34 [Information] Stepper Motor Controller Disable Z Axis controls while moving to location.
10/6/2024 12:56:34 [Information] Time remaining: 00:00:07 targetEndTime = 12:56:35
10/6/2024 12:56:34 [Information] Stepper Motor Controller Disable Z Axis controls while moving to location.
10/6/2024 12:56:34 [Information] Time remaining: 00:00:07 targetEndTime = 12:56:35
10/6/2024 12:56:34 [Information] Stepper Motor Controller Disable Z Axis controls while moving to location.
10/6/2024 12:56:34 [Information] Time remaining: 00:00:07 targetEndTime = 12:56:35
10/6/2024 12:56:34 [Information] Stepper Motor Controller Disable Z Axis controls while moving to location.
10/6/2024 12:56:34 [Information] Time remaining: 00:00:07 targetEndTime = 12:56:35
10/6/2024 12:56:34 [Information] Stepper Motor Controller Disable Z Axis controls while moving to location.
10/6/2024 12:56:34 [Information] Time remaining: 00:00:07 targetEndTime = 12:56:35
10/6/2024 12:56:34 [Information] Stepper Motor Controller Disable Z Axis controls while moving to location.
10/6/2024 12:56:34 [Information] Time remaining: 00:00:07 targetEndTime = 12:56:35
10/6/2024 12:56:34 [Information] Stepper Motor Controller Disable Z Axis controls while moving to location.
10/6/2024 12:56:34 [Information] Time remaining: 00:00:07 targetEndTime = 12:56:35
10/6/2024 12:56:34 [Information] Stepper Motor Controller Disable Z Axis controls while moving to location.
10/6/2024 12:56:34 [Information] Time remaining: 00:00:07 targetEndTime = 12:56:35
10/6/2024 12:56:34 [Information] Stepper Motor Controller Disable Z Axis controls while moving to location.
10/6/2024 12:56:34 [Information] Time remaining: 00:00:07 targetEndTime = 12:56:35
10/6/2024 12:56:34 [Information] Stepper Motor Controller Disable Z Axis controls while moving to location.
10/6/2024 12:56:34 [Information] Time remaining: 00:00:07 targetEndTime = 12:56:35
10/6/2024 12:56:34 [Information] Stepper Motor Controller Disable Z Axis controls while moving to location.
10/6/2024 12:56:34 [Information] Time remaining: 00:00:07 targetEndTime = 12:56:35
10/6/2024 12:56:34 [Information] Stepper Motor Controller Disable Z Axis controls while moving to location.
10/6/2024 12:56:34 [Information] Time remaining: 00:00:07 targetEndTime = 12:56:35
10/6/2024 12:56:34 [Information] Stepper Motor Controller Disable Z Axis controls while moving to location.
10/6/2024 12:56:34 [Information] Time remaining: 00:00:07 targetEndTime = 12:56:35
10/6/2024 12:56:34 [Information] Stepper Motor Controller Disable Z Axis controls while moving to location.
10/6/2024 12:56:34 [Information] Time remaining: 00:00:07 targetEndTime = 12:56:35
10/6/2024 12:56:34 [Information] Stepper Motor Controller Disable Z Axis controls while moving to location.
10/6/2024 12:56:34 [Information] Time remaining: 00:00:07 targetEndTime = 12:56:35
10/6/2024 12:56:34 [Information] Stepper Motor Controller Disable Z Axis controls while moving to location.
10/6/2024 12:56:34 [Information] Time remaining: 00:00:07 targetEndTime = 12:56:35
10/6/2024 12:56:34 [Information] Stepper Motor Controller Disable Z Axis controls while moving to location.
10/6/2024 12:56:34 [Information] Time remaining: 00:00:07 targetEndTime = 12:56:35
10/6/2024 12:56:34 [Information] Stepper Motor Controller Disable Z Axis controls while moving to location.
10/6/2024 12:56:34 [Information] Time remaining: 00:00:07 targetEndTime = 12:56:35
10/6/2024 12:56:34 [Information] Stepper Motor Controller Disable Z Axis controls while moving to location.
10/6/2024 12:56:34 [Information] Time remaining: 00:00:07 targetEndTime = 12:56:35
10/6/2024 12:56:34 [Information] Stepper Motor Controller Disable Z Axis controls while moving to location.
10/6/2024 12:56:34 [Information] Time remaining: 00:00:07 targetEndTime = 12:56:35
10/6/2024 12:56:34 [Information] Stepper Motor Controller Disable Z Axis controls while moving to location.
10/6/2024 12:56:34 [Information] Time remaining: 00:00:07 targetEndTime = 12:56:35
10/6/2024 12:56:34 [Information] Stepper Motor Controller Disable Z Axis controls while moving to location.
10/6/2024 12:56:34 [Information] Time remaining: 00:00:07 targetEndTime = 12:56:35
10/6/2024 12:56:34 [Information] Stepper Motor Controller Disable Z Axis controls while moving to location.
10/6/2024 12:56:34 [Information] Time remaining: 00:00:07 targetEndTime = 12:56:35
10/6/2024 12:56:34 [Information] Stepper Motor Controller Disable Z Axis controls while moving to location.
10/6/2024 12:56:34 [Information] Time remaining: 00:00:07 targetEndTime = 12:56:35
10/6/2024 12:56:34 [Information] Stepper Motor Controller Disable Z Axis controls while moving to location.
10/6/2024 12:56:34 [Information] Time remaining: 00:00:07 targetEndTime = 12:56:35
10/6/2024 12:56:35 [Information] Stepper Motor Controller Disable Z Axis controls while moving to location.
10/6/2024 12:56:35 [Information] Time remaining: 00:00:07 targetEndTime = 12:56:35
10/6/2024 12:56:35 [Information] Stepper Motor Controller Enable Z Axis controls after moving to location.
10/6/2024 12:56:35 [Information] Stepper Motor Controller Stopwatch Stopped.
10/6/2024 12:56:35 [Information] Stepper Motor Controller Timer Stopped.
10/6/2024 12:56:35 [Information] Stepper Motor Controller Stopwatch Reset.
10/6/2024 12:56:37 [Information] Updated X,Y Zero.IsChecked status to 0 and Z Zero.IsChecked status to 1.
10/6/2024 12:56:39 [Information] ZAxisRun_Click button clicked:
10/6/2024 12:56:39 [Information] Z Axis Run Event to reset Axis to zero: Z,0.00,400.00,0,0.00,400.00,0,0.00,400.00,1
10/6/2024 12:56:39 [Information] Setting Z Axis Current Location Set to Zero on DRO
10/6/2024 12:56:40 [Information] Updated X,Y,Z Zero.IsChecked status to 0.
10/6/2024 12:56:40 [Information] Z Axis Current Location Set to Zero
10/6/2024 12:56:45 [Information] Stepper Motor Controller Serial Ports closed.
10/6/2024 12:56:45 [Information] Stepper Motor Controller MainWindow Closing.
10/6/2024 12:56:45 [Information] Properties Settings Saved.
10/6/2024 12:56:45 [Information] Properties Settings Form Closed.
