9/30/2024 18:27:49 [Information] X Stepper Motor Controller Application Started.
9/30/2024 18:27:49 [Information] Version: 3.0.9036.31274 (9/30/2024 18:27:49)
9/30/2024 18:27:49 [Information] X Axis SerialPort COM7 not connected.
9/30/2024 18:27:49 [Information] Y Axis SerialPort COM8 not connected.
9/30/2024 18:27:49 [Information] Version: 3.1.0.31275 (9/30/2024 18:27:49)
9/30/2024 18:27:49 [Information] Version: 3.1.0.31275 (9/30/2024 18:27:49)
9/30/2024 18:27:49 [Information] Stepper Motor Controller Application Settings Window Opened.
9/30/2024 18:27:49 [Information] Stepper Motor Controller Application Settings form is rebuilt each and every time it is opened.
9/30/2024 18:27:49 [Information] int: 9600 BaudRate added to the Settings Form.
9/30/2024 18:27:49 [Information] bool: False ckbXaxisResetToZeroIsChecked added to the Settings Form.
9/30/2024 18:27:49 [Information] bool: False ckbYaxisResetToZeroIsChecked added to the Settings Form.
9/30/2024 18:27:49 [Information] bool: False ckbZaxisResetToZeroIsChecked added to the Settings Form.
9/30/2024 18:27:49 [Information] COM1: ComPort added to the Settings Form.
9/30/2024 18:27:49 [Information] COM2: ComPort added to the Settings Form.
9/30/2024 18:27:49 [Information] COM3: ComPort added to the Settings Form.
9/30/2024 18:27:49 [Information] COM4: ComPort added to the Settings Form.
9/30/2024 18:27:49 [Information] COM5: ComPort added to the Settings Form.
9/30/2024 18:27:49 [Information] COM6: ComPort added to the Settings Form.
9/30/2024 18:27:49 [Information] COM7: ComPort added to the Settings Form.
9/30/2024 18:27:49 [Information] COM8: ComPort added to the Settings Form.
9/30/2024 18:27:49 [Information] COM9: ComPort added to the Settings Form.
9/30/2024 18:27:49 [Information] COM10: ComPort added to the Settings Form.
9/30/2024 18:27:49 [Information] decimal: 4.00 Divider4_00 added to the Settings Form.
9/30/2024 18:27:49 [Information] decimal: 0.00 MathPart2Initlz added to the Settings Form.
9/30/2024 18:27:49 [Information] decimal: 1.00 MilisecondTimerInterval added to the Settings Form.
9/30/2024 18:27:49 [Information] decimal: 1000.00 MillisecondDelay added to the Settings Form.
9/30/2024 18:27:49 [Information] int: 1000 Milliseconds added to the Settings Form.
9/30/2024 18:27:49 [Information] int: 4 mmPerRevolution added to the Settings Form.
9/30/2024 18:27:49 [Information] int: 2000 ThreadSleep added to the Settings Form.
9/30/2024 18:27:49 [Information] decimal: 0.00 Value_0_00 added to the Settings Form.
9/30/2024 18:27:49 [Information] decimal: 50.00 XaxisAcceleration added to the Settings Form.
9/30/2024 18:27:49 [Information] bool: False XaxisChanged added to the Settings Form.
9/30/2024 18:27:49 [Information] decimal: 400.00 XaxisMotorSpeed added to the Settings Form.
9/30/2024 18:27:49 [Information] decimal: 0.00 XaxisStepperCurrent added to the Settings Form.
9/30/2024 18:27:49 [Information] decimal: 0.00 XaxisStepperMove added to the Settings Form.
9/30/2024 18:27:49 [Information] XCOM1: XComPort added to the Settings Form.
9/30/2024 18:27:49 [Information] XCOM2: XComPort added to the Settings Form.
9/30/2024 18:27:49 [Information] XCOM3: XComPort added to the Settings Form.
9/30/2024 18:27:49 [Information] XCOM4: XComPort added to the Settings Form.
9/30/2024 18:27:49 [Information] XCOM5: XComPort added to the Settings Form.
9/30/2024 18:27:49 [Information] XCOM6: XComPort added to the Settings Form.
9/30/2024 18:27:49 [Information] XCOM7: XComPort added to the Settings Form.
9/30/2024 18:27:49 [Information] XCOM8: XComPort added to the Settings Form.
9/30/2024 18:27:49 [Information] XCOM9: XComPort added to the Settings Form.
9/30/2024 18:27:49 [Information] XCOM10: XComPort added to the Settings Form.
9/30/2024 18:27:49 [Information] decimal: 50.00 YaxisAcceleration added to the Settings Form.
9/30/2024 18:27:49 [Information] bool: False YaxisChanged added to the Settings Form.
9/30/2024 18:27:49 [Information] decimal: 400.00 YaxisMotorSpeed added to the Settings Form.
9/30/2024 18:27:49 [Information] decimal: 0.00 YaxisStepperCurrent added to the Settings Form.
9/30/2024 18:27:49 [Information] decimal: 0.00 YaxisStepperMove added to the Settings Form.
9/30/2024 18:27:49 [Information] YCOM1: YComPort added to the Settings Form.
9/30/2024 18:27:49 [Information] YCOM2: YComPort added to the Settings Form.
9/30/2024 18:27:49 [Information] YCOM3: YComPort added to the Settings Form.
9/30/2024 18:27:49 [Information] YCOM4: YComPort added to the Settings Form.
9/30/2024 18:27:49 [Information] YCOM5: YComPort added to the Settings Form.
9/30/2024 18:27:49 [Information] YCOM6: YComPort added to the Settings Form.
9/30/2024 18:27:49 [Information] YCOM7: YComPort added to the Settings Form.
9/30/2024 18:27:49 [Information] YCOM8: YComPort added to the Settings Form.
9/30/2024 18:27:49 [Information] YCOM9: YComPort added to the Settings Form.
9/30/2024 18:27:49 [Information] YCOM10: YComPort added to the Settings Form.
9/30/2024 18:27:49 [Information] decimal: 50.00 ZaxisAcceleration added to the Settings Form.
9/30/2024 18:27:49 [Information] bool: False ZaxisChanged added to the Settings Form.
9/30/2024 18:27:49 [Information] decimal: 400.00 ZaxisMotorSpeed added to the Settings Form.
9/30/2024 18:27:49 [Information] decimal: 32.00 ZaxisStepperCurrent added to the Settings Form.
9/30/2024 18:27:49 [Information] decimal: 0.00 ZaxisStepperMove added to the Settings Form.
9/30/2024 18:27:49 [Information] ZCOM1: ZComPort added to the Settings Form.
9/30/2024 18:27:49 [Information] ZCOM2: ZComPort added to the Settings Form.
9/30/2024 18:27:49 [Information] ZCOM3: ZComPort added to the Settings Form.
9/30/2024 18:27:49 [Information] ZCOM4: ZComPort added to the Settings Form.
9/30/2024 18:27:49 [Information] ZCOM5: ZComPort added to the Settings Form.
9/30/2024 18:27:49 [Information] ZCOM6: ZComPort added to the Settings Form.
9/30/2024 18:27:49 [Information] ZCOM7: ZComPort added to the Settings Form.
9/30/2024 18:27:49 [Information] ZCOM8: ZComPort added to the Settings Form.
9/30/2024 18:27:49 [Information] ZCOM9: ZComPort added to the Settings Form.
9/30/2024 18:27:49 [Information] ZCOM10: ZComPort added to the Settings Form.
9/30/2024 18:27:49 [Information] int: 0 zeroXaxis added to the Settings Form.
9/30/2024 18:27:49 [Information] int: 0 zeroYaxis added to the Settings Form.
9/30/2024 18:27:49 [Information] int: 0 zeroZaxis added to the Settings Form.
9/30/2024 18:27:50 [Information] Stepper Motor Controller MainWindow loaded
9/30/2024 18:27:50 [Information] Set MainWindow Media Brushes to White.
9/30/2024 18:27:56 [Information] Z Axis mouse controlled Keypad returned: 32.00
9/30/2024 18:27:58 [Information] ZAxisRun_Click button clicked:
9/30/2024 18:27:58 [Information] Z Axis MotorMovementSeconds decimal: (32.00 / 4) / 2 = 4.00
9/30/2024 18:27:58 [Information] Z Axis myMovementTimer int: 1000 * 4.00 = 4000
9/30/2024 18:27:59 [Information] Z Axis Run Event: Z,0.00,400.00,0,0.00,400.00,0,64.00,400.00,0
9/30/2024 18:27:59 [Information] Z Axis Current Time: 06:27:59 + 4000 = targetEndTime: 06:28:03
9/30/2024 18:27:59 [Information] Stepper Motor Controller Disable Z Axis controls while moving to location.
9/30/2024 18:27:59 [Information] Time remaining: 00:00:00 targetEndTime = 06:28:03
9/30/2024 18:27:59 [Information] Z Axis Data Received: it switch not pressed. Moving counter-clockwise.

9/30/2024 18:27:59 [Information] Stepper Motor Controller Disable Z Axis controls while moving to location.
9/30/2024 18:27:59 [Information] Time remaining: 00:00:00 targetEndTime = 06:28:03
9/30/2024 18:27:59 [Information] Stepper Motor Controller Disable Z Axis controls while moving to location.
9/30/2024 18:27:59 [Information] Time remaining: 00:00:00 targetEndTime = 06:28:03
9/30/2024 18:27:59 [Information] Stepper Motor Controller Disable Z Axis controls while moving to location.
9/30/2024 18:27:59 [Information] Time remaining: 00:00:00 targetEndTime = 06:28:03
9/30/2024 18:27:59 [Information] Stepper Motor Controller Disable Z Axis controls while moving to location.
9/30/2024 18:27:59 [Information] Time remaining: 00:00:00 targetEndTime = 06:28:03
9/30/2024 18:27:59 [Information] Stepper Motor Controller Disable Z Axis controls while moving to location.
9/30/2024 18:27:59 [Information] Time remaining: 00:00:00 targetEndTime = 06:28:03
9/30/2024 18:27:59 [Information] Stepper Motor Controller Disable Z Axis controls while moving to location.
9/30/2024 18:27:59 [Information] Time remaining: 00:00:00 targetEndTime = 06:28:03
9/30/2024 18:27:59 [Information] Stepper Motor Controller Disable Z Axis controls while moving to location.
9/30/2024 18:27:59 [Information] Time remaining: 00:00:00 targetEndTime = 06:28:03
9/30/2024 18:27:59 [Information] Stepper Motor Controller Disable Z Axis controls while moving to location.
9/30/2024 18:27:59 [Information] Time remaining: 00:00:00 targetEndTime = 06:28:03
9/30/2024 18:28:00 [Information] Stepper Motor Controller Disable Z Axis controls while moving to location.
9/30/2024 18:28:00 [Information] Time remaining: 00:00:00 targetEndTime = 06:28:03
9/30/2024 18:28:00 [Information] Stepper Motor Controller Disable Z Axis controls while moving to location.
9/30/2024 18:28:00 [Information] Time remaining: 00:00:00 targetEndTime = 06:28:03
9/30/2024 18:28:00 [Information] Stepper Motor Controller Disable Z Axis controls while moving to location.
9/30/2024 18:28:00 [Information] Time remaining: 00:00:00 targetEndTime = 06:28:03
9/30/2024 18:28:00 [Information] Stepper Motor Controller Disable Z Axis controls while moving to location.
9/30/2024 18:28:00 [Information] Time remaining: 00:00:00 targetEndTime = 06:28:03
9/30/2024 18:28:00 [Information] Stepper Motor Controller Disable Z Axis controls while moving to location.
9/30/2024 18:28:00 [Information] Time remaining: 00:00:00 targetEndTime = 06:28:03
9/30/2024 18:28:00 [Information] Stepper Motor Controller Disable Z Axis controls while moving to location.
9/30/2024 18:28:00 [Information] Time remaining: 00:00:00 targetEndTime = 06:28:03
9/30/2024 18:28:00 [Information] Stepper Motor Controller Disable Z Axis controls while moving to location.
9/30/2024 18:28:00 [Information] Time remaining: 00:00:00 targetEndTime = 06:28:03
9/30/2024 18:28:00 [Information] Stepper Motor Controller Disable Z Axis controls while moving to location.
9/30/2024 18:28:00 [Information] Time remaining: 00:00:00 targetEndTime = 06:28:03
9/30/2024 18:28:00 [Information] Stepper Motor Controller Disable Z Axis controls while moving to location.
9/30/2024 18:28:00 [Information] Time remaining: 00:00:00 targetEndTime = 06:28:03
9/30/2024 18:28:00 [Information] Stepper Motor Controller Disable Z Axis controls while moving to location.
9/30/2024 18:28:00 [Information] Time remaining: 00:00:00 targetEndTime = 06:28:03
9/30/2024 18:28:00 [Information] Stepper Motor Controller Disable Z Axis controls while moving to location.
9/30/2024 18:28:00 [Information] Time remaining: 00:00:00 targetEndTime = 06:28:03
9/30/2024 18:28:00 [Information] Stepper Motor Controller Disable Z Axis controls while moving to location.
9/30/2024 18:28:00 [Information] Time remaining: 00:00:00 targetEndTime = 06:28:03
9/30/2024 18:28:00 [Information] Stepper Motor Controller Disable Z Axis controls while moving to location.
9/30/2024 18:28:00 [Information] Time remaining: 00:00:00 targetEndTime = 06:28:03
9/30/2024 18:28:00 [Information] Stepper Motor Controller Disable Z Axis controls while moving to location.
9/30/2024 18:28:00 [Information] Time remaining: 00:00:00 targetEndTime = 06:28:03
9/30/2024 18:28:00 [Information] Stepper Motor Controller Disable Z Axis controls while moving to location.
9/30/2024 18:28:00 [Information] Time remaining: 00:00:00 targetEndTime = 06:28:03
9/30/2024 18:28:00 [Information] Stepper Motor Controller Disable Z Axis controls while moving to location.
9/30/2024 18:28:00 [Information] Time remaining: 00:00:00 targetEndTime = 06:28:03
9/30/2024 18:28:00 [Information] Stepper Motor Controller Disable Z Axis controls while moving to location.
9/30/2024 18:28:00 [Information] Time remaining: 00:00:00 targetEndTime = 06:28:03
9/30/2024 18:28:00 [Information] Stepper Motor Controller Disable Z Axis controls while moving to location.
9/30/2024 18:28:00 [Information] Time remaining: 00:00:00 targetEndTime = 06:28:03
9/30/2024 18:28:00 [Information] Stepper Motor Controller Disable Z Axis controls while moving to location.
9/30/2024 18:28:00 [Information] Time remaining: 00:00:00 targetEndTime = 06:28:03
9/30/2024 18:28:00 [Information] Stepper Motor Controller Disable Z Axis controls while moving to location.
9/30/2024 18:28:00 [Information] Time remaining: 00:00:00 targetEndTime = 06:28:03
9/30/2024 18:28:00 [Information] Stepper Motor Controller Disable Z Axis controls while moving to location.
9/30/2024 18:28:00 [Information] Time remaining: 00:00:00 targetEndTime = 06:28:03
9/30/2024 18:28:00 [Information] Stepper Motor Controller Disable Z Axis controls while moving to location.
9/30/2024 18:28:00 [Information] Time remaining: 00:00:00 targetEndTime = 06:28:03
9/30/2024 18:28:00 [Information] Stepper Motor Controller Disable Z Axis controls while moving to location.
9/30/2024 18:28:00 [Information] Time remaining: 00:00:00 targetEndTime = 06:28:03
9/30/2024 18:28:00 [Information] Stepper Motor Controller Disable Z Axis controls while moving to location.
9/30/2024 18:28:00 [Information] Time remaining: 00:00:00 targetEndTime = 06:28:03
9/30/2024 18:28:00 [Information] Stepper Motor Controller Disable Z Axis controls while moving to location.
9/30/2024 18:28:00 [Information] Time remaining: 00:00:00 targetEndTime = 06:28:03
9/30/2024 18:28:00 [Information] Stepper Motor Controller Disable Z Axis controls while moving to location.
9/30/2024 18:28:00 [Information] Time remaining: 00:00:00 targetEndTime = 06:28:03
9/30/2024 18:28:00 [Information] Stepper Motor Controller Disable Z Axis controls while moving to location.
9/30/2024 18:28:00 [Information] Time remaining: 00:00:00 targetEndTime = 06:28:03
9/30/2024 18:28:00 [Information] Stepper Motor Controller Disable Z Axis controls while moving to location.
9/30/2024 18:28:00 [Information] Time remaining: 00:00:00 targetEndTime = 06:28:03
9/30/2024 18:28:00 [Information] Stepper Motor Controller Disable Z Axis controls while moving to location.
9/30/2024 18:28:00 [Information] Time remaining: 00:00:00 targetEndTime = 06:28:03
9/30/2024 18:28:00 [Information] Stepper Motor Controller Disable Z Axis controls while moving to location.
9/30/2024 18:28:00 [Information] Time remaining: 00:00:00 targetEndTime = 06:28:03
9/30/2024 18:28:00 [Information] Stepper Motor Controller Disable Z Axis controls while moving to location.
9/30/2024 18:28:00 [Information] Time remaining: 00:00:00 targetEndTime = 06:28:03
9/30/2024 18:28:00 [Information] Stepper Motor Controller Disable Z Axis controls while moving to location.
9/30/2024 18:28:00 [Information] Time remaining: 00:00:00 targetEndTime = 06:28:03
9/30/2024 18:28:00 [Information] Stepper Motor Controller Disable Z Axis controls while moving to location.
9/30/2024 18:28:00 [Information] Time remaining: 00:00:00 targetEndTime = 06:28:03
9/30/2024 18:28:00 [Information] Stepper Motor Controller Disable Z Axis controls while moving to location.
9/30/2024 18:28:00 [Information] Time remaining: 00:00:00 targetEndTime = 06:28:03
9/30/2024 18:28:00 [Information] Stepper Motor Controller Disable Z Axis controls while moving to location.
9/30/2024 18:28:00 [Information] Time remaining: 00:00:00 targetEndTime = 06:28:03
9/30/2024 18:28:00 [Information] Stepper Motor Controller Disable Z Axis controls while moving to location.
9/30/2024 18:28:00 [Information] Time remaining: 00:00:00 targetEndTime = 06:28:03
9/30/2024 18:28:00 [Information] Stepper Motor Controller Disable Z Axis controls while moving to location.
9/30/2024 18:28:00 [Information] Time remaining: 00:00:00 targetEndTime = 06:28:03
9/30/2024 18:28:00 [Information] Stepper Motor Controller Disable Z Axis controls while moving to location.
9/30/2024 18:28:00 [Information] Time remaining: 00:00:00 targetEndTime = 06:28:03
9/30/2024 18:28:00 [Information] Stepper Motor Controller Disable Z Axis controls while moving to location.
9/30/2024 18:28:00 [Information] Time remaining: 00:00:00 targetEndTime = 06:28:03
9/30/2024 18:28:00 [Information] Stepper Motor Controller Disable Z Axis controls while moving to location.
9/30/2024 18:28:00 [Information] Time remaining: 00:00:01 targetEndTime = 06:28:03
9/30/2024 18:28:00 [Information] Stepper Motor Controller Disable Z Axis controls while moving to location.
9/30/2024 18:28:00 [Information] Time remaining: 00:00:01 targetEndTime = 06:28:03
9/30/2024 18:28:00 [Information] Stepper Motor Controller Disable Z Axis controls while moving to location.
9/30/2024 18:28:00 [Information] Time remaining: 00:00:01 targetEndTime = 06:28:03
9/30/2024 18:28:00 [Information] Stepper Motor Controller Disable Z Axis controls while moving to location.
9/30/2024 18:28:00 [Information] Time remaining: 00:00:01 targetEndTime = 06:28:03
9/30/2024 18:28:00 [Information] Stepper Motor Controller Disable Z Axis controls while moving to location.
9/30/2024 18:28:00 [Information] Time remaining: 00:00:01 targetEndTime = 06:28:03
9/30/2024 18:28:00 [Information] Stepper Motor Controller Disable Z Axis controls while moving to location.
9/30/2024 18:28:00 [Information] Time remaining: 00:00:01 targetEndTime = 06:28:03
9/30/2024 18:28:00 [Information] Stepper Motor Controller Disable Z Axis controls while moving to location.
9/30/2024 18:28:00 [Information] Time remaining: 00:00:01 targetEndTime = 06:28:03
9/30/2024 18:28:00 [Information] Stepper Motor Controller Disable Z Axis controls while moving to location.
9/30/2024 18:28:00 [Information] Time remaining: 00:00:01 targetEndTime = 06:28:03
9/30/2024 18:28:00 [Information] Stepper Motor Controller Disable Z Axis controls while moving to location.
9/30/2024 18:28:00 [Information] Time remaining: 00:00:01 targetEndTime = 06:28:03
9/30/2024 18:28:00 [Information] Stepper Motor Controller Disable Z Axis controls while moving to location.
9/30/2024 18:28:00 [Information] Time remaining: 00:00:01 targetEndTime = 06:28:03
9/30/2024 18:28:00 [Information] Stepper Motor Controller Disable Z Axis controls while moving to location.
9/30/2024 18:28:00 [Information] Time remaining: 00:00:01 targetEndTime = 06:28:03
9/30/2024 18:28:00 [Information] Stepper Motor Controller Disable Z Axis controls while moving to location.
9/30/2024 18:28:00 [Information] Time remaining: 00:00:01 targetEndTime = 06:28:03
9/30/2024 18:28:00 [Information] Stepper Motor Controller Disable Z Axis controls while moving to location.
9/30/2024 18:28:00 [Information] Time remaining: 00:00:01 targetEndTime = 06:28:03
9/30/2024 18:28:00 [Information] Stepper Motor Controller Disable Z Axis controls while moving to location.
9/30/2024 18:28:00 [Information] Time remaining: 00:00:01 targetEndTime = 06:28:03
9/30/2024 18:28:00 [Information] Stepper Motor Controller Disable Z Axis controls while moving to location.
9/30/2024 18:28:00 [Information] Time remaining: 00:00:01 targetEndTime = 06:28:03
9/30/2024 18:28:00 [Information] Stepper Motor Controller Disable Z Axis controls while moving to location.
9/30/2024 18:28:00 [Information] Time remaining: 00:00:01 targetEndTime = 06:28:03
9/30/2024 18:28:00 [Information] Stepper Motor Controller Disable Z Axis controls while moving to location.
9/30/2024 18:28:00 [Information] Time remaining: 00:00:01 targetEndTime = 06:28:03
9/30/2024 18:28:00 [Information] Stepper Motor Controller Disable Z Axis controls while moving to location.
9/30/2024 18:28:00 [Information] Time remaining: 00:00:01 targetEndTime = 06:28:03
9/30/2024 18:28:00 [Information] Stepper Motor Controller Disable Z Axis controls while moving to location.
9/30/2024 18:28:00 [Information] Time remaining: 00:00:01 targetEndTime = 06:28:03
9/30/2024 18:28:00 [Information] Stepper Motor Controller Disable Z Axis controls while moving to location.
9/30/2024 18:28:00 [Information] Time remaining: 00:00:01 targetEndTime = 06:28:03
9/30/2024 18:28:00 [Information] Stepper Motor Controller Disable Z Axis controls while moving to location.
9/30/2024 18:28:00 [Information] Time remaining: 00:00:01 targetEndTime = 06:28:03
9/30/2024 18:28:01 [Information] Stepper Motor Controller Disable Z Axis controls while moving to location.
9/30/2024 18:28:01 [Information] Time remaining: 00:00:01 targetEndTime = 06:28:03
9/30/2024 18:28:01 [Information] Stepper Motor Controller Disable Z Axis controls while moving to location.
9/30/2024 18:28:01 [Information] Time remaining: 00:00:01 targetEndTime = 06:28:03
9/30/2024 18:28:01 [Information] Stepper Motor Controller Disable Z Axis controls while moving to location.
9/30/2024 18:28:01 [Information] Time remaining: 00:00:01 targetEndTime = 06:28:03
9/30/2024 18:28:01 [Information] Stepper Motor Controller Disable Z Axis controls while moving to location.
9/30/2024 18:28:01 [Information] Time remaining: 00:00:01 targetEndTime = 06:28:03
9/30/2024 18:28:01 [Information] Stepper Motor Controller Disable Z Axis controls while moving to location.
9/30/2024 18:28:01 [Information] Time remaining: 00:00:01 targetEndTime = 06:28:03
9/30/2024 18:28:01 [Information] Stepper Motor Controller Disable Z Axis controls while moving to location.
9/30/2024 18:28:01 [Information] Time remaining: 00:00:01 targetEndTime = 06:28:03
9/30/2024 18:28:01 [Information] Stepper Motor Controller Disable Z Axis controls while moving to location.
9/30/2024 18:28:01 [Information] Time remaining: 00:00:01 targetEndTime = 06:28:03
9/30/2024 18:28:01 [Information] Stepper Motor Controller Disable Z Axis controls while moving to location.
9/30/2024 18:28:01 [Information] Time remaining: 00:00:01 targetEndTime = 06:28:03
9/30/2024 18:28:01 [Information] Stepper Motor Controller Disable Z Axis controls while moving to location.
9/30/2024 18:28:01 [Information] Time remaining: 00:00:01 targetEndTime = 06:28:03
9/30/2024 18:28:01 [Information] Stepper Motor Controller Disable Z Axis controls while moving to location.
9/30/2024 18:28:01 [Information] Time remaining: 00:00:01 targetEndTime = 06:28:03
9/30/2024 18:28:01 [Information] Stepper Motor Controller Disable Z Axis controls while moving to location.
9/30/2024 18:28:01 [Information] Time remaining: 00:00:01 targetEndTime = 06:28:03
9/30/2024 18:28:01 [Information] Stepper Motor Controller Disable Z Axis controls while moving to location.
9/30/2024 18:28:01 [Information] Time remaining: 00:00:01 targetEndTime = 06:28:03
9/30/2024 18:28:01 [Information] Stepper Motor Controller Disable Z Axis controls while moving to location.
9/30/2024 18:28:01 [Information] Time remaining: 00:00:01 targetEndTime = 06:28:03
9/30/2024 18:28:01 [Information] Stepper Motor Controller Disable Z Axis controls while moving to location.
9/30/2024 18:28:01 [Information] Time remaining: 00:00:01 targetEndTime = 06:28:03
9/30/2024 18:28:01 [Information] Stepper Motor Controller Disable Z Axis controls while moving to location.
9/30/2024 18:28:01 [Information] Time remaining: 00:00:01 targetEndTime = 06:28:03
9/30/2024 18:28:01 [Information] Stepper Motor Controller Disable Z Axis controls while moving to location.
9/30/2024 18:28:01 [Information] Time remaining: 00:00:01 targetEndTime = 06:28:03
9/30/2024 18:28:01 [Information] Stepper Motor Controller Disable Z Axis controls while moving to location.
9/30/2024 18:28:01 [Information] Time remaining: 00:00:01 targetEndTime = 06:28:03
9/30/2024 18:28:01 [Information] Stepper Motor Controller Disable Z Axis controls while moving to location.
9/30/2024 18:28:01 [Information] Time remaining: 00:00:01 targetEndTime = 06:28:03
9/30/2024 18:28:01 [Information] Stepper Motor Controller Disable Z Axis controls while moving to location.
9/30/2024 18:28:01 [Information] Time remaining: 00:00:01 targetEndTime = 06:28:03
9/30/2024 18:28:01 [Information] Stepper Motor Controller Disable Z Axis controls while moving to location.
9/30/2024 18:28:01 [Information] Time remaining: 00:00:01 targetEndTime = 06:28:03
9/30/2024 18:28:01 [Information] Stepper Motor Controller Disable Z Axis controls while moving to location.
9/30/2024 18:28:01 [Information] Time remaining: 00:00:01 targetEndTime = 06:28:03
9/30/2024 18:28:01 [Information] Stepper Motor Controller Disable Z Axis controls while moving to location.
9/30/2024 18:28:01 [Information] Time remaining: 00:00:01 targetEndTime = 06:28:03
9/30/2024 18:28:01 [Information] Stepper Motor Controller Disable Z Axis controls while moving to location.
9/30/2024 18:28:01 [Information] Time remaining: 00:00:01 targetEndTime = 06:28:03
9/30/2024 18:28:01 [Information] Stepper Motor Controller Disable Z Axis controls while moving to location.
9/30/2024 18:28:01 [Information] Time remaining: 00:00:01 targetEndTime = 06:28:03
9/30/2024 18:28:01 [Information] Stepper Motor Controller Disable Z Axis controls while moving to location.
9/30/2024 18:28:01 [Information] Time remaining: 00:00:01 targetEndTime = 06:28:03
9/30/2024 18:28:01 [Information] Stepper Motor Controller Disable Z Axis controls while moving to location.
9/30/2024 18:28:01 [Information] Time remaining: 00:00:01 targetEndTime = 06:28:03
9/30/2024 18:28:01 [Information] Stepper Motor Controller Disable Z Axis controls while moving to location.
9/30/2024 18:28:01 [Information] Time remaining: 00:00:01 targetEndTime = 06:28:03
9/30/2024 18:28:01 [Information] Stepper Motor Controller Disable Z Axis controls while moving to location.
9/30/2024 18:28:01 [Information] Time remaining: 00:00:01 targetEndTime = 06:28:03
9/30/2024 18:28:01 [Information] Stepper Motor Controller Disable Z Axis controls while moving to location.
9/30/2024 18:28:01 [Information] Time remaining: 00:00:01 targetEndTime = 06:28:03
9/30/2024 18:28:01 [Information] Stepper Motor Controller Disable Z Axis controls while moving to location.
9/30/2024 18:28:01 [Information] Time remaining: 00:00:01 targetEndTime = 06:28:03
9/30/2024 18:28:01 [Information] Stepper Motor Controller Disable Z Axis controls while moving to location.
9/30/2024 18:28:01 [Information] Time remaining: 00:00:01 targetEndTime = 06:28:03
9/30/2024 18:28:01 [Information] Stepper Motor Controller Disable Z Axis controls while moving to location.
9/30/2024 18:28:01 [Information] Time remaining: 00:00:01 targetEndTime = 06:28:03
9/30/2024 18:28:01 [Information] Stepper Motor Controller Disable Z Axis controls while moving to location.
9/30/2024 18:28:01 [Information] Time remaining: 00:00:01 targetEndTime = 06:28:03
9/30/2024 18:28:01 [Information] Stepper Motor Controller Disable Z Axis controls while moving to location.
9/30/2024 18:28:01 [Information] Time remaining: 00:00:01 targetEndTime = 06:28:03
9/30/2024 18:28:01 [Information] Stepper Motor Controller Disable Z Axis controls while moving to location.
9/30/2024 18:28:01 [Information] Time remaining: 00:00:01 targetEndTime = 06:28:03
9/30/2024 18:28:01 [Information] Stepper Motor Controller Disable Z Axis controls while moving to location.
9/30/2024 18:28:01 [Information] Time remaining: 00:00:01 targetEndTime = 06:28:03
9/30/2024 18:28:01 [Information] Stepper Motor Controller Disable Z Axis controls while moving to location.
9/30/2024 18:28:01 [Information] Time remaining: 00:00:01 targetEndTime = 06:28:03
9/30/2024 18:28:01 [Information] Stepper Motor Controller Disable Z Axis controls while moving to location.
9/30/2024 18:28:01 [Information] Time remaining: 00:00:01 targetEndTime = 06:28:03
9/30/2024 18:28:01 [Information] Stepper Motor Controller Disable Z Axis controls while moving to location.
9/30/2024 18:28:01 [Information] Time remaining: 00:00:01 targetEndTime = 06:28:03
9/30/2024 18:28:01 [Information] Stepper Motor Controller Disable Z Axis controls while moving to location.
9/30/2024 18:28:01 [Information] Time remaining: 00:00:01 targetEndTime = 06:28:03
9/30/2024 18:28:01 [Information] Stepper Motor Controller Disable Z Axis controls while moving to location.
9/30/2024 18:28:01 [Information] Time remaining: 00:00:02 targetEndTime = 06:28:03
9/30/2024 18:28:01 [Information] Stepper Motor Controller Disable Z Axis controls while moving to location.
9/30/2024 18:28:01 [Information] Time remaining: 00:00:02 targetEndTime = 06:28:03
9/30/2024 18:28:01 [Information] Stepper Motor Controller Disable Z Axis controls while moving to location.
9/30/2024 18:28:01 [Information] Time remaining: 00:00:02 targetEndTime = 06:28:03
9/30/2024 18:28:01 [Information] Stepper Motor Controller Disable Z Axis controls while moving to location.
9/30/2024 18:28:01 [Information] Time remaining: 00:00:02 targetEndTime = 06:28:03
9/30/2024 18:28:01 [Information] Stepper Motor Controller Disable Z Axis controls while moving to location.
9/30/2024 18:28:01 [Information] Time remaining: 00:00:02 targetEndTime = 06:28:03
9/30/2024 18:28:01 [Information] Stepper Motor Controller Disable Z Axis controls while moving to location.
9/30/2024 18:28:01 [Information] Time remaining: 00:00:02 targetEndTime = 06:28:03
9/30/2024 18:28:01 [Information] Stepper Motor Controller Disable Z Axis controls while moving to location.
9/30/2024 18:28:01 [Information] Time remaining: 00:00:02 targetEndTime = 06:28:03
9/30/2024 18:28:01 [Information] Stepper Motor Controller Disable Z Axis controls while moving to location.
9/30/2024 18:28:01 [Information] Time remaining: 00:00:02 targetEndTime = 06:28:03
9/30/2024 18:28:01 [Information] Stepper Motor Controller Disable Z Axis controls while moving to location.
9/30/2024 18:28:01 [Information] Time remaining: 00:00:02 targetEndTime = 06:28:03
9/30/2024 18:28:01 [Information] Stepper Motor Controller Disable Z Axis controls while moving to location.
9/30/2024 18:28:01 [Information] Time remaining: 00:00:02 targetEndTime = 06:28:03
9/30/2024 18:28:01 [Information] Stepper Motor Controller Disable Z Axis controls while moving to location.
9/30/2024 18:28:01 [Information] Time remaining: 00:00:02 targetEndTime = 06:28:03
9/30/2024 18:28:01 [Information] Stepper Motor Controller Disable Z Axis controls while moving to location.
9/30/2024 18:28:01 [Information] Time remaining: 00:00:02 targetEndTime = 06:28:03
9/30/2024 18:28:01 [Information] Stepper Motor Controller Disable Z Axis controls while moving to location.
9/30/2024 18:28:01 [Information] Time remaining: 00:00:02 targetEndTime = 06:28:03
9/30/2024 18:28:01 [Information] Stepper Motor Controller Disable Z Axis controls while moving to location.
9/30/2024 18:28:01 [Information] Time remaining: 00:00:02 targetEndTime = 06:28:03
9/30/2024 18:28:01 [Information] Stepper Motor Controller Disable Z Axis controls while moving to location.
9/30/2024 18:28:01 [Information] Time remaining: 00:00:02 targetEndTime = 06:28:03
9/30/2024 18:28:01 [Information] Stepper Motor Controller Disable Z Axis controls while moving to location.
9/30/2024 18:28:01 [Information] Time remaining: 00:00:02 targetEndTime = 06:28:03
9/30/2024 18:28:01 [Information] Stepper Motor Controller Disable Z Axis controls while moving to location.
9/30/2024 18:28:01 [Information] Time remaining: 00:00:02 targetEndTime = 06:28:03
9/30/2024 18:28:01 [Information] Stepper Motor Controller Disable Z Axis controls while moving to location.
9/30/2024 18:28:01 [Information] Time remaining: 00:00:02 targetEndTime = 06:28:03
9/30/2024 18:28:01 [Information] Stepper Motor Controller Disable Z Axis controls while moving to location.
9/30/2024 18:28:01 [Information] Time remaining: 00:00:02 targetEndTime = 06:28:03
9/30/2024 18:28:01 [Information] Stepper Motor Controller Disable Z Axis controls while moving to location.
9/30/2024 18:28:01 [Information] Time remaining: 00:00:02 targetEndTime = 06:28:03
9/30/2024 18:28:02 [Information] Stepper Motor Controller Disable Z Axis controls while moving to location.
9/30/2024 18:28:02 [Information] Time remaining: 00:00:02 targetEndTime = 06:28:03
9/30/2024 18:28:02 [Information] Stepper Motor Controller Disable Z Axis controls while moving to location.
9/30/2024 18:28:02 [Information] Time remaining: 00:00:02 targetEndTime = 06:28:03
9/30/2024 18:28:02 [Information] Stepper Motor Controller Disable Z Axis controls while moving to location.
9/30/2024 18:28:02 [Information] Time remaining: 00:00:02 targetEndTime = 06:28:03
9/30/2024 18:28:02 [Information] Stepper Motor Controller Disable Z Axis controls while moving to location.
9/30/2024 18:28:02 [Information] Time remaining: 00:00:02 targetEndTime = 06:28:03
9/30/2024 18:28:02 [Information] Stepper Motor Controller Disable Z Axis controls while moving to location.
9/30/2024 18:28:02 [Information] Time remaining: 00:00:02 targetEndTime = 06:28:03
9/30/2024 18:28:02 [Information] Stepper Motor Controller Disable Z Axis controls while moving to location.
9/30/2024 18:28:02 [Information] Time remaining: 00:00:02 targetEndTime = 06:28:03
9/30/2024 18:28:02 [Information] Stepper Motor Controller Disable Z Axis controls while moving to location.
9/30/2024 18:28:02 [Information] Time remaining: 00:00:02 targetEndTime = 06:28:03
9/30/2024 18:28:02 [Information] Stepper Motor Controller Disable Z Axis controls while moving to location.
9/30/2024 18:28:02 [Information] Time remaining: 00:00:02 targetEndTime = 06:28:03
9/30/2024 18:28:02 [Information] Stepper Motor Controller Disable Z Axis controls while moving to location.
9/30/2024 18:28:02 [Information] Time remaining: 00:00:02 targetEndTime = 06:28:03
9/30/2024 18:28:02 [Information] Stepper Motor Controller Disable Z Axis controls while moving to location.
9/30/2024 18:28:02 [Information] Time remaining: 00:00:02 targetEndTime = 06:28:03
9/30/2024 18:28:02 [Information] Stepper Motor Controller Disable Z Axis controls while moving to location.
9/30/2024 18:28:02 [Information] Time remaining: 00:00:02 targetEndTime = 06:28:03
9/30/2024 18:28:02 [Information] Stepper Motor Controller Disable Z Axis controls while moving to location.
9/30/2024 18:28:02 [Information] Time remaining: 00:00:02 targetEndTime = 06:28:03
9/30/2024 18:28:02 [Information] Stepper Motor Controller Disable Z Axis controls while moving to location.
9/30/2024 18:28:02 [Information] Time remaining: 00:00:02 targetEndTime = 06:28:03
9/30/2024 18:28:02 [Information] Stepper Motor Controller Disable Z Axis controls while moving to location.
9/30/2024 18:28:02 [Information] Time remaining: 00:00:02 targetEndTime = 06:28:03
9/30/2024 18:28:02 [Information] Stepper Motor Controller Disable Z Axis controls while moving to location.
9/30/2024 18:28:02 [Information] Time remaining: 00:00:02 targetEndTime = 06:28:03
9/30/2024 18:28:02 [Information] Stepper Motor Controller Disable Z Axis controls while moving to location.
9/30/2024 18:28:02 [Information] Time remaining: 00:00:02 targetEndTime = 06:28:03
9/30/2024 18:28:02 [Information] Stepper Motor Controller Disable Z Axis controls while moving to location.
9/30/2024 18:28:02 [Information] Time remaining: 00:00:02 targetEndTime = 06:28:03
9/30/2024 18:28:02 [Information] Stepper Motor Controller Disable Z Axis controls while moving to location.
9/30/2024 18:28:02 [Information] Time remaining: 00:00:02 targetEndTime = 06:28:03
9/30/2024 18:28:02 [Information] Stepper Motor Controller Disable Z Axis controls while moving to location.
9/30/2024 18:28:02 [Information] Time remaining: 00:00:02 targetEndTime = 06:28:03
9/30/2024 18:28:02 [Information] Stepper Motor Controller Disable Z Axis controls while moving to location.
9/30/2024 18:28:02 [Information] Time remaining: 00:00:02 targetEndTime = 06:28:03
9/30/2024 18:28:02 [Information] Stepper Motor Controller Disable Z Axis controls while moving to location.
9/30/2024 18:28:02 [Information] Time remaining: 00:00:02 targetEndTime = 06:28:03
9/30/2024 18:28:02 [Information] Stepper Motor Controller Disable Z Axis controls while moving to location.
9/30/2024 18:28:02 [Information] Time remaining: 00:00:02 targetEndTime = 06:28:03
9/30/2024 18:28:02 [Information] Stepper Motor Controller Disable Z Axis controls while moving to location.
9/30/2024 18:28:02 [Information] Time remaining: 00:00:02 targetEndTime = 06:28:03
9/30/2024 18:28:02 [Information] Stepper Motor Controller Disable Z Axis controls while moving to location.
9/30/2024 18:28:02 [Information] Time remaining: 00:00:02 targetEndTime = 06:28:03
9/30/2024 18:28:02 [Information] Stepper Motor Controller Disable Z Axis controls while moving to location.
9/30/2024 18:28:02 [Information] Time remaining: 00:00:02 targetEndTime = 06:28:03
9/30/2024 18:28:02 [Information] Stepper Motor Controller Disable Z Axis controls while moving to location.
9/30/2024 18:28:02 [Information] Time remaining: 00:00:02 targetEndTime = 06:28:03
9/30/2024 18:28:02 [Information] Stepper Motor Controller Disable Z Axis controls while moving to location.
9/30/2024 18:28:02 [Information] Time remaining: 00:00:02 targetEndTime = 06:28:03
9/30/2024 18:28:02 [Information] Stepper Motor Controller Disable Z Axis controls while moving to location.
9/30/2024 18:28:02 [Information] Time remaining: 00:00:02 targetEndTime = 06:28:03
9/30/2024 18:28:02 [Information] Stepper Motor Controller Disable Z Axis controls while moving to location.
9/30/2024 18:28:02 [Information] Time remaining: 00:00:02 targetEndTime = 06:28:03
9/30/2024 18:28:02 [Information] Stepper Motor Controller Disable Z Axis controls while moving to location.
9/30/2024 18:28:02 [Information] Time remaining: 00:00:02 targetEndTime = 06:28:03
9/30/2024 18:28:02 [Information] Stepper Motor Controller Disable Z Axis controls while moving to location.
9/30/2024 18:28:02 [Information] Time remaining: 00:00:02 targetEndTime = 06:28:03
9/30/2024 18:28:02 [Information] Stepper Motor Controller Disable Z Axis controls while moving to location.
9/30/2024 18:28:02 [Information] Time remaining: 00:00:02 targetEndTime = 06:28:03
9/30/2024 18:28:02 [Information] Stepper Motor Controller Disable Z Axis controls while moving to location.
9/30/2024 18:28:02 [Information] Time remaining: 00:00:02 targetEndTime = 06:28:03
9/30/2024 18:28:02 [Information] Stepper Motor Controller Disable Z Axis controls while moving to location.
9/30/2024 18:28:02 [Information] Time remaining: 00:00:02 targetEndTime = 06:28:03
9/30/2024 18:28:02 [Information] Stepper Motor Controller Disable Z Axis controls while moving to location.
9/30/2024 18:28:02 [Information] Time remaining: 00:00:02 targetEndTime = 06:28:03
9/30/2024 18:28:02 [Information] Stepper Motor Controller Disable Z Axis controls while moving to location.
9/30/2024 18:28:02 [Information] Time remaining: 00:00:02 targetEndTime = 06:28:03
9/30/2024 18:28:02 [Information] Stepper Motor Controller Disable Z Axis controls while moving to location.
9/30/2024 18:28:02 [Information] Time remaining: 00:00:02 targetEndTime = 06:28:03
9/30/2024 18:28:02 [Information] Stepper Motor Controller Disable Z Axis controls while moving to location.
9/30/2024 18:28:02 [Information] Time remaining: 00:00:02 targetEndTime = 06:28:03
9/30/2024 18:28:02 [Information] Stepper Motor Controller Disable Z Axis controls while moving to location.
9/30/2024 18:28:02 [Information] Time remaining: 00:00:02 targetEndTime = 06:28:03
9/30/2024 18:28:02 [Information] Stepper Motor Controller Disable Z Axis controls while moving to location.
9/30/2024 18:28:02 [Information] Time remaining: 00:00:02 targetEndTime = 06:28:03
9/30/2024 18:28:02 [Information] Stepper Motor Controller Disable Z Axis controls while moving to location.
9/30/2024 18:28:02 [Information] Time remaining: 00:00:02 targetEndTime = 06:28:03
9/30/2024 18:28:02 [Information] Stepper Motor Controller Disable Z Axis controls while moving to location.
9/30/2024 18:28:02 [Information] Time remaining: 00:00:02 targetEndTime = 06:28:03
9/30/2024 18:28:02 [Information] Stepper Motor Controller Disable Z Axis controls while moving to location.
9/30/2024 18:28:02 [Information] Time remaining: 00:00:03 targetEndTime = 06:28:03
9/30/2024 18:28:02 [Information] Stepper Motor Controller Disable Z Axis controls while moving to location.
9/30/2024 18:28:02 [Information] Time remaining: 00:00:03 targetEndTime = 06:28:03
9/30/2024 18:28:02 [Information] Stepper Motor Controller Disable Z Axis controls while moving to location.
9/30/2024 18:28:02 [Information] Time remaining: 00:00:03 targetEndTime = 06:28:03
9/30/2024 18:28:02 [Information] Stepper Motor Controller Disable Z Axis controls while moving to location.
9/30/2024 18:28:02 [Information] Time remaining: 00:00:03 targetEndTime = 06:28:03
9/30/2024 18:28:02 [Information] Stepper Motor Controller Disable Z Axis controls while moving to location.
9/30/2024 18:28:02 [Information] Time remaining: 00:00:03 targetEndTime = 06:28:03
9/30/2024 18:28:02 [Information] Stepper Motor Controller Disable Z Axis controls while moving to location.
9/30/2024 18:28:02 [Information] Time remaining: 00:00:03 targetEndTime = 06:28:03
9/30/2024 18:28:02 [Information] Stepper Motor Controller Disable Z Axis controls while moving to location.
9/30/2024 18:28:02 [Information] Time remaining: 00:00:03 targetEndTime = 06:28:03
9/30/2024 18:28:02 [Information] Stepper Motor Controller Disable Z Axis controls while moving to location.
9/30/2024 18:28:02 [Information] Time remaining: 00:00:03 targetEndTime = 06:28:03
9/30/2024 18:28:02 [Information] Stepper Motor Controller Disable Z Axis controls while moving to location.
9/30/2024 18:28:02 [Information] Time remaining: 00:00:03 targetEndTime = 06:28:03
9/30/2024 18:28:02 [Information] Stepper Motor Controller Disable Z Axis controls while moving to location.
9/30/2024 18:28:02 [Information] Time remaining: 00:00:03 targetEndTime = 06:28:03
9/30/2024 18:28:02 [Information] Stepper Motor Controller Disable Z Axis controls while moving to location.
9/30/2024 18:28:02 [Information] Time remaining: 00:00:03 targetEndTime = 06:28:03
9/30/2024 18:28:02 [Information] Stepper Motor Controller Disable Z Axis controls while moving to location.
9/30/2024 18:28:02 [Information] Time remaining: 00:00:03 targetEndTime = 06:28:03
9/30/2024 18:28:02 [Information] Stepper Motor Controller Disable Z Axis controls while moving to location.
9/30/2024 18:28:02 [Information] Time remaining: 00:00:03 targetEndTime = 06:28:03
9/30/2024 18:28:02 [Information] Stepper Motor Controller Disable Z Axis controls while moving to location.
9/30/2024 18:28:02 [Information] Time remaining: 00:00:03 targetEndTime = 06:28:03
9/30/2024 18:28:02 [Information] Stepper Motor Controller Disable Z Axis controls while moving to location.
9/30/2024 18:28:02 [Information] Time remaining: 00:00:03 targetEndTime = 06:28:03
9/30/2024 18:28:02 [Information] Stepper Motor Controller Disable Z Axis controls while moving to location.
9/30/2024 18:28:02 [Information] Time remaining: 00:00:03 targetEndTime = 06:28:03
9/30/2024 18:28:02 [Information] Stepper Motor Controller Disable Z Axis controls while moving to location.
9/30/2024 18:28:02 [Information] Time remaining: 00:00:03 targetEndTime = 06:28:03
9/30/2024 18:28:02 [Information] Stepper Motor Controller Disable Z Axis controls while moving to location.
9/30/2024 18:28:02 [Information] Time remaining: 00:00:03 targetEndTime = 06:28:03
9/30/2024 18:28:02 [Information] Stepper Motor Controller Disable Z Axis controls while moving to location.
9/30/2024 18:28:02 [Information] Time remaining: 00:00:03 targetEndTime = 06:28:03
9/30/2024 18:28:02 [Information] Stepper Motor Controller Disable Z Axis controls while moving to location.
9/30/2024 18:28:02 [Information] Time remaining: 00:00:03 targetEndTime = 06:28:03
9/30/2024 18:28:03 [Information] Stepper Motor Controller Disable Z Axis controls while moving to location.
9/30/2024 18:28:03 [Information] Time remaining: 00:00:03 targetEndTime = 06:28:03
9/30/2024 18:28:03 [Information] Stepper Motor Controller Disable Z Axis controls while moving to location.
9/30/2024 18:28:03 [Information] Time remaining: 00:00:03 targetEndTime = 06:28:03
9/30/2024 18:28:03 [Information] Stepper Motor Controller Disable Z Axis controls while moving to location.
9/30/2024 18:28:03 [Information] Time remaining: 00:00:03 targetEndTime = 06:28:03
9/30/2024 18:28:03 [Information] Stepper Motor Controller Disable Z Axis controls while moving to location.
9/30/2024 18:28:03 [Information] Time remaining: 00:00:03 targetEndTime = 06:28:03
9/30/2024 18:28:03 [Information] Stepper Motor Controller Disable Z Axis controls while moving to location.
9/30/2024 18:28:03 [Information] Time remaining: 00:00:03 targetEndTime = 06:28:03
9/30/2024 18:28:03 [Information] Stepper Motor Controller Disable Z Axis controls while moving to location.
9/30/2024 18:28:03 [Information] Time remaining: 00:00:03 targetEndTime = 06:28:03
9/30/2024 18:28:03 [Information] Stepper Motor Controller Disable Z Axis controls while moving to location.
9/30/2024 18:28:03 [Information] Time remaining: 00:00:03 targetEndTime = 06:28:03
9/30/2024 18:28:03 [Information] Stepper Motor Controller Disable Z Axis controls while moving to location.
9/30/2024 18:28:03 [Information] Time remaining: 00:00:03 targetEndTime = 06:28:03
9/30/2024 18:28:03 [Information] Stepper Motor Controller Disable Z Axis controls while moving to location.
9/30/2024 18:28:03 [Information] Time remaining: 00:00:03 targetEndTime = 06:28:03
9/30/2024 18:28:03 [Information] Stepper Motor Controller Disable Z Axis controls while moving to location.
9/30/2024 18:28:03 [Information] Time remaining: 00:00:03 targetEndTime = 06:28:03
9/30/2024 18:28:03 [Information] Stepper Motor Controller Disable Z Axis controls while moving to location.
9/30/2024 18:28:03 [Information] Time remaining: 00:00:03 targetEndTime = 06:28:03
9/30/2024 18:28:03 [Information] Stepper Motor Controller Disable Z Axis controls while moving to location.
9/30/2024 18:28:03 [Information] Time remaining: 00:00:03 targetEndTime = 06:28:03
9/30/2024 18:28:03 [Information] Stepper Motor Controller Disable Z Axis controls while moving to location.
9/30/2024 18:28:03 [Information] Time remaining: 00:00:03 targetEndTime = 06:28:03
9/30/2024 18:28:03 [Information] Stepper Motor Controller Disable Z Axis controls while moving to location.
9/30/2024 18:28:03 [Information] Time remaining: 00:00:03 targetEndTime = 06:28:03
9/30/2024 18:28:03 [Information] Stepper Motor Controller Disable Z Axis controls while moving to location.
9/30/2024 18:28:03 [Information] Time remaining: 00:00:03 targetEndTime = 06:28:03
9/30/2024 18:28:03 [Information] Stepper Motor Controller Disable Z Axis controls while moving to location.
9/30/2024 18:28:03 [Information] Time remaining: 00:00:03 targetEndTime = 06:28:03
9/30/2024 18:28:03 [Information] Stepper Motor Controller Disable Z Axis controls while moving to location.
9/30/2024 18:28:03 [Information] Time remaining: 00:00:03 targetEndTime = 06:28:03
9/30/2024 18:28:03 [Information] Stepper Motor Controller Disable Z Axis controls while moving to location.
9/30/2024 18:28:03 [Information] Time remaining: 00:00:03 targetEndTime = 06:28:03
9/30/2024 18:28:03 [Information] Stepper Motor Controller Disable Z Axis controls while moving to location.
9/30/2024 18:28:03 [Information] Time remaining: 00:00:03 targetEndTime = 06:28:03
9/30/2024 18:28:03 [Information] Stepper Motor Controller Disable Z Axis controls while moving to location.
9/30/2024 18:28:03 [Information] Time remaining: 00:00:03 targetEndTime = 06:28:03
9/30/2024 18:28:03 [Information] Stepper Motor Controller Disable Z Axis controls while moving to location.
9/30/2024 18:28:03 [Information] Time remaining: 00:00:03 targetEndTime = 06:28:03
9/30/2024 18:28:03 [Information] Stepper Motor Controller Disable Z Axis controls while moving to location.
9/30/2024 18:28:03 [Information] Time remaining: 00:00:03 targetEndTime = 06:28:03
9/30/2024 18:28:03 [Information] Stepper Motor Controller Disable Z Axis controls while moving to location.
9/30/2024 18:28:03 [Information] Time remaining: 00:00:03 targetEndTime = 06:28:03
9/30/2024 18:28:03 [Information] Stepper Motor Controller Disable Z Axis controls while moving to location.
9/30/2024 18:28:03 [Information] Time remaining: 00:00:03 targetEndTime = 06:28:03
9/30/2024 18:28:03 [Information] Stepper Motor Controller Disable Z Axis controls while moving to location.
9/30/2024 18:28:03 [Information] Time remaining: 00:00:03 targetEndTime = 06:28:03
9/30/2024 18:28:03 [Information] Stepper Motor Controller Disable Z Axis controls while moving to location.
9/30/2024 18:28:03 [Information] Time remaining: 00:00:03 targetEndTime = 06:28:03
9/30/2024 18:28:03 [Information] Stepper Motor Controller Disable Z Axis controls while moving to location.
9/30/2024 18:28:03 [Information] Time remaining: 00:00:03 targetEndTime = 06:28:03
9/30/2024 18:28:03 [Information] Stepper Motor Controller Disable Z Axis controls while moving to location.
9/30/2024 18:28:03 [Information] Time remaining: 00:00:03 targetEndTime = 06:28:03
9/30/2024 18:28:03 [Information] Stepper Motor Controller Disable Z Axis controls while moving to location.
9/30/2024 18:28:03 [Information] Time remaining: 00:00:03 targetEndTime = 06:28:03
9/30/2024 18:28:03 [Information] Stepper Motor Controller Disable Z Axis controls while moving to location.
9/30/2024 18:28:03 [Information] Time remaining: 00:00:03 targetEndTime = 06:28:03
9/30/2024 18:28:03 [Information] Stepper Motor Controller Disable Z Axis controls while moving to location.
9/30/2024 18:28:03 [Information] Time remaining: 00:00:03 targetEndTime = 06:28:03
9/30/2024 18:28:03 [Information] Stepper Motor Controller Disable Z Axis controls while moving to location.
9/30/2024 18:28:03 [Information] Time remaining: 00:00:03 targetEndTime = 06:28:03
9/30/2024 18:28:03 [Information] Stepper Motor Controller Disable Z Axis controls while moving to location.
9/30/2024 18:28:03 [Information] Time remaining: 00:00:03 targetEndTime = 06:28:03
9/30/2024 18:28:03 [Information] Stepper Motor Controller Disable Z Axis controls while moving to location.
9/30/2024 18:28:03 [Information] Time remaining: 00:00:03 targetEndTime = 06:28:03
9/30/2024 18:28:03 [Information] Stepper Motor Controller Disable Z Axis controls while moving to location.
9/30/2024 18:28:03 [Information] Time remaining: 00:00:03 targetEndTime = 06:28:03
9/30/2024 18:28:03 [Information] Stepper Motor Controller Disable Z Axis controls while moving to location.
9/30/2024 18:28:03 [Information] Time remaining: 00:00:03 targetEndTime = 06:28:03
9/30/2024 18:28:03 [Information] Stepper Motor Controller Disable Z Axis controls while moving to location.
9/30/2024 18:28:03 [Information] Time remaining: 00:00:03 targetEndTime = 06:28:03
9/30/2024 18:28:03 [Information] Stepper Motor Controller Disable Z Axis controls while moving to location.
9/30/2024 18:28:03 [Information] Time remaining: 00:00:03 targetEndTime = 06:28:03
9/30/2024 18:28:03 [Information] Stepper Motor Controller Enable Z Axis controls after moving to location.
9/30/2024 18:28:03 [Information] Stepper Motor Controller Stopwatch Stopped.
9/30/2024 18:28:03 [Information] Stepper Motor Controller Timer Stopped.
9/30/2024 18:28:03 [Information] Stepper Motor Controller Stopwatch Reset.
9/30/2024 18:32:08 [Information] Z Axis mouse controlled Keypad returned: 4.00
9/30/2024 18:32:11 [Information] ZAxisRun_Click button clicked:
9/30/2024 18:32:11 [Information] Z Axis MotorMovementSeconds decimal: (4.00 / 4) / 2 = 0.50
9/30/2024 18:32:11 [Information] Z Axis myMovementTimer int: 1000 * 0.50 = 0
9/30/2024 18:32:12 [Information] Z Axis Run Event: Z,0.00,400.00,0,0.00,400.00,0,68.00,400.00,0
9/30/2024 18:32:12 [Information] Z Axis Current Time: 06:32:12 + 0 = targetEndTime: 06:32:12
9/30/2024 18:32:12 [Information] Z Axis Data Received: L
9/30/2024 18:32:12 [Information] Z Axis Data Received: i
9/30/2024 18:32:12 [Information] Z Axis Data Received: m
9/30/2024 18:32:12 [Information] Z Axis Data Received: i
9/30/2024 18:32:12 [Information] Z Axis Data Received: t
9/30/2024 18:32:12 [Information] Z Axis Data Received:  
9/30/2024 18:32:12 [Information] Z Axis Data Received: s
9/30/2024 18:32:12 [Information] Z Axis Data Received: w
9/30/2024 18:32:12 [Information] Z Axis Data Received: i
9/30/2024 18:32:12 [Information] Z Axis Data Received: t
9/30/2024 18:32:12 [Information] Z Axis Data Received: c
9/30/2024 18:32:12 [Information] Z Axis Data Received: h
9/30/2024 18:32:12 [Information] Z Axis Data Received:  
9/30/2024 18:32:12 [Information] Z Axis Data Received: n
9/30/2024 18:32:12 [Information] Z Axis Data Received: o
9/30/2024 18:32:12 [Information] Z Axis Data Received: t
9/30/2024 18:32:12 [Information] Stepper Motor Controller Enable Z Axis controls after moving to location.
9/30/2024 18:32:12 [Information] Stepper Motor Controller Stopwatch Stopped.
9/30/2024 18:32:12 [Information] Stepper Motor Controller Timer Stopped.
9/30/2024 18:32:12 [Information] Stepper Motor Controller Stopwatch Reset.
9/30/2024 18:32:12 [Information] Z Axis Data Received:  
9/30/2024 18:32:12 [Information] Z Axis Data Received: p
9/30/2024 18:32:12 [Information] Z Axis Data Received: r
9/30/2024 18:32:12 [Information] Z Axis Data Received: e
9/30/2024 18:32:12 [Information] Z Axis Data Received: s
9/30/2024 18:32:12 [Information] Z Axis Data Received: s
9/30/2024 18:32:12 [Information] Z Axis Data Received: e
9/30/2024 18:32:12 [Information] Z Axis Data Received: d
9/30/2024 18:32:12 [Information] Z Axis Data Received: .
9/30/2024 18:32:12 [Information] Z Axis Data Received:  
9/30/2024 18:32:12 [Information] Z Axis Data Received: M
9/30/2024 18:32:12 [Information] Z Axis Data Received: o
9/30/2024 18:32:12 [Information] Z Axis Data Received: v
9/30/2024 18:32:12 [Information] Z Axis Data Received: i
9/30/2024 18:32:12 [Information] Z Axis Data Received: n
9/30/2024 18:32:12 [Information] Z Axis Data Received: g
9/30/2024 18:32:12 [Information] Z Axis Data Received:  
9/30/2024 18:32:12 [Information] Z Axis Data Received: c
9/30/2024 18:32:12 [Information] Z Axis Data Received: o
9/30/2024 18:32:12 [Information] Z Axis Data Received: u
9/30/2024 18:32:12 [Information] Z Axis Data Received: n
9/30/2024 18:32:12 [Information] Z Axis Data Received: t
9/30/2024 18:32:12 [Information] Z Axis Data Received: e
9/30/2024 18:32:12 [Information] Z Axis Data Received: r
9/30/2024 18:32:12 [Information] Z Axis Data Received: -
9/30/2024 18:32:12 [Information] Z Axis Data Received: c
9/30/2024 18:32:12 [Information] Z Axis Data Received: l
9/30/2024 18:32:12 [Information] Z Axis Data Received: o
9/30/2024 18:32:12 [Information] Z Axis Data Received: c
9/30/2024 18:32:12 [Information] Z Axis Data Received: k
9/30/2024 18:32:12 [Information] Z Axis Data Received: w
9/30/2024 18:32:12 [Information] Z Axis Data Received: i
9/30/2024 18:32:12 [Information] Z Axis Data Received: s
9/30/2024 18:32:12 [Information] Z Axis Data Received: e
9/30/2024 18:32:12 [Information] Z Axis Data Received: .
9/30/2024 18:32:12 [Information] Z Axis Data Received: 
9/30/2024 18:32:12 [Information] Z Axis Data Received: 

9/30/2024 18:32:19 [Information] ZAxisRun_Click button clicked:
9/30/2024 18:32:19 [Information] Z Axis MotorMovementSeconds decimal: (4.00 / 4) / 2 = 0.50
9/30/2024 18:32:19 [Information] Z Axis myMovementTimer int: 1000 * 0.50 = 0
9/30/2024 18:32:20 [Information] Z Axis Run Event: Z,0.00,400.00,0,0.00,400.00,0,72.00,400.00,0
9/30/2024 18:32:20 [Information] Z Axis Current Time: 06:32:20 + 0 = targetEndTime: 06:32:20
9/30/2024 18:32:20 [Information] Z Axis Data Received: L
9/30/2024 18:32:20 [Information] Z Axis Data Received: i
9/30/2024 18:32:20 [Information] Z Axis Data Received: mit switch not pressed.
9/30/2024 18:32:20 [Information] Z Axis Data Received:  Moving
9/30/2024 18:32:20 [Information] Z Axis Data Received:  counter-c
9/30/2024 18:32:20 [Information] Stepper Motor Controller Enable Z Axis controls after moving to location.
9/30/2024 18:32:20 [Information] Stepper Motor Controller Stopwatch Stopped.
9/30/2024 18:32:20 [Information] Stepper Motor Controller Timer Stopped.
9/30/2024 18:32:20 [Information] Stepper Motor Controller Stopwatch Reset.
9/30/2024 18:32:21 [Information] Z Axis Data Received: lockwise.
9/30/2024 18:32:22 [Information] Z Axis Data Received: 

9/30/2024 18:32:55 [Information] Updated X,Y Zero.IsChecked status to 0 and Z Zero.IsChecked status to 1.
9/30/2024 18:32:57 [Information] ZAxisRun_Click button clicked:
9/30/2024 18:32:57 [Information] Z Axis Run Event to reset Axis to zero: Z,0.00,400.00,0,0.00,400.00,0,0.00,400.00,1
9/30/2024 18:32:57 [Information] Setting Z Axis Current Location Set to Zero on DRO
9/30/2024 18:32:58 [Information] Updated X,Y,Z Zero.IsChecked status to 0.
9/30/2024 18:32:58 [Information] Z Axis Current Location Set to Zero
9/30/2024 18:34:58 [Information] Z Axis Data Received: ?
9/30/2024 18:35:56 [Information] Updated X,Y Zero.IsChecked status to 0 and Z Zero.IsChecked status to 1.
9/30/2024 18:35:58 [Information] ZAxisRun_Click button clicked:
9/30/2024 18:35:58 [Information] Z Axis Run Event to reset Axis to zero: Z,0.00,400.00,0,0.00,400.00,0,0.00,400.00,1
9/30/2024 18:35:58 [Information] Setting Z Axis Current Location Set to Zero on DRO
9/30/2024 18:35:59 [Information] Updated X,Y,Z Zero.IsChecked status to 0.
9/30/2024 18:35:59 [Information] Z Axis Current Location Set to Zero
9/30/2024 18:35:59 [Information] Z Axis Data Received: ?
9/30/2024 18:36:07 [Information] Z Axis mouse controlled Keypad returned: 8.00
9/30/2024 18:36:09 [Information] ZAxisRun_Click button clicked:
9/30/2024 18:36:09 [Information] Z Axis MotorMovementSeconds decimal: (8.00 / 4) / 2 = 1.00
9/30/2024 18:36:09 [Information] Z Axis myMovementTimer int: 1000 * 1.00 = 1000
9/30/2024 18:36:10 [Information] Z Axis Run Event: Z,0.00,400.00,0,0.00,400.00,0,8.00,400.00,0
9/30/2024 18:36:10 [Information] Z Axis Current Time: 06:36:10 + 1000 = targetEndTime: 06:36:11
9/30/2024 18:36:10 [Information] Z Axis Data Received: L
9/30/2024 18:36:10 [Information] Z Axis Data Received: i
9/30/2024 18:36:10 [Information] Z Axis Data Received: m
9/30/2024 18:36:10 [Information] Z Axis Data Received: i
9/30/2024 18:36:10 [Information] Z Axis Data Received: t
9/30/2024 18:36:10 [Information] Z Axis Data Received:  swi
9/30/2024 18:36:10 [Information] Z Axis Data Received: tch
9/30/2024 18:36:10 [Information] Z Axis Data Received:  not
9/30/2024 18:36:10 [Information] Stepper Motor Controller Disable Z Axis controls while moving to location.
9/30/2024 18:36:10 [Information] Time remaining: 00:00:00 targetEndTime = 06:36:11
9/30/2024 18:36:10 [Information] Z Axis Data Received:  pre
9/30/2024 18:36:10 [Information] Z Axis Data Received: ssed.
9/30/2024 18:36:10 [Information] Z Axis Data Received:  Moving counter-clockwise.

9/30/2024 18:36:10 [Information] Stepper Motor Controller Disable Z Axis controls while moving to location.
9/30/2024 18:36:10 [Information] Time remaining: 00:00:00 targetEndTime = 06:36:11
9/30/2024 18:36:10 [Information] Stepper Motor Controller Disable Z Axis controls while moving to location.
9/30/2024 18:36:10 [Information] Time remaining: 00:00:00 targetEndTime = 06:36:11
9/30/2024 18:36:10 [Information] Stepper Motor Controller Disable Z Axis controls while moving to location.
9/30/2024 18:36:10 [Information] Time remaining: 00:00:00 targetEndTime = 06:36:11
9/30/2024 18:36:10 [Information] Stepper Motor Controller Disable Z Axis controls while moving to location.
9/30/2024 18:36:10 [Information] Time remaining: 00:00:00 targetEndTime = 06:36:11
9/30/2024 18:36:10 [Information] Stepper Motor Controller Disable Z Axis controls while moving to location.
9/30/2024 18:36:10 [Information] Time remaining: 00:00:00 targetEndTime = 06:36:11
9/30/2024 18:36:10 [Information] Stepper Motor Controller Disable Z Axis controls while moving to location.
9/30/2024 18:36:10 [Information] Time remaining: 00:00:00 targetEndTime = 06:36:11
9/30/2024 18:36:10 [Information] Stepper Motor Controller Disable Z Axis controls while moving to location.
9/30/2024 18:36:10 [Information] Time remaining: 00:00:00 targetEndTime = 06:36:11
9/30/2024 18:36:10 [Information] Stepper Motor Controller Disable Z Axis controls while moving to location.
9/30/2024 18:36:10 [Information] Time remaining: 00:00:00 targetEndTime = 06:36:11
9/30/2024 18:36:10 [Information] Stepper Motor Controller Disable Z Axis controls while moving to location.
9/30/2024 18:36:10 [Information] Time remaining: 00:00:00 targetEndTime = 06:36:11
9/30/2024 18:36:10 [Information] Stepper Motor Controller Disable Z Axis controls while moving to location.
9/30/2024 18:36:10 [Information] Time remaining: 00:00:00 targetEndTime = 06:36:11
9/30/2024 18:36:10 [Information] Stepper Motor Controller Disable Z Axis controls while moving to location.
9/30/2024 18:36:10 [Information] Time remaining: 00:00:00 targetEndTime = 06:36:11
9/30/2024 18:36:10 [Information] Stepper Motor Controller Disable Z Axis controls while moving to location.
9/30/2024 18:36:10 [Information] Time remaining: 00:00:00 targetEndTime = 06:36:11
9/30/2024 18:36:10 [Information] Stepper Motor Controller Disable Z Axis controls while moving to location.
9/30/2024 18:36:10 [Information] Time remaining: 00:00:00 targetEndTime = 06:36:11
9/30/2024 18:36:10 [Information] Stepper Motor Controller Disable Z Axis controls while moving to location.
9/30/2024 18:36:10 [Information] Time remaining: 00:00:00 targetEndTime = 06:36:11
9/30/2024 18:36:10 [Information] Stepper Motor Controller Disable Z Axis controls while moving to location.
9/30/2024 18:36:10 [Information] Time remaining: 00:00:00 targetEndTime = 06:36:11
9/30/2024 18:36:10 [Information] Stepper Motor Controller Disable Z Axis controls while moving to location.
9/30/2024 18:36:10 [Information] Time remaining: 00:00:00 targetEndTime = 06:36:11
9/30/2024 18:36:10 [Information] Stepper Motor Controller Disable Z Axis controls while moving to location.
9/30/2024 18:36:10 [Information] Time remaining: 00:00:00 targetEndTime = 06:36:11
9/30/2024 18:36:10 [Information] Stepper Motor Controller Disable Z Axis controls while moving to location.
9/30/2024 18:36:10 [Information] Time remaining: 00:00:00 targetEndTime = 06:36:11
9/30/2024 18:36:10 [Information] Stepper Motor Controller Disable Z Axis controls while moving to location.
9/30/2024 18:36:10 [Information] Time remaining: 00:00:00 targetEndTime = 06:36:11
9/30/2024 18:36:10 [Information] Stepper Motor Controller Disable Z Axis controls while moving to location.
9/30/2024 18:36:10 [Information] Time remaining: 00:00:00 targetEndTime = 06:36:11
9/30/2024 18:36:10 [Information] Stepper Motor Controller Disable Z Axis controls while moving to location.
9/30/2024 18:36:10 [Information] Time remaining: 00:00:00 targetEndTime = 06:36:11
9/30/2024 18:36:10 [Information] Stepper Motor Controller Disable Z Axis controls while moving to location.
9/30/2024 18:36:10 [Information] Time remaining: 00:00:00 targetEndTime = 06:36:11
9/30/2024 18:36:10 [Information] Stepper Motor Controller Disable Z Axis controls while moving to location.
9/30/2024 18:36:10 [Information] Time remaining: 00:00:00 targetEndTime = 06:36:11
9/30/2024 18:36:10 [Information] Stepper Motor Controller Disable Z Axis controls while moving to location.
9/30/2024 18:36:10 [Information] Time remaining: 00:00:00 targetEndTime = 06:36:11
9/30/2024 18:36:10 [Information] Stepper Motor Controller Disable Z Axis controls while moving to location.
9/30/2024 18:36:10 [Information] Time remaining: 00:00:00 targetEndTime = 06:36:11
9/30/2024 18:36:10 [Information] Stepper Motor Controller Disable Z Axis controls while moving to location.
9/30/2024 18:36:10 [Information] Time remaining: 00:00:00 targetEndTime = 06:36:11
9/30/2024 18:36:10 [Information] Stepper Motor Controller Disable Z Axis controls while moving to location.
9/30/2024 18:36:10 [Information] Time remaining: 00:00:00 targetEndTime = 06:36:11
9/30/2024 18:36:10 [Information] Stepper Motor Controller Disable Z Axis controls while moving to location.
9/30/2024 18:36:10 [Information] Time remaining: 00:00:00 targetEndTime = 06:36:11
9/30/2024 18:36:10 [Information] Stepper Motor Controller Disable Z Axis controls while moving to location.
9/30/2024 18:36:10 [Information] Time remaining: 00:00:00 targetEndTime = 06:36:11
9/30/2024 18:36:10 [Information] Stepper Motor Controller Disable Z Axis controls while moving to location.
9/30/2024 18:36:10 [Information] Time remaining: 00:00:00 targetEndTime = 06:36:11
9/30/2024 18:36:10 [Information] Stepper Motor Controller Disable Z Axis controls while moving to location.
9/30/2024 18:36:10 [Information] Time remaining: 00:00:00 targetEndTime = 06:36:11
9/30/2024 18:36:10 [Information] Stepper Motor Controller Disable Z Axis controls while moving to location.
9/30/2024 18:36:10 [Information] Time remaining: 00:00:00 targetEndTime = 06:36:11
9/30/2024 18:36:10 [Information] Stepper Motor Controller Disable Z Axis controls while moving to location.
9/30/2024 18:36:10 [Information] Time remaining: 00:00:00 targetEndTime = 06:36:11
9/30/2024 18:36:10 [Information] Stepper Motor Controller Disable Z Axis controls while moving to location.
9/30/2024 18:36:10 [Information] Time remaining: 00:00:00 targetEndTime = 06:36:11
9/30/2024 18:36:10 [Information] Stepper Motor Controller Disable Z Axis controls while moving to location.
9/30/2024 18:36:10 [Information] Time remaining: 00:00:00 targetEndTime = 06:36:11
9/30/2024 18:36:10 [Information] Stepper Motor Controller Disable Z Axis controls while moving to location.
9/30/2024 18:36:10 [Information] Time remaining: 00:00:00 targetEndTime = 06:36:11
9/30/2024 18:36:10 [Information] Stepper Motor Controller Disable Z Axis controls while moving to location.
9/30/2024 18:36:10 [Information] Time remaining: 00:00:00 targetEndTime = 06:36:11
9/30/2024 18:36:10 [Information] Stepper Motor Controller Disable Z Axis controls while moving to location.
9/30/2024 18:36:10 [Information] Time remaining: 00:00:00 targetEndTime = 06:36:11
9/30/2024 18:36:10 [Information] Stepper Motor Controller Disable Z Axis controls while moving to location.
9/30/2024 18:36:10 [Information] Time remaining: 00:00:00 targetEndTime = 06:36:11
9/30/2024 18:36:11 [Information] Stepper Motor Controller Disable Z Axis controls while moving to location.
9/30/2024 18:36:11 [Information] Time remaining: 00:00:00 targetEndTime = 06:36:11
9/30/2024 18:36:11 [Information] Stepper Motor Controller Disable Z Axis controls while moving to location.
9/30/2024 18:36:11 [Information] Time remaining: 00:00:00 targetEndTime = 06:36:11
9/30/2024 18:36:11 [Information] Stepper Motor Controller Disable Z Axis controls while moving to location.
9/30/2024 18:36:11 [Information] Time remaining: 00:00:00 targetEndTime = 06:36:11
9/30/2024 18:36:11 [Information] Stepper Motor Controller Disable Z Axis controls while moving to location.
9/30/2024 18:36:11 [Information] Time remaining: 00:00:00 targetEndTime = 06:36:11
9/30/2024 18:36:11 [Information] Stepper Motor Controller Disable Z Axis controls while moving to location.
9/30/2024 18:36:11 [Information] Time remaining: 00:00:00 targetEndTime = 06:36:11
9/30/2024 18:36:11 [Information] Stepper Motor Controller Disable Z Axis controls while moving to location.
9/30/2024 18:36:11 [Information] Time remaining: 00:00:00 targetEndTime = 06:36:11
9/30/2024 18:36:11 [Information] Stepper Motor Controller Disable Z Axis controls while moving to location.
9/30/2024 18:36:11 [Information] Time remaining: 00:00:00 targetEndTime = 06:36:11
9/30/2024 18:36:11 [Information] Stepper Motor Controller Disable Z Axis controls while moving to location.
9/30/2024 18:36:11 [Information] Time remaining: 00:00:00 targetEndTime = 06:36:11
9/30/2024 18:36:11 [Information] Stepper Motor Controller Disable Z Axis controls while moving to location.
9/30/2024 18:36:11 [Information] Time remaining: 00:00:00 targetEndTime = 06:36:11
9/30/2024 18:36:11 [Information] Stepper Motor Controller Disable Z Axis controls while moving to location.
9/30/2024 18:36:11 [Information] Time remaining: 00:00:00 targetEndTime = 06:36:11
9/30/2024 18:36:11 [Information] Stepper Motor Controller Enable Z Axis controls after moving to location.
9/30/2024 18:36:11 [Information] Stepper Motor Controller Stopwatch Stopped.
9/30/2024 18:36:11 [Information] Stepper Motor Controller Timer Stopped.
9/30/2024 18:36:11 [Information] Stepper Motor Controller Stopwatch Reset.
9/30/2024 18:38:40 [Information] Stepper Motor Controller Serial Ports closed.
9/30/2024 18:38:40 [Information] Stepper Motor Controller MainWindow Closing.
9/30/2024 18:38:40 [Information] Properties Settings Saved.
9/30/2024 18:38:40 [Information] Properties Settings Form Closed.
