8/29/2024 11:10:30 [Information] X Stepper Motor Controller Application Started.
8/29/2024 11:10:30 [Information] Version: 3.0.9007.20113 (8/29/2024 11:10:30)
8/29/2024 11:10:30 [Information] X Axis SerialPort COM7 not connected.
8/29/2024 11:10:30 [Information] Y Axis SerialPort COM8 not connected.
8/29/2024 11:10:30 [Information] Version: 3.1.0.20114 (8/29/2024 11:10:30)
8/29/2024 11:10:30 [Information] Version: 3.1.0.20114 (8/29/2024 11:10:30)
8/29/2024 11:10:30 [Information] Stepper Motor Controller Application Settings Window Opened.
8/29/2024 11:10:30 [Information] Stepper Motor Controller Application Settings form is rebuilt each and every time it is opened.
8/29/2024 11:10:30 [Information] int: 9600 BaudRate added to the Settings Form.
8/29/2024 11:10:30 [Information] bool: False ckbXaxisResetToZeroIsChecked added to the Settings Form.
8/29/2024 11:10:30 [Information] bool: False ckbYaxisResetToZeroIsChecked added to the Settings Form.
8/29/2024 11:10:30 [Information] bool: False ckbZaxisResetToZeroIsChecked added to the Settings Form.
8/29/2024 11:10:30 [Information] COM1: ComPort added to the Settings Form.
8/29/2024 11:10:30 [Information] COM2: ComPort added to the Settings Form.
8/29/2024 11:10:30 [Information] COM3: ComPort added to the Settings Form.
8/29/2024 11:10:30 [Information] COM4: ComPort added to the Settings Form.
8/29/2024 11:10:30 [Information] COM5: ComPort added to the Settings Form.
8/29/2024 11:10:30 [Information] COM6: ComPort added to the Settings Form.
8/29/2024 11:10:30 [Information] COM7: ComPort added to the Settings Form.
8/29/2024 11:10:30 [Information] COM8: ComPort added to the Settings Form.
8/29/2024 11:10:30 [Information] COM9: ComPort added to the Settings Form.
8/29/2024 11:10:30 [Information] COM10: ComPort added to the Settings Form.
8/29/2024 11:10:30 [Information] decimal: 4.00 Divider4_00 added to the Settings Form.
8/29/2024 11:10:30 [Information] decimal: 0.00 MathPart2Initlz added to the Settings Form.
8/29/2024 11:10:30 [Information] decimal: 1.00 MilisecondTimerInterval added to the Settings Form.
8/29/2024 11:10:30 [Information] decimal: 1000.00 MillisecondDelay added to the Settings Form.
8/29/2024 11:10:30 [Information] int: 1000 Milliseconds added to the Settings Form.
8/29/2024 11:10:30 [Information] int: 4 mmPerRevolution added to the Settings Form.
8/29/2024 11:10:30 [Information] int: 2000 ThreadSleep added to the Settings Form.
8/29/2024 11:10:30 [Information] decimal: 0.00 Value_0_00 added to the Settings Form.
8/29/2024 11:10:30 [Information] decimal: 50.00 XaxisAcceleration added to the Settings Form.
8/29/2024 11:10:30 [Information] bool: False XaxisChanged added to the Settings Form.
8/29/2024 11:10:30 [Information] decimal: 400.00 XaxisMotorSpeed added to the Settings Form.
8/29/2024 11:10:30 [Information] decimal: 0.00 XaxisStepperCurrent added to the Settings Form.
8/29/2024 11:10:30 [Information] decimal: 0.00 XaxisStepperMove added to the Settings Form.
8/29/2024 11:10:30 [Information] XCOM1: XComPort added to the Settings Form.
8/29/2024 11:10:30 [Information] XCOM2: XComPort added to the Settings Form.
8/29/2024 11:10:30 [Information] XCOM3: XComPort added to the Settings Form.
8/29/2024 11:10:30 [Information] XCOM4: XComPort added to the Settings Form.
8/29/2024 11:10:30 [Information] XCOM5: XComPort added to the Settings Form.
8/29/2024 11:10:30 [Information] XCOM6: XComPort added to the Settings Form.
8/29/2024 11:10:30 [Information] XCOM7: XComPort added to the Settings Form.
8/29/2024 11:10:30 [Information] XCOM8: XComPort added to the Settings Form.
8/29/2024 11:10:30 [Information] XCOM9: XComPort added to the Settings Form.
8/29/2024 11:10:30 [Information] XCOM10: XComPort added to the Settings Form.
8/29/2024 11:10:30 [Information] decimal: 50.00 YaxisAcceleration added to the Settings Form.
8/29/2024 11:10:30 [Information] bool: False YaxisChanged added to the Settings Form.
8/29/2024 11:10:30 [Information] decimal: 400.00 YaxisMotorSpeed added to the Settings Form.
8/29/2024 11:10:30 [Information] decimal: 0.00 YaxisStepperCurrent added to the Settings Form.
8/29/2024 11:10:30 [Information] decimal: 0.00 YaxisStepperMove added to the Settings Form.
8/29/2024 11:10:30 [Information] YCOM1: YComPort added to the Settings Form.
8/29/2024 11:10:30 [Information] YCOM2: YComPort added to the Settings Form.
8/29/2024 11:10:30 [Information] YCOM3: YComPort added to the Settings Form.
8/29/2024 11:10:30 [Information] YCOM4: YComPort added to the Settings Form.
8/29/2024 11:10:30 [Information] YCOM5: YComPort added to the Settings Form.
8/29/2024 11:10:30 [Information] YCOM6: YComPort added to the Settings Form.
8/29/2024 11:10:30 [Information] YCOM7: YComPort added to the Settings Form.
8/29/2024 11:10:30 [Information] YCOM8: YComPort added to the Settings Form.
8/29/2024 11:10:30 [Information] YCOM9: YComPort added to the Settings Form.
8/29/2024 11:10:30 [Information] YCOM10: YComPort added to the Settings Form.
8/29/2024 11:10:30 [Information] decimal: 50.00 ZaxisAcceleration added to the Settings Form.
8/29/2024 11:10:30 [Information] bool: False ZaxisChanged added to the Settings Form.
8/29/2024 11:10:30 [Information] decimal: 400.00 ZaxisMotorSpeed added to the Settings Form.
8/29/2024 11:10:30 [Information] decimal: 0.00 ZaxisStepperCurrent added to the Settings Form.
8/29/2024 11:10:30 [Information] decimal: 0.00 ZaxisStepperMove added to the Settings Form.
8/29/2024 11:10:30 [Information] ZCOM1: ZComPort added to the Settings Form.
8/29/2024 11:10:30 [Information] ZCOM2: ZComPort added to the Settings Form.
8/29/2024 11:10:30 [Information] ZCOM3: ZComPort added to the Settings Form.
8/29/2024 11:10:30 [Information] ZCOM4: ZComPort added to the Settings Form.
8/29/2024 11:10:30 [Information] ZCOM5: ZComPort added to the Settings Form.
8/29/2024 11:10:30 [Information] ZCOM6: ZComPort added to the Settings Form.
8/29/2024 11:10:30 [Information] ZCOM7: ZComPort added to the Settings Form.
8/29/2024 11:10:30 [Information] ZCOM8: ZComPort added to the Settings Form.
8/29/2024 11:10:30 [Information] ZCOM9: ZComPort added to the Settings Form.
8/29/2024 11:10:30 [Information] ZCOM10: ZComPort added to the Settings Form.
8/29/2024 11:10:30 [Information] int: 0 zeroXaxis added to the Settings Form.
8/29/2024 11:10:30 [Information] int: 0 zeroYaxis added to the Settings Form.
8/29/2024 11:10:30 [Information] int: 0 zeroZaxis added to the Settings Form.
8/29/2024 11:10:30 [Information] Stepper Motor Controller MainWindow loaded
8/29/2024 11:10:30 [Information] Set MainWindow Media Brushes to White.
8/29/2024 11:10:36 [Information] Z Axis mouse controlled Keypad returned: 1.00
8/29/2024 11:10:38 [Information] ZAxisRun_Click button clicked:
8/29/2024 11:10:38 [Information] Z Axis MotorMovementSeconds decimal: (1.00 / 4) / 2 = 0.125
8/29/2024 11:10:38 [Information] Z Axis myMovementTimer int: 1000 * 0.125 = 0
8/29/2024 11:10:39 [Information] Z Axis Run Event: Z,0.00,400.00,0,0.00,400.00,0,1.00,400.00,0
8/29/2024 11:10:39 [Information] Z Axis Current Time: 11:10:39 + 0 = targetEndTime: 11:10:39
8/29/2024 11:10:39 [Information] Stepper Motor Controller Enable Z Axis controls after moving to location.
8/29/2024 11:10:39 [Information] Stepper Motor Controller Stopwatch Stopped.
8/29/2024 11:10:39 [Information] Stepper Motor Controller Timer Stopped.
8/29/2024 11:10:39 [Information] Stepper Motor Controller Stopwatch Reset.
