8/27/2024 15:24:07 [Information] X Stepper Motor Controller Application Started.
8/27/2024 15:24:07 [Information] Version: 3.0.9005.24914 (8/27/2024 15:24:07)
8/27/2024 15:24:07 [Information] X Axis SerialPort COM7 not connected.
8/27/2024 15:24:07 [Information] Y Axis SerialPort COM8 not connected.
8/27/2024 15:24:07 [Information] Version: 3.1.0.24915 (8/27/2024 15:24:07)
8/27/2024 15:24:07 [Information] Version: 3.1.0.24915 (8/27/2024 15:24:07)
8/27/2024 15:24:07 [Information] Stepper Motor Controller Application Settings Window Opened.
8/27/2024 15:24:07 [Information] Stepper Motor Controller Application Settings form is rebuilt each and every time it is opened.
8/27/2024 15:24:07 [Information] int: 9600 BaudRate added to the Settings Form.
8/27/2024 15:24:07 [Information] bool: False ckbXaxisResetToZeroIsChecked added to the Settings Form.
8/27/2024 15:24:07 [Information] bool: False ckbYaxisResetToZeroIsChecked added to the Settings Form.
8/27/2024 15:24:07 [Information] bool: False ckbZaxisResetToZeroIsChecked added to the Settings Form.
8/27/2024 15:24:07 [Information] COM1: ComPort added to the Settings Form.
8/27/2024 15:24:07 [Information] COM2: ComPort added to the Settings Form.
8/27/2024 15:24:07 [Information] COM3: ComPort added to the Settings Form.
8/27/2024 15:24:07 [Information] COM4: ComPort added to the Settings Form.
8/27/2024 15:24:07 [Information] COM5: ComPort added to the Settings Form.
8/27/2024 15:24:07 [Information] COM6: ComPort added to the Settings Form.
8/27/2024 15:24:07 [Information] COM7: ComPort added to the Settings Form.
8/27/2024 15:24:07 [Information] COM8: ComPort added to the Settings Form.
8/27/2024 15:24:07 [Information] COM9: ComPort added to the Settings Form.
8/27/2024 15:24:07 [Information] COM10: ComPort added to the Settings Form.
8/27/2024 15:24:07 [Information] decimal: 4.00 Divider4_00 added to the Settings Form.
8/27/2024 15:24:07 [Information] decimal: 0.00 MathPart2Initlz added to the Settings Form.
8/27/2024 15:24:07 [Information] decimal: 1.00 MilisecondTimerInterval added to the Settings Form.
8/27/2024 15:24:07 [Information] decimal: 1000.00 MillisecondDelay added to the Settings Form.
8/27/2024 15:24:07 [Information] int: 1000 Milliseconds added to the Settings Form.
8/27/2024 15:24:07 [Information] int: 4 mmPerRevolution added to the Settings Form.
8/27/2024 15:24:07 [Information] int: 2000 ThreadSleep added to the Settings Form.
8/27/2024 15:24:07 [Information] decimal: 0.00 Value_0_00 added to the Settings Form.
8/27/2024 15:24:07 [Information] bool: False XaxisChanged added to the Settings Form.
8/27/2024 15:24:07 [Information] decimal: 400.00 XaxisMotorSpeed added to the Settings Form.
8/27/2024 15:24:07 [Information] decimal: 0.00 XaxisStepperCurrent added to the Settings Form.
8/27/2024 15:24:07 [Information] decimal: 0.00 XaxisStepperMove added to the Settings Form.
8/27/2024 15:24:07 [Information] XCOM1: XComPort added to the Settings Form.
8/27/2024 15:24:07 [Information] XCOM2: XComPort added to the Settings Form.
8/27/2024 15:24:07 [Information] XCOM3: XComPort added to the Settings Form.
8/27/2024 15:24:07 [Information] XCOM4: XComPort added to the Settings Form.
8/27/2024 15:24:07 [Information] XCOM5: XComPort added to the Settings Form.
8/27/2024 15:24:07 [Information] XCOM6: XComPort added to the Settings Form.
8/27/2024 15:24:07 [Information] XCOM7: XComPort added to the Settings Form.
8/27/2024 15:24:07 [Information] XCOM8: XComPort added to the Settings Form.
8/27/2024 15:24:07 [Information] XCOM9: XComPort added to the Settings Form.
8/27/2024 15:24:07 [Information] XCOM10: XComPort added to the Settings Form.
8/27/2024 15:24:07 [Information] bool: False YaxisChanged added to the Settings Form.
8/27/2024 15:24:07 [Information] decimal: 400.00 YaxisMotorSpeed added to the Settings Form.
8/27/2024 15:24:07 [Information] decimal: 0.00 YaxisStepperCurrent added to the Settings Form.
8/27/2024 15:24:07 [Information] decimal: 0.00 YaxisStepperMove added to the Settings Form.
8/27/2024 15:24:07 [Information] YCOM1: YComPort added to the Settings Form.
8/27/2024 15:24:07 [Information] YCOM2: YComPort added to the Settings Form.
8/27/2024 15:24:07 [Information] YCOM3: YComPort added to the Settings Form.
8/27/2024 15:24:07 [Information] YCOM4: YComPort added to the Settings Form.
8/27/2024 15:24:07 [Information] YCOM5: YComPort added to the Settings Form.
8/27/2024 15:24:07 [Information] YCOM6: YComPort added to the Settings Form.
8/27/2024 15:24:07 [Information] YCOM7: YComPort added to the Settings Form.
8/27/2024 15:24:07 [Information] YCOM8: YComPort added to the Settings Form.
8/27/2024 15:24:07 [Information] YCOM9: YComPort added to the Settings Form.
8/27/2024 15:24:07 [Information] YCOM10: YComPort added to the Settings Form.
8/27/2024 15:24:07 [Information] bool: False ZaxisChanged added to the Settings Form.
8/27/2024 15:24:07 [Information] decimal: 400.00 ZaxisMotorSpeed added to the Settings Form.
8/27/2024 15:24:07 [Information] decimal: 192.00 ZaxisStepperCurrent added to the Settings Form.
8/27/2024 15:24:07 [Information] decimal: 0.00 ZaxisStepperMove added to the Settings Form.
8/27/2024 15:24:07 [Information] ZCOM1: ZComPort added to the Settings Form.
8/27/2024 15:24:07 [Information] ZCOM2: ZComPort added to the Settings Form.
8/27/2024 15:24:07 [Information] ZCOM3: ZComPort added to the Settings Form.
8/27/2024 15:24:07 [Information] ZCOM4: ZComPort added to the Settings Form.
8/27/2024 15:24:07 [Information] ZCOM5: ZComPort added to the Settings Form.
8/27/2024 15:24:07 [Information] ZCOM6: ZComPort added to the Settings Form.
8/27/2024 15:24:07 [Information] ZCOM7: ZComPort added to the Settings Form.
8/27/2024 15:24:07 [Information] ZCOM8: ZComPort added to the Settings Form.
8/27/2024 15:24:07 [Information] ZCOM9: ZComPort added to the Settings Form.
8/27/2024 15:24:07 [Information] ZCOM10: ZComPort added to the Settings Form.
8/27/2024 15:24:07 [Information] int: 0 zeroXaxis added to the Settings Form.
8/27/2024 15:24:07 [Information] int: 0 zeroYaxis added to the Settings Form.
8/27/2024 15:24:07 [Information] int: 0 zeroZaxis added to the Settings Form.
8/27/2024 15:24:07 [Information] Stepper Motor Controller MainWindow loaded
8/27/2024 15:24:07 [Information] Set MainWindow Media Brushes to White.
8/27/2024 15:24:26 [Information] Z Axis mouse controlled Keypad returned: 32.00
8/27/2024 15:24:28 [Information] ZAxisRun_Click button clicked:
8/27/2024 15:24:28 [Information] Z Axis MotorMovementSeconds decimal: (32.00 / 4) / 2 = 4.00
8/27/2024 15:24:28 [Information] Z Axis myMovementTimer int: 1000 * 4.00 = 4000
8/27/2024 15:24:29 [Information] Z Axis Run Event: Z,0.00,400.00,0,0.00,400.00,0,224.00,400.00,0
8/27/2024 15:24:29 [Information] Z Axis Current Time: 03:24:29 + 4000 = targetEndTime: 03:24:33
8/27/2024 15:24:29 [Information] Stepper Motor Controller Disable Z Axis controls while moving to location.
8/27/2024 15:24:29 [Information] Time remaining: 00:00:00 targetEndTime = 03:24:33
8/27/2024 15:24:29 [Information] Stepper Motor Controller Disable Z Axis controls while moving to location.
8/27/2024 15:24:29 [Information] Time remaining: 00:00:00 targetEndTime = 03:24:33
8/27/2024 15:24:29 [Information] Stepper Motor Controller Disable Z Axis controls while moving to location.
8/27/2024 15:24:29 [Information] Time remaining: 00:00:00 targetEndTime = 03:24:33
8/27/2024 15:24:29 [Information] Stepper Motor Controller Disable Z Axis controls while moving to location.
8/27/2024 15:24:29 [Information] Time remaining: 00:00:00 targetEndTime = 03:24:33
8/27/2024 15:24:29 [Information] Stepper Motor Controller Disable Z Axis controls while moving to location.
8/27/2024 15:24:29 [Information] Time remaining: 00:00:00 targetEndTime = 03:24:33
8/27/2024 15:24:29 [Information] Stepper Motor Controller Disable Z Axis controls while moving to location.
8/27/2024 15:24:29 [Information] Time remaining: 00:00:00 targetEndTime = 03:24:33
8/27/2024 15:24:29 [Information] Stepper Motor Controller Disable Z Axis controls while moving to location.
8/27/2024 15:24:29 [Information] Time remaining: 00:00:00 targetEndTime = 03:24:33
8/27/2024 15:24:29 [Information] Stepper Motor Controller Disable Z Axis controls while moving to location.
8/27/2024 15:24:29 [Information] Time remaining: 00:00:00 targetEndTime = 03:24:33
8/27/2024 15:24:30 [Information] Stepper Motor Controller Disable Z Axis controls while moving to location.
8/27/2024 15:24:30 [Information] Time remaining: 00:00:00 targetEndTime = 03:24:33
8/27/2024 15:24:30 [Information] Stepper Motor Controller Disable Z Axis controls while moving to location.
8/27/2024 15:24:30 [Information] Time remaining: 00:00:00 targetEndTime = 03:24:33
8/27/2024 15:24:30 [Information] Stepper Motor Controller Disable Z Axis controls while moving to location.
8/27/2024 15:24:30 [Information] Time remaining: 00:00:00 targetEndTime = 03:24:33
8/27/2024 15:24:30 [Information] Stepper Motor Controller Disable Z Axis controls while moving to location.
8/27/2024 15:24:30 [Information] Time remaining: 00:00:00 targetEndTime = 03:24:33
8/27/2024 15:24:30 [Information] Stepper Motor Controller Disable Z Axis controls while moving to location.
8/27/2024 15:24:30 [Information] Time remaining: 00:00:00 targetEndTime = 03:24:33
8/27/2024 15:24:30 [Information] Stepper Motor Controller Disable Z Axis controls while moving to location.
8/27/2024 15:24:30 [Information] Time remaining: 00:00:00 targetEndTime = 03:24:33
8/27/2024 15:24:30 [Information] Stepper Motor Controller Disable Z Axis controls while moving to location.
8/27/2024 15:24:30 [Information] Time remaining: 00:00:00 targetEndTime = 03:24:33
8/27/2024 15:24:30 [Information] Stepper Motor Controller Disable Z Axis controls while moving to location.
8/27/2024 15:24:30 [Information] Time remaining: 00:00:00 targetEndTime = 03:24:33
8/27/2024 15:24:30 [Information] Stepper Motor Controller Disable Z Axis controls while moving to location.
8/27/2024 15:24:30 [Information] Time remaining: 00:00:00 targetEndTime = 03:24:33
8/27/2024 15:24:30 [Information] Stepper Motor Controller Disable Z Axis controls while moving to location.
8/27/2024 15:24:30 [Information] Time remaining: 00:00:00 targetEndTime = 03:24:33
8/27/2024 15:24:30 [Information] Stepper Motor Controller Disable Z Axis controls while moving to location.
8/27/2024 15:24:30 [Information] Time remaining: 00:00:00 targetEndTime = 03:24:33
8/27/2024 15:24:30 [Information] Stepper Motor Controller Disable Z Axis controls while moving to location.
8/27/2024 15:24:30 [Information] Time remaining: 00:00:00 targetEndTime = 03:24:33
8/27/2024 15:24:30 [Information] Stepper Motor Controller Disable Z Axis controls while moving to location.
8/27/2024 15:24:30 [Information] Time remaining: 00:00:00 targetEndTime = 03:24:33
8/27/2024 15:24:30 [Information] Stepper Motor Controller Disable Z Axis controls while moving to location.
8/27/2024 15:24:30 [Information] Time remaining: 00:00:00 targetEndTime = 03:24:33
8/27/2024 15:24:30 [Information] Stepper Motor Controller Disable Z Axis controls while moving to location.
8/27/2024 15:24:30 [Information] Time remaining: 00:00:00 targetEndTime = 03:24:33
8/27/2024 15:24:30 [Information] Stepper Motor Controller Disable Z Axis controls while moving to location.
8/27/2024 15:24:30 [Information] Time remaining: 00:00:00 targetEndTime = 03:24:33
8/27/2024 15:24:30 [Information] Stepper Motor Controller Disable Z Axis controls while moving to location.
8/27/2024 15:24:30 [Information] Time remaining: 00:00:00 targetEndTime = 03:24:33
8/27/2024 15:24:30 [Information] Stepper Motor Controller Disable Z Axis controls while moving to location.
8/27/2024 15:24:30 [Information] Time remaining: 00:00:00 targetEndTime = 03:24:33
8/27/2024 15:24:30 [Information] Stepper Motor Controller Disable Z Axis controls while moving to location.
8/27/2024 15:24:30 [Information] Time remaining: 00:00:00 targetEndTime = 03:24:33
8/27/2024 15:24:30 [Information] Stepper Motor Controller Disable Z Axis controls while moving to location.
8/27/2024 15:24:30 [Information] Time remaining: 00:00:00 targetEndTime = 03:24:33
8/27/2024 15:24:30 [Information] Stepper Motor Controller Disable Z Axis controls while moving to location.
8/27/2024 15:24:30 [Information] Time remaining: 00:00:00 targetEndTime = 03:24:33
8/27/2024 15:24:30 [Information] Stepper Motor Controller Disable Z Axis controls while moving to location.
8/27/2024 15:24:30 [Information] Time remaining: 00:00:00 targetEndTime = 03:24:33
8/27/2024 15:24:30 [Information] Stepper Motor Controller Disable Z Axis controls while moving to location.
8/27/2024 15:24:30 [Information] Time remaining: 00:00:00 targetEndTime = 03:24:33
8/27/2024 15:24:30 [Information] Stepper Motor Controller Disable Z Axis controls while moving to location.
8/27/2024 15:24:30 [Information] Time remaining: 00:00:00 targetEndTime = 03:24:33
8/27/2024 15:24:30 [Information] Stepper Motor Controller Disable Z Axis controls while moving to location.
8/27/2024 15:24:30 [Information] Time remaining: 00:00:00 targetEndTime = 03:24:33
8/27/2024 15:24:30 [Information] Stepper Motor Controller Disable Z Axis controls while moving to location.
8/27/2024 15:24:30 [Information] Time remaining: 00:00:00 targetEndTime = 03:24:33
8/27/2024 15:24:30 [Information] Stepper Motor Controller Disable Z Axis controls while moving to location.
8/27/2024 15:24:30 [Information] Time remaining: 00:00:00 targetEndTime = 03:24:33
8/27/2024 15:24:30 [Information] Stepper Motor Controller Disable Z Axis controls while moving to location.
8/27/2024 15:24:30 [Information] Time remaining: 00:00:00 targetEndTime = 03:24:33
8/27/2024 15:24:30 [Information] Stepper Motor Controller Disable Z Axis controls while moving to location.
8/27/2024 15:24:30 [Information] Time remaining: 00:00:00 targetEndTime = 03:24:33
8/27/2024 15:24:30 [Information] Stepper Motor Controller Disable Z Axis controls while moving to location.
8/27/2024 15:24:30 [Information] Time remaining: 00:00:00 targetEndTime = 03:24:33
8/27/2024 15:24:30 [Information] Stepper Motor Controller Disable Z Axis controls while moving to location.
8/27/2024 15:24:30 [Information] Time remaining: 00:00:00 targetEndTime = 03:24:33
8/27/2024 15:24:30 [Information] Stepper Motor Controller Disable Z Axis controls while moving to location.
8/27/2024 15:24:30 [Information] Time remaining: 00:00:00 targetEndTime = 03:24:33
8/27/2024 15:24:30 [Information] Stepper Motor Controller Disable Z Axis controls while moving to location.
8/27/2024 15:24:30 [Information] Time remaining: 00:00:00 targetEndTime = 03:24:33
8/27/2024 15:24:30 [Information] Stepper Motor Controller Disable Z Axis controls while moving to location.
8/27/2024 15:24:30 [Information] Time remaining: 00:00:00 targetEndTime = 03:24:33
8/27/2024 15:24:30 [Information] Stepper Motor Controller Disable Z Axis controls while moving to location.
8/27/2024 15:24:30 [Information] Time remaining: 00:00:00 targetEndTime = 03:24:33
8/27/2024 15:24:30 [Information] Stepper Motor Controller Disable Z Axis controls while moving to location.
8/27/2024 15:24:30 [Information] Time remaining: 00:00:00 targetEndTime = 03:24:33
8/27/2024 15:24:30 [Information] Stepper Motor Controller Disable Z Axis controls while moving to location.
8/27/2024 15:24:30 [Information] Time remaining: 00:00:00 targetEndTime = 03:24:33
8/27/2024 15:24:30 [Information] Stepper Motor Controller Disable Z Axis controls while moving to location.
8/27/2024 15:24:30 [Information] Time remaining: 00:00:00 targetEndTime = 03:24:33
8/27/2024 15:24:30 [Information] Stepper Motor Controller Disable Z Axis controls while moving to location.
8/27/2024 15:24:30 [Information] Time remaining: 00:00:00 targetEndTime = 03:24:33
8/27/2024 15:24:30 [Information] Stepper Motor Controller Disable Z Axis controls while moving to location.
8/27/2024 15:24:30 [Information] Time remaining: 00:00:00 targetEndTime = 03:24:33
8/27/2024 15:24:30 [Information] Stepper Motor Controller Disable Z Axis controls while moving to location.
8/27/2024 15:24:30 [Information] Time remaining: 00:00:00 targetEndTime = 03:24:33
8/27/2024 15:24:30 [Information] Stepper Motor Controller Disable Z Axis controls while moving to location.
8/27/2024 15:24:30 [Information] Time remaining: 00:00:00 targetEndTime = 03:24:33
8/27/2024 15:24:30 [Information] Stepper Motor Controller Disable Z Axis controls while moving to location.
8/27/2024 15:24:30 [Information] Time remaining: 00:00:00 targetEndTime = 03:24:33
8/27/2024 15:24:30 [Information] Stepper Motor Controller Disable Z Axis controls while moving to location.
8/27/2024 15:24:30 [Information] Time remaining: 00:00:00 targetEndTime = 03:24:33
8/27/2024 15:24:30 [Information] Stepper Motor Controller Disable Z Axis controls while moving to location.
8/27/2024 15:24:30 [Information] Time remaining: 00:00:00 targetEndTime = 03:24:33
8/27/2024 15:24:30 [Information] Stepper Motor Controller Disable Z Axis controls while moving to location.
8/27/2024 15:24:30 [Information] Time remaining: 00:00:00 targetEndTime = 03:24:33
8/27/2024 15:24:30 [Information] Stepper Motor Controller Disable Z Axis controls while moving to location.
8/27/2024 15:24:30 [Information] Time remaining: 00:00:00 targetEndTime = 03:24:33
8/27/2024 15:24:30 [Information] Stepper Motor Controller Disable Z Axis controls while moving to location.
8/27/2024 15:24:30 [Information] Time remaining: 00:00:00 targetEndTime = 03:24:33
8/27/2024 15:24:30 [Information] Stepper Motor Controller Disable Z Axis controls while moving to location.
8/27/2024 15:24:30 [Information] Time remaining: 00:00:00 targetEndTime = 03:24:33
8/27/2024 15:24:30 [Information] Stepper Motor Controller Disable Z Axis controls while moving to location.
8/27/2024 15:24:30 [Information] Time remaining: 00:00:01 targetEndTime = 03:24:33
8/27/2024 15:24:30 [Information] Stepper Motor Controller Disable Z Axis controls while moving to location.
8/27/2024 15:24:30 [Information] Time remaining: 00:00:01 targetEndTime = 03:24:33
8/27/2024 15:24:30 [Information] Stepper Motor Controller Disable Z Axis controls while moving to location.
8/27/2024 15:24:30 [Information] Time remaining: 00:00:01 targetEndTime = 03:24:33
8/27/2024 15:24:30 [Information] Stepper Motor Controller Disable Z Axis controls while moving to location.
8/27/2024 15:24:30 [Information] Time remaining: 00:00:01 targetEndTime = 03:24:33
8/27/2024 15:24:30 [Information] Stepper Motor Controller Disable Z Axis controls while moving to location.
8/27/2024 15:24:30 [Information] Time remaining: 00:00:01 targetEndTime = 03:24:33
8/27/2024 15:24:30 [Information] Stepper Motor Controller Disable Z Axis controls while moving to location.
8/27/2024 15:24:30 [Information] Time remaining: 00:00:01 targetEndTime = 03:24:33
8/27/2024 15:24:30 [Information] Stepper Motor Controller Disable Z Axis controls while moving to location.
8/27/2024 15:24:30 [Information] Time remaining: 00:00:01 targetEndTime = 03:24:33
8/27/2024 15:24:30 [Information] Stepper Motor Controller Disable Z Axis controls while moving to location.
8/27/2024 15:24:30 [Information] Time remaining: 00:00:01 targetEndTime = 03:24:33
8/27/2024 15:24:30 [Information] Stepper Motor Controller Disable Z Axis controls while moving to location.
8/27/2024 15:24:30 [Information] Time remaining: 00:00:01 targetEndTime = 03:24:33
8/27/2024 15:24:30 [Information] Stepper Motor Controller Disable Z Axis controls while moving to location.
8/27/2024 15:24:30 [Information] Time remaining: 00:00:01 targetEndTime = 03:24:33
8/27/2024 15:24:31 [Information] Stepper Motor Controller Disable Z Axis controls while moving to location.
8/27/2024 15:24:31 [Information] Time remaining: 00:00:01 targetEndTime = 03:24:33
8/27/2024 15:24:31 [Information] Stepper Motor Controller Disable Z Axis controls while moving to location.
8/27/2024 15:24:31 [Information] Time remaining: 00:00:01 targetEndTime = 03:24:33
8/27/2024 15:24:31 [Information] Stepper Motor Controller Disable Z Axis controls while moving to location.
8/27/2024 15:24:31 [Information] Time remaining: 00:00:01 targetEndTime = 03:24:33
8/27/2024 15:24:31 [Information] Stepper Motor Controller Disable Z Axis controls while moving to location.
8/27/2024 15:24:31 [Information] Time remaining: 00:00:01 targetEndTime = 03:24:33
8/27/2024 15:24:31 [Information] Stepper Motor Controller Disable Z Axis controls while moving to location.
8/27/2024 15:24:31 [Information] Time remaining: 00:00:01 targetEndTime = 03:24:33
8/27/2024 15:24:31 [Information] Stepper Motor Controller Disable Z Axis controls while moving to location.
8/27/2024 15:24:31 [Information] Time remaining: 00:00:01 targetEndTime = 03:24:33
8/27/2024 15:24:31 [Information] Stepper Motor Controller Disable Z Axis controls while moving to location.
8/27/2024 15:24:31 [Information] Time remaining: 00:00:01 targetEndTime = 03:24:33
8/27/2024 15:24:31 [Information] Stepper Motor Controller Disable Z Axis controls while moving to location.
8/27/2024 15:24:31 [Information] Time remaining: 00:00:01 targetEndTime = 03:24:33
8/27/2024 15:24:31 [Information] Stepper Motor Controller Disable Z Axis controls while moving to location.
8/27/2024 15:24:31 [Information] Time remaining: 00:00:01 targetEndTime = 03:24:33
8/27/2024 15:24:31 [Information] Stepper Motor Controller Disable Z Axis controls while moving to location.
8/27/2024 15:24:31 [Information] Time remaining: 00:00:01 targetEndTime = 03:24:33
8/27/2024 15:24:31 [Information] Stepper Motor Controller Disable Z Axis controls while moving to location.
8/27/2024 15:24:31 [Information] Time remaining: 00:00:01 targetEndTime = 03:24:33
8/27/2024 15:24:31 [Information] Stepper Motor Controller Disable Z Axis controls while moving to location.
8/27/2024 15:24:31 [Information] Time remaining: 00:00:01 targetEndTime = 03:24:33
8/27/2024 15:24:31 [Information] Stepper Motor Controller Disable Z Axis controls while moving to location.
8/27/2024 15:24:31 [Information] Time remaining: 00:00:01 targetEndTime = 03:24:33
8/27/2024 15:24:31 [Information] Stepper Motor Controller Disable Z Axis controls while moving to location.
8/27/2024 15:24:31 [Information] Time remaining: 00:00:01 targetEndTime = 03:24:33
8/27/2024 15:24:31 [Information] Stepper Motor Controller Disable Z Axis controls while moving to location.
8/27/2024 15:24:31 [Information] Time remaining: 00:00:01 targetEndTime = 03:24:33
8/27/2024 15:24:31 [Information] Stepper Motor Controller Disable Z Axis controls while moving to location.
8/27/2024 15:24:31 [Information] Time remaining: 00:00:01 targetEndTime = 03:24:33
8/27/2024 15:24:31 [Information] Stepper Motor Controller Disable Z Axis controls while moving to location.
8/27/2024 15:24:31 [Information] Time remaining: 00:00:01 targetEndTime = 03:24:33
8/27/2024 15:24:31 [Information] Stepper Motor Controller Disable Z Axis controls while moving to location.
8/27/2024 15:24:31 [Information] Time remaining: 00:00:01 targetEndTime = 03:24:33
8/27/2024 15:24:31 [Information] Stepper Motor Controller Disable Z Axis controls while moving to location.
8/27/2024 15:24:31 [Information] Time remaining: 00:00:01 targetEndTime = 03:24:33
8/27/2024 15:24:31 [Information] Stepper Motor Controller Disable Z Axis controls while moving to location.
8/27/2024 15:24:31 [Information] Time remaining: 00:00:01 targetEndTime = 03:24:33
8/27/2024 15:24:31 [Information] Stepper Motor Controller Disable Z Axis controls while moving to location.
8/27/2024 15:24:31 [Information] Time remaining: 00:00:01 targetEndTime = 03:24:33
8/27/2024 15:24:31 [Information] Stepper Motor Controller Disable Z Axis controls while moving to location.
8/27/2024 15:24:31 [Information] Time remaining: 00:00:01 targetEndTime = 03:24:33
8/27/2024 15:24:31 [Information] Stepper Motor Controller Disable Z Axis controls while moving to location.
8/27/2024 15:24:31 [Information] Time remaining: 00:00:01 targetEndTime = 03:24:33
8/27/2024 15:24:31 [Information] Stepper Motor Controller Disable Z Axis controls while moving to location.
8/27/2024 15:24:31 [Information] Time remaining: 00:00:01 targetEndTime = 03:24:33
8/27/2024 15:24:31 [Information] Stepper Motor Controller Disable Z Axis controls while moving to location.
8/27/2024 15:24:31 [Information] Time remaining: 00:00:01 targetEndTime = 03:24:33
8/27/2024 15:24:31 [Information] Stepper Motor Controller Disable Z Axis controls while moving to location.
8/27/2024 15:24:31 [Information] Time remaining: 00:00:01 targetEndTime = 03:24:33
8/27/2024 15:24:31 [Information] Stepper Motor Controller Disable Z Axis controls while moving to location.
8/27/2024 15:24:31 [Information] Time remaining: 00:00:01 targetEndTime = 03:24:33
8/27/2024 15:24:31 [Information] Stepper Motor Controller Disable Z Axis controls while moving to location.
8/27/2024 15:24:31 [Information] Time remaining: 00:00:01 targetEndTime = 03:24:33
8/27/2024 15:24:31 [Information] Stepper Motor Controller Disable Z Axis controls while moving to location.
8/27/2024 15:24:31 [Information] Time remaining: 00:00:01 targetEndTime = 03:24:33
8/27/2024 15:24:31 [Information] Stepper Motor Controller Disable Z Axis controls while moving to location.
8/27/2024 15:24:31 [Information] Time remaining: 00:00:01 targetEndTime = 03:24:33
8/27/2024 15:24:31 [Information] Stepper Motor Controller Disable Z Axis controls while moving to location.
8/27/2024 15:24:31 [Information] Time remaining: 00:00:01 targetEndTime = 03:24:33
8/27/2024 15:24:31 [Information] Stepper Motor Controller Disable Z Axis controls while moving to location.
8/27/2024 15:24:31 [Information] Time remaining: 00:00:01 targetEndTime = 03:24:33
8/27/2024 15:24:31 [Information] Stepper Motor Controller Disable Z Axis controls while moving to location.
8/27/2024 15:24:31 [Information] Time remaining: 00:00:01 targetEndTime = 03:24:33
8/27/2024 15:24:31 [Information] Stepper Motor Controller Disable Z Axis controls while moving to location.
8/27/2024 15:24:31 [Information] Time remaining: 00:00:01 targetEndTime = 03:24:33
8/27/2024 15:24:31 [Information] Stepper Motor Controller Disable Z Axis controls while moving to location.
8/27/2024 15:24:31 [Information] Time remaining: 00:00:01 targetEndTime = 03:24:33
8/27/2024 15:24:31 [Information] Stepper Motor Controller Disable Z Axis controls while moving to location.
8/27/2024 15:24:31 [Information] Time remaining: 00:00:01 targetEndTime = 03:24:33
8/27/2024 15:24:31 [Information] Stepper Motor Controller Disable Z Axis controls while moving to location.
8/27/2024 15:24:31 [Information] Time remaining: 00:00:01 targetEndTime = 03:24:33
8/27/2024 15:24:31 [Information] Stepper Motor Controller Disable Z Axis controls while moving to location.
8/27/2024 15:24:31 [Information] Time remaining: 00:00:01 targetEndTime = 03:24:33
8/27/2024 15:24:31 [Information] Stepper Motor Controller Disable Z Axis controls while moving to location.
8/27/2024 15:24:31 [Information] Time remaining: 00:00:01 targetEndTime = 03:24:33
8/27/2024 15:24:31 [Information] Stepper Motor Controller Disable Z Axis controls while moving to location.
8/27/2024 15:24:31 [Information] Time remaining: 00:00:01 targetEndTime = 03:24:33
8/27/2024 15:24:31 [Information] Stepper Motor Controller Disable Z Axis controls while moving to location.
8/27/2024 15:24:31 [Information] Time remaining: 00:00:01 targetEndTime = 03:24:33
8/27/2024 15:24:31 [Information] Stepper Motor Controller Disable Z Axis controls while moving to location.
8/27/2024 15:24:31 [Information] Time remaining: 00:00:01 targetEndTime = 03:24:33
8/27/2024 15:24:31 [Information] Stepper Motor Controller Disable Z Axis controls while moving to location.
8/27/2024 15:24:31 [Information] Time remaining: 00:00:01 targetEndTime = 03:24:33
8/27/2024 15:24:31 [Information] Stepper Motor Controller Disable Z Axis controls while moving to location.
8/27/2024 15:24:31 [Information] Time remaining: 00:00:01 targetEndTime = 03:24:33
8/27/2024 15:24:31 [Information] Stepper Motor Controller Disable Z Axis controls while moving to location.
8/27/2024 15:24:31 [Information] Time remaining: 00:00:01 targetEndTime = 03:24:33
8/27/2024 15:24:31 [Information] Stepper Motor Controller Disable Z Axis controls while moving to location.
8/27/2024 15:24:31 [Information] Time remaining: 00:00:01 targetEndTime = 03:24:33
8/27/2024 15:24:31 [Information] Stepper Motor Controller Disable Z Axis controls while moving to location.
8/27/2024 15:24:31 [Information] Time remaining: 00:00:01 targetEndTime = 03:24:33
8/27/2024 15:24:31 [Information] Stepper Motor Controller Disable Z Axis controls while moving to location.
8/27/2024 15:24:31 [Information] Time remaining: 00:00:01 targetEndTime = 03:24:33
8/27/2024 15:24:31 [Information] Stepper Motor Controller Disable Z Axis controls while moving to location.
8/27/2024 15:24:31 [Information] Time remaining: 00:00:01 targetEndTime = 03:24:33
8/27/2024 15:24:31 [Information] Stepper Motor Controller Disable Z Axis controls while moving to location.
8/27/2024 15:24:31 [Information] Time remaining: 00:00:01 targetEndTime = 03:24:33
8/27/2024 15:24:31 [Information] Stepper Motor Controller Disable Z Axis controls while moving to location.
8/27/2024 15:24:31 [Information] Time remaining: 00:00:01 targetEndTime = 03:24:33
8/27/2024 15:24:31 [Information] Stepper Motor Controller Disable Z Axis controls while moving to location.
8/27/2024 15:24:31 [Information] Time remaining: 00:00:02 targetEndTime = 03:24:33
8/27/2024 15:24:31 [Information] Stepper Motor Controller Disable Z Axis controls while moving to location.
8/27/2024 15:24:31 [Information] Time remaining: 00:00:02 targetEndTime = 03:24:33
8/27/2024 15:24:31 [Information] Stepper Motor Controller Disable Z Axis controls while moving to location.
8/27/2024 15:24:31 [Information] Time remaining: 00:00:02 targetEndTime = 03:24:33
8/27/2024 15:24:31 [Information] Stepper Motor Controller Disable Z Axis controls while moving to location.
8/27/2024 15:24:31 [Information] Time remaining: 00:00:02 targetEndTime = 03:24:33
8/27/2024 15:24:31 [Information] Stepper Motor Controller Disable Z Axis controls while moving to location.
8/27/2024 15:24:31 [Information] Time remaining: 00:00:02 targetEndTime = 03:24:33
8/27/2024 15:24:31 [Information] Stepper Motor Controller Disable Z Axis controls while moving to location.
8/27/2024 15:24:31 [Information] Time remaining: 00:00:02 targetEndTime = 03:24:33
8/27/2024 15:24:31 [Information] Stepper Motor Controller Disable Z Axis controls while moving to location.
8/27/2024 15:24:31 [Information] Time remaining: 00:00:02 targetEndTime = 03:24:33
8/27/2024 15:24:31 [Information] Stepper Motor Controller Disable Z Axis controls while moving to location.
8/27/2024 15:24:31 [Information] Time remaining: 00:00:02 targetEndTime = 03:24:33
8/27/2024 15:24:31 [Information] Stepper Motor Controller Disable Z Axis controls while moving to location.
8/27/2024 15:24:31 [Information] Time remaining: 00:00:02 targetEndTime = 03:24:33
8/27/2024 15:24:31 [Information] Stepper Motor Controller Disable Z Axis controls while moving to location.
8/27/2024 15:24:31 [Information] Time remaining: 00:00:02 targetEndTime = 03:24:33
8/27/2024 15:24:31 [Information] Stepper Motor Controller Disable Z Axis controls while moving to location.
8/27/2024 15:24:31 [Information] Time remaining: 00:00:02 targetEndTime = 03:24:33
8/27/2024 15:24:31 [Information] Stepper Motor Controller Disable Z Axis controls while moving to location.
8/27/2024 15:24:31 [Information] Time remaining: 00:00:02 targetEndTime = 03:24:33
8/27/2024 15:24:32 [Information] Stepper Motor Controller Disable Z Axis controls while moving to location.
8/27/2024 15:24:32 [Information] Time remaining: 00:00:02 targetEndTime = 03:24:33
8/27/2024 15:24:32 [Information] Stepper Motor Controller Disable Z Axis controls while moving to location.
8/27/2024 15:24:32 [Information] Time remaining: 00:00:02 targetEndTime = 03:24:33
8/27/2024 15:24:32 [Information] Stepper Motor Controller Disable Z Axis controls while moving to location.
8/27/2024 15:24:32 [Information] Time remaining: 00:00:02 targetEndTime = 03:24:33
8/27/2024 15:24:32 [Information] Stepper Motor Controller Disable Z Axis controls while moving to location.
8/27/2024 15:24:32 [Information] Time remaining: 00:00:02 targetEndTime = 03:24:33
8/27/2024 15:24:32 [Information] Stepper Motor Controller Disable Z Axis controls while moving to location.
8/27/2024 15:24:32 [Information] Time remaining: 00:00:02 targetEndTime = 03:24:33
8/27/2024 15:24:32 [Information] Stepper Motor Controller Disable Z Axis controls while moving to location.
8/27/2024 15:24:32 [Information] Time remaining: 00:00:02 targetEndTime = 03:24:33
8/27/2024 15:24:32 [Information] Stepper Motor Controller Disable Z Axis controls while moving to location.
8/27/2024 15:24:32 [Information] Time remaining: 00:00:02 targetEndTime = 03:24:33
8/27/2024 15:24:32 [Information] Stepper Motor Controller Disable Z Axis controls while moving to location.
8/27/2024 15:24:32 [Information] Time remaining: 00:00:02 targetEndTime = 03:24:33
8/27/2024 15:24:32 [Information] Stepper Motor Controller Disable Z Axis controls while moving to location.
8/27/2024 15:24:32 [Information] Time remaining: 00:00:02 targetEndTime = 03:24:33
8/27/2024 15:24:32 [Information] Stepper Motor Controller Disable Z Axis controls while moving to location.
8/27/2024 15:24:32 [Information] Time remaining: 00:00:02 targetEndTime = 03:24:33
8/27/2024 15:24:32 [Information] Stepper Motor Controller Disable Z Axis controls while moving to location.
8/27/2024 15:24:32 [Information] Time remaining: 00:00:02 targetEndTime = 03:24:33
8/27/2024 15:24:32 [Information] Stepper Motor Controller Disable Z Axis controls while moving to location.
8/27/2024 15:24:32 [Information] Time remaining: 00:00:02 targetEndTime = 03:24:33
8/27/2024 15:24:32 [Information] Stepper Motor Controller Disable Z Axis controls while moving to location.
8/27/2024 15:24:32 [Information] Time remaining: 00:00:02 targetEndTime = 03:24:33
8/27/2024 15:24:32 [Information] Stepper Motor Controller Disable Z Axis controls while moving to location.
8/27/2024 15:24:32 [Information] Time remaining: 00:00:02 targetEndTime = 03:24:33
8/27/2024 15:24:32 [Information] Stepper Motor Controller Disable Z Axis controls while moving to location.
8/27/2024 15:24:32 [Information] Time remaining: 00:00:02 targetEndTime = 03:24:33
8/27/2024 15:24:32 [Information] Stepper Motor Controller Disable Z Axis controls while moving to location.
8/27/2024 15:24:32 [Information] Time remaining: 00:00:02 targetEndTime = 03:24:33
8/27/2024 15:24:32 [Information] Stepper Motor Controller Disable Z Axis controls while moving to location.
8/27/2024 15:24:32 [Information] Time remaining: 00:00:02 targetEndTime = 03:24:33
8/27/2024 15:24:32 [Information] Stepper Motor Controller Disable Z Axis controls while moving to location.
8/27/2024 15:24:32 [Information] Time remaining: 00:00:02 targetEndTime = 03:24:33
8/27/2024 15:24:32 [Information] Stepper Motor Controller Disable Z Axis controls while moving to location.
8/27/2024 15:24:32 [Information] Time remaining: 00:00:02 targetEndTime = 03:24:33
8/27/2024 15:24:32 [Information] Stepper Motor Controller Disable Z Axis controls while moving to location.
8/27/2024 15:24:32 [Information] Time remaining: 00:00:02 targetEndTime = 03:24:33
8/27/2024 15:24:32 [Information] Stepper Motor Controller Disable Z Axis controls while moving to location.
8/27/2024 15:24:32 [Information] Time remaining: 00:00:02 targetEndTime = 03:24:33
8/27/2024 15:24:32 [Information] Stepper Motor Controller Disable Z Axis controls while moving to location.
8/27/2024 15:24:32 [Information] Time remaining: 00:00:02 targetEndTime = 03:24:33
8/27/2024 15:24:32 [Information] Stepper Motor Controller Disable Z Axis controls while moving to location.
8/27/2024 15:24:32 [Information] Time remaining: 00:00:02 targetEndTime = 03:24:33
8/27/2024 15:24:32 [Information] Stepper Motor Controller Disable Z Axis controls while moving to location.
8/27/2024 15:24:32 [Information] Time remaining: 00:00:02 targetEndTime = 03:24:33
8/27/2024 15:24:32 [Information] Stepper Motor Controller Disable Z Axis controls while moving to location.
8/27/2024 15:24:32 [Information] Time remaining: 00:00:02 targetEndTime = 03:24:33
8/27/2024 15:24:32 [Information] Stepper Motor Controller Disable Z Axis controls while moving to location.
8/27/2024 15:24:32 [Information] Time remaining: 00:00:02 targetEndTime = 03:24:33
8/27/2024 15:24:32 [Information] Stepper Motor Controller Disable Z Axis controls while moving to location.
8/27/2024 15:24:32 [Information] Time remaining: 00:00:02 targetEndTime = 03:24:33
8/27/2024 15:24:32 [Information] Stepper Motor Controller Disable Z Axis controls while moving to location.
8/27/2024 15:24:32 [Information] Time remaining: 00:00:02 targetEndTime = 03:24:33
8/27/2024 15:24:32 [Information] Stepper Motor Controller Disable Z Axis controls while moving to location.
8/27/2024 15:24:32 [Information] Time remaining: 00:00:02 targetEndTime = 03:24:33
8/27/2024 15:24:32 [Information] Stepper Motor Controller Disable Z Axis controls while moving to location.
8/27/2024 15:24:32 [Information] Time remaining: 00:00:02 targetEndTime = 03:24:33
8/27/2024 15:24:32 [Information] Stepper Motor Controller Disable Z Axis controls while moving to location.
8/27/2024 15:24:32 [Information] Time remaining: 00:00:02 targetEndTime = 03:24:33
8/27/2024 15:24:32 [Information] Stepper Motor Controller Disable Z Axis controls while moving to location.
8/27/2024 15:24:32 [Information] Time remaining: 00:00:02 targetEndTime = 03:24:33
8/27/2024 15:24:32 [Information] Stepper Motor Controller Disable Z Axis controls while moving to location.
8/27/2024 15:24:32 [Information] Time remaining: 00:00:02 targetEndTime = 03:24:33
8/27/2024 15:24:32 [Information] Stepper Motor Controller Disable Z Axis controls while moving to location.
8/27/2024 15:24:32 [Information] Time remaining: 00:00:02 targetEndTime = 03:24:33
8/27/2024 15:24:32 [Information] Stepper Motor Controller Disable Z Axis controls while moving to location.
8/27/2024 15:24:32 [Information] Time remaining: 00:00:02 targetEndTime = 03:24:33
8/27/2024 15:24:32 [Information] Stepper Motor Controller Disable Z Axis controls while moving to location.
8/27/2024 15:24:32 [Information] Time remaining: 00:00:02 targetEndTime = 03:24:33
8/27/2024 15:24:32 [Information] Stepper Motor Controller Disable Z Axis controls while moving to location.
8/27/2024 15:24:32 [Information] Time remaining: 00:00:02 targetEndTime = 03:24:33
8/27/2024 15:24:32 [Information] Stepper Motor Controller Disable Z Axis controls while moving to location.
8/27/2024 15:24:32 [Information] Time remaining: 00:00:02 targetEndTime = 03:24:33
8/27/2024 15:24:32 [Information] Stepper Motor Controller Disable Z Axis controls while moving to location.
8/27/2024 15:24:32 [Information] Time remaining: 00:00:02 targetEndTime = 03:24:33
8/27/2024 15:24:32 [Information] Stepper Motor Controller Disable Z Axis controls while moving to location.
8/27/2024 15:24:32 [Information] Time remaining: 00:00:02 targetEndTime = 03:24:33
8/27/2024 15:24:32 [Information] Stepper Motor Controller Disable Z Axis controls while moving to location.
8/27/2024 15:24:32 [Information] Time remaining: 00:00:02 targetEndTime = 03:24:33
8/27/2024 15:24:32 [Information] Stepper Motor Controller Disable Z Axis controls while moving to location.
8/27/2024 15:24:32 [Information] Time remaining: 00:00:02 targetEndTime = 03:24:33
8/27/2024 15:24:32 [Information] Stepper Motor Controller Disable Z Axis controls while moving to location.
8/27/2024 15:24:32 [Information] Time remaining: 00:00:02 targetEndTime = 03:24:33
8/27/2024 15:24:32 [Information] Stepper Motor Controller Disable Z Axis controls while moving to location.
8/27/2024 15:24:32 [Information] Time remaining: 00:00:02 targetEndTime = 03:24:33
8/27/2024 15:24:32 [Information] Stepper Motor Controller Disable Z Axis controls while moving to location.
8/27/2024 15:24:32 [Information] Time remaining: 00:00:02 targetEndTime = 03:24:33
8/27/2024 15:24:32 [Information] Stepper Motor Controller Disable Z Axis controls while moving to location.
8/27/2024 15:24:32 [Information] Time remaining: 00:00:02 targetEndTime = 03:24:33
8/27/2024 15:24:32 [Information] Stepper Motor Controller Disable Z Axis controls while moving to location.
8/27/2024 15:24:32 [Information] Time remaining: 00:00:02 targetEndTime = 03:24:33
8/27/2024 15:24:32 [Information] Stepper Motor Controller Disable Z Axis controls while moving to location.
8/27/2024 15:24:32 [Information] Time remaining: 00:00:02 targetEndTime = 03:24:33
8/27/2024 15:24:32 [Information] Stepper Motor Controller Disable Z Axis controls while moving to location.
8/27/2024 15:24:32 [Information] Time remaining: 00:00:03 targetEndTime = 03:24:33
8/27/2024 15:24:32 [Information] Stepper Motor Controller Disable Z Axis controls while moving to location.
8/27/2024 15:24:32 [Information] Time remaining: 00:00:03 targetEndTime = 03:24:33
8/27/2024 15:24:32 [Information] Stepper Motor Controller Disable Z Axis controls while moving to location.
8/27/2024 15:24:32 [Information] Time remaining: 00:00:03 targetEndTime = 03:24:33
8/27/2024 15:24:32 [Information] Stepper Motor Controller Disable Z Axis controls while moving to location.
8/27/2024 15:24:32 [Information] Time remaining: 00:00:03 targetEndTime = 03:24:33
8/27/2024 15:24:32 [Information] Stepper Motor Controller Disable Z Axis controls while moving to location.
8/27/2024 15:24:32 [Information] Time remaining: 00:00:03 targetEndTime = 03:24:33
8/27/2024 15:24:32 [Information] Stepper Motor Controller Disable Z Axis controls while moving to location.
8/27/2024 15:24:32 [Information] Time remaining: 00:00:03 targetEndTime = 03:24:33
8/27/2024 15:24:32 [Information] Stepper Motor Controller Disable Z Axis controls while moving to location.
8/27/2024 15:24:32 [Information] Time remaining: 00:00:03 targetEndTime = 03:24:33
8/27/2024 15:24:32 [Information] Stepper Motor Controller Disable Z Axis controls while moving to location.
8/27/2024 15:24:32 [Information] Time remaining: 00:00:03 targetEndTime = 03:24:33
8/27/2024 15:24:32 [Information] Stepper Motor Controller Disable Z Axis controls while moving to location.
8/27/2024 15:24:32 [Information] Time remaining: 00:00:03 targetEndTime = 03:24:33
8/27/2024 15:24:32 [Information] Stepper Motor Controller Disable Z Axis controls while moving to location.
8/27/2024 15:24:32 [Information] Time remaining: 00:00:03 targetEndTime = 03:24:33
8/27/2024 15:24:32 [Information] Stepper Motor Controller Disable Z Axis controls while moving to location.
8/27/2024 15:24:32 [Information] Time remaining: 00:00:03 targetEndTime = 03:24:33
8/27/2024 15:24:33 [Information] Stepper Motor Controller Disable Z Axis controls while moving to location.
8/27/2024 15:24:33 [Information] Time remaining: 00:00:03 targetEndTime = 03:24:33
8/27/2024 15:24:33 [Information] Stepper Motor Controller Disable Z Axis controls while moving to location.
8/27/2024 15:24:33 [Information] Time remaining: 00:00:03 targetEndTime = 03:24:33
8/27/2024 15:24:33 [Information] Stepper Motor Controller Disable Z Axis controls while moving to location.
8/27/2024 15:24:33 [Information] Time remaining: 00:00:03 targetEndTime = 03:24:33
8/27/2024 15:24:33 [Information] Stepper Motor Controller Disable Z Axis controls while moving to location.
8/27/2024 15:24:33 [Information] Time remaining: 00:00:03 targetEndTime = 03:24:33
8/27/2024 15:24:33 [Information] Stepper Motor Controller Disable Z Axis controls while moving to location.
8/27/2024 15:24:33 [Information] Time remaining: 00:00:03 targetEndTime = 03:24:33
8/27/2024 15:24:33 [Information] Stepper Motor Controller Disable Z Axis controls while moving to location.
8/27/2024 15:24:33 [Information] Time remaining: 00:00:03 targetEndTime = 03:24:33
8/27/2024 15:24:33 [Information] Stepper Motor Controller Disable Z Axis controls while moving to location.
8/27/2024 15:24:33 [Information] Time remaining: 00:00:03 targetEndTime = 03:24:33
8/27/2024 15:24:33 [Information] Stepper Motor Controller Disable Z Axis controls while moving to location.
8/27/2024 15:24:33 [Information] Time remaining: 00:00:03 targetEndTime = 03:24:33
8/27/2024 15:24:33 [Information] Stepper Motor Controller Disable Z Axis controls while moving to location.
8/27/2024 15:24:33 [Information] Time remaining: 00:00:03 targetEndTime = 03:24:33
8/27/2024 15:24:33 [Information] Stepper Motor Controller Disable Z Axis controls while moving to location.
8/27/2024 15:24:33 [Information] Time remaining: 00:00:03 targetEndTime = 03:24:33
8/27/2024 15:24:33 [Information] Stepper Motor Controller Disable Z Axis controls while moving to location.
8/27/2024 15:24:33 [Information] Time remaining: 00:00:03 targetEndTime = 03:24:33
8/27/2024 15:24:33 [Information] Stepper Motor Controller Disable Z Axis controls while moving to location.
8/27/2024 15:24:33 [Information] Time remaining: 00:00:03 targetEndTime = 03:24:33
8/27/2024 15:24:33 [Information] Stepper Motor Controller Disable Z Axis controls while moving to location.
8/27/2024 15:24:33 [Information] Time remaining: 00:00:03 targetEndTime = 03:24:33
8/27/2024 15:24:33 [Information] Stepper Motor Controller Disable Z Axis controls while moving to location.
8/27/2024 15:24:33 [Information] Time remaining: 00:00:03 targetEndTime = 03:24:33
8/27/2024 15:24:33 [Information] Stepper Motor Controller Disable Z Axis controls while moving to location.
8/27/2024 15:24:33 [Information] Time remaining: 00:00:03 targetEndTime = 03:24:33
8/27/2024 15:24:33 [Information] Stepper Motor Controller Disable Z Axis controls while moving to location.
8/27/2024 15:24:33 [Information] Time remaining: 00:00:03 targetEndTime = 03:24:33
8/27/2024 15:24:33 [Information] Stepper Motor Controller Disable Z Axis controls while moving to location.
8/27/2024 15:24:33 [Information] Time remaining: 00:00:03 targetEndTime = 03:24:33
8/27/2024 15:24:33 [Information] Stepper Motor Controller Disable Z Axis controls while moving to location.
8/27/2024 15:24:33 [Information] Time remaining: 00:00:03 targetEndTime = 03:24:33
8/27/2024 15:24:33 [Information] Stepper Motor Controller Disable Z Axis controls while moving to location.
8/27/2024 15:24:33 [Information] Time remaining: 00:00:03 targetEndTime = 03:24:33
8/27/2024 15:24:33 [Information] Stepper Motor Controller Disable Z Axis controls while moving to location.
8/27/2024 15:24:33 [Information] Time remaining: 00:00:03 targetEndTime = 03:24:33
8/27/2024 15:24:33 [Information] Stepper Motor Controller Disable Z Axis controls while moving to location.
8/27/2024 15:24:33 [Information] Time remaining: 00:00:03 targetEndTime = 03:24:33
8/27/2024 15:24:33 [Information] Stepper Motor Controller Disable Z Axis controls while moving to location.
8/27/2024 15:24:33 [Information] Time remaining: 00:00:03 targetEndTime = 03:24:33
8/27/2024 15:24:33 [Information] Stepper Motor Controller Disable Z Axis controls while moving to location.
8/27/2024 15:24:33 [Information] Time remaining: 00:00:03 targetEndTime = 03:24:33
8/27/2024 15:24:33 [Information] Stepper Motor Controller Disable Z Axis controls while moving to location.
8/27/2024 15:24:33 [Information] Time remaining: 00:00:03 targetEndTime = 03:24:33
8/27/2024 15:24:33 [Information] Stepper Motor Controller Disable Z Axis controls while moving to location.
8/27/2024 15:24:33 [Information] Time remaining: 00:00:03 targetEndTime = 03:24:33
8/27/2024 15:24:33 [Information] Stepper Motor Controller Disable Z Axis controls while moving to location.
8/27/2024 15:24:33 [Information] Time remaining: 00:00:03 targetEndTime = 03:24:33
8/27/2024 15:24:33 [Information] Stepper Motor Controller Disable Z Axis controls while moving to location.
8/27/2024 15:24:33 [Information] Time remaining: 00:00:03 targetEndTime = 03:24:33
8/27/2024 15:24:33 [Information] Stepper Motor Controller Disable Z Axis controls while moving to location.
8/27/2024 15:24:33 [Information] Time remaining: 00:00:03 targetEndTime = 03:24:33
8/27/2024 15:24:33 [Information] Stepper Motor Controller Disable Z Axis controls while moving to location.
8/27/2024 15:24:33 [Information] Time remaining: 00:00:03 targetEndTime = 03:24:33
8/27/2024 15:24:33 [Information] Stepper Motor Controller Disable Z Axis controls while moving to location.
8/27/2024 15:24:33 [Information] Time remaining: 00:00:03 targetEndTime = 03:24:33
8/27/2024 15:24:33 [Information] Stepper Motor Controller Disable Z Axis controls while moving to location.
8/27/2024 15:24:33 [Information] Time remaining: 00:00:03 targetEndTime = 03:24:33
8/27/2024 15:24:33 [Information] Stepper Motor Controller Disable Z Axis controls while moving to location.
8/27/2024 15:24:33 [Information] Time remaining: 00:00:03 targetEndTime = 03:24:33
8/27/2024 15:24:33 [Information] Stepper Motor Controller Disable Z Axis controls while moving to location.
8/27/2024 15:24:33 [Information] Time remaining: 00:00:03 targetEndTime = 03:24:33
8/27/2024 15:24:33 [Information] Stepper Motor Controller Disable Z Axis controls while moving to location.
8/27/2024 15:24:33 [Information] Time remaining: 00:00:03 targetEndTime = 03:24:33
8/27/2024 15:24:33 [Information] Stepper Motor Controller Disable Z Axis controls while moving to location.
8/27/2024 15:24:33 [Information] Time remaining: 00:00:03 targetEndTime = 03:24:33
8/27/2024 15:24:33 [Information] Stepper Motor Controller Disable Z Axis controls while moving to location.
8/27/2024 15:24:33 [Information] Time remaining: 00:00:03 targetEndTime = 03:24:33
8/27/2024 15:24:33 [Information] Stepper Motor Controller Disable Z Axis controls while moving to location.
8/27/2024 15:24:33 [Information] Time remaining: 00:00:03 targetEndTime = 03:24:33
8/27/2024 15:24:33 [Information] Stepper Motor Controller Disable Z Axis controls while moving to location.
8/27/2024 15:24:33 [Information] Time remaining: 00:00:03 targetEndTime = 03:24:33
8/27/2024 15:24:33 [Information] Stepper Motor Controller Disable Z Axis controls while moving to location.
8/27/2024 15:24:33 [Information] Time remaining: 00:00:03 targetEndTime = 03:24:33
8/27/2024 15:24:33 [Information] Stepper Motor Controller Disable Z Axis controls while moving to location.
8/27/2024 15:24:33 [Information] Time remaining: 00:00:03 targetEndTime = 03:24:33
8/27/2024 15:24:33 [Information] Stepper Motor Controller Disable Z Axis controls while moving to location.
8/27/2024 15:24:33 [Information] Time remaining: 00:00:03 targetEndTime = 03:24:33
8/27/2024 15:24:33 [Information] Stepper Motor Controller Disable Z Axis controls while moving to location.
8/27/2024 15:24:33 [Information] Time remaining: 00:00:03 targetEndTime = 03:24:33
8/27/2024 15:24:33 [Information] Stepper Motor Controller Disable Z Axis controls while moving to location.
8/27/2024 15:24:33 [Information] Time remaining: 00:00:03 targetEndTime = 03:24:33
8/27/2024 15:24:33 [Information] Stepper Motor Controller Disable Z Axis controls while moving to location.
8/27/2024 15:24:33 [Information] Time remaining: 00:00:03 targetEndTime = 03:24:33
8/27/2024 15:24:33 [Information] Stepper Motor Controller Disable Z Axis controls while moving to location.
8/27/2024 15:24:33 [Information] Time remaining: 00:00:03 targetEndTime = 03:24:33
8/27/2024 15:24:33 [Information] Stepper Motor Controller Disable Z Axis controls while moving to location.
8/27/2024 15:24:33 [Information] Time remaining: 00:00:03 targetEndTime = 03:24:33
8/27/2024 15:24:33 [Information] Stepper Motor Controller Disable Z Axis controls while moving to location.
8/27/2024 15:24:33 [Information] Time remaining: 00:00:03 targetEndTime = 03:24:33
8/27/2024 15:24:33 [Information] Stepper Motor Controller Disable Z Axis controls while moving to location.
8/27/2024 15:24:33 [Information] Time remaining: 00:00:03 targetEndTime = 03:24:33
8/27/2024 15:24:33 [Information] Stepper Motor Controller Enable Z Axis controls after moving to location.
8/27/2024 15:24:33 [Information] Stepper Motor Controller Stopwatch Stopped.
8/27/2024 15:24:33 [Information] Stepper Motor Controller Timer Stopped.
8/27/2024 15:24:33 [Information] Stepper Motor Controller Stopwatch Reset.
8/27/2024 15:24:34 [Information] Z Axis Data Received: The limi
8/27/2024 15:24:34 [Information] Z Axis Data Received: t swit
8/27/2024 15:24:34 [Information] Z Axis Data Received: ch
8/27/2024 15:24:34 [Information] Z Axis Data Received: : TOU
8/27/2024 15:24:34 [Information] Z Axis Data Received: CHED
8/27/2024 15:24:34 [Information] Z Axis Data Received: 
The
8/27/2024 15:24:34 [Information] Z Axis Data Received:  dire
8/27/2024 15:24:34 [Information] Z Axis Data Received: cti
8/27/2024 15:24:34 [Information] Z Axis Data Received: on ->
8/27/2024 15:24:34 [Information] Z Axis Data Received:  AN
8/27/2024 15:24:34 [Information] Z Axis Data Received: TI-C
8/27/2024 15:24:35 [Information] Z Axis Data Received: L
8/27/2024 15:24:36 [Information] Z Axis Data Received: OCKWISE

8/27/2024 15:24:45 [Information] Stepper Motor Controller Serial Ports closed.
8/27/2024 15:24:45 [Information] Stepper Motor Controller MainWindow Closing.
8/27/2024 15:24:45 [Information] Properties Settings Saved.
8/27/2024 15:24:45 [Information] Properties Settings Form Closed.
8/27/2024 15:24:45 [Information] Stepper Motor Controller Application Settings Saved and Window Closing.
