8/4/2024 12:26:53 [Information] X Stepper Motor Controller Application Started.
8/4/2024 12:26:53 [Information] Version: 3.0.8982.22405 (8/4/2024 12:26:53)
8/4/2024 12:26:53 [Information] X Axis SerialPort COM7 not connected.
8/4/2024 12:26:53 [Information] Y Axis SerialPort COM8 not connected.
8/4/2024 12:26:53 [Information] Version: 3.1.0.22406 (8/4/2024 12:26:53)
8/4/2024 12:26:53 [Information] Version: 3.1.0.22406 (8/4/2024 12:26:53)
8/4/2024 12:26:54 [Information] Stepper Motor Controller MainWindow loaded
8/4/2024 12:26:54 [Information] Set MainWindow Media Brushes to White.
8/4/2024 12:26:55 [Information] Stepper Motor Controller Application Settings Window Opened.
8/4/2024 12:26:55 [Information] Stepper Motor Controller Application Settings form is rebuilt each and every time it is opened.
8/4/2024 12:26:55 [Information] int: 9600 BaudRate added to the Settings Form.
8/4/2024 12:26:55 [Information] bool: False ckbXaxisResetToZeroIsChecked added to the Settings Form.
8/4/2024 12:26:55 [Information] bool: False ckbYaxisResetToZeroIsChecked added to the Settings Form.
8/4/2024 12:26:55 [Information] bool: False ckbZaxisResetToZeroIsChecked added to the Settings Form.
8/4/2024 12:26:55 [Information] COM1: ComPort added to the Settings Form.
8/4/2024 12:26:55 [Information] COM2: ComPort added to the Settings Form.
8/4/2024 12:26:55 [Information] COM3: ComPort added to the Settings Form.
8/4/2024 12:26:55 [Information] COM4: ComPort added to the Settings Form.
8/4/2024 12:26:55 [Information] COM5: ComPort added to the Settings Form.
8/4/2024 12:26:55 [Information] COM6: ComPort added to the Settings Form.
8/4/2024 12:26:55 [Information] COM7: ComPort added to the Settings Form.
8/4/2024 12:26:55 [Information] COM8: ComPort added to the Settings Form.
8/4/2024 12:26:55 [Information] COM9: ComPort added to the Settings Form.
8/4/2024 12:26:55 [Information] COM10: ComPort added to the Settings Form.
8/4/2024 12:26:55 [Information] decimal: 4.00 Divider4_00 added to the Settings Form.
8/4/2024 12:26:55 [Information] decimal: 0.00 MathPart2Initlz added to the Settings Form.
8/4/2024 12:26:55 [Information] decimal: 1.00 MilisecondTimerInterval added to the Settings Form.
8/4/2024 12:26:55 [Information] decimal: 1000.00 MillisecondDelay added to the Settings Form.
8/4/2024 12:26:55 [Information] int: 1000 Milliseconds added to the Settings Form.
8/4/2024 12:26:55 [Information] int: 4 mmPerRevolution added to the Settings Form.
8/4/2024 12:26:55 [Information] decimal: 0.00 Value_0_00 added to the Settings Form.
8/4/2024 12:26:55 [Information] bool: False XaxisChanged added to the Settings Form.
8/4/2024 12:26:55 [Information] decimal: 400.00 XaxisMotorSpeed added to the Settings Form.
8/4/2024 12:26:55 [Information] decimal: 0.00 XaxisStepperCurrent added to the Settings Form.
8/4/2024 12:26:55 [Information] decimal: 0.00 XaxisStepperMove added to the Settings Form.
8/4/2024 12:26:55 [Information] COM1: XComPort added to the Settings Form.
8/4/2024 12:26:55 [Information] COM2: XComPort added to the Settings Form.
8/4/2024 12:26:55 [Information] COM3: XComPort added to the Settings Form.
8/4/2024 12:26:55 [Information] COM4: XComPort added to the Settings Form.
8/4/2024 12:26:55 [Information] COM5: XComPort added to the Settings Form.
8/4/2024 12:26:55 [Information] COM6: XComPort added to the Settings Form.
8/4/2024 12:26:55 [Information] COM7: XComPort added to the Settings Form.
8/4/2024 12:26:55 [Information] COM8: XComPort added to the Settings Form.
8/4/2024 12:26:55 [Information] COM9: XComPort added to the Settings Form.
8/4/2024 12:26:55 [Information] COM10: XComPort added to the Settings Form.
8/4/2024 12:26:55 [Information] bool: False YaxisChanged added to the Settings Form.
8/4/2024 12:26:55 [Information] decimal: 400.00 YaxisMotorSpeed added to the Settings Form.
8/4/2024 12:26:55 [Information] decimal: 0.00 YaxisStepperCurrent added to the Settings Form.
8/4/2024 12:26:55 [Information] decimal: 0.00 YaxisStepperMove added to the Settings Form.
8/4/2024 12:26:55 [Information] COM1: YComPort added to the Settings Form.
8/4/2024 12:26:55 [Information] COM2: YComPort added to the Settings Form.
8/4/2024 12:26:55 [Information] COM3: YComPort added to the Settings Form.
8/4/2024 12:26:55 [Information] COM4: YComPort added to the Settings Form.
8/4/2024 12:26:55 [Information] COM5: YComPort added to the Settings Form.
8/4/2024 12:26:55 [Information] COM6: YComPort added to the Settings Form.
8/4/2024 12:26:55 [Information] COM7: YComPort added to the Settings Form.
8/4/2024 12:26:55 [Information] COM8: YComPort added to the Settings Form.
8/4/2024 12:26:55 [Information] COM9: YComPort added to the Settings Form.
8/4/2024 12:26:55 [Information] COM10: YComPort added to the Settings Form.
8/4/2024 12:26:55 [Information] bool: False ZaxisChanged added to the Settings Form.
8/4/2024 12:26:55 [Information] decimal: 400.00 ZaxisMotorSpeed added to the Settings Form.
8/4/2024 12:26:55 [Information] decimal: 0.00 ZaxisStepperCurrent added to the Settings Form.
8/4/2024 12:26:55 [Information] decimal: 0.00 ZaxisStepperMove added to the Settings Form.
8/4/2024 12:26:55 [Information] COM1: ZComPort added to the Settings Form.
8/4/2024 12:26:55 [Information] COM2: ZComPort added to the Settings Form.
8/4/2024 12:26:55 [Information] COM3: ZComPort added to the Settings Form.
8/4/2024 12:26:55 [Information] COM4: ZComPort added to the Settings Form.
8/4/2024 12:26:55 [Information] COM5: ZComPort added to the Settings Form.
8/4/2024 12:26:55 [Information] COM6: ZComPort added to the Settings Form.
8/4/2024 12:26:55 [Information] COM7: ZComPort added to the Settings Form.
8/4/2024 12:26:55 [Information] COM8: ZComPort added to the Settings Form.
8/4/2024 12:26:55 [Information] COM9: ZComPort added to the Settings Form.
8/4/2024 12:26:55 [Information] COM10: ZComPort added to the Settings Form.
8/4/2024 12:26:55 [Information] int: 0 zeroXaxis added to the Settings Form.
8/4/2024 12:26:55 [Information] int: 0 zeroYaxis added to the Settings Form.
8/4/2024 12:26:55 [Information] int: 0 zeroZaxis added to the Settings Form.
8/4/2024 12:26:55 [Information] Stepper Motor Controller Loading Application Settings form.
8/4/2024 12:27:24 [Information] Stepper Motor Controller Application Settings Saved.
8/4/2024 12:27:24 [Information] Stepper Motor Controller Application Settings Saved and Window Closing.
8/4/2024 12:27:36 [Information] Z Axis mouse controlled Keypad returned: 8.00
8/4/2024 12:27:38 [Information] ZAxisRun_Click button clicked:
8/4/2024 12:27:38 [Information] Z Axis MotorMovementSeconds decimal: (8.00 / 4) / 2 = 1.00
8/4/2024 12:27:38 [Information] Z Axis myMovementTimer int: 1000 * 1.00 = 1000
8/4/2024 12:27:39 [Information] Z Axis Run Event: Z,0.00,400.00,0,0.00,400.00,0,8.00,400.00,0
8/4/2024 12:27:39 [Information] Z Axis Current Time: 12:27:39 + 1000 = targetEndTime: 12:27:40
8/4/2024 12:27:39 [Information] Stepper Motor Controller Disable Z Axis controls while moving to location.
8/4/2024 12:27:39 [Information] Time remaining: 00:00:00 targetEndTime = 12:27:40
8/4/2024 12:27:39 [Information] Stepper Motor Controller Disable Z Axis controls while moving to location.
8/4/2024 12:27:39 [Information] Time remaining: 00:00:00 targetEndTime = 12:27:40
8/4/2024 12:27:39 [Information] Stepper Motor Controller Disable Z Axis controls while moving to location.
8/4/2024 12:27:39 [Information] Time remaining: 00:00:00 targetEndTime = 12:27:40
8/4/2024 12:27:39 [Information] Stepper Motor Controller Disable Z Axis controls while moving to location.
8/4/2024 12:27:39 [Information] Time remaining: 00:00:00 targetEndTime = 12:27:40
8/4/2024 12:27:39 [Information] Stepper Motor Controller Disable Z Axis controls while moving to location.
8/4/2024 12:27:39 [Information] Time remaining: 00:00:00 targetEndTime = 12:27:40
8/4/2024 12:27:39 [Information] Stepper Motor Controller Disable Z Axis controls while moving to location.
8/4/2024 12:27:39 [Information] Time remaining: 00:00:00 targetEndTime = 12:27:40
8/4/2024 12:27:39 [Information] Stepper Motor Controller Disable Z Axis controls while moving to location.
8/4/2024 12:27:39 [Information] Time remaining: 00:00:00 targetEndTime = 12:27:40
8/4/2024 12:27:39 [Information] Stepper Motor Controller Disable Z Axis controls while moving to location.
8/4/2024 12:27:39 [Information] Time remaining: 00:00:00 targetEndTime = 12:27:40
8/4/2024 12:27:39 [Information] Stepper Motor Controller Disable Z Axis controls while moving to location.
8/4/2024 12:27:39 [Information] Time remaining: 00:00:00 targetEndTime = 12:27:40
8/4/2024 12:27:39 [Information] Stepper Motor Controller Disable Z Axis controls while moving to location.
8/4/2024 12:27:39 [Information] Time remaining: 00:00:00 targetEndTime = 12:27:40
8/4/2024 12:27:39 [Information] Stepper Motor Controller Disable Z Axis controls while moving to location.
8/4/2024 12:27:39 [Information] Time remaining: 00:00:00 targetEndTime = 12:27:40
8/4/2024 12:27:39 [Information] Stepper Motor Controller Disable Z Axis controls while moving to location.
8/4/2024 12:27:39 [Information] Time remaining: 00:00:00 targetEndTime = 12:27:40
8/4/2024 12:27:39 [Information] Stepper Motor Controller Disable Z Axis controls while moving to location.
8/4/2024 12:27:39 [Information] Time remaining: 00:00:00 targetEndTime = 12:27:40
8/4/2024 12:27:39 [Information] Stepper Motor Controller Disable Z Axis controls while moving to location.
8/4/2024 12:27:39 [Information] Time remaining: 00:00:00 targetEndTime = 12:27:40
8/4/2024 12:27:39 [Information] Stepper Motor Controller Disable Z Axis controls while moving to location.
8/4/2024 12:27:39 [Information] Time remaining: 00:00:00 targetEndTime = 12:27:40
8/4/2024 12:27:39 [Information] Stepper Motor Controller Disable Z Axis controls while moving to location.
8/4/2024 12:27:39 [Information] Time remaining: 00:00:00 targetEndTime = 12:27:40
8/4/2024 12:27:39 [Information] Stepper Motor Controller Disable Z Axis controls while moving to location.
8/4/2024 12:27:39 [Information] Time remaining: 00:00:00 targetEndTime = 12:27:40
8/4/2024 12:27:39 [Information] Stepper Motor Controller Disable Z Axis controls while moving to location.
8/4/2024 12:27:39 [Information] Time remaining: 00:00:00 targetEndTime = 12:27:40
8/4/2024 12:27:39 [Information] Stepper Motor Controller Disable Z Axis controls while moving to location.
8/4/2024 12:27:39 [Information] Time remaining: 00:00:00 targetEndTime = 12:27:40
8/4/2024 12:27:39 [Information] Stepper Motor Controller Disable Z Axis controls while moving to location.
8/4/2024 12:27:39 [Information] Time remaining: 00:00:00 targetEndTime = 12:27:40
8/4/2024 12:27:39 [Information] Stepper Motor Controller Disable Z Axis controls while moving to location.
8/4/2024 12:27:39 [Information] Time remaining: 00:00:00 targetEndTime = 12:27:40
8/4/2024 12:27:39 [Information] Stepper Motor Controller Disable Z Axis controls while moving to location.
8/4/2024 12:27:39 [Information] Time remaining: 00:00:00 targetEndTime = 12:27:40
8/4/2024 12:27:40 [Information] Stepper Motor Controller Disable Z Axis controls while moving to location.
8/4/2024 12:27:40 [Information] Time remaining: 00:00:00 targetEndTime = 12:27:40
8/4/2024 12:27:40 [Information] Stepper Motor Controller Disable Z Axis controls while moving to location.
8/4/2024 12:27:40 [Information] Time remaining: 00:00:00 targetEndTime = 12:27:40
8/4/2024 12:27:40 [Information] Stepper Motor Controller Disable Z Axis controls while moving to location.
8/4/2024 12:27:40 [Information] Time remaining: 00:00:00 targetEndTime = 12:27:40
8/4/2024 12:27:40 [Information] Stepper Motor Controller Disable Z Axis controls while moving to location.
8/4/2024 12:27:40 [Information] Time remaining: 00:00:00 targetEndTime = 12:27:40
8/4/2024 12:27:40 [Information] Stepper Motor Controller Disable Z Axis controls while moving to location.
8/4/2024 12:27:40 [Information] Time remaining: 00:00:00 targetEndTime = 12:27:40
8/4/2024 12:27:40 [Information] Stepper Motor Controller Disable Z Axis controls while moving to location.
8/4/2024 12:27:40 [Information] Time remaining: 00:00:00 targetEndTime = 12:27:40
8/4/2024 12:27:40 [Information] Stepper Motor Controller Disable Z Axis controls while moving to location.
8/4/2024 12:27:40 [Information] Time remaining: 00:00:00 targetEndTime = 12:27:40
8/4/2024 12:27:40 [Information] Stepper Motor Controller Disable Z Axis controls while moving to location.
8/4/2024 12:27:40 [Information] Time remaining: 00:00:00 targetEndTime = 12:27:40
8/4/2024 12:27:40 [Information] Stepper Motor Controller Disable Z Axis controls while moving to location.
8/4/2024 12:27:40 [Information] Time remaining: 00:00:00 targetEndTime = 12:27:40
8/4/2024 12:27:40 [Information] Stepper Motor Controller Disable Z Axis controls while moving to location.
8/4/2024 12:27:40 [Information] Time remaining: 00:00:00 targetEndTime = 12:27:40
8/4/2024 12:27:40 [Information] Stepper Motor Controller Disable Z Axis controls while moving to location.
8/4/2024 12:27:40 [Information] Time remaining: 00:00:00 targetEndTime = 12:27:40
8/4/2024 12:27:40 [Information] Stepper Motor Controller Disable Z Axis controls while moving to location.
8/4/2024 12:27:40 [Information] Time remaining: 00:00:00 targetEndTime = 12:27:40
8/4/2024 12:27:40 [Information] Stepper Motor Controller Disable Z Axis controls while moving to location.
8/4/2024 12:27:40 [Information] Time remaining: 00:00:00 targetEndTime = 12:27:40
8/4/2024 12:27:40 [Information] Stepper Motor Controller Disable Z Axis controls while moving to location.
8/4/2024 12:27:40 [Information] Time remaining: 00:00:00 targetEndTime = 12:27:40
8/4/2024 12:27:40 [Information] Stepper Motor Controller Disable Z Axis controls while moving to location.
8/4/2024 12:27:40 [Information] Time remaining: 00:00:00 targetEndTime = 12:27:40
8/4/2024 12:27:40 [Information] Stepper Motor Controller Disable Z Axis controls while moving to location.
8/4/2024 12:27:40 [Information] Time remaining: 00:00:00 targetEndTime = 12:27:40
8/4/2024 12:27:40 [Information] Stepper Motor Controller Disable Z Axis controls while moving to location.
8/4/2024 12:27:40 [Information] Time remaining: 00:00:00 targetEndTime = 12:27:40
8/4/2024 12:27:40 [Information] Stepper Motor Controller Disable Z Axis controls while moving to location.
8/4/2024 12:27:40 [Information] Time remaining: 00:00:00 targetEndTime = 12:27:40
8/4/2024 12:27:40 [Information] Stepper Motor Controller Disable Z Axis controls while moving to location.
8/4/2024 12:27:40 [Information] Time remaining: 00:00:00 targetEndTime = 12:27:40
8/4/2024 12:27:40 [Information] Stepper Motor Controller Disable Z Axis controls while moving to location.
8/4/2024 12:27:40 [Information] Time remaining: 00:00:00 targetEndTime = 12:27:40
8/4/2024 12:27:40 [Information] Stepper Motor Controller Disable Z Axis controls while moving to location.
8/4/2024 12:27:40 [Information] Time remaining: 00:00:00 targetEndTime = 12:27:40
8/4/2024 12:27:40 [Information] Stepper Motor Controller Disable Z Axis controls while moving to location.
8/4/2024 12:27:40 [Information] Time remaining: 00:00:00 targetEndTime = 12:27:40
8/4/2024 12:27:40 [Information] Stepper Motor Controller Disable Z Axis controls while moving to location.
8/4/2024 12:27:40 [Information] Time remaining: 00:00:00 targetEndTime = 12:27:40
8/4/2024 12:27:40 [Information] Stepper Motor Controller Disable Z Axis controls while moving to location.
8/4/2024 12:27:40 [Information] Time remaining: 00:00:00 targetEndTime = 12:27:40
8/4/2024 12:27:40 [Information] Stepper Motor Controller Disable Z Axis controls while moving to location.
8/4/2024 12:27:40 [Information] Time remaining: 00:00:00 targetEndTime = 12:27:40
8/4/2024 12:27:40 [Information] Stepper Motor Controller Disable Z Axis controls while moving to location.
8/4/2024 12:27:40 [Information] Time remaining: 00:00:00 targetEndTime = 12:27:40
8/4/2024 12:27:40 [Information] Stepper Motor Controller Disable Z Axis controls while moving to location.
8/4/2024 12:27:40 [Information] Time remaining: 00:00:00 targetEndTime = 12:27:40
8/4/2024 12:27:40 [Information] Stepper Motor Controller Disable Z Axis controls while moving to location.
8/4/2024 12:27:40 [Information] Time remaining: 00:00:00 targetEndTime = 12:27:40
8/4/2024 12:27:40 [Information] Stepper Motor Controller Enable Z Axis controls after moving to location.
8/4/2024 12:27:40 [Information] Stepper Motor Controller Stopwatch Stopped.
8/4/2024 12:27:40 [Information] Stepper Motor Controller Timer Stopped.
8/4/2024 12:27:40 [Information] Stepper Motor Controller Stopwatch Reset.
8/4/2024 12:27:46 [Information] Z Axis mouse controlled Keypad returned: -8.00
8/4/2024 12:27:47 [Information] ZAxisRun_Click button clicked:
8/4/2024 12:27:47 [Information] Z Axis negative value: -8.00 converted to positive decimal: 8.00
8/4/2024 12:27:47 [Information] Z Axis MotorMovementSeconds decimal: (8.00 / 4) / 2 = 1.00
8/4/2024 12:27:47 [Information] Z Axis myMovementTimer int: 1000 * 1.00 = 1000
8/4/2024 12:27:48 [Information] Z Axis Run Event: Z,0.00,400.00,0,0.00,400.00,0,0.00,400.00,0
8/4/2024 12:27:48 [Information] Z Axis Current Time: 12:27:48 + 1000 = targetEndTime: 12:27:49
8/4/2024 12:27:48 [Information] Stepper Motor Controller Disable Z Axis controls while moving to location.
8/4/2024 12:27:48 [Information] Time remaining: 00:00:00 targetEndTime = 12:27:49
8/4/2024 12:27:48 [Information] Stepper Motor Controller Disable Z Axis controls while moving to location.
8/4/2024 12:27:48 [Information] Time remaining: 00:00:00 targetEndTime = 12:27:49
8/4/2024 12:27:48 [Information] Stepper Motor Controller Disable Z Axis controls while moving to location.
8/4/2024 12:27:48 [Information] Time remaining: 00:00:00 targetEndTime = 12:27:49
8/4/2024 12:27:48 [Information] Stepper Motor Controller Disable Z Axis controls while moving to location.
8/4/2024 12:27:48 [Information] Time remaining: 00:00:00 targetEndTime = 12:27:49
8/4/2024 12:27:48 [Information] Stepper Motor Controller Disable Z Axis controls while moving to location.
8/4/2024 12:27:48 [Information] Time remaining: 00:00:00 targetEndTime = 12:27:49
8/4/2024 12:27:48 [Information] Stepper Motor Controller Disable Z Axis controls while moving to location.
8/4/2024 12:27:48 [Information] Time remaining: 00:00:00 targetEndTime = 12:27:49
8/4/2024 12:27:48 [Information] Stepper Motor Controller Disable Z Axis controls while moving to location.
8/4/2024 12:27:48 [Information] Time remaining: 00:00:00 targetEndTime = 12:27:49
8/4/2024 12:27:48 [Information] Stepper Motor Controller Disable Z Axis controls while moving to location.
8/4/2024 12:27:48 [Information] Time remaining: 00:00:00 targetEndTime = 12:27:49
8/4/2024 12:27:48 [Information] Stepper Motor Controller Disable Z Axis controls while moving to location.
8/4/2024 12:27:48 [Information] Time remaining: 00:00:00 targetEndTime = 12:27:49
8/4/2024 12:27:48 [Information] Stepper Motor Controller Disable Z Axis controls while moving to location.
8/4/2024 12:27:48 [Information] Time remaining: 00:00:00 targetEndTime = 12:27:49
8/4/2024 12:27:48 [Information] Stepper Motor Controller Disable Z Axis controls while moving to location.
8/4/2024 12:27:48 [Information] Time remaining: 00:00:00 targetEndTime = 12:27:49
8/4/2024 12:27:48 [Information] Stepper Motor Controller Disable Z Axis controls while moving to location.
8/4/2024 12:27:48 [Information] Time remaining: 00:00:00 targetEndTime = 12:27:49
8/4/2024 12:27:48 [Information] Stepper Motor Controller Disable Z Axis controls while moving to location.
8/4/2024 12:27:48 [Information] Time remaining: 00:00:00 targetEndTime = 12:27:49
8/4/2024 12:27:48 [Information] Stepper Motor Controller Disable Z Axis controls while moving to location.
8/4/2024 12:27:48 [Information] Time remaining: 00:00:00 targetEndTime = 12:27:49
8/4/2024 12:27:48 [Information] Stepper Motor Controller Disable Z Axis controls while moving to location.
8/4/2024 12:27:48 [Information] Time remaining: 00:00:00 targetEndTime = 12:27:49
8/4/2024 12:27:48 [Information] Stepper Motor Controller Disable Z Axis controls while moving to location.
8/4/2024 12:27:48 [Information] Time remaining: 00:00:00 targetEndTime = 12:27:49
8/4/2024 12:27:49 [Information] Stepper Motor Controller Disable Z Axis controls while moving to location.
8/4/2024 12:27:49 [Information] Time remaining: 00:00:00 targetEndTime = 12:27:49
8/4/2024 12:27:49 [Information] Stepper Motor Controller Disable Z Axis controls while moving to location.
8/4/2024 12:27:49 [Information] Time remaining: 00:00:00 targetEndTime = 12:27:49
8/4/2024 12:27:49 [Information] Stepper Motor Controller Disable Z Axis controls while moving to location.
8/4/2024 12:27:49 [Information] Time remaining: 00:00:00 targetEndTime = 12:27:49
8/4/2024 12:27:49 [Information] Stepper Motor Controller Disable Z Axis controls while moving to location.
8/4/2024 12:27:49 [Information] Time remaining: 00:00:00 targetEndTime = 12:27:49
8/4/2024 12:27:49 [Information] Stepper Motor Controller Disable Z Axis controls while moving to location.
8/4/2024 12:27:49 [Information] Time remaining: 00:00:00 targetEndTime = 12:27:49
8/4/2024 12:27:49 [Information] Stepper Motor Controller Disable Z Axis controls while moving to location.
8/4/2024 12:27:49 [Information] Time remaining: 00:00:00 targetEndTime = 12:27:49
8/4/2024 12:27:49 [Information] Stepper Motor Controller Disable Z Axis controls while moving to location.
8/4/2024 12:27:49 [Information] Time remaining: 00:00:00 targetEndTime = 12:27:49
8/4/2024 12:27:49 [Information] Stepper Motor Controller Disable Z Axis controls while moving to location.
8/4/2024 12:27:49 [Information] Time remaining: 00:00:00 targetEndTime = 12:27:49
8/4/2024 12:27:49 [Information] Stepper Motor Controller Disable Z Axis controls while moving to location.
8/4/2024 12:27:49 [Information] Time remaining: 00:00:00 targetEndTime = 12:27:49
8/4/2024 12:27:49 [Information] Stepper Motor Controller Disable Z Axis controls while moving to location.
8/4/2024 12:27:49 [Information] Time remaining: 00:00:00 targetEndTime = 12:27:49
8/4/2024 12:27:49 [Information] Stepper Motor Controller Disable Z Axis controls while moving to location.
8/4/2024 12:27:49 [Information] Time remaining: 00:00:00 targetEndTime = 12:27:49
8/4/2024 12:27:49 [Information] Stepper Motor Controller Disable Z Axis controls while moving to location.
8/4/2024 12:27:49 [Information] Time remaining: 00:00:00 targetEndTime = 12:27:49
8/4/2024 12:27:49 [Information] Stepper Motor Controller Disable Z Axis controls while moving to location.
8/4/2024 12:27:49 [Information] Time remaining: 00:00:00 targetEndTime = 12:27:49
8/4/2024 12:27:49 [Information] Stepper Motor Controller Disable Z Axis controls while moving to location.
8/4/2024 12:27:49 [Information] Time remaining: 00:00:00 targetEndTime = 12:27:49
8/4/2024 12:27:49 [Information] Stepper Motor Controller Disable Z Axis controls while moving to location.
8/4/2024 12:27:49 [Information] Time remaining: 00:00:00 targetEndTime = 12:27:49
8/4/2024 12:27:49 [Information] Stepper Motor Controller Disable Z Axis controls while moving to location.
8/4/2024 12:27:49 [Information] Time remaining: 00:00:00 targetEndTime = 12:27:49
8/4/2024 12:27:49 [Information] Stepper Motor Controller Disable Z Axis controls while moving to location.
8/4/2024 12:27:49 [Information] Time remaining: 00:00:00 targetEndTime = 12:27:49
8/4/2024 12:27:49 [Information] Stepper Motor Controller Disable Z Axis controls while moving to location.
8/4/2024 12:27:49 [Information] Time remaining: 00:00:00 targetEndTime = 12:27:49
8/4/2024 12:27:49 [Information] Stepper Motor Controller Disable Z Axis controls while moving to location.
8/4/2024 12:27:49 [Information] Time remaining: 00:00:00 targetEndTime = 12:27:49
8/4/2024 12:27:49 [Information] Stepper Motor Controller Disable Z Axis controls while moving to location.
8/4/2024 12:27:49 [Information] Time remaining: 00:00:00 targetEndTime = 12:27:49
8/4/2024 12:27:49 [Information] Stepper Motor Controller Disable Z Axis controls while moving to location.
8/4/2024 12:27:49 [Information] Time remaining: 00:00:00 targetEndTime = 12:27:49
8/4/2024 12:27:49 [Information] Stepper Motor Controller Disable Z Axis controls while moving to location.
8/4/2024 12:27:49 [Information] Time remaining: 00:00:00 targetEndTime = 12:27:49
8/4/2024 12:27:49 [Information] Stepper Motor Controller Disable Z Axis controls while moving to location.
8/4/2024 12:27:49 [Information] Time remaining: 00:00:00 targetEndTime = 12:27:49
8/4/2024 12:27:49 [Information] Stepper Motor Controller Disable Z Axis controls while moving to location.
8/4/2024 12:27:49 [Information] Time remaining: 00:00:00 targetEndTime = 12:27:49
8/4/2024 12:27:49 [Information] Stepper Motor Controller Disable Z Axis controls while moving to location.
8/4/2024 12:27:49 [Information] Time remaining: 00:00:00 targetEndTime = 12:27:49
8/4/2024 12:27:49 [Information] Stepper Motor Controller Disable Z Axis controls while moving to location.
8/4/2024 12:27:49 [Information] Time remaining: 00:00:00 targetEndTime = 12:27:49
8/4/2024 12:27:49 [Information] Stepper Motor Controller Disable Z Axis controls while moving to location.
8/4/2024 12:27:49 [Information] Time remaining: 00:00:00 targetEndTime = 12:27:49
8/4/2024 12:27:49 [Information] Stepper Motor Controller Disable Z Axis controls while moving to location.
8/4/2024 12:27:49 [Information] Time remaining: 00:00:00 targetEndTime = 12:27:49
8/4/2024 12:27:49 [Information] Stepper Motor Controller Disable Z Axis controls while moving to location.
8/4/2024 12:27:49 [Information] Time remaining: 00:00:00 targetEndTime = 12:27:49
8/4/2024 12:27:49 [Information] Stepper Motor Controller Disable Z Axis controls while moving to location.
8/4/2024 12:27:49 [Information] Time remaining: 00:00:00 targetEndTime = 12:27:49
8/4/2024 12:27:49 [Information] Stepper Motor Controller Disable Z Axis controls while moving to location.
8/4/2024 12:27:49 [Information] Time remaining: 00:00:00 targetEndTime = 12:27:49
8/4/2024 12:27:49 [Information] Stepper Motor Controller Disable Z Axis controls while moving to location.
8/4/2024 12:27:49 [Information] Time remaining: 00:00:00 targetEndTime = 12:27:49
8/4/2024 12:27:49 [Information] Stepper Motor Controller Disable Z Axis controls while moving to location.
8/4/2024 12:27:49 [Information] Time remaining: 00:00:00 targetEndTime = 12:27:49
8/4/2024 12:27:49 [Information] Stepper Motor Controller Disable Z Axis controls while moving to location.
8/4/2024 12:27:49 [Information] Time remaining: 00:00:00 targetEndTime = 12:27:49
8/4/2024 12:27:49 [Information] Stepper Motor Controller Disable Z Axis controls while moving to location.
8/4/2024 12:27:49 [Information] Time remaining: 00:00:00 targetEndTime = 12:27:49
8/4/2024 12:27:49 [Information] Stepper Motor Controller Disable Z Axis controls while moving to location.
8/4/2024 12:27:49 [Information] Time remaining: 00:00:00 targetEndTime = 12:27:49
8/4/2024 12:27:49 [Information] Stepper Motor Controller Disable Z Axis controls while moving to location.
8/4/2024 12:27:49 [Information] Time remaining: 00:00:00 targetEndTime = 12:27:49
8/4/2024 12:27:49 [Information] Stepper Motor Controller Disable Z Axis controls while moving to location.
8/4/2024 12:27:49 [Information] Time remaining: 00:00:00 targetEndTime = 12:27:49
8/4/2024 12:27:49 [Information] Stepper Motor Controller Disable Z Axis controls while moving to location.
8/4/2024 12:27:49 [Information] Time remaining: 00:00:00 targetEndTime = 12:27:49
8/4/2024 12:27:49 [Information] Stepper Motor Controller Disable Z Axis controls while moving to location.
8/4/2024 12:27:49 [Information] Time remaining: 00:00:00 targetEndTime = 12:27:49
8/4/2024 12:27:49 [Information] Stepper Motor Controller Disable Z Axis controls while moving to location.
8/4/2024 12:27:49 [Information] Time remaining: 00:00:00 targetEndTime = 12:27:49
8/4/2024 12:27:49 [Information] Stepper Motor Controller Disable Z Axis controls while moving to location.
8/4/2024 12:27:49 [Information] Time remaining: 00:00:00 targetEndTime = 12:27:49
8/4/2024 12:27:49 [Information] Stepper Motor Controller Disable Z Axis controls while moving to location.
8/4/2024 12:27:49 [Information] Time remaining: 00:00:00 targetEndTime = 12:27:49
8/4/2024 12:27:49 [Information] Stepper Motor Controller Enable Z Axis controls after moving to location.
8/4/2024 12:27:49 [Information] Stepper Motor Controller Stopwatch Stopped.
8/4/2024 12:27:49 [Information] Stepper Motor Controller Timer Stopped.
8/4/2024 12:27:49 [Information] Stepper Motor Controller Stopwatch Reset.
8/4/2024 12:28:48 [Information] Stepper Motor Controller Serial Ports closed.
8/4/2024 12:28:48 [Information] Stepper Motor Controller MainWindow Closing.
