8/27/2024 14:57:30 [Information] X Stepper Motor Controller Application Started.
8/27/2024 14:57:30 [Information] Version: 3.0.9005.24914 (8/27/2024 14:57:30)
8/27/2024 14:57:30 [Information] X Axis SerialPort COM7 not connected.
8/27/2024 14:57:30 [Information] Y Axis SerialPort COM8 not connected.
8/27/2024 14:57:30 [Information] Version: 3.1.0.24915 (8/27/2024 14:57:30)
8/27/2024 14:57:30 [Information] Version: 3.1.0.24915 (8/27/2024 14:57:30)
8/27/2024 14:57:30 [Information] Z Axis Data Received: ?
8/27/2024 14:57:30 [Information] Stepper Motor Controller Application Settings Window Opened.
8/27/2024 14:57:30 [Information] Stepper Motor Controller Application Settings form is rebuilt each and every time it is opened.
8/27/2024 14:57:30 [Information] int: 9600 BaudRate added to the Settings Form.
8/27/2024 14:57:30 [Information] bool: False ckbXaxisResetToZeroIsChecked added to the Settings Form.
8/27/2024 14:57:30 [Information] bool: False ckbYaxisResetToZeroIsChecked added to the Settings Form.
8/27/2024 14:57:30 [Information] bool: False ckbZaxisResetToZeroIsChecked added to the Settings Form.
8/27/2024 14:57:30 [Information] COM1: ComPort added to the Settings Form.
8/27/2024 14:57:30 [Information] COM2: ComPort added to the Settings Form.
8/27/2024 14:57:30 [Information] COM3: ComPort added to the Settings Form.
8/27/2024 14:57:30 [Information] COM4: ComPort added to the Settings Form.
8/27/2024 14:57:30 [Information] COM5: ComPort added to the Settings Form.
8/27/2024 14:57:30 [Information] COM6: ComPort added to the Settings Form.
8/27/2024 14:57:30 [Information] COM7: ComPort added to the Settings Form.
8/27/2024 14:57:30 [Information] COM8: ComPort added to the Settings Form.
8/27/2024 14:57:30 [Information] COM9: ComPort added to the Settings Form.
8/27/2024 14:57:30 [Information] COM10: ComPort added to the Settings Form.
8/27/2024 14:57:30 [Information] decimal: 4.00 Divider4_00 added to the Settings Form.
8/27/2024 14:57:30 [Information] decimal: 0.00 MathPart2Initlz added to the Settings Form.
8/27/2024 14:57:30 [Information] decimal: 1.00 MilisecondTimerInterval added to the Settings Form.
8/27/2024 14:57:30 [Information] decimal: 1000.00 MillisecondDelay added to the Settings Form.
8/27/2024 14:57:30 [Information] int: 1000 Milliseconds added to the Settings Form.
8/27/2024 14:57:30 [Information] int: 4 mmPerRevolution added to the Settings Form.
8/27/2024 14:57:30 [Information] int: 2000 ThreadSleep added to the Settings Form.
8/27/2024 14:57:30 [Information] decimal: 0.00 Value_0_00 added to the Settings Form.
8/27/2024 14:57:30 [Information] bool: False XaxisChanged added to the Settings Form.
8/27/2024 14:57:30 [Information] decimal: 400.00 XaxisMotorSpeed added to the Settings Form.
8/27/2024 14:57:30 [Information] decimal: 0.00 XaxisStepperCurrent added to the Settings Form.
8/27/2024 14:57:30 [Information] decimal: 0.00 XaxisStepperMove added to the Settings Form.
8/27/2024 14:57:30 [Information] XCOM1: XComPort added to the Settings Form.
8/27/2024 14:57:30 [Information] XCOM2: XComPort added to the Settings Form.
8/27/2024 14:57:30 [Information] XCOM3: XComPort added to the Settings Form.
8/27/2024 14:57:30 [Information] XCOM4: XComPort added to the Settings Form.
8/27/2024 14:57:30 [Information] XCOM5: XComPort added to the Settings Form.
8/27/2024 14:57:30 [Information] XCOM6: XComPort added to the Settings Form.
8/27/2024 14:57:30 [Information] XCOM7: XComPort added to the Settings Form.
8/27/2024 14:57:30 [Information] XCOM8: XComPort added to the Settings Form.
8/27/2024 14:57:30 [Information] XCOM9: XComPort added to the Settings Form.
8/27/2024 14:57:30 [Information] XCOM10: XComPort added to the Settings Form.
8/27/2024 14:57:30 [Information] bool: False YaxisChanged added to the Settings Form.
8/27/2024 14:57:30 [Information] decimal: 400.00 YaxisMotorSpeed added to the Settings Form.
8/27/2024 14:57:30 [Information] decimal: 0.00 YaxisStepperCurrent added to the Settings Form.
8/27/2024 14:57:30 [Information] decimal: 0.00 YaxisStepperMove added to the Settings Form.
8/27/2024 14:57:30 [Information] YCOM1: YComPort added to the Settings Form.
8/27/2024 14:57:30 [Information] YCOM2: YComPort added to the Settings Form.
8/27/2024 14:57:30 [Information] YCOM3: YComPort added to the Settings Form.
8/27/2024 14:57:30 [Information] YCOM4: YComPort added to the Settings Form.
8/27/2024 14:57:30 [Information] YCOM5: YComPort added to the Settings Form.
8/27/2024 14:57:30 [Information] YCOM6: YComPort added to the Settings Form.
8/27/2024 14:57:30 [Information] YCOM7: YComPort added to the Settings Form.
8/27/2024 14:57:30 [Information] YCOM8: YComPort added to the Settings Form.
8/27/2024 14:57:30 [Information] YCOM9: YComPort added to the Settings Form.
8/27/2024 14:57:30 [Information] YCOM10: YComPort added to the Settings Form.
8/27/2024 14:57:30 [Information] bool: False ZaxisChanged added to the Settings Form.
8/27/2024 14:57:30 [Information] decimal: 400.00 ZaxisMotorSpeed added to the Settings Form.
8/27/2024 14:57:30 [Information] decimal: 96.00 ZaxisStepperCurrent added to the Settings Form.
8/27/2024 14:57:30 [Information] decimal: 0.00 ZaxisStepperMove added to the Settings Form.
8/27/2024 14:57:30 [Information] ZCOM1: ZComPort added to the Settings Form.
8/27/2024 14:57:30 [Information] ZCOM2: ZComPort added to the Settings Form.
8/27/2024 14:57:30 [Information] ZCOM3: ZComPort added to the Settings Form.
8/27/2024 14:57:30 [Information] ZCOM4: ZComPort added to the Settings Form.
8/27/2024 14:57:30 [Information] ZCOM5: ZComPort added to the Settings Form.
8/27/2024 14:57:30 [Information] ZCOM6: ZComPort added to the Settings Form.
8/27/2024 14:57:30 [Information] ZCOM7: ZComPort added to the Settings Form.
8/27/2024 14:57:30 [Information] ZCOM8: ZComPort added to the Settings Form.
8/27/2024 14:57:30 [Information] ZCOM9: ZComPort added to the Settings Form.
8/27/2024 14:57:30 [Information] ZCOM10: ZComPort added to the Settings Form.
8/27/2024 14:57:30 [Information] int: 0 zeroXaxis added to the Settings Form.
8/27/2024 14:57:30 [Information] int: 0 zeroYaxis added to the Settings Form.
8/27/2024 14:57:30 [Information] int: 0 zeroZaxis added to the Settings Form.
8/27/2024 14:57:30 [Information] Stepper Motor Controller MainWindow loaded
8/27/2024 14:57:30 [Information] Set MainWindow Media Brushes to White.
8/27/2024 15:05:09 [Information] Z Axis mouse controlled Keypad returned: 32.00
8/27/2024 15:05:10 [Information] ZAxisRun_Click button clicked:
8/27/2024 15:05:10 [Information] Z Axis MotorMovementSeconds decimal: (32.00 / 4) / 2 = 4.00
8/27/2024 15:05:10 [Information] Z Axis myMovementTimer int: 1000 * 4.00 = 4000
8/27/2024 15:05:11 [Information] Z Axis Run Event: Z,0.00,400.00,0,0.00,400.00,0,128.00,400.00,0
8/27/2024 15:05:11 [Information] Z Axis Current Time: 03:05:11 + 4000 = targetEndTime: 03:05:15
8/27/2024 15:05:11 [Information] Stepper Motor Controller Disable Z Axis controls while moving to location.
8/27/2024 15:05:11 [Information] Time remaining: 00:00:00 targetEndTime = 03:05:15
8/27/2024 15:05:11 [Information] Stepper Motor Controller Disable Z Axis controls while moving to location.
8/27/2024 15:05:11 [Information] Time remaining: 00:00:00 targetEndTime = 03:05:15
8/27/2024 15:05:11 [Information] Stepper Motor Controller Disable Z Axis controls while moving to location.
8/27/2024 15:05:11 [Information] Time remaining: 00:00:00 targetEndTime = 03:05:15
8/27/2024 15:05:12 [Information] Stepper Motor Controller Disable Z Axis controls while moving to location.
8/27/2024 15:05:12 [Information] Time remaining: 00:00:00 targetEndTime = 03:05:15
8/27/2024 15:05:12 [Information] Stepper Motor Controller Disable Z Axis controls while moving to location.
8/27/2024 15:05:12 [Information] Time remaining: 00:00:00 targetEndTime = 03:05:15
8/27/2024 15:05:12 [Information] Stepper Motor Controller Disable Z Axis controls while moving to location.
8/27/2024 15:05:12 [Information] Time remaining: 00:00:00 targetEndTime = 03:05:15
8/27/2024 15:05:12 [Information] Stepper Motor Controller Disable Z Axis controls while moving to location.
8/27/2024 15:05:12 [Information] Time remaining: 00:00:00 targetEndTime = 03:05:15
8/27/2024 15:05:12 [Information] Stepper Motor Controller Disable Z Axis controls while moving to location.
8/27/2024 15:05:12 [Information] Time remaining: 00:00:00 targetEndTime = 03:05:15
8/27/2024 15:05:12 [Information] Stepper Motor Controller Disable Z Axis controls while moving to location.
8/27/2024 15:05:12 [Information] Time remaining: 00:00:00 targetEndTime = 03:05:15
8/27/2024 15:05:12 [Information] Stepper Motor Controller Disable Z Axis controls while moving to location.
8/27/2024 15:05:12 [Information] Time remaining: 00:00:00 targetEndTime = 03:05:15
8/27/2024 15:05:12 [Information] Stepper Motor Controller Disable Z Axis controls while moving to location.
8/27/2024 15:05:12 [Information] Time remaining: 00:00:00 targetEndTime = 03:05:15
8/27/2024 15:05:12 [Information] Stepper Motor Controller Disable Z Axis controls while moving to location.
8/27/2024 15:05:12 [Information] Time remaining: 00:00:00 targetEndTime = 03:05:15
8/27/2024 15:05:12 [Information] Stepper Motor Controller Disable Z Axis controls while moving to location.
8/27/2024 15:05:12 [Information] Time remaining: 00:00:00 targetEndTime = 03:05:15
8/27/2024 15:05:12 [Information] Stepper Motor Controller Disable Z Axis controls while moving to location.
8/27/2024 15:05:12 [Information] Time remaining: 00:00:00 targetEndTime = 03:05:15
8/27/2024 15:05:12 [Information] Stepper Motor Controller Disable Z Axis controls while moving to location.
8/27/2024 15:05:12 [Information] Time remaining: 00:00:00 targetEndTime = 03:05:15
8/27/2024 15:05:12 [Information] Stepper Motor Controller Disable Z Axis controls while moving to location.
8/27/2024 15:05:12 [Information] Time remaining: 00:00:00 targetEndTime = 03:05:15
8/27/2024 15:05:12 [Information] Stepper Motor Controller Disable Z Axis controls while moving to location.
8/27/2024 15:05:12 [Information] Time remaining: 00:00:00 targetEndTime = 03:05:15
8/27/2024 15:05:12 [Information] Stepper Motor Controller Disable Z Axis controls while moving to location.
8/27/2024 15:05:12 [Information] Time remaining: 00:00:00 targetEndTime = 03:05:15
8/27/2024 15:05:12 [Information] Stepper Motor Controller Disable Z Axis controls while moving to location.
8/27/2024 15:05:12 [Information] Time remaining: 00:00:00 targetEndTime = 03:05:15
8/27/2024 15:05:12 [Information] Stepper Motor Controller Disable Z Axis controls while moving to location.
8/27/2024 15:05:12 [Information] Time remaining: 00:00:00 targetEndTime = 03:05:15
8/27/2024 15:05:12 [Information] Stepper Motor Controller Disable Z Axis controls while moving to location.
8/27/2024 15:05:12 [Information] Time remaining: 00:00:00 targetEndTime = 03:05:15
8/27/2024 15:05:12 [Information] Stepper Motor Controller Disable Z Axis controls while moving to location.
8/27/2024 15:05:12 [Information] Time remaining: 00:00:00 targetEndTime = 03:05:15
8/27/2024 15:05:12 [Information] Stepper Motor Controller Disable Z Axis controls while moving to location.
8/27/2024 15:05:12 [Information] Time remaining: 00:00:00 targetEndTime = 03:05:15
8/27/2024 15:05:12 [Information] Stepper Motor Controller Disable Z Axis controls while moving to location.
8/27/2024 15:05:12 [Information] Time remaining: 00:00:00 targetEndTime = 03:05:15
8/27/2024 15:05:12 [Information] Stepper Motor Controller Disable Z Axis controls while moving to location.
8/27/2024 15:05:12 [Information] Time remaining: 00:00:00 targetEndTime = 03:05:15
8/27/2024 15:05:12 [Information] Stepper Motor Controller Disable Z Axis controls while moving to location.
8/27/2024 15:05:12 [Information] Time remaining: 00:00:00 targetEndTime = 03:05:15
8/27/2024 15:05:12 [Information] Stepper Motor Controller Disable Z Axis controls while moving to location.
8/27/2024 15:05:12 [Information] Time remaining: 00:00:00 targetEndTime = 03:05:15
8/27/2024 15:05:12 [Information] Stepper Motor Controller Disable Z Axis controls while moving to location.
8/27/2024 15:05:12 [Information] Time remaining: 00:00:00 targetEndTime = 03:05:15
8/27/2024 15:05:12 [Information] Stepper Motor Controller Disable Z Axis controls while moving to location.
8/27/2024 15:05:12 [Information] Time remaining: 00:00:00 targetEndTime = 03:05:15
8/27/2024 15:05:12 [Information] Stepper Motor Controller Disable Z Axis controls while moving to location.
8/27/2024 15:05:12 [Information] Time remaining: 00:00:00 targetEndTime = 03:05:15
8/27/2024 15:05:12 [Information] Stepper Motor Controller Disable Z Axis controls while moving to location.
8/27/2024 15:05:12 [Information] Time remaining: 00:00:00 targetEndTime = 03:05:15
8/27/2024 15:05:12 [Information] Stepper Motor Controller Disable Z Axis controls while moving to location.
8/27/2024 15:05:12 [Information] Time remaining: 00:00:00 targetEndTime = 03:05:15
8/27/2024 15:05:12 [Information] Stepper Motor Controller Disable Z Axis controls while moving to location.
8/27/2024 15:05:12 [Information] Time remaining: 00:00:00 targetEndTime = 03:05:15
8/27/2024 15:05:12 [Information] Stepper Motor Controller Disable Z Axis controls while moving to location.
8/27/2024 15:05:12 [Information] Time remaining: 00:00:00 targetEndTime = 03:05:15
8/27/2024 15:05:12 [Information] Stepper Motor Controller Disable Z Axis controls while moving to location.
8/27/2024 15:05:12 [Information] Time remaining: 00:00:00 targetEndTime = 03:05:15
8/27/2024 15:05:12 [Information] Stepper Motor Controller Disable Z Axis controls while moving to location.
8/27/2024 15:05:12 [Information] Time remaining: 00:00:00 targetEndTime = 03:05:15
8/27/2024 15:05:12 [Information] Stepper Motor Controller Disable Z Axis controls while moving to location.
8/27/2024 15:05:12 [Information] Time remaining: 00:00:00 targetEndTime = 03:05:15
8/27/2024 15:05:12 [Information] Stepper Motor Controller Disable Z Axis controls while moving to location.
8/27/2024 15:05:12 [Information] Time remaining: 00:00:00 targetEndTime = 03:05:15
8/27/2024 15:05:12 [Information] Stepper Motor Controller Disable Z Axis controls while moving to location.
8/27/2024 15:05:12 [Information] Time remaining: 00:00:00 targetEndTime = 03:05:15
8/27/2024 15:05:12 [Information] Stepper Motor Controller Disable Z Axis controls while moving to location.
8/27/2024 15:05:12 [Information] Time remaining: 00:00:00 targetEndTime = 03:05:15
8/27/2024 15:05:12 [Information] Stepper Motor Controller Disable Z Axis controls while moving to location.
8/27/2024 15:05:12 [Information] Time remaining: 00:00:00 targetEndTime = 03:05:15
8/27/2024 15:05:12 [Information] Stepper Motor Controller Disable Z Axis controls while moving to location.
8/27/2024 15:05:12 [Information] Time remaining: 00:00:00 targetEndTime = 03:05:15
8/27/2024 15:05:12 [Information] Stepper Motor Controller Disable Z Axis controls while moving to location.
8/27/2024 15:05:12 [Information] Time remaining: 00:00:00 targetEndTime = 03:05:15
8/27/2024 15:05:12 [Information] Stepper Motor Controller Disable Z Axis controls while moving to location.
8/27/2024 15:05:12 [Information] Time remaining: 00:00:00 targetEndTime = 03:05:15
8/27/2024 15:05:12 [Information] Stepper Motor Controller Disable Z Axis controls while moving to location.
8/27/2024 15:05:12 [Information] Time remaining: 00:00:00 targetEndTime = 03:05:15
8/27/2024 15:05:12 [Information] Stepper Motor Controller Disable Z Axis controls while moving to location.
8/27/2024 15:05:12 [Information] Time remaining: 00:00:00 targetEndTime = 03:05:15
8/27/2024 15:05:12 [Information] Stepper Motor Controller Disable Z Axis controls while moving to location.
8/27/2024 15:05:12 [Information] Time remaining: 00:00:00 targetEndTime = 03:05:15
8/27/2024 15:05:12 [Information] Stepper Motor Controller Disable Z Axis controls while moving to location.
8/27/2024 15:05:12 [Information] Time remaining: 00:00:00 targetEndTime = 03:05:15
8/27/2024 15:05:12 [Information] Stepper Motor Controller Disable Z Axis controls while moving to location.
8/27/2024 15:05:12 [Information] Time remaining: 00:00:00 targetEndTime = 03:05:15
8/27/2024 15:05:12 [Information] Stepper Motor Controller Disable Z Axis controls while moving to location.
8/27/2024 15:05:12 [Information] Time remaining: 00:00:00 targetEndTime = 03:05:15
8/27/2024 15:05:12 [Information] Stepper Motor Controller Disable Z Axis controls while moving to location.
8/27/2024 15:05:12 [Information] Time remaining: 00:00:00 targetEndTime = 03:05:15
8/27/2024 15:05:12 [Information] Stepper Motor Controller Disable Z Axis controls while moving to location.
8/27/2024 15:05:12 [Information] Time remaining: 00:00:00 targetEndTime = 03:05:15
8/27/2024 15:05:12 [Information] Stepper Motor Controller Disable Z Axis controls while moving to location.
8/27/2024 15:05:12 [Information] Time remaining: 00:00:00 targetEndTime = 03:05:15
8/27/2024 15:05:12 [Information] Stepper Motor Controller Disable Z Axis controls while moving to location.
8/27/2024 15:05:12 [Information] Time remaining: 00:00:00 targetEndTime = 03:05:15
8/27/2024 15:05:12 [Information] Stepper Motor Controller Disable Z Axis controls while moving to location.
8/27/2024 15:05:12 [Information] Time remaining: 00:00:00 targetEndTime = 03:05:15
8/27/2024 15:05:12 [Information] Stepper Motor Controller Disable Z Axis controls while moving to location.
8/27/2024 15:05:12 [Information] Time remaining: 00:00:00 targetEndTime = 03:05:15
8/27/2024 15:05:12 [Information] Stepper Motor Controller Disable Z Axis controls while moving to location.
8/27/2024 15:05:12 [Information] Time remaining: 00:00:00 targetEndTime = 03:05:15
8/27/2024 15:05:12 [Information] Stepper Motor Controller Disable Z Axis controls while moving to location.
8/27/2024 15:05:12 [Information] Time remaining: 00:00:01 targetEndTime = 03:05:15
8/27/2024 15:05:12 [Information] Stepper Motor Controller Disable Z Axis controls while moving to location.
8/27/2024 15:05:12 [Information] Time remaining: 00:00:01 targetEndTime = 03:05:15
8/27/2024 15:05:12 [Information] Stepper Motor Controller Disable Z Axis controls while moving to location.
8/27/2024 15:05:12 [Information] Time remaining: 00:00:01 targetEndTime = 03:05:15
8/27/2024 15:05:12 [Information] Stepper Motor Controller Disable Z Axis controls while moving to location.
8/27/2024 15:05:12 [Information] Time remaining: 00:00:01 targetEndTime = 03:05:15
8/27/2024 15:05:13 [Information] Stepper Motor Controller Disable Z Axis controls while moving to location.
8/27/2024 15:05:13 [Information] Time remaining: 00:00:01 targetEndTime = 03:05:15
8/27/2024 15:05:13 [Information] Stepper Motor Controller Disable Z Axis controls while moving to location.
8/27/2024 15:05:13 [Information] Time remaining: 00:00:01 targetEndTime = 03:05:15
8/27/2024 15:05:13 [Information] Stepper Motor Controller Disable Z Axis controls while moving to location.
8/27/2024 15:05:13 [Information] Time remaining: 00:00:01 targetEndTime = 03:05:15
8/27/2024 15:05:13 [Information] Stepper Motor Controller Disable Z Axis controls while moving to location.
8/27/2024 15:05:13 [Information] Time remaining: 00:00:01 targetEndTime = 03:05:15
8/27/2024 15:05:13 [Information] Stepper Motor Controller Disable Z Axis controls while moving to location.
8/27/2024 15:05:13 [Information] Time remaining: 00:00:01 targetEndTime = 03:05:15
8/27/2024 15:05:13 [Information] Stepper Motor Controller Disable Z Axis controls while moving to location.
8/27/2024 15:05:13 [Information] Time remaining: 00:00:01 targetEndTime = 03:05:15
8/27/2024 15:05:13 [Information] Stepper Motor Controller Disable Z Axis controls while moving to location.
8/27/2024 15:05:13 [Information] Time remaining: 00:00:01 targetEndTime = 03:05:15
8/27/2024 15:05:13 [Information] Stepper Motor Controller Disable Z Axis controls while moving to location.
8/27/2024 15:05:13 [Information] Time remaining: 00:00:01 targetEndTime = 03:05:15
8/27/2024 15:05:13 [Information] Stepper Motor Controller Disable Z Axis controls while moving to location.
8/27/2024 15:05:13 [Information] Time remaining: 00:00:01 targetEndTime = 03:05:15
8/27/2024 15:05:13 [Information] Stepper Motor Controller Disable Z Axis controls while moving to location.
8/27/2024 15:05:13 [Information] Time remaining: 00:00:01 targetEndTime = 03:05:15
8/27/2024 15:05:13 [Information] Stepper Motor Controller Disable Z Axis controls while moving to location.
8/27/2024 15:05:13 [Information] Time remaining: 00:00:01 targetEndTime = 03:05:15
8/27/2024 15:05:13 [Information] Stepper Motor Controller Disable Z Axis controls while moving to location.
8/27/2024 15:05:13 [Information] Time remaining: 00:00:01 targetEndTime = 03:05:15
8/27/2024 15:05:13 [Information] Stepper Motor Controller Disable Z Axis controls while moving to location.
8/27/2024 15:05:13 [Information] Time remaining: 00:00:01 targetEndTime = 03:05:15
8/27/2024 15:05:13 [Information] Stepper Motor Controller Disable Z Axis controls while moving to location.
8/27/2024 15:05:13 [Information] Time remaining: 00:00:01 targetEndTime = 03:05:15
8/27/2024 15:05:13 [Information] Stepper Motor Controller Disable Z Axis controls while moving to location.
8/27/2024 15:05:13 [Information] Time remaining: 00:00:01 targetEndTime = 03:05:15
8/27/2024 15:05:13 [Information] Stepper Motor Controller Disable Z Axis controls while moving to location.
8/27/2024 15:05:13 [Information] Time remaining: 00:00:01 targetEndTime = 03:05:15
8/27/2024 15:05:13 [Information] Stepper Motor Controller Disable Z Axis controls while moving to location.
8/27/2024 15:05:13 [Information] Time remaining: 00:00:01 targetEndTime = 03:05:15
8/27/2024 15:05:13 [Information] Stepper Motor Controller Disable Z Axis controls while moving to location.
8/27/2024 15:05:13 [Information] Time remaining: 00:00:01 targetEndTime = 03:05:15
8/27/2024 15:05:13 [Information] Stepper Motor Controller Disable Z Axis controls while moving to location.
8/27/2024 15:05:13 [Information] Time remaining: 00:00:01 targetEndTime = 03:05:15
8/27/2024 15:05:13 [Information] Stepper Motor Controller Disable Z Axis controls while moving to location.
8/27/2024 15:05:13 [Information] Time remaining: 00:00:01 targetEndTime = 03:05:15
8/27/2024 15:05:13 [Information] Stepper Motor Controller Disable Z Axis controls while moving to location.
8/27/2024 15:05:13 [Information] Time remaining: 00:00:01 targetEndTime = 03:05:15
8/27/2024 15:05:13 [Information] Stepper Motor Controller Disable Z Axis controls while moving to location.
8/27/2024 15:05:13 [Information] Time remaining: 00:00:01 targetEndTime = 03:05:15
8/27/2024 15:05:13 [Information] Stepper Motor Controller Disable Z Axis controls while moving to location.
8/27/2024 15:05:13 [Information] Time remaining: 00:00:01 targetEndTime = 03:05:15
8/27/2024 15:05:13 [Information] Stepper Motor Controller Disable Z Axis controls while moving to location.
8/27/2024 15:05:13 [Information] Time remaining: 00:00:01 targetEndTime = 03:05:15
8/27/2024 15:05:13 [Information] Stepper Motor Controller Disable Z Axis controls while moving to location.
8/27/2024 15:05:13 [Information] Time remaining: 00:00:01 targetEndTime = 03:05:15
8/27/2024 15:05:13 [Information] Stepper Motor Controller Disable Z Axis controls while moving to location.
8/27/2024 15:05:13 [Information] Time remaining: 00:00:01 targetEndTime = 03:05:15
8/27/2024 15:05:13 [Information] Stepper Motor Controller Disable Z Axis controls while moving to location.
8/27/2024 15:05:13 [Information] Time remaining: 00:00:01 targetEndTime = 03:05:15
8/27/2024 15:05:13 [Information] Stepper Motor Controller Disable Z Axis controls while moving to location.
8/27/2024 15:05:13 [Information] Time remaining: 00:00:01 targetEndTime = 03:05:15
8/27/2024 15:05:13 [Information] Stepper Motor Controller Disable Z Axis controls while moving to location.
8/27/2024 15:05:13 [Information] Time remaining: 00:00:01 targetEndTime = 03:05:15
8/27/2024 15:05:13 [Information] Stepper Motor Controller Disable Z Axis controls while moving to location.
8/27/2024 15:05:13 [Information] Time remaining: 00:00:01 targetEndTime = 03:05:15
8/27/2024 15:05:13 [Information] Stepper Motor Controller Disable Z Axis controls while moving to location.
8/27/2024 15:05:13 [Information] Time remaining: 00:00:01 targetEndTime = 03:05:15
8/27/2024 15:05:13 [Information] Stepper Motor Controller Disable Z Axis controls while moving to location.
8/27/2024 15:05:13 [Information] Time remaining: 00:00:01 targetEndTime = 03:05:15
8/27/2024 15:05:13 [Information] Stepper Motor Controller Disable Z Axis controls while moving to location.
8/27/2024 15:05:13 [Information] Time remaining: 00:00:01 targetEndTime = 03:05:15
8/27/2024 15:05:13 [Information] Stepper Motor Controller Disable Z Axis controls while moving to location.
8/27/2024 15:05:13 [Information] Time remaining: 00:00:01 targetEndTime = 03:05:15
8/27/2024 15:05:13 [Information] Stepper Motor Controller Disable Z Axis controls while moving to location.
8/27/2024 15:05:13 [Information] Time remaining: 00:00:01 targetEndTime = 03:05:15
8/27/2024 15:05:13 [Information] Stepper Motor Controller Disable Z Axis controls while moving to location.
8/27/2024 15:05:13 [Information] Time remaining: 00:00:01 targetEndTime = 03:05:15
8/27/2024 15:05:13 [Information] Stepper Motor Controller Disable Z Axis controls while moving to location.
8/27/2024 15:05:13 [Information] Time remaining: 00:00:01 targetEndTime = 03:05:15
8/27/2024 15:05:13 [Information] Stepper Motor Controller Disable Z Axis controls while moving to location.
8/27/2024 15:05:13 [Information] Time remaining: 00:00:01 targetEndTime = 03:05:15
8/27/2024 15:05:13 [Information] Stepper Motor Controller Disable Z Axis controls while moving to location.
8/27/2024 15:05:13 [Information] Time remaining: 00:00:01 targetEndTime = 03:05:15
8/27/2024 15:05:13 [Information] Stepper Motor Controller Disable Z Axis controls while moving to location.
8/27/2024 15:05:13 [Information] Time remaining: 00:00:01 targetEndTime = 03:05:15
8/27/2024 15:05:13 [Information] Stepper Motor Controller Disable Z Axis controls while moving to location.
8/27/2024 15:05:13 [Information] Time remaining: 00:00:01 targetEndTime = 03:05:15
8/27/2024 15:05:13 [Information] Stepper Motor Controller Disable Z Axis controls while moving to location.
8/27/2024 15:05:13 [Information] Time remaining: 00:00:01 targetEndTime = 03:05:15
8/27/2024 15:05:13 [Information] Stepper Motor Controller Disable Z Axis controls while moving to location.
8/27/2024 15:05:13 [Information] Time remaining: 00:00:01 targetEndTime = 03:05:15
8/27/2024 15:05:13 [Information] Stepper Motor Controller Disable Z Axis controls while moving to location.
8/27/2024 15:05:13 [Information] Time remaining: 00:00:01 targetEndTime = 03:05:15
8/27/2024 15:05:13 [Information] Stepper Motor Controller Disable Z Axis controls while moving to location.
8/27/2024 15:05:13 [Information] Time remaining: 00:00:01 targetEndTime = 03:05:15
8/27/2024 15:05:13 [Information] Stepper Motor Controller Disable Z Axis controls while moving to location.
8/27/2024 15:05:13 [Information] Time remaining: 00:00:01 targetEndTime = 03:05:15
8/27/2024 15:05:13 [Information] Stepper Motor Controller Disable Z Axis controls while moving to location.
8/27/2024 15:05:13 [Information] Time remaining: 00:00:01 targetEndTime = 03:05:15
8/27/2024 15:05:13 [Information] Stepper Motor Controller Disable Z Axis controls while moving to location.
8/27/2024 15:05:13 [Information] Time remaining: 00:00:01 targetEndTime = 03:05:15
8/27/2024 15:05:13 [Information] Stepper Motor Controller Disable Z Axis controls while moving to location.
8/27/2024 15:05:13 [Information] Time remaining: 00:00:01 targetEndTime = 03:05:15
8/27/2024 15:05:13 [Information] Stepper Motor Controller Disable Z Axis controls while moving to location.
8/27/2024 15:05:13 [Information] Time remaining: 00:00:01 targetEndTime = 03:05:15
8/27/2024 15:05:13 [Information] Stepper Motor Controller Disable Z Axis controls while moving to location.
8/27/2024 15:05:13 [Information] Time remaining: 00:00:01 targetEndTime = 03:05:15
8/27/2024 15:05:13 [Information] Stepper Motor Controller Disable Z Axis controls while moving to location.
8/27/2024 15:05:13 [Information] Time remaining: 00:00:01 targetEndTime = 03:05:15
8/27/2024 15:05:13 [Information] Stepper Motor Controller Disable Z Axis controls while moving to location.
8/27/2024 15:05:13 [Information] Time remaining: 00:00:01 targetEndTime = 03:05:15
8/27/2024 15:05:13 [Information] Stepper Motor Controller Disable Z Axis controls while moving to location.
8/27/2024 15:05:13 [Information] Time remaining: 00:00:01 targetEndTime = 03:05:15
8/27/2024 15:05:13 [Information] Stepper Motor Controller Disable Z Axis controls while moving to location.
8/27/2024 15:05:13 [Information] Time remaining: 00:00:01 targetEndTime = 03:05:15
8/27/2024 15:05:13 [Information] Stepper Motor Controller Disable Z Axis controls while moving to location.
8/27/2024 15:05:13 [Information] Time remaining: 00:00:02 targetEndTime = 03:05:15
8/27/2024 15:05:13 [Information] Stepper Motor Controller Disable Z Axis controls while moving to location.
8/27/2024 15:05:13 [Information] Time remaining: 00:00:02 targetEndTime = 03:05:15
8/27/2024 15:05:13 [Information] Stepper Motor Controller Disable Z Axis controls while moving to location.
8/27/2024 15:05:13 [Information] Time remaining: 00:00:02 targetEndTime = 03:05:15
8/27/2024 15:05:13 [Information] Stepper Motor Controller Disable Z Axis controls while moving to location.
8/27/2024 15:05:13 [Information] Time remaining: 00:00:02 targetEndTime = 03:05:15
8/27/2024 15:05:14 [Information] Stepper Motor Controller Disable Z Axis controls while moving to location.
8/27/2024 15:05:14 [Information] Time remaining: 00:00:02 targetEndTime = 03:05:15
8/27/2024 15:05:14 [Information] Stepper Motor Controller Disable Z Axis controls while moving to location.
8/27/2024 15:05:14 [Information] Time remaining: 00:00:02 targetEndTime = 03:05:15
8/27/2024 15:05:14 [Information] Stepper Motor Controller Disable Z Axis controls while moving to location.
8/27/2024 15:05:14 [Information] Time remaining: 00:00:02 targetEndTime = 03:05:15
8/27/2024 15:05:14 [Information] Stepper Motor Controller Disable Z Axis controls while moving to location.
8/27/2024 15:05:14 [Information] Time remaining: 00:00:02 targetEndTime = 03:05:15
8/27/2024 15:05:14 [Information] Stepper Motor Controller Disable Z Axis controls while moving to location.
8/27/2024 15:05:14 [Information] Time remaining: 00:00:02 targetEndTime = 03:05:15
8/27/2024 15:05:14 [Information] Stepper Motor Controller Disable Z Axis controls while moving to location.
8/27/2024 15:05:14 [Information] Time remaining: 00:00:02 targetEndTime = 03:05:15
8/27/2024 15:05:14 [Information] Stepper Motor Controller Disable Z Axis controls while moving to location.
8/27/2024 15:05:14 [Information] Time remaining: 00:00:02 targetEndTime = 03:05:15
8/27/2024 15:05:14 [Information] Stepper Motor Controller Disable Z Axis controls while moving to location.
8/27/2024 15:05:14 [Information] Time remaining: 00:00:02 targetEndTime = 03:05:15
8/27/2024 15:05:14 [Information] Stepper Motor Controller Disable Z Axis controls while moving to location.
8/27/2024 15:05:14 [Information] Time remaining: 00:00:02 targetEndTime = 03:05:15
8/27/2024 15:05:14 [Information] Stepper Motor Controller Disable Z Axis controls while moving to location.
8/27/2024 15:05:14 [Information] Time remaining: 00:00:02 targetEndTime = 03:05:15
8/27/2024 15:05:14 [Information] Stepper Motor Controller Disable Z Axis controls while moving to location.
8/27/2024 15:05:14 [Information] Time remaining: 00:00:02 targetEndTime = 03:05:15
8/27/2024 15:05:14 [Information] Stepper Motor Controller Disable Z Axis controls while moving to location.
8/27/2024 15:05:14 [Information] Time remaining: 00:00:02 targetEndTime = 03:05:15
8/27/2024 15:05:14 [Information] Stepper Motor Controller Disable Z Axis controls while moving to location.
8/27/2024 15:05:14 [Information] Time remaining: 00:00:02 targetEndTime = 03:05:15
8/27/2024 15:05:14 [Information] Stepper Motor Controller Disable Z Axis controls while moving to location.
8/27/2024 15:05:14 [Information] Time remaining: 00:00:02 targetEndTime = 03:05:15
8/27/2024 15:05:14 [Information] Stepper Motor Controller Disable Z Axis controls while moving to location.
8/27/2024 15:05:14 [Information] Time remaining: 00:00:02 targetEndTime = 03:05:15
8/27/2024 15:05:14 [Information] Stepper Motor Controller Disable Z Axis controls while moving to location.
8/27/2024 15:05:14 [Information] Time remaining: 00:00:02 targetEndTime = 03:05:15
8/27/2024 15:05:14 [Information] Stepper Motor Controller Disable Z Axis controls while moving to location.
8/27/2024 15:05:14 [Information] Time remaining: 00:00:02 targetEndTime = 03:05:15
8/27/2024 15:05:14 [Information] Stepper Motor Controller Disable Z Axis controls while moving to location.
8/27/2024 15:05:14 [Information] Time remaining: 00:00:02 targetEndTime = 03:05:15
8/27/2024 15:05:14 [Information] Stepper Motor Controller Disable Z Axis controls while moving to location.
8/27/2024 15:05:14 [Information] Time remaining: 00:00:02 targetEndTime = 03:05:15
8/27/2024 15:05:14 [Information] Stepper Motor Controller Disable Z Axis controls while moving to location.
8/27/2024 15:05:14 [Information] Time remaining: 00:00:02 targetEndTime = 03:05:15
8/27/2024 15:05:14 [Information] Stepper Motor Controller Disable Z Axis controls while moving to location.
8/27/2024 15:05:14 [Information] Time remaining: 00:00:02 targetEndTime = 03:05:15
8/27/2024 15:05:14 [Information] Stepper Motor Controller Disable Z Axis controls while moving to location.
8/27/2024 15:05:14 [Information] Time remaining: 00:00:02 targetEndTime = 03:05:15
8/27/2024 15:05:14 [Information] Stepper Motor Controller Disable Z Axis controls while moving to location.
8/27/2024 15:05:14 [Information] Time remaining: 00:00:02 targetEndTime = 03:05:15
8/27/2024 15:05:14 [Information] Stepper Motor Controller Disable Z Axis controls while moving to location.
8/27/2024 15:05:14 [Information] Time remaining: 00:00:02 targetEndTime = 03:05:15
8/27/2024 15:05:14 [Information] Stepper Motor Controller Disable Z Axis controls while moving to location.
8/27/2024 15:05:14 [Information] Time remaining: 00:00:02 targetEndTime = 03:05:15
8/27/2024 15:05:14 [Information] Stepper Motor Controller Disable Z Axis controls while moving to location.
8/27/2024 15:05:14 [Information] Time remaining: 00:00:02 targetEndTime = 03:05:15
8/27/2024 15:05:14 [Information] Stepper Motor Controller Disable Z Axis controls while moving to location.
8/27/2024 15:05:14 [Information] Time remaining: 00:00:02 targetEndTime = 03:05:15
8/27/2024 15:05:14 [Information] Stepper Motor Controller Disable Z Axis controls while moving to location.
8/27/2024 15:05:14 [Information] Time remaining: 00:00:02 targetEndTime = 03:05:15
8/27/2024 15:05:14 [Information] Stepper Motor Controller Disable Z Axis controls while moving to location.
8/27/2024 15:05:14 [Information] Time remaining: 00:00:02 targetEndTime = 03:05:15
8/27/2024 15:05:14 [Information] Stepper Motor Controller Disable Z Axis controls while moving to location.
8/27/2024 15:05:14 [Information] Time remaining: 00:00:02 targetEndTime = 03:05:15
8/27/2024 15:05:14 [Information] Stepper Motor Controller Disable Z Axis controls while moving to location.
8/27/2024 15:05:14 [Information] Time remaining: 00:00:02 targetEndTime = 03:05:15
8/27/2024 15:05:14 [Information] Stepper Motor Controller Disable Z Axis controls while moving to location.
8/27/2024 15:05:14 [Information] Time remaining: 00:00:02 targetEndTime = 03:05:15
8/27/2024 15:05:14 [Information] Stepper Motor Controller Disable Z Axis controls while moving to location.
8/27/2024 15:05:14 [Information] Time remaining: 00:00:02 targetEndTime = 03:05:15
8/27/2024 15:05:14 [Information] Stepper Motor Controller Disable Z Axis controls while moving to location.
8/27/2024 15:05:14 [Information] Time remaining: 00:00:02 targetEndTime = 03:05:15
8/27/2024 15:05:14 [Information] Stepper Motor Controller Disable Z Axis controls while moving to location.
8/27/2024 15:05:14 [Information] Time remaining: 00:00:02 targetEndTime = 03:05:15
8/27/2024 15:05:14 [Information] Stepper Motor Controller Disable Z Axis controls while moving to location.
8/27/2024 15:05:14 [Information] Time remaining: 00:00:02 targetEndTime = 03:05:15
8/27/2024 15:05:14 [Information] Stepper Motor Controller Disable Z Axis controls while moving to location.
8/27/2024 15:05:14 [Information] Time remaining: 00:00:02 targetEndTime = 03:05:15
8/27/2024 15:05:14 [Information] Stepper Motor Controller Disable Z Axis controls while moving to location.
8/27/2024 15:05:14 [Information] Time remaining: 00:00:02 targetEndTime = 03:05:15
8/27/2024 15:05:14 [Information] Stepper Motor Controller Disable Z Axis controls while moving to location.
8/27/2024 15:05:14 [Information] Time remaining: 00:00:02 targetEndTime = 03:05:15
8/27/2024 15:05:14 [Information] Stepper Motor Controller Disable Z Axis controls while moving to location.
8/27/2024 15:05:14 [Information] Time remaining: 00:00:02 targetEndTime = 03:05:15
8/27/2024 15:05:14 [Information] Stepper Motor Controller Disable Z Axis controls while moving to location.
8/27/2024 15:05:14 [Information] Time remaining: 00:00:02 targetEndTime = 03:05:15
8/27/2024 15:05:14 [Information] Stepper Motor Controller Disable Z Axis controls while moving to location.
8/27/2024 15:05:14 [Information] Time remaining: 00:00:02 targetEndTime = 03:05:15
8/27/2024 15:05:14 [Information] Stepper Motor Controller Disable Z Axis controls while moving to location.
8/27/2024 15:05:14 [Information] Time remaining: 00:00:02 targetEndTime = 03:05:15
8/27/2024 15:05:14 [Information] Stepper Motor Controller Disable Z Axis controls while moving to location.
8/27/2024 15:05:14 [Information] Time remaining: 00:00:02 targetEndTime = 03:05:15
8/27/2024 15:05:14 [Information] Stepper Motor Controller Disable Z Axis controls while moving to location.
8/27/2024 15:05:14 [Information] Time remaining: 00:00:02 targetEndTime = 03:05:15
8/27/2024 15:05:14 [Information] Stepper Motor Controller Disable Z Axis controls while moving to location.
8/27/2024 15:05:14 [Information] Time remaining: 00:00:02 targetEndTime = 03:05:15
8/27/2024 15:05:14 [Information] Stepper Motor Controller Disable Z Axis controls while moving to location.
8/27/2024 15:05:14 [Information] Time remaining: 00:00:02 targetEndTime = 03:05:15
8/27/2024 15:05:14 [Information] Stepper Motor Controller Disable Z Axis controls while moving to location.
8/27/2024 15:05:14 [Information] Time remaining: 00:00:02 targetEndTime = 03:05:15
8/27/2024 15:05:14 [Information] Stepper Motor Controller Disable Z Axis controls while moving to location.
8/27/2024 15:05:14 [Information] Time remaining: 00:00:02 targetEndTime = 03:05:15
8/27/2024 15:05:14 [Information] Stepper Motor Controller Disable Z Axis controls while moving to location.
8/27/2024 15:05:14 [Information] Time remaining: 00:00:02 targetEndTime = 03:05:15
8/27/2024 15:05:14 [Information] Stepper Motor Controller Disable Z Axis controls while moving to location.
8/27/2024 15:05:14 [Information] Time remaining: 00:00:02 targetEndTime = 03:05:15
8/27/2024 15:05:14 [Information] Stepper Motor Controller Disable Z Axis controls while moving to location.
8/27/2024 15:05:14 [Information] Time remaining: 00:00:02 targetEndTime = 03:05:15
8/27/2024 15:05:14 [Information] Stepper Motor Controller Disable Z Axis controls while moving to location.
8/27/2024 15:05:14 [Information] Time remaining: 00:00:02 targetEndTime = 03:05:15
8/27/2024 15:05:14 [Information] Stepper Motor Controller Disable Z Axis controls while moving to location.
8/27/2024 15:05:14 [Information] Time remaining: 00:00:03 targetEndTime = 03:05:15
8/27/2024 15:05:14 [Information] Stepper Motor Controller Disable Z Axis controls while moving to location.
8/27/2024 15:05:14 [Information] Time remaining: 00:00:03 targetEndTime = 03:05:15
8/27/2024 15:05:15 [Information] Stepper Motor Controller Disable Z Axis controls while moving to location.
8/27/2024 15:05:15 [Information] Time remaining: 00:00:03 targetEndTime = 03:05:15
8/27/2024 15:05:15 [Information] Stepper Motor Controller Disable Z Axis controls while moving to location.
8/27/2024 15:05:15 [Information] Time remaining: 00:00:03 targetEndTime = 03:05:15
8/27/2024 15:05:15 [Information] Stepper Motor Controller Disable Z Axis controls while moving to location.
8/27/2024 15:05:15 [Information] Time remaining: 00:00:03 targetEndTime = 03:05:15
8/27/2024 15:05:15 [Information] Stepper Motor Controller Disable Z Axis controls while moving to location.
8/27/2024 15:05:15 [Information] Time remaining: 00:00:03 targetEndTime = 03:05:15
8/27/2024 15:05:15 [Information] Stepper Motor Controller Disable Z Axis controls while moving to location.
8/27/2024 15:05:15 [Information] Time remaining: 00:00:03 targetEndTime = 03:05:15
8/27/2024 15:05:15 [Information] Stepper Motor Controller Disable Z Axis controls while moving to location.
8/27/2024 15:05:15 [Information] Time remaining: 00:00:03 targetEndTime = 03:05:15
8/27/2024 15:05:15 [Information] Stepper Motor Controller Disable Z Axis controls while moving to location.
8/27/2024 15:05:15 [Information] Time remaining: 00:00:03 targetEndTime = 03:05:15
8/27/2024 15:05:15 [Information] Stepper Motor Controller Disable Z Axis controls while moving to location.
8/27/2024 15:05:15 [Information] Time remaining: 00:00:03 targetEndTime = 03:05:15
8/27/2024 15:05:15 [Information] Stepper Motor Controller Disable Z Axis controls while moving to location.
8/27/2024 15:05:15 [Information] Time remaining: 00:00:03 targetEndTime = 03:05:15
8/27/2024 15:05:15 [Information] Stepper Motor Controller Disable Z Axis controls while moving to location.
8/27/2024 15:05:15 [Information] Time remaining: 00:00:03 targetEndTime = 03:05:15
8/27/2024 15:05:15 [Information] Stepper Motor Controller Disable Z Axis controls while moving to location.
8/27/2024 15:05:15 [Information] Time remaining: 00:00:03 targetEndTime = 03:05:15
8/27/2024 15:05:15 [Information] Stepper Motor Controller Disable Z Axis controls while moving to location.
8/27/2024 15:05:15 [Information] Time remaining: 00:00:03 targetEndTime = 03:05:15
8/27/2024 15:05:15 [Information] Stepper Motor Controller Disable Z Axis controls while moving to location.
8/27/2024 15:05:15 [Information] Time remaining: 00:00:03 targetEndTime = 03:05:15
8/27/2024 15:05:15 [Information] Stepper Motor Controller Disable Z Axis controls while moving to location.
8/27/2024 15:05:15 [Information] Time remaining: 00:00:03 targetEndTime = 03:05:15
8/27/2024 15:05:15 [Information] Stepper Motor Controller Disable Z Axis controls while moving to location.
8/27/2024 15:05:15 [Information] Time remaining: 00:00:03 targetEndTime = 03:05:15
8/27/2024 15:05:15 [Information] Stepper Motor Controller Disable Z Axis controls while moving to location.
8/27/2024 15:05:15 [Information] Time remaining: 00:00:03 targetEndTime = 03:05:15
8/27/2024 15:05:15 [Information] Stepper Motor Controller Disable Z Axis controls while moving to location.
8/27/2024 15:05:15 [Information] Time remaining: 00:00:03 targetEndTime = 03:05:15
8/27/2024 15:05:15 [Information] Stepper Motor Controller Disable Z Axis controls while moving to location.
8/27/2024 15:05:15 [Information] Time remaining: 00:00:03 targetEndTime = 03:05:15
8/27/2024 15:05:15 [Information] Stepper Motor Controller Disable Z Axis controls while moving to location.
8/27/2024 15:05:15 [Information] Time remaining: 00:00:03 targetEndTime = 03:05:15
8/27/2024 15:05:15 [Information] Stepper Motor Controller Disable Z Axis controls while moving to location.
8/27/2024 15:05:15 [Information] Time remaining: 00:00:03 targetEndTime = 03:05:15
8/27/2024 15:05:15 [Information] Stepper Motor Controller Disable Z Axis controls while moving to location.
8/27/2024 15:05:15 [Information] Time remaining: 00:00:03 targetEndTime = 03:05:15
8/27/2024 15:05:15 [Information] Stepper Motor Controller Disable Z Axis controls while moving to location.
8/27/2024 15:05:15 [Information] Time remaining: 00:00:03 targetEndTime = 03:05:15
8/27/2024 15:05:15 [Information] Stepper Motor Controller Disable Z Axis controls while moving to location.
8/27/2024 15:05:15 [Information] Time remaining: 00:00:03 targetEndTime = 03:05:15
8/27/2024 15:05:15 [Information] Stepper Motor Controller Disable Z Axis controls while moving to location.
8/27/2024 15:05:15 [Information] Time remaining: 00:00:03 targetEndTime = 03:05:15
8/27/2024 15:05:15 [Information] Stepper Motor Controller Disable Z Axis controls while moving to location.
8/27/2024 15:05:15 [Information] Time remaining: 00:00:03 targetEndTime = 03:05:15
8/27/2024 15:05:15 [Information] Stepper Motor Controller Disable Z Axis controls while moving to location.
8/27/2024 15:05:15 [Information] Time remaining: 00:00:03 targetEndTime = 03:05:15
8/27/2024 15:05:15 [Information] Stepper Motor Controller Disable Z Axis controls while moving to location.
8/27/2024 15:05:15 [Information] Time remaining: 00:00:03 targetEndTime = 03:05:15
8/27/2024 15:05:15 [Information] Stepper Motor Controller Disable Z Axis controls while moving to location.
8/27/2024 15:05:15 [Information] Time remaining: 00:00:03 targetEndTime = 03:05:15
8/27/2024 15:05:15 [Information] Stepper Motor Controller Disable Z Axis controls while moving to location.
8/27/2024 15:05:15 [Information] Time remaining: 00:00:03 targetEndTime = 03:05:15
8/27/2024 15:05:15 [Information] Stepper Motor Controller Disable Z Axis controls while moving to location.
8/27/2024 15:05:15 [Information] Time remaining: 00:00:03 targetEndTime = 03:05:15
8/27/2024 15:05:15 [Information] Stepper Motor Controller Disable Z Axis controls while moving to location.
8/27/2024 15:05:15 [Information] Time remaining: 00:00:03 targetEndTime = 03:05:15
8/27/2024 15:05:15 [Information] Stepper Motor Controller Disable Z Axis controls while moving to location.
8/27/2024 15:05:15 [Information] Time remaining: 00:00:03 targetEndTime = 03:05:15
8/27/2024 15:05:15 [Information] Stepper Motor Controller Disable Z Axis controls while moving to location.
8/27/2024 15:05:15 [Information] Time remaining: 00:00:03 targetEndTime = 03:05:15
8/27/2024 15:05:15 [Information] Stepper Motor Controller Disable Z Axis controls while moving to location.
8/27/2024 15:05:15 [Information] Time remaining: 00:00:03 targetEndTime = 03:05:15
8/27/2024 15:05:15 [Information] Stepper Motor Controller Disable Z Axis controls while moving to location.
8/27/2024 15:05:15 [Information] Time remaining: 00:00:03 targetEndTime = 03:05:15
8/27/2024 15:05:15 [Information] Stepper Motor Controller Disable Z Axis controls while moving to location.
8/27/2024 15:05:15 [Information] Time remaining: 00:00:03 targetEndTime = 03:05:15
8/27/2024 15:05:15 [Information] Stepper Motor Controller Disable Z Axis controls while moving to location.
8/27/2024 15:05:15 [Information] Time remaining: 00:00:03 targetEndTime = 03:05:15
8/27/2024 15:05:15 [Information] Stepper Motor Controller Disable Z Axis controls while moving to location.
8/27/2024 15:05:15 [Information] Time remaining: 00:00:03 targetEndTime = 03:05:15
8/27/2024 15:05:15 [Information] Stepper Motor Controller Disable Z Axis controls while moving to location.
8/27/2024 15:05:15 [Information] Time remaining: 00:00:03 targetEndTime = 03:05:15
8/27/2024 15:05:15 [Information] Stepper Motor Controller Disable Z Axis controls while moving to location.
8/27/2024 15:05:15 [Information] Time remaining: 00:00:03 targetEndTime = 03:05:15
8/27/2024 15:05:15 [Information] Stepper Motor Controller Disable Z Axis controls while moving to location.
8/27/2024 15:05:15 [Information] Time remaining: 00:00:03 targetEndTime = 03:05:15
8/27/2024 15:05:15 [Information] Stepper Motor Controller Disable Z Axis controls while moving to location.
8/27/2024 15:05:15 [Information] Time remaining: 00:00:03 targetEndTime = 03:05:15
8/27/2024 15:05:15 [Information] Stepper Motor Controller Disable Z Axis controls while moving to location.
8/27/2024 15:05:15 [Information] Time remaining: 00:00:03 targetEndTime = 03:05:15
8/27/2024 15:05:15 [Information] Stepper Motor Controller Disable Z Axis controls while moving to location.
8/27/2024 15:05:15 [Information] Time remaining: 00:00:03 targetEndTime = 03:05:15
8/27/2024 15:05:15 [Information] Stepper Motor Controller Disable Z Axis controls while moving to location.
8/27/2024 15:05:15 [Information] Time remaining: 00:00:03 targetEndTime = 03:05:15
8/27/2024 15:05:15 [Information] Stepper Motor Controller Disable Z Axis controls while moving to location.
8/27/2024 15:05:15 [Information] Time remaining: 00:00:03 targetEndTime = 03:05:15
8/27/2024 15:05:15 [Information] Stepper Motor Controller Disable Z Axis controls while moving to location.
8/27/2024 15:05:15 [Information] Time remaining: 00:00:03 targetEndTime = 03:05:15
8/27/2024 15:05:15 [Information] Stepper Motor Controller Disable Z Axis controls while moving to location.
8/27/2024 15:05:15 [Information] Time remaining: 00:00:03 targetEndTime = 03:05:15
8/27/2024 15:05:15 [Information] Stepper Motor Controller Disable Z Axis controls while moving to location.
8/27/2024 15:05:15 [Information] Time remaining: 00:00:03 targetEndTime = 03:05:15
8/27/2024 15:05:15 [Information] Stepper Motor Controller Disable Z Axis controls while moving to location.
8/27/2024 15:05:15 [Information] Time remaining: 00:00:03 targetEndTime = 03:05:15
8/27/2024 15:05:15 [Information] Stepper Motor Controller Disable Z Axis controls while moving to location.
8/27/2024 15:05:15 [Information] Time remaining: 00:00:03 targetEndTime = 03:05:15
8/27/2024 15:05:15 [Information] Stepper Motor Controller Disable Z Axis controls while moving to location.
8/27/2024 15:05:15 [Information] Time remaining: 00:00:03 targetEndTime = 03:05:15
8/27/2024 15:05:15 [Information] Stepper Motor Controller Disable Z Axis controls while moving to location.
8/27/2024 15:05:15 [Information] Time remaining: 00:00:03 targetEndTime = 03:05:15
8/27/2024 15:05:15 [Information] Stepper Motor Controller Disable Z Axis controls while moving to location.
8/27/2024 15:05:15 [Information] Time remaining: 00:00:03 targetEndTime = 03:05:15
8/27/2024 15:05:15 [Information] Stepper Motor Controller Enable Z Axis controls after moving to location.
8/27/2024 15:05:15 [Information] Stepper Motor Controller Stopwatch Stopped.
8/27/2024 15:05:15 [Information] Stepper Motor Controller Timer Stopped.
8/27/2024 15:05:15 [Information] Stepper Motor Controller Stopwatch Reset.
8/27/2024 15:05:31 [Information] Z Axis Data Received: ????????????????????????????????????????????????????????????????h
8/27/2024 15:05:31 [Information] Z Axis Data Received: e limi
8/27/2024 15:05:31 [Information] Z Axis Data Received: t
8/27/2024 15:05:31 [Information] Z Axis Data Received:  swi
8/27/2024 15:05:31 [Information] Z Axis Data Received: tch: 
8/27/2024 15:05:31 [Information] Z Axis Data Received: TOUC
8/27/2024 15:05:31 [Information] Z Axis Data Received: HED

8/27/2024 15:05:31 [Information] Z Axis Data Received: The 
8/27/2024 15:05:31 [Information] Z Axis Data Received: direc
8/27/2024 15:05:31 [Information] Z Axis Data Received: tio
8/27/2024 15:05:31 [Information] Z Axis Data Received: n -> A
8/27/2024 15:05:31 [Information] Z Axis Data Received: NTI
8/27/2024 15:05:31 [Information] Z Axis Data Received: -CL
8/27/2024 15:05:32 [Information] Z Axis Data Received: OC
8/27/2024 15:05:33 [Information] Z Axis Data Received: KWISE

8/27/2024 15:05:40 [Information] Z Axis Data Received: ????????????????????????????????????????????????????????????????h
8/27/2024 15:05:40 [Information] Z Axis Data Received: e
8/27/2024 15:05:40 [Information] Z Axis Data Received:  
8/27/2024 15:05:40 [Information] Z Axis Data Received: l
8/27/2024 15:05:40 [Information] Z Axis Data Received: i
8/27/2024 15:05:40 [Information] Z Axis Data Received: m
8/27/2024 15:05:40 [Information] Z Axis Data Received: i
8/27/2024 15:05:40 [Information] Z Axis Data Received: t
8/27/2024 15:05:40 [Information] Z Axis Data Received:  
8/27/2024 15:05:40 [Information] Z Axis Data Received: s
8/27/2024 15:05:40 [Information] Z Axis Data Received: w
8/27/2024 15:05:40 [Information] Z Axis Data Received: i
8/27/2024 15:05:40 [Information] Z Axis Data Received: t
8/27/2024 15:05:40 [Information] Z Axis Data Received: c
8/27/2024 15:05:40 [Information] Z Axis Data Received: h
8/27/2024 15:05:40 [Information] Z Axis Data Received: :
8/27/2024 15:05:40 [Information] Z Axis Data Received:  
8/27/2024 15:05:40 [Information] Z Axis Data Received: T
8/27/2024 15:05:40 [Information] Z Axis Data Received: O
8/27/2024 15:05:40 [Information] Z Axis Data Received: U
8/27/2024 15:05:40 [Information] Z Axis Data Received: C
8/27/2024 15:05:40 [Information] Z Axis Data Received: H
8/27/2024 15:05:40 [Information] Z Axis Data Received: E
8/27/2024 15:05:40 [Information] Z Axis Data Received: D
8/27/2024 15:05:40 [Information] Z Axis Data Received: 
8/27/2024 15:05:40 [Information] Z Axis Data Received: 

8/27/2024 15:05:40 [Information] Z Axis Data Received: T
8/27/2024 15:05:40 [Information] Z Axis Data Received: h
8/27/2024 15:05:40 [Information] Z Axis Data Received: e
8/27/2024 15:05:40 [Information] Z Axis Data Received:  
8/27/2024 15:05:40 [Information] Z Axis Data Received: d
8/27/2024 15:05:40 [Information] Z Axis Data Received: i
8/27/2024 15:05:40 [Information] Z Axis Data Received: r
8/27/2024 15:05:40 [Information] Z Axis Data Received: e
8/27/2024 15:05:40 [Information] Z Axis Data Received: c
8/27/2024 15:05:40 [Information] Z Axis Data Received: t
8/27/2024 15:05:40 [Information] Z Axis Data Received: i
8/27/2024 15:05:40 [Information] Z Axis Data Received: o
8/27/2024 15:05:40 [Information] Z Axis Data Received: n
8/27/2024 15:05:40 [Information] Z Axis Data Received:  
8/27/2024 15:05:40 [Information] Z Axis Data Received: -
8/27/2024 15:05:40 [Information] Z Axis Data Received: >
8/27/2024 15:05:40 [Information] Z Axis Data Received:  
8/27/2024 15:05:40 [Information] Z Axis Data Received: C
8/27/2024 15:05:40 [Information] Z Axis Data Received: L
8/27/2024 15:05:40 [Information] Z Axis Data Received: O
8/27/2024 15:05:40 [Information] Z Axis Data Received: C
8/27/2024 15:05:40 [Information] Z Axis Data Received: K
8/27/2024 15:05:40 [Information] Z Axis Data Received: W
8/27/2024 15:05:40 [Information] Z Axis Data Received: I
8/27/2024 15:05:41 [Information] Z Axis Data Received: S
8/27/2024 15:05:41 [Information] Z Axis Data Received: E
8/27/2024 15:05:41 [Information] Z Axis Data Received: 
8/27/2024 15:05:41 [Information] Z Axis Data Received: 

8/27/2024 15:06:26 [Information] Z Axis Data Received: The limit s
8/27/2024 15:06:26 [Information] Z Axis Data Received: witch:
8/27/2024 15:06:26 [Information] Z Axis Data Received:  TO
8/27/2024 15:06:26 [Information] Z Axis Data Received: UCHE
8/27/2024 15:06:26 [Information] Z Axis Data Received: D
T
8/27/2024 15:06:26 [Information] Z Axis Data Received: he di
8/27/2024 15:06:26 [Information] Z Axis Data Received: recti
8/27/2024 15:06:26 [Information] Z Axis Data Received: on -
8/27/2024 15:06:26 [Information] Z Axis Data Received: > ANT
8/27/2024 15:06:26 [Information] Z Axis Data Received: I-CLOC
8/27/2024 15:06:26 [Information] Z Axis Data Received: KWIS
8/27/2024 15:06:27 [Information] Z Axis Data Received: E

8/27/2024 15:06:36 [Information] Z Axis Data Received: T
8/27/2024 15:06:36 [Information] Z Axis Data Received: h
8/27/2024 15:06:36 [Information] Z Axis Data Received: e
8/27/2024 15:06:36 [Information] Z Axis Data Received:  
8/27/2024 15:06:36 [Information] Z Axis Data Received: l
8/27/2024 15:06:36 [Information] Z Axis Data Received: i
8/27/2024 15:06:36 [Information] Z Axis Data Received: m
8/27/2024 15:06:36 [Information] Z Axis Data Received: i
8/27/2024 15:06:36 [Information] Z Axis Data Received: t
8/27/2024 15:06:36 [Information] Z Axis Data Received:  
8/27/2024 15:06:36 [Information] Z Axis Data Received: s
8/27/2024 15:06:36 [Information] Z Axis Data Received: w
8/27/2024 15:06:36 [Information] Z Axis Data Received: i
8/27/2024 15:06:36 [Information] Z Axis Data Received: t
8/27/2024 15:06:36 [Information] Z Axis Data Received: c
8/27/2024 15:06:36 [Information] Z Axis Data Received: h
8/27/2024 15:06:36 [Information] Z Axis Data Received: :
8/27/2024 15:06:36 [Information] Z Axis Data Received:  
8/27/2024 15:06:36 [Information] Z Axis Data Received: T
8/27/2024 15:06:36 [Information] Z Axis Data Received: O
8/27/2024 15:06:36 [Information] Z Axis Data Received: U
8/27/2024 15:06:36 [Information] Z Axis Data Received: C
8/27/2024 15:06:36 [Information] Z Axis Data Received: H
8/27/2024 15:06:36 [Information] Z Axis Data Received: E
8/27/2024 15:06:36 [Information] Z Axis Data Received: D
8/27/2024 15:06:36 [Information] Z Axis Data Received: 
8/27/2024 15:06:36 [Information] Z Axis Data Received: 

8/27/2024 15:06:36 [Information] Z Axis Data Received: T
8/27/2024 15:06:36 [Information] Z Axis Data Received: h
8/27/2024 15:06:36 [Information] Z Axis Data Received: e
8/27/2024 15:06:36 [Information] Z Axis Data Received:  
8/27/2024 15:06:36 [Information] Z Axis Data Received: d
8/27/2024 15:06:36 [Information] Z Axis Data Received: i
8/27/2024 15:06:36 [Information] Z Axis Data Received: r
8/27/2024 15:06:36 [Information] Z Axis Data Received: e
8/27/2024 15:06:36 [Information] Z Axis Data Received: c
8/27/2024 15:06:36 [Information] Z Axis Data Received: t
8/27/2024 15:06:36 [Information] Z Axis Data Received: i
8/27/2024 15:06:36 [Information] Z Axis Data Received: o
8/27/2024 15:06:36 [Information] Z Axis Data Received: n
8/27/2024 15:06:36 [Information] Z Axis Data Received:  
8/27/2024 15:06:36 [Information] Z Axis Data Received: -
8/27/2024 15:06:36 [Information] Z Axis Data Received: >
8/27/2024 15:06:36 [Information] Z Axis Data Received:  
8/27/2024 15:06:36 [Information] Z Axis Data Received: C
8/27/2024 15:06:36 [Information] Z Axis Data Received: L
8/27/2024 15:06:36 [Information] Z Axis Data Received: O
8/27/2024 15:06:36 [Information] Z Axis Data Received: C
8/27/2024 15:06:36 [Information] Z Axis Data Received: K
8/27/2024 15:06:36 [Information] Z Axis Data Received: W
8/27/2024 15:06:36 [Information] Z Axis Data Received: I
8/27/2024 15:06:36 [Information] Z Axis Data Received: S
8/27/2024 15:06:36 [Information] Z Axis Data Received: E
8/27/2024 15:06:36 [Information] Z Axis Data Received: 
8/27/2024 15:06:36 [Information] Z Axis Data Received: 

8/27/2024 15:06:39 [Information] Z Axis Data Received: T
8/27/2024 15:06:39 [Information] Z Axis Data Received: h
8/27/2024 15:06:39 [Information] Z Axis Data Received: e
8/27/2024 15:06:39 [Information] Z Axis Data Received:  
8/27/2024 15:06:39 [Information] Z Axis Data Received: l
8/27/2024 15:06:39 [Information] Z Axis Data Received: i
8/27/2024 15:06:39 [Information] Z Axis Data Received: m
8/27/2024 15:06:39 [Information] Z Axis Data Received: i
8/27/2024 15:06:39 [Information] Z Axis Data Received: t
8/27/2024 15:06:39 [Information] Z Axis Data Received:  
8/27/2024 15:06:39 [Information] Z Axis Data Received: s
8/27/2024 15:06:39 [Information] Z Axis Data Received: w
8/27/2024 15:06:39 [Information] Z Axis Data Received: i
8/27/2024 15:06:39 [Information] Z Axis Data Received: t
8/27/2024 15:06:39 [Information] Z Axis Data Received: c
8/27/2024 15:06:39 [Information] Z Axis Data Received: h
8/27/2024 15:06:39 [Information] Z Axis Data Received: :
8/27/2024 15:06:39 [Information] Z Axis Data Received:  
8/27/2024 15:06:39 [Information] Z Axis Data Received: T
8/27/2024 15:06:39 [Information] Z Axis Data Received: O
8/27/2024 15:06:39 [Information] Z Axis Data Received: U
8/27/2024 15:06:39 [Information] Z Axis Data Received: C
8/27/2024 15:06:39 [Information] Z Axis Data Received: H
8/27/2024 15:06:39 [Information] Z Axis Data Received: E
8/27/2024 15:06:39 [Information] Z Axis Data Received: D
8/27/2024 15:06:39 [Information] Z Axis Data Received: 
8/27/2024 15:06:39 [Information] Z Axis Data Received: 

8/27/2024 15:06:39 [Information] Z Axis Data Received: T
8/27/2024 15:06:39 [Information] Z Axis Data Received: h
8/27/2024 15:06:39 [Information] Z Axis Data Received: e
8/27/2024 15:06:39 [Information] Z Axis Data Received:  
8/27/2024 15:06:39 [Information] Z Axis Data Received: d
8/27/2024 15:06:39 [Information] Z Axis Data Received: i
8/27/2024 15:06:39 [Information] Z Axis Data Received: r
8/27/2024 15:06:39 [Information] Z Axis Data Received: e
8/27/2024 15:06:39 [Information] Z Axis Data Received: c
8/27/2024 15:06:39 [Information] Z Axis Data Received: t
8/27/2024 15:06:39 [Information] Z Axis Data Received: i
8/27/2024 15:06:39 [Information] Z Axis Data Received: o
8/27/2024 15:06:39 [Information] Z Axis Data Received: n
8/27/2024 15:06:39 [Information] Z Axis Data Received:  
8/27/2024 15:06:39 [Information] Z Axis Data Received: -
8/27/2024 15:06:39 [Information] Z Axis Data Received: >
8/27/2024 15:06:39 [Information] Z Axis Data Received:  
8/27/2024 15:06:39 [Information] Z Axis Data Received: A
8/27/2024 15:06:39 [Information] Z Axis Data Received: N
8/27/2024 15:06:39 [Information] Z Axis Data Received: T
8/27/2024 15:06:39 [Information] Z Axis Data Received: I
8/27/2024 15:06:39 [Information] Z Axis Data Received: -
8/27/2024 15:06:39 [Information] Z Axis Data Received: C
8/27/2024 15:06:39 [Information] Z Axis Data Received: L
8/27/2024 15:06:39 [Information] Z Axis Data Received: O
8/27/2024 15:06:39 [Information] Z Axis Data Received: C
8/27/2024 15:06:39 [Information] Z Axis Data Received: K
8/27/2024 15:06:39 [Information] Z Axis Data Received: W
8/27/2024 15:06:39 [Information] Z Axis Data Received: I
8/27/2024 15:06:39 [Information] Z Axis Data Received: S
8/27/2024 15:06:39 [Information] Z Axis Data Received: E
8/27/2024 15:06:39 [Information] Z Axis Data Received: 
8/27/2024 15:06:39 [Information] Z Axis Data Received: 

8/27/2024 15:06:44 [Information] Stepper Motor Controller Serial Ports closed.
8/27/2024 15:06:44 [Information] Stepper Motor Controller MainWindow Closing.
8/27/2024 15:06:44 [Information] Properties Settings Saved.
8/27/2024 15:06:44 [Information] Properties Settings Form Closed.
8/27/2024 15:06:44 [Information] Stepper Motor Controller Application Settings Saved and Window Closing.
