9/1/2024 12:56:27 [Information] X Stepper Motor Controller Application Started.
9/1/2024 12:56:27 [Information] Version: 3.0.9007.32593 (9/1/2024 12:56:27)
9/1/2024 12:56:27 [Information] X Axis SerialPort COM7 not connected.
9/1/2024 12:56:27 [Information] Y Axis SerialPort COM8 not connected.
9/1/2024 12:56:27 [Information] Version: 3.1.0.32594 (9/1/2024 12:56:27)
9/1/2024 12:56:27 [Information] Version: 3.1.0.32594 (9/1/2024 12:56:27)
9/1/2024 12:56:27 [Information] Stepper Motor Controller Application Settings Window Opened.
9/1/2024 12:56:27 [Information] Stepper Motor Controller Application Settings form is rebuilt each and every time it is opened.
9/1/2024 12:56:27 [Information] int: 9600 BaudRate added to the Settings Form.
9/1/2024 12:56:27 [Information] bool: False ckbXaxisResetToZeroIsChecked added to the Settings Form.
9/1/2024 12:56:27 [Information] bool: False ckbYaxisResetToZeroIsChecked added to the Settings Form.
9/1/2024 12:56:27 [Information] bool: False ckbZaxisResetToZeroIsChecked added to the Settings Form.
9/1/2024 12:56:27 [Information] COM1: ComPort added to the Settings Form.
9/1/2024 12:56:27 [Information] COM2: ComPort added to the Settings Form.
9/1/2024 12:56:27 [Information] COM3: ComPort added to the Settings Form.
9/1/2024 12:56:27 [Information] COM4: ComPort added to the Settings Form.
9/1/2024 12:56:27 [Information] COM5: ComPort added to the Settings Form.
9/1/2024 12:56:27 [Information] COM6: ComPort added to the Settings Form.
9/1/2024 12:56:27 [Information] COM7: ComPort added to the Settings Form.
9/1/2024 12:56:27 [Information] COM8: ComPort added to the Settings Form.
9/1/2024 12:56:27 [Information] COM9: ComPort added to the Settings Form.
9/1/2024 12:56:27 [Information] COM10: ComPort added to the Settings Form.
9/1/2024 12:56:27 [Information] decimal: 4.00 Divider4_00 added to the Settings Form.
9/1/2024 12:56:27 [Information] decimal: 0.00 MathPart2Initlz added to the Settings Form.
9/1/2024 12:56:27 [Information] decimal: 1.00 MilisecondTimerInterval added to the Settings Form.
9/1/2024 12:56:27 [Information] decimal: 1000.00 MillisecondDelay added to the Settings Form.
9/1/2024 12:56:27 [Information] int: 1000 Milliseconds added to the Settings Form.
9/1/2024 12:56:27 [Information] int: 4 mmPerRevolution added to the Settings Form.
9/1/2024 12:56:27 [Information] int: 2000 ThreadSleep added to the Settings Form.
9/1/2024 12:56:27 [Information] decimal: 0.00 Value_0_00 added to the Settings Form.
9/1/2024 12:56:27 [Information] decimal: 50.00 XaxisAcceleration added to the Settings Form.
9/1/2024 12:56:27 [Information] bool: False XaxisChanged added to the Settings Form.
9/1/2024 12:56:27 [Information] decimal: 400.00 XaxisMotorSpeed added to the Settings Form.
9/1/2024 12:56:27 [Information] decimal: 0.00 XaxisStepperCurrent added to the Settings Form.
9/1/2024 12:56:27 [Information] decimal: 0.00 XaxisStepperMove added to the Settings Form.
9/1/2024 12:56:27 [Information] XCOM1: XComPort added to the Settings Form.
9/1/2024 12:56:27 [Information] XCOM2: XComPort added to the Settings Form.
9/1/2024 12:56:27 [Information] XCOM3: XComPort added to the Settings Form.
9/1/2024 12:56:27 [Information] XCOM4: XComPort added to the Settings Form.
9/1/2024 12:56:27 [Information] XCOM5: XComPort added to the Settings Form.
9/1/2024 12:56:27 [Information] XCOM6: XComPort added to the Settings Form.
9/1/2024 12:56:27 [Information] XCOM7: XComPort added to the Settings Form.
9/1/2024 12:56:27 [Information] XCOM8: XComPort added to the Settings Form.
9/1/2024 12:56:27 [Information] XCOM9: XComPort added to the Settings Form.
9/1/2024 12:56:27 [Information] XCOM10: XComPort added to the Settings Form.
9/1/2024 12:56:27 [Information] decimal: 50.00 YaxisAcceleration added to the Settings Form.
9/1/2024 12:56:27 [Information] bool: False YaxisChanged added to the Settings Form.
9/1/2024 12:56:27 [Information] decimal: 400.00 YaxisMotorSpeed added to the Settings Form.
9/1/2024 12:56:27 [Information] decimal: 0.00 YaxisStepperCurrent added to the Settings Form.
9/1/2024 12:56:27 [Information] decimal: 0.00 YaxisStepperMove added to the Settings Form.
9/1/2024 12:56:27 [Information] YCOM1: YComPort added to the Settings Form.
9/1/2024 12:56:27 [Information] YCOM2: YComPort added to the Settings Form.
9/1/2024 12:56:27 [Information] YCOM3: YComPort added to the Settings Form.
9/1/2024 12:56:27 [Information] YCOM4: YComPort added to the Settings Form.
9/1/2024 12:56:27 [Information] YCOM5: YComPort added to the Settings Form.
9/1/2024 12:56:27 [Information] YCOM6: YComPort added to the Settings Form.
9/1/2024 12:56:27 [Information] YCOM7: YComPort added to the Settings Form.
9/1/2024 12:56:27 [Information] YCOM8: YComPort added to the Settings Form.
9/1/2024 12:56:27 [Information] YCOM9: YComPort added to the Settings Form.
9/1/2024 12:56:27 [Information] YCOM10: YComPort added to the Settings Form.
9/1/2024 12:56:27 [Information] decimal: 50.00 ZaxisAcceleration added to the Settings Form.
9/1/2024 12:56:27 [Information] bool: False ZaxisChanged added to the Settings Form.
9/1/2024 12:56:27 [Information] decimal: 400.00 ZaxisMotorSpeed added to the Settings Form.
9/1/2024 12:56:27 [Information] decimal: 32.00 ZaxisStepperCurrent added to the Settings Form.
9/1/2024 12:56:27 [Information] decimal: 0.00 ZaxisStepperMove added to the Settings Form.
9/1/2024 12:56:27 [Information] ZCOM1: ZComPort added to the Settings Form.
9/1/2024 12:56:27 [Information] ZCOM2: ZComPort added to the Settings Form.
9/1/2024 12:56:27 [Information] ZCOM3: ZComPort added to the Settings Form.
9/1/2024 12:56:27 [Information] ZCOM4: ZComPort added to the Settings Form.
9/1/2024 12:56:27 [Information] ZCOM5: ZComPort added to the Settings Form.
9/1/2024 12:56:27 [Information] ZCOM6: ZComPort added to the Settings Form.
9/1/2024 12:56:27 [Information] ZCOM7: ZComPort added to the Settings Form.
9/1/2024 12:56:27 [Information] ZCOM8: ZComPort added to the Settings Form.
9/1/2024 12:56:27 [Information] ZCOM9: ZComPort added to the Settings Form.
9/1/2024 12:56:27 [Information] ZCOM10: ZComPort added to the Settings Form.
9/1/2024 12:56:27 [Information] int: 0 zeroXaxis added to the Settings Form.
9/1/2024 12:56:27 [Information] int: 0 zeroYaxis added to the Settings Form.
9/1/2024 12:56:27 [Information] int: 0 zeroZaxis added to the Settings Form.
9/1/2024 12:56:27 [Information] Stepper Motor Controller MainWindow loaded
9/1/2024 12:56:27 [Information] Set MainWindow Media Brushes to White.
9/1/2024 12:56:41 [Information] Z Axis mouse controlled Keypad returned: 4.00
9/1/2024 12:56:43 [Information] Updated X,Y Zero.IsChecked status to 0 and Z Zero.IsChecked status to 1.
9/1/2024 12:56:44 [Information] ZAxisRun_Click button clicked:
9/1/2024 12:56:44 [Information] Z Axis Run Event to reset Axis to zero: Z,0.00,400.00,0,0.00,400.00,0,0.00,400.00,1
9/1/2024 12:56:44 [Information] Setting Z Axis Current Location Set to Zero on DRO
9/1/2024 12:56:45 [Information] Updated X,Y,Z Zero.IsChecked status to 0.
9/1/2024 12:56:45 [Information] Z Axis Current Location Set to Zero
9/1/2024 12:56:45 [Information] Z Axis Data Received: ?
9/1/2024 12:56:51 [Information] Z Axis mouse controlled Keypad returned: 32.00
9/1/2024 12:56:52 [Information] ZAxisRun_Click button clicked:
9/1/2024 12:56:52 [Information] Z Axis MotorMovementSeconds decimal: (32.00 / 4) / 2 = 4.00
9/1/2024 12:56:52 [Information] Z Axis myMovementTimer int: 1000 * 4.00 = 4000
9/1/2024 12:56:53 [Information] Z Axis Run Event: Z,0.00,400.00,0,0.00,400.00,0,32.00,400.00,0
9/1/2024 12:56:53 [Information] Z Axis Current Time: 12:56:53 + 4000 = targetEndTime: 12:56:57
9/1/2024 12:56:53 [Information] Stepper Motor Controller Disable Z Axis controls while moving to location.
9/1/2024 12:56:53 [Information] Time remaining: 00:00:00 targetEndTime = 12:56:57
9/1/2024 12:56:53 [Information] Stepper Motor Controller Disable Z Axis controls while moving to location.
9/1/2024 12:56:53 [Information] Time remaining: 00:00:00 targetEndTime = 12:56:57
9/1/2024 12:56:53 [Information] Stepper Motor Controller Disable Z Axis controls while moving to location.
9/1/2024 12:56:53 [Information] Time remaining: 00:00:00 targetEndTime = 12:56:57
9/1/2024 12:56:53 [Information] Stepper Motor Controller Disable Z Axis controls while moving to location.
9/1/2024 12:56:53 [Information] Time remaining: 00:00:00 targetEndTime = 12:56:57
9/1/2024 12:56:53 [Information] Z Axis Data Received: ?
9/1/2024 12:56:53 [Information] Time remaining: 00:00:00 targetEndTime = 12:56:57
9/1/2024 12:56:53 [Information] Stepper Motor Controller Disable Z Axis controls while moving to location.
9/1/2024 12:56:53 [Information] Time remaining: 00:00:00 targetEndTime = 12:56:57
9/1/2024 12:56:54 [Information] Stepper Motor Controller Disable Z Axis controls while moving to location.
9/1/2024 12:56:54 [Information] Time remaining: 00:00:00 targetEndTime = 12:56:57
9/1/2024 12:56:54 [Information] Stepper Motor Controller Disable Z Axis controls while moving to location.
9/1/2024 12:56:54 [Information] Time remaining: 00:00:00 targetEndTime = 12:56:57
9/1/2024 12:56:54 [Information] Stepper Motor Controller Disable Z Axis controls while moving to location.
9/1/2024 12:56:54 [Information] Time remaining: 00:00:00 targetEndTime = 12:56:57
9/1/2024 12:56:54 [Information] Stepper Motor Controller Disable Z Axis controls while moving to location.
9/1/2024 12:56:54 [Information] Time remaining: 00:00:00 targetEndTime = 12:56:57
9/1/2024 12:56:54 [Information] Stepper Motor Controller Disable Z Axis controls while moving to location.
9/1/2024 12:56:54 [Information] Time remaining: 00:00:00 targetEndTime = 12:56:57
9/1/2024 12:56:54 [Information] Stepper Motor Controller Disable Z Axis controls while moving to location.
9/1/2024 12:56:54 [Information] Time remaining: 00:00:00 targetEndTime = 12:56:57
9/1/2024 12:56:54 [Information] Stepper Motor Controller Disable Z Axis controls while moving to location.
9/1/2024 12:56:54 [Information] Time remaining: 00:00:00 targetEndTime = 12:56:57
9/1/2024 12:56:54 [Information] Stepper Motor Controller Disable Z Axis controls while moving to location.
9/1/2024 12:56:54 [Information] Time remaining: 00:00:00 targetEndTime = 12:56:57
9/1/2024 12:56:54 [Information] Stepper Motor Controller Disable Z Axis controls while moving to location.
9/1/2024 12:56:54 [Information] Time remaining: 00:00:00 targetEndTime = 12:56:57
9/1/2024 12:56:54 [Information] Stepper Motor Controller Disable Z Axis controls while moving to location.
9/1/2024 12:56:54 [Information] Time remaining: 00:00:00 targetEndTime = 12:56:57
9/1/2024 12:56:54 [Information] Stepper Motor Controller Disable Z Axis controls while moving to location.
9/1/2024 12:56:54 [Information] Time remaining: 00:00:00 targetEndTime = 12:56:57
9/1/2024 12:56:54 [Information] Stepper Motor Controller Disable Z Axis controls while moving to location.
9/1/2024 12:56:54 [Information] Time remaining: 00:00:00 targetEndTime = 12:56:57
9/1/2024 12:56:54 [Information] Stepper Motor Controller Disable Z Axis controls while moving to location.
9/1/2024 12:56:54 [Information] Time remaining: 00:00:00 targetEndTime = 12:56:57
9/1/2024 12:56:54 [Information] Stepper Motor Controller Disable Z Axis controls while moving to location.
9/1/2024 12:56:54 [Information] Time remaining: 00:00:00 targetEndTime = 12:56:57
9/1/2024 12:56:54 [Information] Stepper Motor Controller Disable Z Axis controls while moving to location.
9/1/2024 12:56:54 [Information] Time remaining: 00:00:00 targetEndTime = 12:56:57
9/1/2024 12:56:54 [Information] Stepper Motor Controller Disable Z Axis controls while moving to location.
9/1/2024 12:56:54 [Information] Time remaining: 00:00:00 targetEndTime = 12:56:57
9/1/2024 12:56:54 [Information] Stepper Motor Controller Disable Z Axis controls while moving to location.
9/1/2024 12:56:54 [Information] Time remaining: 00:00:00 targetEndTime = 12:56:57
9/1/2024 12:56:54 [Information] Stepper Motor Controller Disable Z Axis controls while moving to location.
9/1/2024 12:56:54 [Information] Time remaining: 00:00:00 targetEndTime = 12:56:57
9/1/2024 12:56:54 [Information] Stepper Motor Controller Disable Z Axis controls while moving to location.
9/1/2024 12:56:54 [Information] Time remaining: 00:00:00 targetEndTime = 12:56:57
9/1/2024 12:56:54 [Information] Stepper Motor Controller Disable Z Axis controls while moving to location.
9/1/2024 12:56:54 [Information] Time remaining: 00:00:00 targetEndTime = 12:56:57
9/1/2024 12:56:54 [Information] Stepper Motor Controller Disable Z Axis controls while moving to location.
9/1/2024 12:56:54 [Information] Time remaining: 00:00:00 targetEndTime = 12:56:57
9/1/2024 12:56:54 [Information] Stepper Motor Controller Disable Z Axis controls while moving to location.
9/1/2024 12:56:54 [Information] Time remaining: 00:00:00 targetEndTime = 12:56:57
9/1/2024 12:56:54 [Information] Stepper Motor Controller Disable Z Axis controls while moving to location.
9/1/2024 12:56:54 [Information] Time remaining: 00:00:00 targetEndTime = 12:56:57
9/1/2024 12:56:54 [Information] Stepper Motor Controller Disable Z Axis controls while moving to location.
9/1/2024 12:56:54 [Information] Time remaining: 00:00:00 targetEndTime = 12:56:57
9/1/2024 12:56:54 [Information] Stepper Motor Controller Disable Z Axis controls while moving to location.
9/1/2024 12:56:54 [Information] Time remaining: 00:00:00 targetEndTime = 12:56:57
9/1/2024 12:56:54 [Information] Stepper Motor Controller Disable Z Axis controls while moving to location.
9/1/2024 12:56:54 [Information] Time remaining: 00:00:00 targetEndTime = 12:56:57
9/1/2024 12:56:54 [Information] Stepper Motor Controller Disable Z Axis controls while moving to location.
9/1/2024 12:56:54 [Information] Time remaining: 00:00:00 targetEndTime = 12:56:57
9/1/2024 12:56:54 [Information] Stepper Motor Controller Disable Z Axis controls while moving to location.
9/1/2024 12:56:54 [Information] Time remaining: 00:00:00 targetEndTime = 12:56:57
9/1/2024 12:56:54 [Information] Stepper Motor Controller Disable Z Axis controls while moving to location.
9/1/2024 12:56:54 [Information] Time remaining: 00:00:00 targetEndTime = 12:56:57
9/1/2024 12:56:54 [Information] Stepper Motor Controller Disable Z Axis controls while moving to location.
9/1/2024 12:56:54 [Information] Time remaining: 00:00:00 targetEndTime = 12:56:57
9/1/2024 12:56:54 [Information] Stepper Motor Controller Disable Z Axis controls while moving to location.
9/1/2024 12:56:54 [Information] Time remaining: 00:00:00 targetEndTime = 12:56:57
9/1/2024 12:56:54 [Information] Stepper Motor Controller Disable Z Axis controls while moving to location.
9/1/2024 12:56:54 [Information] Time remaining: 00:00:00 targetEndTime = 12:56:57
9/1/2024 12:56:54 [Information] Stepper Motor Controller Disable Z Axis controls while moving to location.
9/1/2024 12:56:54 [Information] Time remaining: 00:00:00 targetEndTime = 12:56:57
9/1/2024 12:56:54 [Information] Stepper Motor Controller Disable Z Axis controls while moving to location.
9/1/2024 12:56:54 [Information] Time remaining: 00:00:00 targetEndTime = 12:56:57
9/1/2024 12:56:54 [Information] Stepper Motor Controller Disable Z Axis controls while moving to location.
9/1/2024 12:56:54 [Information] Time remaining: 00:00:00 targetEndTime = 12:56:57
9/1/2024 12:56:54 [Information] Stepper Motor Controller Disable Z Axis controls while moving to location.
9/1/2024 12:56:54 [Information] Time remaining: 00:00:00 targetEndTime = 12:56:57
9/1/2024 12:56:54 [Information] Stepper Motor Controller Disable Z Axis controls while moving to location.
9/1/2024 12:56:54 [Information] Time remaining: 00:00:00 targetEndTime = 12:56:57
9/1/2024 12:56:54 [Information] Stepper Motor Controller Disable Z Axis controls while moving to location.
9/1/2024 12:56:54 [Information] Time remaining: 00:00:00 targetEndTime = 12:56:57
9/1/2024 12:56:54 [Information] Stepper Motor Controller Disable Z Axis controls while moving to location.
9/1/2024 12:56:54 [Information] Time remaining: 00:00:00 targetEndTime = 12:56:57
9/1/2024 12:56:54 [Information] Stepper Motor Controller Disable Z Axis controls while moving to location.
9/1/2024 12:56:54 [Information] Time remaining: 00:00:00 targetEndTime = 12:56:57
9/1/2024 12:56:54 [Information] Stepper Motor Controller Disable Z Axis controls while moving to location.
9/1/2024 12:56:54 [Information] Time remaining: 00:00:00 targetEndTime = 12:56:57
9/1/2024 12:56:54 [Information] Stepper Motor Controller Disable Z Axis controls while moving to location.
9/1/2024 12:56:54 [Information] Time remaining: 00:00:00 targetEndTime = 12:56:57
9/1/2024 12:56:54 [Information] Stepper Motor Controller Disable Z Axis controls while moving to location.
9/1/2024 12:56:54 [Information] Time remaining: 00:00:00 targetEndTime = 12:56:57
9/1/2024 12:56:54 [Information] Stepper Motor Controller Disable Z Axis controls while moving to location.
9/1/2024 12:56:54 [Information] Time remaining: 00:00:00 targetEndTime = 12:56:57
9/1/2024 12:56:54 [Information] Stepper Motor Controller Disable Z Axis controls while moving to location.
9/1/2024 12:56:54 [Information] Time remaining: 00:00:00 targetEndTime = 12:56:57
9/1/2024 12:56:54 [Information] Stepper Motor Controller Disable Z Axis controls while moving to location.
9/1/2024 12:56:54 [Information] Time remaining: 00:00:00 targetEndTime = 12:56:57
9/1/2024 12:56:54 [Information] Stepper Motor Controller Disable Z Axis controls while moving to location.
9/1/2024 12:56:54 [Information] Time remaining: 00:00:00 targetEndTime = 12:56:57
9/1/2024 12:56:54 [Information] Stepper Motor Controller Disable Z Axis controls while moving to location.
9/1/2024 12:56:54 [Information] Time remaining: 00:00:00 targetEndTime = 12:56:57
9/1/2024 12:56:54 [Information] Stepper Motor Controller Disable Z Axis controls while moving to location.
9/1/2024 12:56:54 [Information] Time remaining: 00:00:00 targetEndTime = 12:56:57
9/1/2024 12:56:54 [Information] Stepper Motor Controller Disable Z Axis controls while moving to location.
9/1/2024 12:56:54 [Information] Time remaining: 00:00:00 targetEndTime = 12:56:57
9/1/2024 12:56:54 [Information] Stepper Motor Controller Disable Z Axis controls while moving to location.
9/1/2024 12:56:54 [Information] Time remaining: 00:00:01 targetEndTime = 12:56:57
9/1/2024 12:56:54 [Information] Stepper Motor Controller Disable Z Axis controls while moving to location.
9/1/2024 12:56:54 [Information] Time remaining: 00:00:01 targetEndTime = 12:56:57
9/1/2024 12:56:54 [Information] Stepper Motor Controller Disable Z Axis controls while moving to location.
9/1/2024 12:56:54 [Information] Time remaining: 00:00:01 targetEndTime = 12:56:57
9/1/2024 12:56:54 [Information] Stepper Motor Controller Disable Z Axis controls while moving to location.
9/1/2024 12:56:54 [Information] Time remaining: 00:00:01 targetEndTime = 12:56:57
9/1/2024 12:56:54 [Information] Stepper Motor Controller Disable Z Axis controls while moving to location.
9/1/2024 12:56:54 [Information] Time remaining: 00:00:01 targetEndTime = 12:56:57
9/1/2024 12:56:55 [Information] Stepper Motor Controller Disable Z Axis controls while moving to location.
9/1/2024 12:56:55 [Information] Time remaining: 00:00:01 targetEndTime = 12:56:57
9/1/2024 12:56:55 [Information] Stepper Motor Controller Disable Z Axis controls while moving to location.
9/1/2024 12:56:55 [Information] Time remaining: 00:00:01 targetEndTime = 12:56:57
9/1/2024 12:56:55 [Information] Stepper Motor Controller Disable Z Axis controls while moving to location.
9/1/2024 12:56:55 [Information] Time remaining: 00:00:01 targetEndTime = 12:56:57
9/1/2024 12:56:55 [Information] Stepper Motor Controller Disable Z Axis controls while moving to location.
9/1/2024 12:56:55 [Information] Time remaining: 00:00:01 targetEndTime = 12:56:57
9/1/2024 12:56:55 [Information] Stepper Motor Controller Disable Z Axis controls while moving to location.
9/1/2024 12:56:55 [Information] Time remaining: 00:00:01 targetEndTime = 12:56:57
9/1/2024 12:56:55 [Information] Stepper Motor Controller Disable Z Axis controls while moving to location.
9/1/2024 12:56:55 [Information] Time remaining: 00:00:01 targetEndTime = 12:56:57
9/1/2024 12:56:55 [Information] Stepper Motor Controller Disable Z Axis controls while moving to location.
9/1/2024 12:56:55 [Information] Time remaining: 00:00:01 targetEndTime = 12:56:57
9/1/2024 12:56:55 [Information] Stepper Motor Controller Disable Z Axis controls while moving to location.
9/1/2024 12:56:55 [Information] Time remaining: 00:00:01 targetEndTime = 12:56:57
9/1/2024 12:56:55 [Information] Stepper Motor Controller Disable Z Axis controls while moving to location.
9/1/2024 12:56:55 [Information] Time remaining: 00:00:01 targetEndTime = 12:56:57
9/1/2024 12:56:55 [Information] Stepper Motor Controller Disable Z Axis controls while moving to location.
9/1/2024 12:56:55 [Information] Time remaining: 00:00:01 targetEndTime = 12:56:57
9/1/2024 12:56:55 [Information] Stepper Motor Controller Disable Z Axis controls while moving to location.
9/1/2024 12:56:55 [Information] Time remaining: 00:00:01 targetEndTime = 12:56:57
9/1/2024 12:56:55 [Information] Stepper Motor Controller Disable Z Axis controls while moving to location.
9/1/2024 12:56:55 [Information] Time remaining: 00:00:01 targetEndTime = 12:56:57
9/1/2024 12:56:55 [Information] Stepper Motor Controller Disable Z Axis controls while moving to location.
9/1/2024 12:56:55 [Information] Time remaining: 00:00:01 targetEndTime = 12:56:57
9/1/2024 12:56:55 [Information] Stepper Motor Controller Disable Z Axis controls while moving to location.
9/1/2024 12:56:55 [Information] Time remaining: 00:00:01 targetEndTime = 12:56:57
9/1/2024 12:56:55 [Information] Stepper Motor Controller Disable Z Axis controls while moving to location.
9/1/2024 12:56:55 [Information] Time remaining: 00:00:01 targetEndTime = 12:56:57
9/1/2024 12:56:55 [Information] Stepper Motor Controller Disable Z Axis controls while moving to location.
9/1/2024 12:56:55 [Information] Time remaining: 00:00:01 targetEndTime = 12:56:57
9/1/2024 12:56:55 [Information] Stepper Motor Controller Disable Z Axis controls while moving to location.
9/1/2024 12:56:55 [Information] Time remaining: 00:00:01 targetEndTime = 12:56:57
9/1/2024 12:56:55 [Information] Stepper Motor Controller Disable Z Axis controls while moving to location.
9/1/2024 12:56:55 [Information] Time remaining: 00:00:01 targetEndTime = 12:56:57
9/1/2024 12:56:55 [Information] Stepper Motor Controller Disable Z Axis controls while moving to location.
9/1/2024 12:56:55 [Information] Time remaining: 00:00:01 targetEndTime = 12:56:57
9/1/2024 12:56:55 [Information] Stepper Motor Controller Disable Z Axis controls while moving to location.
9/1/2024 12:56:55 [Information] Time remaining: 00:00:01 targetEndTime = 12:56:57
9/1/2024 12:56:55 [Information] Stepper Motor Controller Disable Z Axis controls while moving to location.
9/1/2024 12:56:55 [Information] Time remaining: 00:00:01 targetEndTime = 12:56:57
9/1/2024 12:56:55 [Information] Stepper Motor Controller Disable Z Axis controls while moving to location.
9/1/2024 12:56:55 [Information] Time remaining: 00:00:01 targetEndTime = 12:56:57
9/1/2024 12:56:55 [Information] Stepper Motor Controller Disable Z Axis controls while moving to location.
9/1/2024 12:56:55 [Information] Time remaining: 00:00:01 targetEndTime = 12:56:57
9/1/2024 12:56:55 [Information] Stepper Motor Controller Disable Z Axis controls while moving to location.
9/1/2024 12:56:55 [Information] Time remaining: 00:00:01 targetEndTime = 12:56:57
9/1/2024 12:56:55 [Information] Stepper Motor Controller Disable Z Axis controls while moving to location.
9/1/2024 12:56:55 [Information] Time remaining: 00:00:01 targetEndTime = 12:56:57
9/1/2024 12:56:55 [Information] Stepper Motor Controller Disable Z Axis controls while moving to location.
9/1/2024 12:56:55 [Information] Time remaining: 00:00:01 targetEndTime = 12:56:57
9/1/2024 12:56:55 [Information] Stepper Motor Controller Disable Z Axis controls while moving to location.
9/1/2024 12:56:55 [Information] Time remaining: 00:00:01 targetEndTime = 12:56:57
9/1/2024 12:56:55 [Information] Stepper Motor Controller Disable Z Axis controls while moving to location.
9/1/2024 12:56:55 [Information] Time remaining: 00:00:01 targetEndTime = 12:56:57
9/1/2024 12:56:55 [Information] Stepper Motor Controller Disable Z Axis controls while moving to location.
9/1/2024 12:56:55 [Information] Time remaining: 00:00:01 targetEndTime = 12:56:57
9/1/2024 12:56:55 [Information] Stepper Motor Controller Disable Z Axis controls while moving to location.
9/1/2024 12:56:55 [Information] Time remaining: 00:00:01 targetEndTime = 12:56:57
9/1/2024 12:56:55 [Information] Stepper Motor Controller Disable Z Axis controls while moving to location.
9/1/2024 12:56:55 [Information] Time remaining: 00:00:01 targetEndTime = 12:56:57
9/1/2024 12:56:55 [Information] Stepper Motor Controller Disable Z Axis controls while moving to location.
9/1/2024 12:56:55 [Information] Time remaining: 00:00:01 targetEndTime = 12:56:57
9/1/2024 12:56:55 [Information] Stepper Motor Controller Disable Z Axis controls while moving to location.
9/1/2024 12:56:55 [Information] Time remaining: 00:00:01 targetEndTime = 12:56:57
9/1/2024 12:56:55 [Information] Stepper Motor Controller Disable Z Axis controls while moving to location.
9/1/2024 12:56:55 [Information] Time remaining: 00:00:01 targetEndTime = 12:56:57
9/1/2024 12:56:55 [Information] Stepper Motor Controller Disable Z Axis controls while moving to location.
9/1/2024 12:56:55 [Information] Time remaining: 00:00:01 targetEndTime = 12:56:57
9/1/2024 12:56:55 [Information] Stepper Motor Controller Disable Z Axis controls while moving to location.
9/1/2024 12:56:55 [Information] Time remaining: 00:00:01 targetEndTime = 12:56:57
9/1/2024 12:56:55 [Information] Stepper Motor Controller Disable Z Axis controls while moving to location.
9/1/2024 12:56:55 [Information] Time remaining: 00:00:01 targetEndTime = 12:56:57
9/1/2024 12:56:55 [Information] Stepper Motor Controller Disable Z Axis controls while moving to location.
9/1/2024 12:56:55 [Information] Time remaining: 00:00:01 targetEndTime = 12:56:57
9/1/2024 12:56:55 [Information] Stepper Motor Controller Disable Z Axis controls while moving to location.
9/1/2024 12:56:55 [Information] Time remaining: 00:00:01 targetEndTime = 12:56:57
9/1/2024 12:56:55 [Information] Stepper Motor Controller Disable Z Axis controls while moving to location.
9/1/2024 12:56:55 [Information] Time remaining: 00:00:01 targetEndTime = 12:56:57
9/1/2024 12:56:55 [Information] Stepper Motor Controller Disable Z Axis controls while moving to location.
9/1/2024 12:56:55 [Information] Time remaining: 00:00:01 targetEndTime = 12:56:57
9/1/2024 12:56:55 [Information] Stepper Motor Controller Disable Z Axis controls while moving to location.
9/1/2024 12:56:55 [Information] Time remaining: 00:00:01 targetEndTime = 12:56:57
9/1/2024 12:56:55 [Information] Stepper Motor Controller Disable Z Axis controls while moving to location.
9/1/2024 12:56:55 [Information] Time remaining: 00:00:01 targetEndTime = 12:56:57
9/1/2024 12:56:55 [Information] Stepper Motor Controller Disable Z Axis controls while moving to location.
9/1/2024 12:56:55 [Information] Time remaining: 00:00:01 targetEndTime = 12:56:57
9/1/2024 12:56:55 [Information] Stepper Motor Controller Disable Z Axis controls while moving to location.
9/1/2024 12:56:55 [Information] Time remaining: 00:00:01 targetEndTime = 12:56:57
9/1/2024 12:56:55 [Information] Stepper Motor Controller Disable Z Axis controls while moving to location.
9/1/2024 12:56:55 [Information] Time remaining: 00:00:01 targetEndTime = 12:56:57
9/1/2024 12:56:55 [Information] Stepper Motor Controller Disable Z Axis controls while moving to location.
9/1/2024 12:56:55 [Information] Time remaining: 00:00:01 targetEndTime = 12:56:57
9/1/2024 12:56:55 [Information] Stepper Motor Controller Disable Z Axis controls while moving to location.
9/1/2024 12:56:55 [Information] Time remaining: 00:00:02 targetEndTime = 12:56:57
9/1/2024 12:56:55 [Information] Stepper Motor Controller Disable Z Axis controls while moving to location.
9/1/2024 12:56:55 [Information] Time remaining: 00:00:02 targetEndTime = 12:56:57
9/1/2024 12:56:55 [Information] Stepper Motor Controller Disable Z Axis controls while moving to location.
9/1/2024 12:56:55 [Information] Time remaining: 00:00:02 targetEndTime = 12:56:57
9/1/2024 12:56:55 [Information] Stepper Motor Controller Disable Z Axis controls while moving to location.
9/1/2024 12:56:55 [Information] Time remaining: 00:00:02 targetEndTime = 12:56:57
9/1/2024 12:56:55 [Information] Stepper Motor Controller Disable Z Axis controls while moving to location.
9/1/2024 12:56:55 [Information] Time remaining: 00:00:02 targetEndTime = 12:56:57
9/1/2024 12:56:55 [Information] Stepper Motor Controller Disable Z Axis controls while moving to location.
9/1/2024 12:56:55 [Information] Time remaining: 00:00:02 targetEndTime = 12:56:57
9/1/2024 12:56:55 [Information] Stepper Motor Controller Disable Z Axis controls while moving to location.
9/1/2024 12:56:55 [Information] Time remaining: 00:00:02 targetEndTime = 12:56:57
9/1/2024 12:56:55 [Information] Stepper Motor Controller Disable Z Axis controls while moving to location.
9/1/2024 12:56:55 [Information] Time remaining: 00:00:02 targetEndTime = 12:56:57
9/1/2024 12:56:55 [Information] Stepper Motor Controller Disable Z Axis controls while moving to location.
9/1/2024 12:56:56 [Information] Time remaining: 00:00:02 targetEndTime = 12:56:57
9/1/2024 12:56:56 [Information] Stepper Motor Controller Disable Z Axis controls while moving to location.
9/1/2024 12:56:56 [Information] Time remaining: 00:00:02 targetEndTime = 12:56:57
9/1/2024 12:56:56 [Information] Stepper Motor Controller Disable Z Axis controls while moving to location.
9/1/2024 12:56:56 [Information] Time remaining: 00:00:02 targetEndTime = 12:56:57
9/1/2024 12:56:56 [Information] Stepper Motor Controller Disable Z Axis controls while moving to location.
9/1/2024 12:56:56 [Information] Time remaining: 00:00:02 targetEndTime = 12:56:57
9/1/2024 12:56:56 [Information] Stepper Motor Controller Disable Z Axis controls while moving to location.
9/1/2024 12:56:56 [Information] Time remaining: 00:00:02 targetEndTime = 12:56:57
9/1/2024 12:56:56 [Information] Stepper Motor Controller Disable Z Axis controls while moving to location.
9/1/2024 12:56:56 [Information] Time remaining: 00:00:02 targetEndTime = 12:56:57
9/1/2024 12:56:56 [Information] Stepper Motor Controller Disable Z Axis controls while moving to location.
9/1/2024 12:56:56 [Information] Time remaining: 00:00:02 targetEndTime = 12:56:57
9/1/2024 12:56:56 [Information] Stepper Motor Controller Disable Z Axis controls while moving to location.
9/1/2024 12:56:56 [Information] Time remaining: 00:00:02 targetEndTime = 12:56:57
9/1/2024 12:56:56 [Information] Stepper Motor Controller Disable Z Axis controls while moving to location.
9/1/2024 12:56:56 [Information] Time remaining: 00:00:02 targetEndTime = 12:56:57
9/1/2024 12:56:56 [Information] Stepper Motor Controller Disable Z Axis controls while moving to location.
9/1/2024 12:56:56 [Information] Time remaining: 00:00:02 targetEndTime = 12:56:57
9/1/2024 12:56:56 [Information] Stepper Motor Controller Disable Z Axis controls while moving to location.
9/1/2024 12:56:56 [Information] Time remaining: 00:00:02 targetEndTime = 12:56:57
9/1/2024 12:56:56 [Information] Stepper Motor Controller Disable Z Axis controls while moving to location.
9/1/2024 12:56:56 [Information] Time remaining: 00:00:02 targetEndTime = 12:56:57
9/1/2024 12:56:56 [Information] Stepper Motor Controller Disable Z Axis controls while moving to location.
9/1/2024 12:56:56 [Information] Time remaining: 00:00:02 targetEndTime = 12:56:57
9/1/2024 12:56:56 [Information] Stepper Motor Controller Disable Z Axis controls while moving to location.
9/1/2024 12:56:56 [Information] Time remaining: 00:00:02 targetEndTime = 12:56:57
9/1/2024 12:56:56 [Information] Stepper Motor Controller Disable Z Axis controls while moving to location.
9/1/2024 12:56:56 [Information] Time remaining: 00:00:02 targetEndTime = 12:56:57
9/1/2024 12:56:56 [Information] Stepper Motor Controller Disable Z Axis controls while moving to location.
9/1/2024 12:56:56 [Information] Time remaining: 00:00:02 targetEndTime = 12:56:57
9/1/2024 12:56:56 [Information] Stepper Motor Controller Disable Z Axis controls while moving to location.
9/1/2024 12:56:56 [Information] Time remaining: 00:00:02 targetEndTime = 12:56:57
9/1/2024 12:56:56 [Information] Stepper Motor Controller Disable Z Axis controls while moving to location.
9/1/2024 12:56:56 [Information] Time remaining: 00:00:02 targetEndTime = 12:56:57
9/1/2024 12:56:56 [Information] Stepper Motor Controller Disable Z Axis controls while moving to location.
9/1/2024 12:56:56 [Information] Time remaining: 00:00:02 targetEndTime = 12:56:57
9/1/2024 12:56:56 [Information] Stepper Motor Controller Disable Z Axis controls while moving to location.
9/1/2024 12:56:56 [Information] Time remaining: 00:00:02 targetEndTime = 12:56:57
9/1/2024 12:56:56 [Information] Stepper Motor Controller Disable Z Axis controls while moving to location.
9/1/2024 12:56:56 [Information] Time remaining: 00:00:02 targetEndTime = 12:56:57
9/1/2024 12:56:56 [Information] Stepper Motor Controller Disable Z Axis controls while moving to location.
9/1/2024 12:56:56 [Information] Time remaining: 00:00:02 targetEndTime = 12:56:57
9/1/2024 12:56:56 [Information] Stepper Motor Controller Disable Z Axis controls while moving to location.
9/1/2024 12:56:56 [Information] Time remaining: 00:00:02 targetEndTime = 12:56:57
9/1/2024 12:56:56 [Information] Stepper Motor Controller Disable Z Axis controls while moving to location.
9/1/2024 12:56:56 [Information] Time remaining: 00:00:02 targetEndTime = 12:56:57
9/1/2024 12:56:56 [Information] Stepper Motor Controller Disable Z Axis controls while moving to location.
9/1/2024 12:56:56 [Information] Time remaining: 00:00:02 targetEndTime = 12:56:57
9/1/2024 12:56:56 [Information] Stepper Motor Controller Disable Z Axis controls while moving to location.
9/1/2024 12:56:56 [Information] Time remaining: 00:00:02 targetEndTime = 12:56:57
9/1/2024 12:56:56 [Information] Stepper Motor Controller Disable Z Axis controls while moving to location.
9/1/2024 12:56:56 [Information] Time remaining: 00:00:02 targetEndTime = 12:56:57
9/1/2024 12:56:56 [Information] Stepper Motor Controller Disable Z Axis controls while moving to location.
9/1/2024 12:56:56 [Information] Time remaining: 00:00:02 targetEndTime = 12:56:57
9/1/2024 12:56:56 [Information] Stepper Motor Controller Disable Z Axis controls while moving to location.
9/1/2024 12:56:56 [Information] Time remaining: 00:00:02 targetEndTime = 12:56:57
9/1/2024 12:56:56 [Information] Stepper Motor Controller Disable Z Axis controls while moving to location.
9/1/2024 12:56:56 [Information] Time remaining: 00:00:02 targetEndTime = 12:56:57
9/1/2024 12:56:56 [Information] Stepper Motor Controller Disable Z Axis controls while moving to location.
9/1/2024 12:56:56 [Information] Time remaining: 00:00:02 targetEndTime = 12:56:57
9/1/2024 12:56:56 [Information] Stepper Motor Controller Disable Z Axis controls while moving to location.
9/1/2024 12:56:56 [Information] Time remaining: 00:00:02 targetEndTime = 12:56:57
9/1/2024 12:56:56 [Information] Stepper Motor Controller Disable Z Axis controls while moving to location.
9/1/2024 12:56:56 [Information] Time remaining: 00:00:02 targetEndTime = 12:56:57
9/1/2024 12:56:56 [Information] Stepper Motor Controller Disable Z Axis controls while moving to location.
9/1/2024 12:56:56 [Information] Time remaining: 00:00:02 targetEndTime = 12:56:57
9/1/2024 12:56:56 [Information] Stepper Motor Controller Disable Z Axis controls while moving to location.
9/1/2024 12:56:56 [Information] Time remaining: 00:00:02 targetEndTime = 12:56:57
9/1/2024 12:56:56 [Information] Stepper Motor Controller Disable Z Axis controls while moving to location.
9/1/2024 12:56:56 [Information] Time remaining: 00:00:02 targetEndTime = 12:56:57
9/1/2024 12:56:56 [Information] Stepper Motor Controller Disable Z Axis controls while moving to location.
9/1/2024 12:56:56 [Information] Time remaining: 00:00:02 targetEndTime = 12:56:57
9/1/2024 12:56:56 [Information] Stepper Motor Controller Disable Z Axis controls while moving to location.
9/1/2024 12:56:56 [Information] Time remaining: 00:00:02 targetEndTime = 12:56:57
9/1/2024 12:56:56 [Information] Stepper Motor Controller Disable Z Axis controls while moving to location.
9/1/2024 12:56:56 [Information] Time remaining: 00:00:02 targetEndTime = 12:56:57
9/1/2024 12:56:56 [Information] Stepper Motor Controller Disable Z Axis controls while moving to location.
9/1/2024 12:56:56 [Information] Time remaining: 00:00:02 targetEndTime = 12:56:57
9/1/2024 12:56:56 [Information] Stepper Motor Controller Disable Z Axis controls while moving to location.
9/1/2024 12:56:56 [Information] Time remaining: 00:00:02 targetEndTime = 12:56:57
9/1/2024 12:56:56 [Information] Stepper Motor Controller Disable Z Axis controls while moving to location.
9/1/2024 12:56:56 [Information] Time remaining: 00:00:02 targetEndTime = 12:56:57
9/1/2024 12:56:56 [Information] Stepper Motor Controller Disable Z Axis controls while moving to location.
9/1/2024 12:56:56 [Information] Time remaining: 00:00:02 targetEndTime = 12:56:57
9/1/2024 12:56:56 [Information] Stepper Motor Controller Disable Z Axis controls while moving to location.
9/1/2024 12:56:56 [Information] Time remaining: 00:00:02 targetEndTime = 12:56:57
9/1/2024 12:56:56 [Information] Stepper Motor Controller Disable Z Axis controls while moving to location.
9/1/2024 12:56:56 [Information] Time remaining: 00:00:02 targetEndTime = 12:56:57
9/1/2024 12:56:56 [Information] Stepper Motor Controller Disable Z Axis controls while moving to location.
9/1/2024 12:56:56 [Information] Time remaining: 00:00:02 targetEndTime = 12:56:57
9/1/2024 12:56:56 [Information] Stepper Motor Controller Disable Z Axis controls while moving to location.
9/1/2024 12:56:56 [Information] Time remaining: 00:00:02 targetEndTime = 12:56:57
9/1/2024 12:56:56 [Information] Stepper Motor Controller Disable Z Axis controls while moving to location.
9/1/2024 12:56:56 [Information] Time remaining: 00:00:02 targetEndTime = 12:56:57
9/1/2024 12:56:56 [Information] Stepper Motor Controller Disable Z Axis controls while moving to location.
9/1/2024 12:56:56 [Information] Time remaining: 00:00:02 targetEndTime = 12:56:57
9/1/2024 12:56:56 [Information] Stepper Motor Controller Disable Z Axis controls while moving to location.
9/1/2024 12:56:56 [Information] Time remaining: 00:00:02 targetEndTime = 12:56:57
9/1/2024 12:56:56 [Information] Stepper Motor Controller Disable Z Axis controls while moving to location.
9/1/2024 12:56:56 [Information] Time remaining: 00:00:02 targetEndTime = 12:56:57
9/1/2024 12:56:56 [Information] Stepper Motor Controller Disable Z Axis controls while moving to location.
9/1/2024 12:56:56 [Information] Time remaining: 00:00:03 targetEndTime = 12:56:57
9/1/2024 12:56:56 [Information] Stepper Motor Controller Disable Z Axis controls while moving to location.
9/1/2024 12:56:56 [Information] Time remaining: 00:00:03 targetEndTime = 12:56:57
9/1/2024 12:56:56 [Information] Stepper Motor Controller Disable Z Axis controls while moving to location.
9/1/2024 12:56:56 [Information] Time remaining: 00:00:03 targetEndTime = 12:56:57
9/1/2024 12:56:56 [Information] Stepper Motor Controller Disable Z Axis controls while moving to location.
9/1/2024 12:56:56 [Information] Time remaining: 00:00:03 targetEndTime = 12:56:57
9/1/2024 12:56:56 [Information] Stepper Motor Controller Disable Z Axis controls while moving to location.
9/1/2024 12:56:56 [Information] Time remaining: 00:00:03 targetEndTime = 12:56:57
9/1/2024 12:56:56 [Information] Stepper Motor Controller Disable Z Axis controls while moving to location.
9/1/2024 12:56:56 [Information] Time remaining: 00:00:03 targetEndTime = 12:56:57
9/1/2024 12:56:56 [Information] Stepper Motor Controller Disable Z Axis controls while moving to location.
9/1/2024 12:56:56 [Information] Time remaining: 00:00:03 targetEndTime = 12:56:57
9/1/2024 12:56:56 [Information] Stepper Motor Controller Disable Z Axis controls while moving to location.
9/1/2024 12:56:56 [Information] Time remaining: 00:00:03 targetEndTime = 12:56:57
9/1/2024 12:56:56 [Information] Stepper Motor Controller Disable Z Axis controls while moving to location.
9/1/2024 12:56:56 [Information] Time remaining: 00:00:03 targetEndTime = 12:56:57
9/1/2024 12:56:56 [Information] Stepper Motor Controller Disable Z Axis controls while moving to location.
9/1/2024 12:56:56 [Information] Time remaining: 00:00:03 targetEndTime = 12:56:57
9/1/2024 12:56:57 [Information] Stepper Motor Controller Disable Z Axis controls while moving to location.
9/1/2024 12:56:57 [Information] Time remaining: 00:00:03 targetEndTime = 12:56:57
9/1/2024 12:56:57 [Information] Stepper Motor Controller Disable Z Axis controls while moving to location.
9/1/2024 12:56:57 [Information] Time remaining: 00:00:03 targetEndTime = 12:56:57
9/1/2024 12:56:57 [Information] Stepper Motor Controller Disable Z Axis controls while moving to location.
9/1/2024 12:56:57 [Information] Time remaining: 00:00:03 targetEndTime = 12:56:57
9/1/2024 12:56:57 [Information] Stepper Motor Controller Disable Z Axis controls while moving to location.
9/1/2024 12:56:57 [Information] Time remaining: 00:00:03 targetEndTime = 12:56:57
9/1/2024 12:56:57 [Information] Stepper Motor Controller Disable Z Axis controls while moving to location.
9/1/2024 12:56:57 [Information] Time remaining: 00:00:03 targetEndTime = 12:56:57
9/1/2024 12:56:57 [Information] Stepper Motor Controller Disable Z Axis controls while moving to location.
9/1/2024 12:56:57 [Information] Time remaining: 00:00:03 targetEndTime = 12:56:57
9/1/2024 12:56:57 [Information] Stepper Motor Controller Disable Z Axis controls while moving to location.
9/1/2024 12:56:57 [Information] Time remaining: 00:00:03 targetEndTime = 12:56:57
9/1/2024 12:56:57 [Information] Stepper Motor Controller Disable Z Axis controls while moving to location.
9/1/2024 12:56:57 [Information] Time remaining: 00:00:03 targetEndTime = 12:56:57
9/1/2024 12:56:57 [Information] Stepper Motor Controller Disable Z Axis controls while moving to location.
9/1/2024 12:56:57 [Information] Time remaining: 00:00:03 targetEndTime = 12:56:57
9/1/2024 12:56:57 [Information] Stepper Motor Controller Disable Z Axis controls while moving to location.
9/1/2024 12:56:57 [Information] Time remaining: 00:00:03 targetEndTime = 12:56:57
9/1/2024 12:56:57 [Information] Stepper Motor Controller Disable Z Axis controls while moving to location.
9/1/2024 12:56:57 [Information] Time remaining: 00:00:03 targetEndTime = 12:56:57
9/1/2024 12:56:57 [Information] Stepper Motor Controller Disable Z Axis controls while moving to location.
9/1/2024 12:56:57 [Information] Time remaining: 00:00:03 targetEndTime = 12:56:57
9/1/2024 12:56:57 [Information] Stepper Motor Controller Disable Z Axis controls while moving to location.
9/1/2024 12:56:57 [Information] Time remaining: 00:00:03 targetEndTime = 12:56:57
9/1/2024 12:56:57 [Information] Stepper Motor Controller Disable Z Axis controls while moving to location.
9/1/2024 12:56:57 [Information] Time remaining: 00:00:03 targetEndTime = 12:56:57
9/1/2024 12:56:57 [Information] Stepper Motor Controller Disable Z Axis controls while moving to location.
9/1/2024 12:56:57 [Information] Time remaining: 00:00:03 targetEndTime = 12:56:57
9/1/2024 12:56:57 [Information] Stepper Motor Controller Disable Z Axis controls while moving to location.
9/1/2024 12:56:57 [Information] Time remaining: 00:00:03 targetEndTime = 12:56:57
9/1/2024 12:56:57 [Information] Stepper Motor Controller Disable Z Axis controls while moving to location.
9/1/2024 12:56:57 [Information] Time remaining: 00:00:03 targetEndTime = 12:56:57
9/1/2024 12:56:57 [Information] Stepper Motor Controller Disable Z Axis controls while moving to location.
9/1/2024 12:56:57 [Information] Time remaining: 00:00:03 targetEndTime = 12:56:57
9/1/2024 12:56:57 [Information] Stepper Motor Controller Disable Z Axis controls while moving to location.
9/1/2024 12:56:57 [Information] Time remaining: 00:00:03 targetEndTime = 12:56:57
9/1/2024 12:56:57 [Information] Stepper Motor Controller Disable Z Axis controls while moving to location.
9/1/2024 12:56:57 [Information] Time remaining: 00:00:03 targetEndTime = 12:56:57
9/1/2024 12:56:57 [Information] Stepper Motor Controller Disable Z Axis controls while moving to location.
9/1/2024 12:56:57 [Information] Time remaining: 00:00:03 targetEndTime = 12:56:57
9/1/2024 12:56:57 [Information] Stepper Motor Controller Disable Z Axis controls while moving to location.
9/1/2024 12:56:57 [Information] Time remaining: 00:00:03 targetEndTime = 12:56:57
9/1/2024 12:56:57 [Information] Stepper Motor Controller Disable Z Axis controls while moving to location.
9/1/2024 12:56:57 [Information] Time remaining: 00:00:03 targetEndTime = 12:56:57
9/1/2024 12:56:57 [Information] Stepper Motor Controller Disable Z Axis controls while moving to location.
9/1/2024 12:56:57 [Information] Time remaining: 00:00:03 targetEndTime = 12:56:57
9/1/2024 12:56:57 [Information] Stepper Motor Controller Disable Z Axis controls while moving to location.
9/1/2024 12:56:57 [Information] Time remaining: 00:00:03 targetEndTime = 12:56:57
9/1/2024 12:56:57 [Information] Stepper Motor Controller Disable Z Axis controls while moving to location.
9/1/2024 12:56:57 [Information] Time remaining: 00:00:03 targetEndTime = 12:56:57
9/1/2024 12:56:57 [Information] Stepper Motor Controller Disable Z Axis controls while moving to location.
9/1/2024 12:56:57 [Information] Time remaining: 00:00:03 targetEndTime = 12:56:57
9/1/2024 12:56:57 [Information] Stepper Motor Controller Disable Z Axis controls while moving to location.
9/1/2024 12:56:57 [Information] Time remaining: 00:00:03 targetEndTime = 12:56:57
9/1/2024 12:56:57 [Information] Stepper Motor Controller Disable Z Axis controls while moving to location.
9/1/2024 12:56:57 [Information] Time remaining: 00:00:03 targetEndTime = 12:56:57
9/1/2024 12:56:57 [Information] Stepper Motor Controller Disable Z Axis controls while moving to location.
9/1/2024 12:56:57 [Information] Time remaining: 00:00:03 targetEndTime = 12:56:57
9/1/2024 12:56:57 [Information] Stepper Motor Controller Disable Z Axis controls while moving to location.
9/1/2024 12:56:57 [Information] Time remaining: 00:00:03 targetEndTime = 12:56:57
9/1/2024 12:56:57 [Information] Stepper Motor Controller Disable Z Axis controls while moving to location.
9/1/2024 12:56:57 [Information] Time remaining: 00:00:03 targetEndTime = 12:56:57
9/1/2024 12:56:57 [Information] Stepper Motor Controller Disable Z Axis controls while moving to location.
9/1/2024 12:56:57 [Information] Time remaining: 00:00:03 targetEndTime = 12:56:57
9/1/2024 12:56:57 [Information] Stepper Motor Controller Disable Z Axis controls while moving to location.
9/1/2024 12:56:57 [Information] Time remaining: 00:00:03 targetEndTime = 12:56:57
9/1/2024 12:56:57 [Information] Stepper Motor Controller Disable Z Axis controls while moving to location.
9/1/2024 12:56:57 [Information] Time remaining: 00:00:03 targetEndTime = 12:56:57
9/1/2024 12:56:57 [Information] Stepper Motor Controller Disable Z Axis controls while moving to location.
9/1/2024 12:56:57 [Information] Time remaining: 00:00:03 targetEndTime = 12:56:57
9/1/2024 12:56:57 [Information] Stepper Motor Controller Disable Z Axis controls while moving to location.
9/1/2024 12:56:57 [Information] Time remaining: 00:00:03 targetEndTime = 12:56:57
9/1/2024 12:56:57 [Information] Stepper Motor Controller Disable Z Axis controls while moving to location.
9/1/2024 12:56:57 [Information] Time remaining: 00:00:03 targetEndTime = 12:56:57
9/1/2024 12:56:57 [Information] Stepper Motor Controller Disable Z Axis controls while moving to location.
9/1/2024 12:56:57 [Information] Time remaining: 00:00:03 targetEndTime = 12:56:57
9/1/2024 12:56:57 [Information] Stepper Motor Controller Disable Z Axis controls while moving to location.
9/1/2024 12:56:57 [Information] Time remaining: 00:00:03 targetEndTime = 12:56:57
9/1/2024 12:56:57 [Information] Stepper Motor Controller Disable Z Axis controls while moving to location.
9/1/2024 12:56:57 [Information] Time remaining: 00:00:03 targetEndTime = 12:56:57
9/1/2024 12:56:57 [Information] Stepper Motor Controller Disable Z Axis controls while moving to location.
9/1/2024 12:56:57 [Information] Time remaining: 00:00:03 targetEndTime = 12:56:57
9/1/2024 12:56:57 [Information] Stepper Motor Controller Disable Z Axis controls while moving to location.
9/1/2024 12:56:57 [Information] Time remaining: 00:00:03 targetEndTime = 12:56:57
9/1/2024 12:56:57 [Information] Stepper Motor Controller Disable Z Axis controls while moving to location.
9/1/2024 12:56:57 [Information] Time remaining: 00:00:03 targetEndTime = 12:56:57
9/1/2024 12:56:57 [Information] Stepper Motor Controller Disable Z Axis controls while moving to location.
9/1/2024 12:56:57 [Information] Time remaining: 00:00:03 targetEndTime = 12:56:57
9/1/2024 12:56:57 [Information] Stepper Motor Controller Disable Z Axis controls while moving to location.
9/1/2024 12:56:57 [Information] Time remaining: 00:00:03 targetEndTime = 12:56:57
9/1/2024 12:56:57 [Information] Stepper Motor Controller Disable Z Axis controls while moving to location.
9/1/2024 12:56:57 [Information] Time remaining: 00:00:03 targetEndTime = 12:56:57
9/1/2024 12:56:57 [Information] Stepper Motor Controller Disable Z Axis controls while moving to location.
9/1/2024 12:56:57 [Information] Time remaining: 00:00:03 targetEndTime = 12:56:57
9/1/2024 12:56:57 [Information] Stepper Motor Controller Disable Z Axis controls while moving to location.
9/1/2024 12:56:57 [Information] Time remaining: 00:00:03 targetEndTime = 12:56:57
9/1/2024 12:56:57 [Information] Stepper Motor Controller Disable Z Axis controls while moving to location.
9/1/2024 12:56:57 [Information] Time remaining: 00:00:03 targetEndTime = 12:56:57
9/1/2024 12:56:57 [Information] Stepper Motor Controller Enable Z Axis controls after moving to location.
9/1/2024 12:56:57 [Information] Stepper Motor Controller Stopwatch Stopped.
9/1/2024 12:56:57 [Information] Stepper Motor Controller Timer Stopped.
9/1/2024 12:56:57 [Information] Stepper Motor Controller Stopwatch Reset.
9/1/2024 12:56:59 [Information] Updated X,Y Zero.IsChecked status to 0 and Z Zero.IsChecked status to 1.
9/1/2024 12:57:00 [Information] ZAxisRun_Click button clicked:
9/1/2024 12:57:00 [Information] Z Axis Run Event to reset Axis to zero: Z,0.00,400.00,0,0.00,400.00,0,0.00,400.00,1
9/1/2024 12:57:00 [Information] Setting Z Axis Current Location Set to Zero on DRO
9/1/2024 12:57:01 [Information] Updated X,Y,Z Zero.IsChecked status to 0.
9/1/2024 12:57:01 [Information] Z Axis Current Location Set to Zero
9/1/2024 12:57:01 [Information] Z Axis Data Received: ?
9/1/2024 12:57:06 [Information] Z Axis mouse controlled Keypad returned: 4.00
9/1/2024 12:57:08 [Information] ZAxisRun_Click button clicked:
9/1/2024 12:57:08 [Information] Z Axis MotorMovementSeconds decimal: (4.00 / 4) / 2 = 0.50
9/1/2024 12:57:08 [Information] Z Axis myMovementTimer int: 1000 * 0.50 = 0
9/1/2024 12:57:09 [Information] Z Axis Run Event: Z,0.00,400.00,0,0.00,400.00,0,4.00,400.00,0
9/1/2024 12:57:09 [Information] Z Axis Current Time: 12:57:09 + 0 = targetEndTime: 12:57:09
9/1/2024 12:57:09 [Information] Stepper Motor Controller Enable Z Axis controls after moving to location.
9/1/2024 12:57:09 [Information] Stepper Motor Controller Stopwatch Stopped.
9/1/2024 12:57:09 [Information] Stepper Motor Controller Timer Stopped.
9/1/2024 12:57:09 [Information] Stepper Motor Controller Stopwatch Reset.
9/1/2024 12:57:09 [Information] Z Axis Data Received: ?
9/1/2024 12:57:11 [Information] Stepper Motor Controller Serial Ports closed.
9/1/2024 12:57:11 [Information] Stepper Motor Controller MainWindow Closing.
9/1/2024 12:57:11 [Information] Properties Settings Saved.
9/1/2024 12:57:11 [Information] Properties Settings Form Closed.
9/1/2024 12:57:11 [Information] Stepper Motor Controller Application Settings Saved and Window Closing.
