8/9/2024 15:32:15 [Information] X Stepper Motor Controller Application Started.
8/9/2024 15:32:15 [Information] Version: 3.0.8987.27537 (8/9/2024 15:32:15)
8/9/2024 15:32:15 [Information] X Axis SerialPort COM7 not connected.
8/9/2024 15:32:15 [Information] Y Axis SerialPort COM8 not connected.
8/9/2024 15:32:15 [Information] Version: 3.1.0.27538 (8/9/2024 15:32:15)
8/9/2024 15:32:15 [Information] Version: 3.1.0.27538 (8/9/2024 15:32:15)
8/9/2024 15:32:15 [Information] Stepper Motor Controller Application Settings Window Opened.
8/9/2024 15:32:15 [Information] Stepper Motor Controller Application Settings form is rebuilt each and every time it is opened.
8/9/2024 15:32:15 [Information] int: 9600 BaudRate added to the Settings Form.
8/9/2024 15:32:15 [Information] bool: False ckbXaxisResetToZeroIsChecked added to the Settings Form.
8/9/2024 15:32:15 [Information] bool: False ckbYaxisResetToZeroIsChecked added to the Settings Form.
8/9/2024 15:32:15 [Information] bool: False ckbZaxisResetToZeroIsChecked added to the Settings Form.
8/9/2024 15:32:15 [Information] COM1: ComPort added to the Settings Form.
8/9/2024 15:32:15 [Information] COM2: ComPort added to the Settings Form.
8/9/2024 15:32:15 [Information] COM3: ComPort added to the Settings Form.
8/9/2024 15:32:15 [Information] COM4: ComPort added to the Settings Form.
8/9/2024 15:32:15 [Information] COM5: ComPort added to the Settings Form.
8/9/2024 15:32:15 [Information] COM6: ComPort added to the Settings Form.
8/9/2024 15:32:15 [Information] COM7: ComPort added to the Settings Form.
8/9/2024 15:32:15 [Information] COM8: ComPort added to the Settings Form.
8/9/2024 15:32:15 [Information] COM9: ComPort added to the Settings Form.
8/9/2024 15:32:15 [Information] COM10: ComPort added to the Settings Form.
8/9/2024 15:32:15 [Information] decimal: 4.00 Divider4_00 added to the Settings Form.
8/9/2024 15:32:15 [Information] decimal: 0.00 MathPart2Initlz added to the Settings Form.
8/9/2024 15:32:15 [Information] decimal: 1.00 MilisecondTimerInterval added to the Settings Form.
8/9/2024 15:32:15 [Information] decimal: 1000.00 MillisecondDelay added to the Settings Form.
8/9/2024 15:32:15 [Information] int: 1000 Milliseconds added to the Settings Form.
8/9/2024 15:32:15 [Information] int: 4 mmPerRevolution added to the Settings Form.
8/9/2024 15:32:15 [Information] decimal: 0.00 Value_0_00 added to the Settings Form.
8/9/2024 15:32:15 [Information] bool: False XaxisChanged added to the Settings Form.
8/9/2024 15:32:15 [Information] decimal: 400.00 XaxisMotorSpeed added to the Settings Form.
8/9/2024 15:32:15 [Information] decimal: 0.00 XaxisStepperCurrent added to the Settings Form.
8/9/2024 15:32:15 [Information] decimal: 0.00 XaxisStepperMove added to the Settings Form.
8/9/2024 15:32:15 [Information] XCOM1: XComPort added to the Settings Form.
8/9/2024 15:32:15 [Information] XCOM2: XComPort added to the Settings Form.
8/9/2024 15:32:15 [Information] XCOM3: XComPort added to the Settings Form.
8/9/2024 15:32:15 [Information] XCOM4: XComPort added to the Settings Form.
8/9/2024 15:32:15 [Information] XCOM5: XComPort added to the Settings Form.
8/9/2024 15:32:15 [Information] XCOM6: XComPort added to the Settings Form.
8/9/2024 15:32:15 [Information] XCOM7: XComPort added to the Settings Form.
8/9/2024 15:32:15 [Information] XCOM8: XComPort added to the Settings Form.
8/9/2024 15:32:15 [Information] XCOM9: XComPort added to the Settings Form.
8/9/2024 15:32:15 [Information] XCOM10: XComPort added to the Settings Form.
8/9/2024 15:32:15 [Information] bool: False YaxisChanged added to the Settings Form.
8/9/2024 15:32:15 [Information] decimal: 400.00 YaxisMotorSpeed added to the Settings Form.
8/9/2024 15:32:15 [Information] decimal: 0.00 YaxisStepperCurrent added to the Settings Form.
8/9/2024 15:32:15 [Information] decimal: 0.00 YaxisStepperMove added to the Settings Form.
8/9/2024 15:32:15 [Information] YCOM1: YComPort added to the Settings Form.
8/9/2024 15:32:15 [Information] YCOM2: YComPort added to the Settings Form.
8/9/2024 15:32:15 [Information] YCOM3: YComPort added to the Settings Form.
8/9/2024 15:32:15 [Information] YCOM4: YComPort added to the Settings Form.
8/9/2024 15:32:15 [Information] YCOM5: YComPort added to the Settings Form.
8/9/2024 15:32:15 [Information] YCOM6: YComPort added to the Settings Form.
8/9/2024 15:32:15 [Information] YCOM7: YComPort added to the Settings Form.
8/9/2024 15:32:15 [Information] YCOM8: YComPort added to the Settings Form.
8/9/2024 15:32:15 [Information] YCOM9: YComPort added to the Settings Form.
8/9/2024 15:32:15 [Information] YCOM10: YComPort added to the Settings Form.
8/9/2024 15:32:15 [Information] bool: False ZaxisChanged added to the Settings Form.
8/9/2024 15:32:15 [Information] decimal: 400.00 ZaxisMotorSpeed added to the Settings Form.
8/9/2024 15:32:15 [Information] decimal: 0.00 ZaxisStepperCurrent added to the Settings Form.
8/9/2024 15:32:15 [Information] decimal: 0.00 ZaxisStepperMove added to the Settings Form.
8/9/2024 15:32:15 [Information] ZCOM1: ZComPort added to the Settings Form.
8/9/2024 15:32:15 [Information] ZCOM2: ZComPort added to the Settings Form.
8/9/2024 15:32:15 [Information] ZCOM3: ZComPort added to the Settings Form.
8/9/2024 15:32:15 [Information] ZCOM4: ZComPort added to the Settings Form.
8/9/2024 15:32:15 [Information] ZCOM5: ZComPort added to the Settings Form.
8/9/2024 15:32:15 [Information] ZCOM6: ZComPort added to the Settings Form.
8/9/2024 15:32:15 [Information] ZCOM7: ZComPort added to the Settings Form.
8/9/2024 15:32:15 [Information] ZCOM8: ZComPort added to the Settings Form.
8/9/2024 15:32:15 [Information] ZCOM9: ZComPort added to the Settings Form.
8/9/2024 15:32:15 [Information] ZCOM10: ZComPort added to the Settings Form.
8/9/2024 15:32:15 [Information] int: 0 zeroXaxis added to the Settings Form.
8/9/2024 15:32:15 [Information] int: 0 zeroYaxis added to the Settings Form.
8/9/2024 15:32:15 [Information] int: 0 zeroZaxis added to the Settings Form.
8/9/2024 15:32:15 [Information] Stepper Motor Controller MainWindow loaded
8/9/2024 15:32:15 [Information] Set MainWindow Media Brushes to White.
8/9/2024 15:32:25 [Information] Z Axis mouse controlled Keypad returned: -16.00
8/9/2024 15:32:30 [Information] ZAxisRun_Click button clicked:
8/9/2024 15:32:30 [Information] Z Axis negative value: -16.00 converted to positive decimal: 16.00
8/9/2024 15:32:30 [Information] Z Axis MotorMovementSeconds decimal: (16.00 / 4) / 2 = 2.00
8/9/2024 15:32:30 [Information] Z Axis myMovementTimer int: 1000 * 2.00 = 2000
8/9/2024 15:32:31 [Information] Z Axis Run Event: Z,0.00,400.00,0,0.00,400.00,0,-16.00,400.00,0
8/9/2024 15:32:31 [Information] Z Axis Current Time: 03:32:31 + 2000 = targetEndTime: 03:32:33
8/9/2024 15:32:31 [Information] Stepper Motor Controller Disable Z Axis controls while moving to location.
8/9/2024 15:32:31 [Information] Time remaining: 00:00:00 targetEndTime = 03:32:33
8/9/2024 15:32:31 [Information] Stepper Motor Controller Disable Z Axis controls while moving to location.
8/9/2024 15:32:31 [Information] Time remaining: 00:00:00 targetEndTime = 03:32:33
8/9/2024 15:32:31 [Information] Stepper Motor Controller Disable Z Axis controls while moving to location.
8/9/2024 15:32:31 [Information] Time remaining: 00:00:00 targetEndTime = 03:32:33
8/9/2024 15:32:31 [Information] Stepper Motor Controller Disable Z Axis controls while moving to location.
8/9/2024 15:32:31 [Information] Time remaining: 00:00:00 targetEndTime = 03:32:33
8/9/2024 15:32:31 [Information] Stepper Motor Controller Disable Z Axis controls while moving to location.
8/9/2024 15:32:31 [Information] Time remaining: 00:00:00 targetEndTime = 03:32:33
8/9/2024 15:32:31 [Information] Stepper Motor Controller Disable Z Axis controls while moving to location.
8/9/2024 15:32:31 [Information] Time remaining: 00:00:00 targetEndTime = 03:32:33
8/9/2024 15:32:31 [Information] Stepper Motor Controller Disable Z Axis controls while moving to location.
8/9/2024 15:32:31 [Information] Time remaining: 00:00:00 targetEndTime = 03:32:33
8/9/2024 15:32:31 [Information] Stepper Motor Controller Disable Z Axis controls while moving to location.
8/9/2024 15:32:31 [Information] Time remaining: 00:00:00 targetEndTime = 03:32:33
8/9/2024 15:32:31 [Information] Stepper Motor Controller Disable Z Axis controls while moving to location.
8/9/2024 15:32:31 [Information] Time remaining: 00:00:00 targetEndTime = 03:32:33
8/9/2024 15:32:31 [Information] Stepper Motor Controller Disable Z Axis controls while moving to location.
8/9/2024 15:32:31 [Information] Time remaining: 00:00:00 targetEndTime = 03:32:33
8/9/2024 15:32:31 [Information] Stepper Motor Controller Disable Z Axis controls while moving to location.
8/9/2024 15:32:31 [Information] Time remaining: 00:00:00 targetEndTime = 03:32:33
8/9/2024 15:32:31 [Information] Stepper Motor Controller Disable Z Axis controls while moving to location.
8/9/2024 15:32:31 [Information] Time remaining: 00:00:00 targetEndTime = 03:32:33
8/9/2024 15:32:31 [Information] Stepper Motor Controller Disable Z Axis controls while moving to location.
8/9/2024 15:32:31 [Information] Time remaining: 00:00:00 targetEndTime = 03:32:33
8/9/2024 15:32:31 [Information] Stepper Motor Controller Disable Z Axis controls while moving to location.
8/9/2024 15:32:31 [Information] Time remaining: 00:00:00 targetEndTime = 03:32:33
8/9/2024 15:32:31 [Information] Stepper Motor Controller Disable Z Axis controls while moving to location.
8/9/2024 15:32:31 [Information] Time remaining: 00:00:00 targetEndTime = 03:32:33
8/9/2024 15:32:31 [Information] Stepper Motor Controller Disable Z Axis controls while moving to location.
8/9/2024 15:32:31 [Information] Time remaining: 00:00:00 targetEndTime = 03:32:33
8/9/2024 15:32:31 [Information] Stepper Motor Controller Disable Z Axis controls while moving to location.
8/9/2024 15:32:31 [Information] Time remaining: 00:00:00 targetEndTime = 03:32:33
8/9/2024 15:32:31 [Information] Stepper Motor Controller Disable Z Axis controls while moving to location.
8/9/2024 15:32:31 [Information] Time remaining: 00:00:00 targetEndTime = 03:32:33
8/9/2024 15:32:31 [Information] Stepper Motor Controller Disable Z Axis controls while moving to location.
8/9/2024 15:32:31 [Information] Time remaining: 00:00:00 targetEndTime = 03:32:33
8/9/2024 15:32:31 [Information] Stepper Motor Controller Disable Z Axis controls while moving to location.
8/9/2024 15:32:31 [Information] Time remaining: 00:00:00 targetEndTime = 03:32:33
8/9/2024 15:32:31 [Information] Stepper Motor Controller Disable Z Axis controls while moving to location.
8/9/2024 15:32:31 [Information] Time remaining: 00:00:00 targetEndTime = 03:32:33
8/9/2024 15:32:31 [Information] Stepper Motor Controller Disable Z Axis controls while moving to location.
8/9/2024 15:32:31 [Information] Time remaining: 00:00:00 targetEndTime = 03:32:33
8/9/2024 15:32:31 [Information] Stepper Motor Controller Disable Z Axis controls while moving to location.
8/9/2024 15:32:31 [Information] Time remaining: 00:00:00 targetEndTime = 03:32:33
8/9/2024 15:32:31 [Information] Stepper Motor Controller Disable Z Axis controls while moving to location.
8/9/2024 15:32:31 [Information] Time remaining: 00:00:00 targetEndTime = 03:32:33
8/9/2024 15:32:31 [Information] Stepper Motor Controller Disable Z Axis controls while moving to location.
8/9/2024 15:32:31 [Information] Time remaining: 00:00:00 targetEndTime = 03:32:33
8/9/2024 15:32:31 [Information] Stepper Motor Controller Disable Z Axis controls while moving to location.
8/9/2024 15:32:31 [Information] Time remaining: 00:00:00 targetEndTime = 03:32:33
8/9/2024 15:32:31 [Information] Stepper Motor Controller Disable Z Axis controls while moving to location.
8/9/2024 15:32:31 [Information] Time remaining: 00:00:00 targetEndTime = 03:32:33
8/9/2024 15:32:31 [Information] Stepper Motor Controller Disable Z Axis controls while moving to location.
8/9/2024 15:32:31 [Information] Time remaining: 00:00:00 targetEndTime = 03:32:33
8/9/2024 15:32:31 [Information] Stepper Motor Controller Disable Z Axis controls while moving to location.
8/9/2024 15:32:31 [Information] Time remaining: 00:00:00 targetEndTime = 03:32:33
8/9/2024 15:32:31 [Information] Stepper Motor Controller Disable Z Axis controls while moving to location.
8/9/2024 15:32:31 [Information] Time remaining: 00:00:00 targetEndTime = 03:32:33
8/9/2024 15:32:31 [Information] Stepper Motor Controller Disable Z Axis controls while moving to location.
8/9/2024 15:32:31 [Information] Time remaining: 00:00:00 targetEndTime = 03:32:33
8/9/2024 15:32:31 [Information] Stepper Motor Controller Disable Z Axis controls while moving to location.
8/9/2024 15:32:31 [Information] Time remaining: 00:00:00 targetEndTime = 03:32:33
8/9/2024 15:32:31 [Information] Stepper Motor Controller Disable Z Axis controls while moving to location.
8/9/2024 15:32:31 [Information] Time remaining: 00:00:00 targetEndTime = 03:32:33
8/9/2024 15:32:31 [Information] Stepper Motor Controller Disable Z Axis controls while moving to location.
8/9/2024 15:32:31 [Information] Time remaining: 00:00:00 targetEndTime = 03:32:33
8/9/2024 15:32:31 [Information] Stepper Motor Controller Disable Z Axis controls while moving to location.
8/9/2024 15:32:31 [Information] Time remaining: 00:00:00 targetEndTime = 03:32:33
8/9/2024 15:32:31 [Information] Stepper Motor Controller Disable Z Axis controls while moving to location.
8/9/2024 15:32:31 [Information] Time remaining: 00:00:00 targetEndTime = 03:32:33
8/9/2024 15:32:31 [Information] Stepper Motor Controller Disable Z Axis controls while moving to location.
8/9/2024 15:32:31 [Information] Time remaining: 00:00:00 targetEndTime = 03:32:33
8/9/2024 15:32:31 [Information] Stepper Motor Controller Disable Z Axis controls while moving to location.
8/9/2024 15:32:31 [Information] Time remaining: 00:00:00 targetEndTime = 03:32:33
8/9/2024 15:32:31 [Information] Stepper Motor Controller Disable Z Axis controls while moving to location.
8/9/2024 15:32:31 [Information] Time remaining: 00:00:00 targetEndTime = 03:32:33
8/9/2024 15:32:31 [Information] Stepper Motor Controller Disable Z Axis controls while moving to location.
8/9/2024 15:32:31 [Information] Time remaining: 00:00:00 targetEndTime = 03:32:33
8/9/2024 15:32:31 [Information] Stepper Motor Controller Disable Z Axis controls while moving to location.
8/9/2024 15:32:31 [Information] Time remaining: 00:00:00 targetEndTime = 03:32:33
8/9/2024 15:32:31 [Information] Stepper Motor Controller Disable Z Axis controls while moving to location.
8/9/2024 15:32:31 [Information] Time remaining: 00:00:00 targetEndTime = 03:32:33
8/9/2024 15:32:31 [Information] Stepper Motor Controller Disable Z Axis controls while moving to location.
8/9/2024 15:32:31 [Information] Time remaining: 00:00:00 targetEndTime = 03:32:33
8/9/2024 15:32:31 [Information] Stepper Motor Controller Disable Z Axis controls while moving to location.
8/9/2024 15:32:31 [Information] Time remaining: 00:00:00 targetEndTime = 03:32:33
8/9/2024 15:32:31 [Information] Stepper Motor Controller Disable Z Axis controls while moving to location.
8/9/2024 15:32:31 [Information] Time remaining: 00:00:00 targetEndTime = 03:32:33
8/9/2024 15:32:31 [Information] Stepper Motor Controller Disable Z Axis controls while moving to location.
8/9/2024 15:32:31 [Information] Time remaining: 00:00:00 targetEndTime = 03:32:33
8/9/2024 15:32:31 [Information] Stepper Motor Controller Disable Z Axis controls while moving to location.
8/9/2024 15:32:31 [Information] Time remaining: 00:00:00 targetEndTime = 03:32:33
8/9/2024 15:32:32 [Information] Stepper Motor Controller Disable Z Axis controls while moving to location.
8/9/2024 15:32:32 [Information] Time remaining: 00:00:00 targetEndTime = 03:32:33
8/9/2024 15:32:32 [Information] Stepper Motor Controller Disable Z Axis controls while moving to location.
8/9/2024 15:32:32 [Information] Time remaining: 00:00:00 targetEndTime = 03:32:33
8/9/2024 15:32:32 [Information] Stepper Motor Controller Disable Z Axis controls while moving to location.
8/9/2024 15:32:32 [Information] Time remaining: 00:00:00 targetEndTime = 03:32:33
8/9/2024 15:32:32 [Information] Stepper Motor Controller Disable Z Axis controls while moving to location.
8/9/2024 15:32:32 [Information] Time remaining: 00:00:00 targetEndTime = 03:32:33
8/9/2024 15:32:32 [Information] Stepper Motor Controller Disable Z Axis controls while moving to location.
8/9/2024 15:32:32 [Information] Time remaining: 00:00:00 targetEndTime = 03:32:33
8/9/2024 15:32:32 [Information] Stepper Motor Controller Disable Z Axis controls while moving to location.
8/9/2024 15:32:32 [Information] Time remaining: 00:00:00 targetEndTime = 03:32:33
8/9/2024 15:32:32 [Information] Stepper Motor Controller Disable Z Axis controls while moving to location.
8/9/2024 15:32:32 [Information] Time remaining: 00:00:00 targetEndTime = 03:32:33
8/9/2024 15:32:32 [Information] Stepper Motor Controller Disable Z Axis controls while moving to location.
8/9/2024 15:32:32 [Information] Time remaining: 00:00:00 targetEndTime = 03:32:33
8/9/2024 15:32:32 [Information] Stepper Motor Controller Disable Z Axis controls while moving to location.
8/9/2024 15:32:32 [Information] Time remaining: 00:00:00 targetEndTime = 03:32:33
8/9/2024 15:32:32 [Information] Stepper Motor Controller Disable Z Axis controls while moving to location.
8/9/2024 15:32:32 [Information] Time remaining: 00:00:00 targetEndTime = 03:32:33
8/9/2024 15:32:32 [Information] Stepper Motor Controller Disable Z Axis controls while moving to location.
8/9/2024 15:32:32 [Information] Time remaining: 00:00:00 targetEndTime = 03:32:33
8/9/2024 15:32:32 [Information] Stepper Motor Controller Disable Z Axis controls while moving to location.
8/9/2024 15:32:32 [Information] Time remaining: 00:00:00 targetEndTime = 03:32:33
8/9/2024 15:32:32 [Information] Stepper Motor Controller Disable Z Axis controls while moving to location.
8/9/2024 15:32:32 [Information] Time remaining: 00:00:01 targetEndTime = 03:32:33
8/9/2024 15:32:32 [Information] Stepper Motor Controller Disable Z Axis controls while moving to location.
8/9/2024 15:32:32 [Information] Time remaining: 00:00:01 targetEndTime = 03:32:33
8/9/2024 15:32:32 [Information] Stepper Motor Controller Disable Z Axis controls while moving to location.
8/9/2024 15:32:32 [Information] Time remaining: 00:00:01 targetEndTime = 03:32:33
8/9/2024 15:32:32 [Information] Stepper Motor Controller Disable Z Axis controls while moving to location.
8/9/2024 15:32:32 [Information] Time remaining: 00:00:01 targetEndTime = 03:32:33
8/9/2024 15:32:32 [Information] Stepper Motor Controller Disable Z Axis controls while moving to location.
8/9/2024 15:32:32 [Information] Time remaining: 00:00:01 targetEndTime = 03:32:33
8/9/2024 15:32:32 [Information] Stepper Motor Controller Disable Z Axis controls while moving to location.
8/9/2024 15:32:32 [Information] Time remaining: 00:00:01 targetEndTime = 03:32:33
8/9/2024 15:32:32 [Information] Stepper Motor Controller Disable Z Axis controls while moving to location.
8/9/2024 15:32:32 [Information] Time remaining: 00:00:01 targetEndTime = 03:32:33
8/9/2024 15:32:32 [Information] Stepper Motor Controller Disable Z Axis controls while moving to location.
8/9/2024 15:32:32 [Information] Time remaining: 00:00:01 targetEndTime = 03:32:33
8/9/2024 15:32:32 [Information] Stepper Motor Controller Disable Z Axis controls while moving to location.
8/9/2024 15:32:32 [Information] Time remaining: 00:00:01 targetEndTime = 03:32:33
8/9/2024 15:32:32 [Information] Stepper Motor Controller Disable Z Axis controls while moving to location.
8/9/2024 15:32:32 [Information] Time remaining: 00:00:01 targetEndTime = 03:32:33
8/9/2024 15:32:32 [Information] Stepper Motor Controller Disable Z Axis controls while moving to location.
8/9/2024 15:32:32 [Information] Time remaining: 00:00:01 targetEndTime = 03:32:33
8/9/2024 15:32:32 [Information] Stepper Motor Controller Disable Z Axis controls while moving to location.
8/9/2024 15:32:32 [Information] Time remaining: 00:00:01 targetEndTime = 03:32:33
8/9/2024 15:32:32 [Information] Stepper Motor Controller Disable Z Axis controls while moving to location.
8/9/2024 15:32:32 [Information] Time remaining: 00:00:01 targetEndTime = 03:32:33
8/9/2024 15:32:32 [Information] Stepper Motor Controller Disable Z Axis controls while moving to location.
8/9/2024 15:32:32 [Information] Time remaining: 00:00:01 targetEndTime = 03:32:33
8/9/2024 15:32:32 [Information] Stepper Motor Controller Disable Z Axis controls while moving to location.
8/9/2024 15:32:32 [Information] Time remaining: 00:00:01 targetEndTime = 03:32:33
8/9/2024 15:32:32 [Information] Stepper Motor Controller Disable Z Axis controls while moving to location.
8/9/2024 15:32:32 [Information] Time remaining: 00:00:01 targetEndTime = 03:32:33
8/9/2024 15:32:32 [Information] Stepper Motor Controller Disable Z Axis controls while moving to location.
8/9/2024 15:32:32 [Information] Time remaining: 00:00:01 targetEndTime = 03:32:33
8/9/2024 15:32:32 [Information] Stepper Motor Controller Disable Z Axis controls while moving to location.
8/9/2024 15:32:32 [Information] Time remaining: 00:00:01 targetEndTime = 03:32:33
8/9/2024 15:32:32 [Information] Stepper Motor Controller Disable Z Axis controls while moving to location.
8/9/2024 15:32:32 [Information] Time remaining: 00:00:01 targetEndTime = 03:32:33
8/9/2024 15:32:32 [Information] Stepper Motor Controller Disable Z Axis controls while moving to location.
8/9/2024 15:32:32 [Information] Time remaining: 00:00:01 targetEndTime = 03:32:33
8/9/2024 15:32:32 [Information] Stepper Motor Controller Disable Z Axis controls while moving to location.
8/9/2024 15:32:32 [Information] Time remaining: 00:00:01 targetEndTime = 03:32:33
8/9/2024 15:32:32 [Information] Stepper Motor Controller Disable Z Axis controls while moving to location.
8/9/2024 15:32:32 [Information] Time remaining: 00:00:01 targetEndTime = 03:32:33
8/9/2024 15:32:32 [Information] Stepper Motor Controller Disable Z Axis controls while moving to location.
8/9/2024 15:32:32 [Information] Time remaining: 00:00:01 targetEndTime = 03:32:33
8/9/2024 15:32:32 [Information] Stepper Motor Controller Disable Z Axis controls while moving to location.
8/9/2024 15:32:32 [Information] Time remaining: 00:00:01 targetEndTime = 03:32:33
8/9/2024 15:32:32 [Information] Stepper Motor Controller Disable Z Axis controls while moving to location.
8/9/2024 15:32:32 [Information] Time remaining: 00:00:01 targetEndTime = 03:32:33
8/9/2024 15:32:32 [Information] Stepper Motor Controller Disable Z Axis controls while moving to location.
8/9/2024 15:32:32 [Information] Time remaining: 00:00:01 targetEndTime = 03:32:33
8/9/2024 15:32:32 [Information] Stepper Motor Controller Disable Z Axis controls while moving to location.
8/9/2024 15:32:32 [Information] Time remaining: 00:00:01 targetEndTime = 03:32:33
8/9/2024 15:32:32 [Information] Stepper Motor Controller Disable Z Axis controls while moving to location.
8/9/2024 15:32:32 [Information] Time remaining: 00:00:01 targetEndTime = 03:32:33
8/9/2024 15:32:32 [Information] Stepper Motor Controller Disable Z Axis controls while moving to location.
8/9/2024 15:32:32 [Information] Time remaining: 00:00:01 targetEndTime = 03:32:33
8/9/2024 15:32:32 [Information] Stepper Motor Controller Disable Z Axis controls while moving to location.
8/9/2024 15:32:32 [Information] Time remaining: 00:00:01 targetEndTime = 03:32:33
8/9/2024 15:32:32 [Information] Stepper Motor Controller Disable Z Axis controls while moving to location.
8/9/2024 15:32:32 [Information] Time remaining: 00:00:01 targetEndTime = 03:32:33
8/9/2024 15:32:32 [Information] Stepper Motor Controller Disable Z Axis controls while moving to location.
8/9/2024 15:32:32 [Information] Time remaining: 00:00:01 targetEndTime = 03:32:33
8/9/2024 15:32:32 [Information] Stepper Motor Controller Disable Z Axis controls while moving to location.
8/9/2024 15:32:32 [Information] Time remaining: 00:00:01 targetEndTime = 03:32:33
8/9/2024 15:32:32 [Information] Stepper Motor Controller Disable Z Axis controls while moving to location.
8/9/2024 15:32:32 [Information] Time remaining: 00:00:01 targetEndTime = 03:32:33
8/9/2024 15:32:32 [Information] Stepper Motor Controller Disable Z Axis controls while moving to location.
8/9/2024 15:32:32 [Information] Time remaining: 00:00:01 targetEndTime = 03:32:33
8/9/2024 15:32:32 [Information] Stepper Motor Controller Disable Z Axis controls while moving to location.
8/9/2024 15:32:32 [Information] Time remaining: 00:00:01 targetEndTime = 03:32:33
8/9/2024 15:32:32 [Information] Stepper Motor Controller Disable Z Axis controls while moving to location.
8/9/2024 15:32:32 [Information] Time remaining: 00:00:01 targetEndTime = 03:32:33
8/9/2024 15:32:32 [Information] Stepper Motor Controller Disable Z Axis controls while moving to location.
8/9/2024 15:32:32 [Information] Time remaining: 00:00:01 targetEndTime = 03:32:33
8/9/2024 15:32:32 [Information] Stepper Motor Controller Disable Z Axis controls while moving to location.
8/9/2024 15:32:32 [Information] Time remaining: 00:00:01 targetEndTime = 03:32:33
8/9/2024 15:32:32 [Information] Stepper Motor Controller Disable Z Axis controls while moving to location.
8/9/2024 15:32:32 [Information] Time remaining: 00:00:01 targetEndTime = 03:32:33
8/9/2024 15:32:32 [Information] Stepper Motor Controller Disable Z Axis controls while moving to location.
8/9/2024 15:32:32 [Information] Time remaining: 00:00:01 targetEndTime = 03:32:33
8/9/2024 15:32:32 [Information] Stepper Motor Controller Disable Z Axis controls while moving to location.
8/9/2024 15:32:32 [Information] Time remaining: 00:00:01 targetEndTime = 03:32:33
8/9/2024 15:32:32 [Information] Stepper Motor Controller Disable Z Axis controls while moving to location.
8/9/2024 15:32:32 [Information] Time remaining: 00:00:01 targetEndTime = 03:32:33
8/9/2024 15:32:32 [Information] Stepper Motor Controller Disable Z Axis controls while moving to location.
8/9/2024 15:32:32 [Information] Time remaining: 00:00:01 targetEndTime = 03:32:33
8/9/2024 15:32:32 [Information] Stepper Motor Controller Disable Z Axis controls while moving to location.
8/9/2024 15:32:32 [Information] Time remaining: 00:00:01 targetEndTime = 03:32:33
8/9/2024 15:32:32 [Information] Stepper Motor Controller Disable Z Axis controls while moving to location.
8/9/2024 15:32:32 [Information] Time remaining: 00:00:01 targetEndTime = 03:32:33
8/9/2024 15:32:33 [Information] Stepper Motor Controller Disable Z Axis controls while moving to location.
8/9/2024 15:32:33 [Information] Time remaining: 00:00:01 targetEndTime = 03:32:33
8/9/2024 15:32:33 [Information] Stepper Motor Controller Disable Z Axis controls while moving to location.
8/9/2024 15:32:33 [Information] Time remaining: 00:00:01 targetEndTime = 03:32:33
8/9/2024 15:32:33 [Information] Stepper Motor Controller Disable Z Axis controls while moving to location.
8/9/2024 15:32:33 [Information] Time remaining: 00:00:01 targetEndTime = 03:32:33
8/9/2024 15:32:33 [Information] Stepper Motor Controller Disable Z Axis controls while moving to location.
8/9/2024 15:32:33 [Information] Time remaining: 00:00:01 targetEndTime = 03:32:33
8/9/2024 15:32:33 [Information] Stepper Motor Controller Disable Z Axis controls while moving to location.
8/9/2024 15:32:33 [Information] Time remaining: 00:00:01 targetEndTime = 03:32:33
8/9/2024 15:32:33 [Information] Stepper Motor Controller Disable Z Axis controls while moving to location.
8/9/2024 15:32:33 [Information] Time remaining: 00:00:01 targetEndTime = 03:32:33
8/9/2024 15:32:33 [Information] Stepper Motor Controller Disable Z Axis controls while moving to location.
8/9/2024 15:32:33 [Information] Time remaining: 00:00:01 targetEndTime = 03:32:33
8/9/2024 15:32:33 [Information] Stepper Motor Controller Disable Z Axis controls while moving to location.
8/9/2024 15:32:33 [Information] Time remaining: 00:00:01 targetEndTime = 03:32:33
8/9/2024 15:32:33 [Information] Stepper Motor Controller Disable Z Axis controls while moving to location.
8/9/2024 15:32:33 [Information] Time remaining: 00:00:01 targetEndTime = 03:32:33
8/9/2024 15:32:33 [Information] Stepper Motor Controller Disable Z Axis controls while moving to location.
8/9/2024 15:32:33 [Information] Time remaining: 00:00:01 targetEndTime = 03:32:33
8/9/2024 15:32:33 [Information] Stepper Motor Controller Enable Z Axis controls after moving to location.
8/9/2024 15:32:33 [Information] Stepper Motor Controller Stopwatch Stopped.
8/9/2024 15:32:33 [Information] Stepper Motor Controller Timer Stopped.
8/9/2024 15:32:33 [Information] Stepper Motor Controller Stopwatch Reset.
8/9/2024 15:32:43 [Information] Z Axis mouse controlled Keypad returned: 16.00
8/9/2024 15:32:45 [Information] ZAxisRun_Click button clicked:
8/9/2024 15:32:45 [Information] Z Axis MotorMovementSeconds decimal: (16.00 / 4) / 2 = 2.00
8/9/2024 15:32:45 [Information] Z Axis myMovementTimer int: 1000 * 2.00 = 2000
8/9/2024 15:32:46 [Information] Z Axis Run Event: Z,0.00,400.00,0,0.00,400.00,0,0.00,400.00,0
8/9/2024 15:32:46 [Information] Z Axis Current Time: 03:32:46 + 2000 = targetEndTime: 03:32:48
8/9/2024 15:32:46 [Information] Stepper Motor Controller Disable Z Axis controls while moving to location.
8/9/2024 15:32:46 [Information] Time remaining: 00:00:00 targetEndTime = 03:32:48
8/9/2024 15:32:46 [Information] Stepper Motor Controller Disable Z Axis controls while moving to location.
8/9/2024 15:32:46 [Information] Time remaining: 00:00:00 targetEndTime = 03:32:48
8/9/2024 15:32:46 [Information] Stepper Motor Controller Disable Z Axis controls while moving to location.
8/9/2024 15:32:46 [Information] Time remaining: 00:00:00 targetEndTime = 03:32:48
8/9/2024 15:32:46 [Information] Stepper Motor Controller Disable Z Axis controls while moving to location.
8/9/2024 15:32:46 [Information] Time remaining: 00:00:00 targetEndTime = 03:32:48
8/9/2024 15:32:46 [Information] Stepper Motor Controller Disable Z Axis controls while moving to location.
8/9/2024 15:32:46 [Information] Time remaining: 00:00:00 targetEndTime = 03:32:48
8/9/2024 15:32:46 [Information] Stepper Motor Controller Disable Z Axis controls while moving to location.
8/9/2024 15:32:46 [Information] Time remaining: 00:00:00 targetEndTime = 03:32:48
8/9/2024 15:32:46 [Information] Stepper Motor Controller Disable Z Axis controls while moving to location.
8/9/2024 15:32:46 [Information] Time remaining: 00:00:00 targetEndTime = 03:32:48
8/9/2024 15:32:46 [Information] Stepper Motor Controller Disable Z Axis controls while moving to location.
8/9/2024 15:32:46 [Information] Time remaining: 00:00:00 targetEndTime = 03:32:48
8/9/2024 15:32:46 [Information] Stepper Motor Controller Disable Z Axis controls while moving to location.
8/9/2024 15:32:46 [Information] Time remaining: 00:00:00 targetEndTime = 03:32:48
8/9/2024 15:32:46 [Information] Stepper Motor Controller Disable Z Axis controls while moving to location.
8/9/2024 15:32:46 [Information] Time remaining: 00:00:00 targetEndTime = 03:32:48
8/9/2024 15:32:46 [Information] Stepper Motor Controller Disable Z Axis controls while moving to location.
8/9/2024 15:32:46 [Information] Time remaining: 00:00:00 targetEndTime = 03:32:48
8/9/2024 15:32:46 [Information] Stepper Motor Controller Disable Z Axis controls while moving to location.
8/9/2024 15:32:46 [Information] Time remaining: 00:00:00 targetEndTime = 03:32:48
8/9/2024 15:32:46 [Information] Stepper Motor Controller Disable Z Axis controls while moving to location.
8/9/2024 15:32:46 [Information] Time remaining: 00:00:00 targetEndTime = 03:32:48
8/9/2024 15:32:46 [Information] Stepper Motor Controller Disable Z Axis controls while moving to location.
8/9/2024 15:32:46 [Information] Time remaining: 00:00:00 targetEndTime = 03:32:48
8/9/2024 15:32:46 [Information] Stepper Motor Controller Disable Z Axis controls while moving to location.
8/9/2024 15:32:46 [Information] Time remaining: 00:00:00 targetEndTime = 03:32:48
8/9/2024 15:32:46 [Information] Stepper Motor Controller Disable Z Axis controls while moving to location.
8/9/2024 15:32:46 [Information] Time remaining: 00:00:00 targetEndTime = 03:32:48
8/9/2024 15:32:46 [Information] Stepper Motor Controller Disable Z Axis controls while moving to location.
8/9/2024 15:32:46 [Information] Time remaining: 00:00:00 targetEndTime = 03:32:48
8/9/2024 15:32:46 [Information] Stepper Motor Controller Disable Z Axis controls while moving to location.
8/9/2024 15:32:46 [Information] Time remaining: 00:00:00 targetEndTime = 03:32:48
8/9/2024 15:32:46 [Information] Stepper Motor Controller Disable Z Axis controls while moving to location.
8/9/2024 15:32:46 [Information] Time remaining: 00:00:00 targetEndTime = 03:32:48
8/9/2024 15:32:46 [Information] Stepper Motor Controller Disable Z Axis controls while moving to location.
8/9/2024 15:32:46 [Information] Time remaining: 00:00:00 targetEndTime = 03:32:48
8/9/2024 15:32:46 [Information] Stepper Motor Controller Disable Z Axis controls while moving to location.
8/9/2024 15:32:46 [Information] Time remaining: 00:00:00 targetEndTime = 03:32:48
8/9/2024 15:32:46 [Information] Stepper Motor Controller Disable Z Axis controls while moving to location.
8/9/2024 15:32:46 [Information] Time remaining: 00:00:00 targetEndTime = 03:32:48
8/9/2024 15:32:46 [Information] Stepper Motor Controller Disable Z Axis controls while moving to location.
8/9/2024 15:32:46 [Information] Time remaining: 00:00:00 targetEndTime = 03:32:48
8/9/2024 15:32:46 [Information] Stepper Motor Controller Disable Z Axis controls while moving to location.
8/9/2024 15:32:46 [Information] Time remaining: 00:00:00 targetEndTime = 03:32:48
8/9/2024 15:32:46 [Information] Stepper Motor Controller Disable Z Axis controls while moving to location.
8/9/2024 15:32:46 [Information] Time remaining: 00:00:00 targetEndTime = 03:32:48
8/9/2024 15:32:46 [Information] Stepper Motor Controller Disable Z Axis controls while moving to location.
8/9/2024 15:32:46 [Information] Time remaining: 00:00:00 targetEndTime = 03:32:48
8/9/2024 15:32:46 [Information] Stepper Motor Controller Disable Z Axis controls while moving to location.
8/9/2024 15:32:46 [Information] Time remaining: 00:00:00 targetEndTime = 03:32:48
8/9/2024 15:32:46 [Information] Stepper Motor Controller Disable Z Axis controls while moving to location.
8/9/2024 15:32:46 [Information] Time remaining: 00:00:00 targetEndTime = 03:32:48
8/9/2024 15:32:47 [Information] Stepper Motor Controller Disable Z Axis controls while moving to location.
8/9/2024 15:32:47 [Information] Time remaining: 00:00:00 targetEndTime = 03:32:48
8/9/2024 15:32:47 [Information] Stepper Motor Controller Disable Z Axis controls while moving to location.
8/9/2024 15:32:47 [Information] Time remaining: 00:00:00 targetEndTime = 03:32:48
8/9/2024 15:32:47 [Information] Stepper Motor Controller Disable Z Axis controls while moving to location.
8/9/2024 15:32:47 [Information] Time remaining: 00:00:00 targetEndTime = 03:32:48
8/9/2024 15:32:47 [Information] Stepper Motor Controller Disable Z Axis controls while moving to location.
8/9/2024 15:32:47 [Information] Time remaining: 00:00:00 targetEndTime = 03:32:48
8/9/2024 15:32:47 [Information] Stepper Motor Controller Disable Z Axis controls while moving to location.
8/9/2024 15:32:47 [Information] Time remaining: 00:00:00 targetEndTime = 03:32:48
8/9/2024 15:32:47 [Information] Stepper Motor Controller Disable Z Axis controls while moving to location.
8/9/2024 15:32:47 [Information] Time remaining: 00:00:00 targetEndTime = 03:32:48
8/9/2024 15:32:47 [Information] Stepper Motor Controller Disable Z Axis controls while moving to location.
8/9/2024 15:32:47 [Information] Time remaining: 00:00:00 targetEndTime = 03:32:48
8/9/2024 15:32:47 [Information] Stepper Motor Controller Disable Z Axis controls while moving to location.
8/9/2024 15:32:47 [Information] Time remaining: 00:00:00 targetEndTime = 03:32:48
8/9/2024 15:32:47 [Information] Stepper Motor Controller Disable Z Axis controls while moving to location.
8/9/2024 15:32:47 [Information] Time remaining: 00:00:00 targetEndTime = 03:32:48
8/9/2024 15:32:47 [Information] Stepper Motor Controller Disable Z Axis controls while moving to location.
8/9/2024 15:32:47 [Information] Time remaining: 00:00:00 targetEndTime = 03:32:48
8/9/2024 15:32:47 [Information] Stepper Motor Controller Disable Z Axis controls while moving to location.
8/9/2024 15:32:47 [Information] Time remaining: 00:00:00 targetEndTime = 03:32:48
8/9/2024 15:32:47 [Information] Stepper Motor Controller Disable Z Axis controls while moving to location.
8/9/2024 15:32:47 [Information] Time remaining: 00:00:00 targetEndTime = 03:32:48
8/9/2024 15:32:47 [Information] Stepper Motor Controller Disable Z Axis controls while moving to location.
8/9/2024 15:32:47 [Information] Time remaining: 00:00:00 targetEndTime = 03:32:48
8/9/2024 15:32:47 [Information] Stepper Motor Controller Disable Z Axis controls while moving to location.
8/9/2024 15:32:47 [Information] Time remaining: 00:00:00 targetEndTime = 03:32:48
8/9/2024 15:32:47 [Information] Stepper Motor Controller Disable Z Axis controls while moving to location.
8/9/2024 15:32:47 [Information] Time remaining: 00:00:00 targetEndTime = 03:32:48
8/9/2024 15:32:47 [Information] Stepper Motor Controller Disable Z Axis controls while moving to location.
8/9/2024 15:32:47 [Information] Time remaining: 00:00:00 targetEndTime = 03:32:48
8/9/2024 15:32:47 [Information] Stepper Motor Controller Disable Z Axis controls while moving to location.
8/9/2024 15:32:47 [Information] Time remaining: 00:00:00 targetEndTime = 03:32:48
8/9/2024 15:32:47 [Information] Stepper Motor Controller Disable Z Axis controls while moving to location.
8/9/2024 15:32:47 [Information] Time remaining: 00:00:00 targetEndTime = 03:32:48
8/9/2024 15:32:47 [Information] Stepper Motor Controller Disable Z Axis controls while moving to location.
8/9/2024 15:32:47 [Information] Time remaining: 00:00:00 targetEndTime = 03:32:48
8/9/2024 15:32:47 [Information] Stepper Motor Controller Disable Z Axis controls while moving to location.
8/9/2024 15:32:47 [Information] Time remaining: 00:00:00 targetEndTime = 03:32:48
8/9/2024 15:32:47 [Information] Stepper Motor Controller Disable Z Axis controls while moving to location.
8/9/2024 15:32:47 [Information] Time remaining: 00:00:00 targetEndTime = 03:32:48
8/9/2024 15:32:47 [Information] Stepper Motor Controller Disable Z Axis controls while moving to location.
8/9/2024 15:32:47 [Information] Time remaining: 00:00:00 targetEndTime = 03:32:48
8/9/2024 15:32:47 [Information] Stepper Motor Controller Disable Z Axis controls while moving to location.
8/9/2024 15:32:47 [Information] Time remaining: 00:00:00 targetEndTime = 03:32:48
8/9/2024 15:32:47 [Information] Stepper Motor Controller Disable Z Axis controls while moving to location.
8/9/2024 15:32:47 [Information] Time remaining: 00:00:00 targetEndTime = 03:32:48
8/9/2024 15:32:47 [Information] Stepper Motor Controller Disable Z Axis controls while moving to location.
8/9/2024 15:32:47 [Information] Time remaining: 00:00:01 targetEndTime = 03:32:48
8/9/2024 15:32:47 [Information] Stepper Motor Controller Disable Z Axis controls while moving to location.
8/9/2024 15:32:47 [Information] Time remaining: 00:00:01 targetEndTime = 03:32:48
8/9/2024 15:32:47 [Information] Stepper Motor Controller Disable Z Axis controls while moving to location.
8/9/2024 15:32:47 [Information] Time remaining: 00:00:01 targetEndTime = 03:32:48
8/9/2024 15:32:47 [Information] Stepper Motor Controller Disable Z Axis controls while moving to location.
8/9/2024 15:32:47 [Information] Time remaining: 00:00:01 targetEndTime = 03:32:48
8/9/2024 15:32:47 [Information] Stepper Motor Controller Disable Z Axis controls while moving to location.
8/9/2024 15:32:47 [Information] Time remaining: 00:00:01 targetEndTime = 03:32:48
8/9/2024 15:32:47 [Information] Stepper Motor Controller Disable Z Axis controls while moving to location.
8/9/2024 15:32:47 [Information] Time remaining: 00:00:01 targetEndTime = 03:32:48
8/9/2024 15:32:47 [Information] Stepper Motor Controller Disable Z Axis controls while moving to location.
8/9/2024 15:32:47 [Information] Time remaining: 00:00:01 targetEndTime = 03:32:48
8/9/2024 15:32:47 [Information] Stepper Motor Controller Disable Z Axis controls while moving to location.
8/9/2024 15:32:47 [Information] Time remaining: 00:00:01 targetEndTime = 03:32:48
8/9/2024 15:32:47 [Information] Stepper Motor Controller Disable Z Axis controls while moving to location.
8/9/2024 15:32:47 [Information] Time remaining: 00:00:01 targetEndTime = 03:32:48
8/9/2024 15:32:47 [Information] Stepper Motor Controller Disable Z Axis controls while moving to location.
8/9/2024 15:32:47 [Information] Time remaining: 00:00:01 targetEndTime = 03:32:48
8/9/2024 15:32:47 [Information] Stepper Motor Controller Disable Z Axis controls while moving to location.
8/9/2024 15:32:47 [Information] Time remaining: 00:00:01 targetEndTime = 03:32:48
8/9/2024 15:32:47 [Information] Stepper Motor Controller Disable Z Axis controls while moving to location.
8/9/2024 15:32:47 [Information] Time remaining: 00:00:01 targetEndTime = 03:32:48
8/9/2024 15:32:47 [Information] Stepper Motor Controller Disable Z Axis controls while moving to location.
8/9/2024 15:32:47 [Information] Time remaining: 00:00:01 targetEndTime = 03:32:48
8/9/2024 15:32:47 [Information] Stepper Motor Controller Disable Z Axis controls while moving to location.
8/9/2024 15:32:47 [Information] Time remaining: 00:00:01 targetEndTime = 03:32:48
8/9/2024 15:32:47 [Information] Stepper Motor Controller Disable Z Axis controls while moving to location.
8/9/2024 15:32:47 [Information] Time remaining: 00:00:01 targetEndTime = 03:32:48
8/9/2024 15:32:47 [Information] Stepper Motor Controller Disable Z Axis controls while moving to location.
8/9/2024 15:32:47 [Information] Time remaining: 00:00:01 targetEndTime = 03:32:48
8/9/2024 15:32:47 [Information] Stepper Motor Controller Disable Z Axis controls while moving to location.
8/9/2024 15:32:47 [Information] Time remaining: 00:00:01 targetEndTime = 03:32:48
8/9/2024 15:32:47 [Information] Stepper Motor Controller Disable Z Axis controls while moving to location.
8/9/2024 15:32:47 [Information] Time remaining: 00:00:01 targetEndTime = 03:32:48
8/9/2024 15:32:47 [Information] Stepper Motor Controller Disable Z Axis controls while moving to location.
8/9/2024 15:32:47 [Information] Time remaining: 00:00:01 targetEndTime = 03:32:48
8/9/2024 15:32:47 [Information] Stepper Motor Controller Disable Z Axis controls while moving to location.
8/9/2024 15:32:47 [Information] Time remaining: 00:00:01 targetEndTime = 03:32:48
8/9/2024 15:32:47 [Information] Stepper Motor Controller Disable Z Axis controls while moving to location.
8/9/2024 15:32:47 [Information] Time remaining: 00:00:01 targetEndTime = 03:32:48
8/9/2024 15:32:47 [Information] Stepper Motor Controller Disable Z Axis controls while moving to location.
8/9/2024 15:32:47 [Information] Time remaining: 00:00:01 targetEndTime = 03:32:48
8/9/2024 15:32:47 [Information] Stepper Motor Controller Disable Z Axis controls while moving to location.
8/9/2024 15:32:47 [Information] Time remaining: 00:00:01 targetEndTime = 03:32:48
8/9/2024 15:32:47 [Information] Stepper Motor Controller Disable Z Axis controls while moving to location.
8/9/2024 15:32:47 [Information] Time remaining: 00:00:01 targetEndTime = 03:32:48
8/9/2024 15:32:47 [Information] Stepper Motor Controller Disable Z Axis controls while moving to location.
8/9/2024 15:32:47 [Information] Time remaining: 00:00:01 targetEndTime = 03:32:48
8/9/2024 15:32:47 [Information] Stepper Motor Controller Disable Z Axis controls while moving to location.
8/9/2024 15:32:47 [Information] Time remaining: 00:00:01 targetEndTime = 03:32:48
8/9/2024 15:32:47 [Information] Stepper Motor Controller Disable Z Axis controls while moving to location.
8/9/2024 15:32:47 [Information] Time remaining: 00:00:01 targetEndTime = 03:32:48
8/9/2024 15:32:47 [Information] Stepper Motor Controller Disable Z Axis controls while moving to location.
8/9/2024 15:32:47 [Information] Time remaining: 00:00:01 targetEndTime = 03:32:48
8/9/2024 15:32:47 [Information] Stepper Motor Controller Disable Z Axis controls while moving to location.
8/9/2024 15:32:47 [Information] Time remaining: 00:00:01 targetEndTime = 03:32:48
8/9/2024 15:32:47 [Information] Stepper Motor Controller Disable Z Axis controls while moving to location.
8/9/2024 15:32:47 [Information] Time remaining: 00:00:01 targetEndTime = 03:32:48
8/9/2024 15:32:47 [Information] Stepper Motor Controller Disable Z Axis controls while moving to location.
8/9/2024 15:32:47 [Information] Time remaining: 00:00:01 targetEndTime = 03:32:48
8/9/2024 15:32:47 [Information] Stepper Motor Controller Disable Z Axis controls while moving to location.
8/9/2024 15:32:47 [Information] Time remaining: 00:00:01 targetEndTime = 03:32:48
8/9/2024 15:32:47 [Information] Stepper Motor Controller Disable Z Axis controls while moving to location.
8/9/2024 15:32:47 [Information] Time remaining: 00:00:01 targetEndTime = 03:32:48
8/9/2024 15:32:47 [Information] Stepper Motor Controller Disable Z Axis controls while moving to location.
8/9/2024 15:32:47 [Information] Time remaining: 00:00:01 targetEndTime = 03:32:48
8/9/2024 15:32:47 [Information] Stepper Motor Controller Disable Z Axis controls while moving to location.
8/9/2024 15:32:47 [Information] Time remaining: 00:00:01 targetEndTime = 03:32:48
8/9/2024 15:32:47 [Information] Stepper Motor Controller Disable Z Axis controls while moving to location.
8/9/2024 15:32:47 [Information] Time remaining: 00:00:01 targetEndTime = 03:32:48
8/9/2024 15:32:47 [Information] Stepper Motor Controller Disable Z Axis controls while moving to location.
8/9/2024 15:32:47 [Information] Time remaining: 00:00:01 targetEndTime = 03:32:48
8/9/2024 15:32:47 [Information] Stepper Motor Controller Disable Z Axis controls while moving to location.
8/9/2024 15:32:47 [Information] Time remaining: 00:00:01 targetEndTime = 03:32:48
8/9/2024 15:32:48 [Information] Stepper Motor Controller Disable Z Axis controls while moving to location.
8/9/2024 15:32:48 [Information] Time remaining: 00:00:01 targetEndTime = 03:32:48
8/9/2024 15:32:48 [Information] Stepper Motor Controller Disable Z Axis controls while moving to location.
8/9/2024 15:32:48 [Information] Time remaining: 00:00:01 targetEndTime = 03:32:48
8/9/2024 15:32:48 [Information] Stepper Motor Controller Disable Z Axis controls while moving to location.
8/9/2024 15:32:48 [Information] Time remaining: 00:00:01 targetEndTime = 03:32:48
8/9/2024 15:32:48 [Information] Stepper Motor Controller Disable Z Axis controls while moving to location.
8/9/2024 15:32:48 [Information] Time remaining: 00:00:01 targetEndTime = 03:32:48
8/9/2024 15:32:48 [Information] Stepper Motor Controller Disable Z Axis controls while moving to location.
8/9/2024 15:32:48 [Information] Time remaining: 00:00:01 targetEndTime = 03:32:48
8/9/2024 15:32:48 [Information] Stepper Motor Controller Disable Z Axis controls while moving to location.
8/9/2024 15:32:48 [Information] Time remaining: 00:00:01 targetEndTime = 03:32:48
8/9/2024 15:32:48 [Information] Stepper Motor Controller Disable Z Axis controls while moving to location.
8/9/2024 15:32:48 [Information] Time remaining: 00:00:01 targetEndTime = 03:32:48
8/9/2024 15:32:48 [Information] Stepper Motor Controller Disable Z Axis controls while moving to location.
8/9/2024 15:32:48 [Information] Time remaining: 00:00:01 targetEndTime = 03:32:48
8/9/2024 15:32:48 [Information] Stepper Motor Controller Disable Z Axis controls while moving to location.
8/9/2024 15:32:48 [Information] Time remaining: 00:00:01 targetEndTime = 03:32:48
8/9/2024 15:32:48 [Information] Stepper Motor Controller Disable Z Axis controls while moving to location.
8/9/2024 15:32:48 [Information] Time remaining: 00:00:01 targetEndTime = 03:32:48
8/9/2024 15:32:48 [Information] Stepper Motor Controller Disable Z Axis controls while moving to location.
8/9/2024 15:32:48 [Information] Time remaining: 00:00:01 targetEndTime = 03:32:48
8/9/2024 15:32:48 [Information] Stepper Motor Controller Disable Z Axis controls while moving to location.
8/9/2024 15:32:48 [Information] Time remaining: 00:00:01 targetEndTime = 03:32:48
8/9/2024 15:32:48 [Information] Stepper Motor Controller Disable Z Axis controls while moving to location.
8/9/2024 15:32:48 [Information] Time remaining: 00:00:01 targetEndTime = 03:32:48
8/9/2024 15:32:48 [Information] Stepper Motor Controller Disable Z Axis controls while moving to location.
8/9/2024 15:32:48 [Information] Time remaining: 00:00:01 targetEndTime = 03:32:48
8/9/2024 15:32:48 [Information] Stepper Motor Controller Disable Z Axis controls while moving to location.
8/9/2024 15:32:48 [Information] Time remaining: 00:00:01 targetEndTime = 03:32:48
8/9/2024 15:32:48 [Information] Stepper Motor Controller Disable Z Axis controls while moving to location.
8/9/2024 15:32:48 [Information] Time remaining: 00:00:01 targetEndTime = 03:32:48
8/9/2024 15:32:48 [Information] Stepper Motor Controller Disable Z Axis controls while moving to location.
8/9/2024 15:32:48 [Information] Time remaining: 00:00:01 targetEndTime = 03:32:48
8/9/2024 15:32:48 [Information] Stepper Motor Controller Disable Z Axis controls while moving to location.
8/9/2024 15:32:48 [Information] Time remaining: 00:00:01 targetEndTime = 03:32:48
8/9/2024 15:32:48 [Information] Stepper Motor Controller Disable Z Axis controls while moving to location.
8/9/2024 15:32:48 [Information] Time remaining: 00:00:01 targetEndTime = 03:32:48
8/9/2024 15:32:48 [Information] Stepper Motor Controller Disable Z Axis controls while moving to location.
8/9/2024 15:32:48 [Information] Time remaining: 00:00:01 targetEndTime = 03:32:48
8/9/2024 15:32:48 [Information] Stepper Motor Controller Disable Z Axis controls while moving to location.
8/9/2024 15:32:48 [Information] Time remaining: 00:00:01 targetEndTime = 03:32:48
8/9/2024 15:32:48 [Information] Stepper Motor Controller Enable Z Axis controls after moving to location.
8/9/2024 15:32:48 [Information] Stepper Motor Controller Stopwatch Stopped.
8/9/2024 15:32:48 [Information] Stepper Motor Controller Timer Stopped.
8/9/2024 15:32:48 [Information] Stepper Motor Controller Stopwatch Reset.
8/9/2024 15:32:59 [Information] Z Axis mouse controlled Keypad returned: -16.00
8/9/2024 15:33:01 [Information] ZAxisRun_Click button clicked:
8/9/2024 15:33:01 [Information] Z Axis negative value: -16.00 converted to positive decimal: 16.00
8/9/2024 15:33:01 [Information] Z Axis MotorMovementSeconds decimal: (16.00 / 4) / 2 = 2.00
8/9/2024 15:33:01 [Information] Z Axis myMovementTimer int: 1000 * 2.00 = 2000
8/9/2024 15:33:02 [Information] Z Axis Run Event: Z,0.00,400.00,0,0.00,400.00,0,-16.00,400.00,0
8/9/2024 15:33:02 [Information] Z Axis Current Time: 03:33:02 + 2000 = targetEndTime: 03:33:04
8/9/2024 15:33:02 [Information] Stepper Motor Controller Disable Z Axis controls while moving to location.
8/9/2024 15:33:02 [Information] Time remaining: 00:00:00 targetEndTime = 03:33:04
8/9/2024 15:33:02 [Information] Stepper Motor Controller Disable Z Axis controls while moving to location.
8/9/2024 15:33:02 [Information] Time remaining: 00:00:00 targetEndTime = 03:33:04
8/9/2024 15:33:03 [Information] Stepper Motor Controller Disable Z Axis controls while moving to location.
8/9/2024 15:33:03 [Information] Time remaining: 00:00:00 targetEndTime = 03:33:04
8/9/2024 15:33:03 [Information] Stepper Motor Controller Disable Z Axis controls while moving to location.
8/9/2024 15:33:03 [Information] Time remaining: 00:00:00 targetEndTime = 03:33:04
8/9/2024 15:33:03 [Information] Stepper Motor Controller Disable Z Axis controls while moving to location.
8/9/2024 15:33:03 [Information] Time remaining: 00:00:00 targetEndTime = 03:33:04
8/9/2024 15:33:03 [Information] Stepper Motor Controller Disable Z Axis controls while moving to location.
8/9/2024 15:33:03 [Information] Time remaining: 00:00:00 targetEndTime = 03:33:04
8/9/2024 15:33:03 [Information] Stepper Motor Controller Disable Z Axis controls while moving to location.
8/9/2024 15:33:03 [Information] Time remaining: 00:00:00 targetEndTime = 03:33:04
8/9/2024 15:33:03 [Information] Stepper Motor Controller Disable Z Axis controls while moving to location.
8/9/2024 15:33:03 [Information] Time remaining: 00:00:00 targetEndTime = 03:33:04
8/9/2024 15:33:03 [Information] Stepper Motor Controller Disable Z Axis controls while moving to location.
8/9/2024 15:33:03 [Information] Time remaining: 00:00:00 targetEndTime = 03:33:04
8/9/2024 15:33:03 [Information] Stepper Motor Controller Disable Z Axis controls while moving to location.
8/9/2024 15:33:03 [Information] Time remaining: 00:00:00 targetEndTime = 03:33:04
8/9/2024 15:33:03 [Information] Stepper Motor Controller Disable Z Axis controls while moving to location.
8/9/2024 15:33:03 [Information] Time remaining: 00:00:00 targetEndTime = 03:33:04
8/9/2024 15:33:03 [Information] Stepper Motor Controller Disable Z Axis controls while moving to location.
8/9/2024 15:33:03 [Information] Time remaining: 00:00:00 targetEndTime = 03:33:04
8/9/2024 15:33:03 [Information] Stepper Motor Controller Disable Z Axis controls while moving to location.
8/9/2024 15:33:03 [Information] Time remaining: 00:00:00 targetEndTime = 03:33:04
8/9/2024 15:33:03 [Information] Stepper Motor Controller Disable Z Axis controls while moving to location.
8/9/2024 15:33:03 [Information] Time remaining: 00:00:00 targetEndTime = 03:33:04
8/9/2024 15:33:03 [Information] Stepper Motor Controller Disable Z Axis controls while moving to location.
8/9/2024 15:33:03 [Information] Time remaining: 00:00:00 targetEndTime = 03:33:04
8/9/2024 15:33:03 [Information] Stepper Motor Controller Disable Z Axis controls while moving to location.
8/9/2024 15:33:03 [Information] Time remaining: 00:00:00 targetEndTime = 03:33:04
8/9/2024 15:33:03 [Information] Stepper Motor Controller Disable Z Axis controls while moving to location.
8/9/2024 15:33:03 [Information] Time remaining: 00:00:00 targetEndTime = 03:33:04
8/9/2024 15:33:03 [Information] Stepper Motor Controller Disable Z Axis controls while moving to location.
8/9/2024 15:33:03 [Information] Time remaining: 00:00:00 targetEndTime = 03:33:04
8/9/2024 15:33:03 [Information] Stepper Motor Controller Disable Z Axis controls while moving to location.
8/9/2024 15:33:03 [Information] Time remaining: 00:00:00 targetEndTime = 03:33:04
8/9/2024 15:33:03 [Information] Stepper Motor Controller Disable Z Axis controls while moving to location.
8/9/2024 15:33:03 [Information] Time remaining: 00:00:00 targetEndTime = 03:33:04
8/9/2024 15:33:03 [Information] Stepper Motor Controller Disable Z Axis controls while moving to location.
8/9/2024 15:33:03 [Information] Time remaining: 00:00:00 targetEndTime = 03:33:04
8/9/2024 15:33:03 [Information] Stepper Motor Controller Disable Z Axis controls while moving to location.
8/9/2024 15:33:03 [Information] Time remaining: 00:00:00 targetEndTime = 03:33:04
8/9/2024 15:33:03 [Information] Stepper Motor Controller Disable Z Axis controls while moving to location.
8/9/2024 15:33:03 [Information] Time remaining: 00:00:00 targetEndTime = 03:33:04
8/9/2024 15:33:03 [Information] Stepper Motor Controller Disable Z Axis controls while moving to location.
8/9/2024 15:33:03 [Information] Time remaining: 00:00:00 targetEndTime = 03:33:04
8/9/2024 15:33:03 [Information] Stepper Motor Controller Disable Z Axis controls while moving to location.
8/9/2024 15:33:03 [Information] Time remaining: 00:00:00 targetEndTime = 03:33:04
8/9/2024 15:33:03 [Information] Stepper Motor Controller Disable Z Axis controls while moving to location.
8/9/2024 15:33:03 [Information] Time remaining: 00:00:00 targetEndTime = 03:33:04
8/9/2024 15:33:03 [Information] Stepper Motor Controller Disable Z Axis controls while moving to location.
8/9/2024 15:33:03 [Information] Time remaining: 00:00:00 targetEndTime = 03:33:04
8/9/2024 15:33:03 [Information] Stepper Motor Controller Disable Z Axis controls while moving to location.
8/9/2024 15:33:03 [Information] Time remaining: 00:00:00 targetEndTime = 03:33:04
8/9/2024 15:33:03 [Information] Stepper Motor Controller Disable Z Axis controls while moving to location.
8/9/2024 15:33:03 [Information] Time remaining: 00:00:00 targetEndTime = 03:33:04
8/9/2024 15:33:03 [Information] Stepper Motor Controller Disable Z Axis controls while moving to location.
8/9/2024 15:33:03 [Information] Time remaining: 00:00:00 targetEndTime = 03:33:04
8/9/2024 15:33:03 [Information] Stepper Motor Controller Disable Z Axis controls while moving to location.
8/9/2024 15:33:03 [Information] Time remaining: 00:00:00 targetEndTime = 03:33:04
8/9/2024 15:33:03 [Information] Stepper Motor Controller Disable Z Axis controls while moving to location.
8/9/2024 15:33:03 [Information] Time remaining: 00:00:00 targetEndTime = 03:33:04
8/9/2024 15:33:03 [Information] Stepper Motor Controller Disable Z Axis controls while moving to location.
8/9/2024 15:33:03 [Information] Time remaining: 00:00:00 targetEndTime = 03:33:04
8/9/2024 15:33:03 [Information] Stepper Motor Controller Disable Z Axis controls while moving to location.
8/9/2024 15:33:03 [Information] Time remaining: 00:00:00 targetEndTime = 03:33:04
8/9/2024 15:33:03 [Information] Stepper Motor Controller Disable Z Axis controls while moving to location.
8/9/2024 15:33:03 [Information] Time remaining: 00:00:00 targetEndTime = 03:33:04
8/9/2024 15:33:03 [Information] Stepper Motor Controller Disable Z Axis controls while moving to location.
8/9/2024 15:33:03 [Information] Time remaining: 00:00:00 targetEndTime = 03:33:04
8/9/2024 15:33:03 [Information] Stepper Motor Controller Disable Z Axis controls while moving to location.
8/9/2024 15:33:03 [Information] Time remaining: 00:00:00 targetEndTime = 03:33:04
8/9/2024 15:33:03 [Information] Stepper Motor Controller Disable Z Axis controls while moving to location.
8/9/2024 15:33:03 [Information] Time remaining: 00:00:00 targetEndTime = 03:33:04
8/9/2024 15:33:03 [Information] Stepper Motor Controller Disable Z Axis controls while moving to location.
8/9/2024 15:33:03 [Information] Time remaining: 00:00:00 targetEndTime = 03:33:04
8/9/2024 15:33:03 [Information] Stepper Motor Controller Disable Z Axis controls while moving to location.
8/9/2024 15:33:03 [Information] Time remaining: 00:00:00 targetEndTime = 03:33:04
8/9/2024 15:33:03 [Information] Stepper Motor Controller Disable Z Axis controls while moving to location.
8/9/2024 15:33:03 [Information] Time remaining: 00:00:00 targetEndTime = 03:33:04
8/9/2024 15:33:03 [Information] Stepper Motor Controller Disable Z Axis controls while moving to location.
8/9/2024 15:33:03 [Information] Time remaining: 00:00:00 targetEndTime = 03:33:04
8/9/2024 15:33:03 [Information] Stepper Motor Controller Disable Z Axis controls while moving to location.
8/9/2024 15:33:03 [Information] Time remaining: 00:00:00 targetEndTime = 03:33:04
8/9/2024 15:33:03 [Information] Stepper Motor Controller Disable Z Axis controls while moving to location.
8/9/2024 15:33:03 [Information] Time remaining: 00:00:00 targetEndTime = 03:33:04
8/9/2024 15:33:03 [Information] Stepper Motor Controller Disable Z Axis controls while moving to location.
8/9/2024 15:33:03 [Information] Time remaining: 00:00:00 targetEndTime = 03:33:04
8/9/2024 15:33:03 [Information] Stepper Motor Controller Disable Z Axis controls while moving to location.
8/9/2024 15:33:03 [Information] Time remaining: 00:00:00 targetEndTime = 03:33:04
8/9/2024 15:33:03 [Information] Stepper Motor Controller Disable Z Axis controls while moving to location.
8/9/2024 15:33:03 [Information] Time remaining: 00:00:00 targetEndTime = 03:33:04
8/9/2024 15:33:03 [Information] Stepper Motor Controller Disable Z Axis controls while moving to location.
8/9/2024 15:33:03 [Information] Time remaining: 00:00:00 targetEndTime = 03:33:04
8/9/2024 15:33:03 [Information] Stepper Motor Controller Disable Z Axis controls while moving to location.
8/9/2024 15:33:03 [Information] Time remaining: 00:00:00 targetEndTime = 03:33:04
8/9/2024 15:33:03 [Information] Stepper Motor Controller Disable Z Axis controls while moving to location.
8/9/2024 15:33:03 [Information] Time remaining: 00:00:00 targetEndTime = 03:33:04
8/9/2024 15:33:03 [Information] Stepper Motor Controller Disable Z Axis controls while moving to location.
8/9/2024 15:33:03 [Information] Time remaining: 00:00:00 targetEndTime = 03:33:04
8/9/2024 15:33:03 [Information] Stepper Motor Controller Disable Z Axis controls while moving to location.
8/9/2024 15:33:03 [Information] Time remaining: 00:00:00 targetEndTime = 03:33:04
8/9/2024 15:33:03 [Information] Stepper Motor Controller Disable Z Axis controls while moving to location.
8/9/2024 15:33:03 [Information] Time remaining: 00:00:00 targetEndTime = 03:33:04
8/9/2024 15:33:03 [Information] Stepper Motor Controller Disable Z Axis controls while moving to location.
8/9/2024 15:33:03 [Information] Time remaining: 00:00:00 targetEndTime = 03:33:04
8/9/2024 15:33:03 [Information] Stepper Motor Controller Disable Z Axis controls while moving to location.
8/9/2024 15:33:03 [Information] Time remaining: 00:00:00 targetEndTime = 03:33:04
8/9/2024 15:33:03 [Information] Stepper Motor Controller Disable Z Axis controls while moving to location.
8/9/2024 15:33:03 [Information] Time remaining: 00:00:01 targetEndTime = 03:33:04
8/9/2024 15:33:03 [Information] Stepper Motor Controller Disable Z Axis controls while moving to location.
8/9/2024 15:33:03 [Information] Time remaining: 00:00:01 targetEndTime = 03:33:04
8/9/2024 15:33:03 [Information] Stepper Motor Controller Disable Z Axis controls while moving to location.
8/9/2024 15:33:03 [Information] Time remaining: 00:00:01 targetEndTime = 03:33:04
8/9/2024 15:33:03 [Information] Stepper Motor Controller Disable Z Axis controls while moving to location.
8/9/2024 15:33:03 [Information] Time remaining: 00:00:01 targetEndTime = 03:33:04
8/9/2024 15:33:04 [Information] Stepper Motor Controller Disable Z Axis controls while moving to location.
8/9/2024 15:33:04 [Information] Time remaining: 00:00:01 targetEndTime = 03:33:04
8/9/2024 15:33:04 [Information] Stepper Motor Controller Disable Z Axis controls while moving to location.
8/9/2024 15:33:04 [Information] Time remaining: 00:00:01 targetEndTime = 03:33:04
8/9/2024 15:33:04 [Information] Stepper Motor Controller Disable Z Axis controls while moving to location.
8/9/2024 15:33:04 [Information] Time remaining: 00:00:01 targetEndTime = 03:33:04
8/9/2024 15:33:04 [Information] Stepper Motor Controller Disable Z Axis controls while moving to location.
8/9/2024 15:33:04 [Information] Time remaining: 00:00:01 targetEndTime = 03:33:04
8/9/2024 15:33:04 [Information] Stepper Motor Controller Disable Z Axis controls while moving to location.
8/9/2024 15:33:04 [Information] Time remaining: 00:00:01 targetEndTime = 03:33:04
8/9/2024 15:33:04 [Information] Stepper Motor Controller Disable Z Axis controls while moving to location.
8/9/2024 15:33:04 [Information] Time remaining: 00:00:01 targetEndTime = 03:33:04
8/9/2024 15:33:04 [Information] Stepper Motor Controller Disable Z Axis controls while moving to location.
8/9/2024 15:33:04 [Information] Time remaining: 00:00:01 targetEndTime = 03:33:04
8/9/2024 15:33:04 [Information] Stepper Motor Controller Disable Z Axis controls while moving to location.
8/9/2024 15:33:04 [Information] Time remaining: 00:00:01 targetEndTime = 03:33:04
8/9/2024 15:33:04 [Information] Stepper Motor Controller Disable Z Axis controls while moving to location.
8/9/2024 15:33:04 [Information] Time remaining: 00:00:01 targetEndTime = 03:33:04
8/9/2024 15:33:04 [Information] Stepper Motor Controller Disable Z Axis controls while moving to location.
8/9/2024 15:33:04 [Information] Time remaining: 00:00:01 targetEndTime = 03:33:04
8/9/2024 15:33:04 [Information] Stepper Motor Controller Disable Z Axis controls while moving to location.
8/9/2024 15:33:04 [Information] Time remaining: 00:00:01 targetEndTime = 03:33:04
8/9/2024 15:33:04 [Information] Stepper Motor Controller Disable Z Axis controls while moving to location.
8/9/2024 15:33:04 [Information] Time remaining: 00:00:01 targetEndTime = 03:33:04
8/9/2024 15:33:04 [Information] Stepper Motor Controller Disable Z Axis controls while moving to location.
8/9/2024 15:33:04 [Information] Time remaining: 00:00:01 targetEndTime = 03:33:04
8/9/2024 15:33:04 [Information] Stepper Motor Controller Disable Z Axis controls while moving to location.
8/9/2024 15:33:04 [Information] Time remaining: 00:00:01 targetEndTime = 03:33:04
8/9/2024 15:33:04 [Information] Stepper Motor Controller Disable Z Axis controls while moving to location.
8/9/2024 15:33:04 [Information] Time remaining: 00:00:01 targetEndTime = 03:33:04
8/9/2024 15:33:04 [Information] Stepper Motor Controller Disable Z Axis controls while moving to location.
8/9/2024 15:33:04 [Information] Time remaining: 00:00:01 targetEndTime = 03:33:04
8/9/2024 15:33:04 [Information] Stepper Motor Controller Disable Z Axis controls while moving to location.
8/9/2024 15:33:04 [Information] Time remaining: 00:00:01 targetEndTime = 03:33:04
8/9/2024 15:33:04 [Information] Stepper Motor Controller Disable Z Axis controls while moving to location.
8/9/2024 15:33:04 [Information] Time remaining: 00:00:01 targetEndTime = 03:33:04
8/9/2024 15:33:04 [Information] Stepper Motor Controller Disable Z Axis controls while moving to location.
8/9/2024 15:33:04 [Information] Time remaining: 00:00:01 targetEndTime = 03:33:04
8/9/2024 15:33:04 [Information] Stepper Motor Controller Disable Z Axis controls while moving to location.
8/9/2024 15:33:04 [Information] Time remaining: 00:00:01 targetEndTime = 03:33:04
8/9/2024 15:33:04 [Information] Stepper Motor Controller Disable Z Axis controls while moving to location.
8/9/2024 15:33:04 [Information] Time remaining: 00:00:01 targetEndTime = 03:33:04
8/9/2024 15:33:04 [Information] Stepper Motor Controller Disable Z Axis controls while moving to location.
8/9/2024 15:33:04 [Information] Time remaining: 00:00:01 targetEndTime = 03:33:04
8/9/2024 15:33:04 [Information] Stepper Motor Controller Disable Z Axis controls while moving to location.
8/9/2024 15:33:04 [Information] Time remaining: 00:00:01 targetEndTime = 03:33:04
8/9/2024 15:33:04 [Information] Stepper Motor Controller Disable Z Axis controls while moving to location.
8/9/2024 15:33:04 [Information] Time remaining: 00:00:01 targetEndTime = 03:33:04
8/9/2024 15:33:04 [Information] Stepper Motor Controller Disable Z Axis controls while moving to location.
8/9/2024 15:33:04 [Information] Time remaining: 00:00:01 targetEndTime = 03:33:04
8/9/2024 15:33:04 [Information] Stepper Motor Controller Disable Z Axis controls while moving to location.
8/9/2024 15:33:04 [Information] Time remaining: 00:00:01 targetEndTime = 03:33:04
8/9/2024 15:33:04 [Information] Stepper Motor Controller Disable Z Axis controls while moving to location.
8/9/2024 15:33:04 [Information] Time remaining: 00:00:01 targetEndTime = 03:33:04
8/9/2024 15:33:04 [Information] Stepper Motor Controller Disable Z Axis controls while moving to location.
8/9/2024 15:33:04 [Information] Time remaining: 00:00:01 targetEndTime = 03:33:04
8/9/2024 15:33:04 [Information] Stepper Motor Controller Disable Z Axis controls while moving to location.
8/9/2024 15:33:04 [Information] Time remaining: 00:00:01 targetEndTime = 03:33:04
8/9/2024 15:33:04 [Information] Stepper Motor Controller Disable Z Axis controls while moving to location.
8/9/2024 15:33:04 [Information] Time remaining: 00:00:01 targetEndTime = 03:33:04
8/9/2024 15:33:04 [Information] Stepper Motor Controller Disable Z Axis controls while moving to location.
8/9/2024 15:33:04 [Information] Time remaining: 00:00:01 targetEndTime = 03:33:04
8/9/2024 15:33:04 [Information] Stepper Motor Controller Disable Z Axis controls while moving to location.
8/9/2024 15:33:04 [Information] Time remaining: 00:00:01 targetEndTime = 03:33:04
8/9/2024 15:33:04 [Information] Stepper Motor Controller Disable Z Axis controls while moving to location.
8/9/2024 15:33:04 [Information] Time remaining: 00:00:01 targetEndTime = 03:33:04
8/9/2024 15:33:04 [Information] Stepper Motor Controller Disable Z Axis controls while moving to location.
8/9/2024 15:33:04 [Information] Time remaining: 00:00:01 targetEndTime = 03:33:04
8/9/2024 15:33:04 [Information] Stepper Motor Controller Disable Z Axis controls while moving to location.
8/9/2024 15:33:04 [Information] Time remaining: 00:00:01 targetEndTime = 03:33:04
8/9/2024 15:33:04 [Information] Stepper Motor Controller Disable Z Axis controls while moving to location.
8/9/2024 15:33:04 [Information] Time remaining: 00:00:01 targetEndTime = 03:33:04
8/9/2024 15:33:04 [Information] Stepper Motor Controller Disable Z Axis controls while moving to location.
8/9/2024 15:33:04 [Information] Time remaining: 00:00:01 targetEndTime = 03:33:04
8/9/2024 15:33:04 [Information] Stepper Motor Controller Disable Z Axis controls while moving to location.
8/9/2024 15:33:04 [Information] Time remaining: 00:00:01 targetEndTime = 03:33:04
8/9/2024 15:33:04 [Information] Stepper Motor Controller Disable Z Axis controls while moving to location.
8/9/2024 15:33:04 [Information] Time remaining: 00:00:01 targetEndTime = 03:33:04
8/9/2024 15:33:04 [Information] Stepper Motor Controller Disable Z Axis controls while moving to location.
8/9/2024 15:33:04 [Information] Time remaining: 00:00:01 targetEndTime = 03:33:04
8/9/2024 15:33:04 [Information] Stepper Motor Controller Disable Z Axis controls while moving to location.
8/9/2024 15:33:04 [Information] Time remaining: 00:00:01 targetEndTime = 03:33:04
8/9/2024 15:33:04 [Information] Stepper Motor Controller Disable Z Axis controls while moving to location.
8/9/2024 15:33:04 [Information] Time remaining: 00:00:01 targetEndTime = 03:33:04
8/9/2024 15:33:04 [Information] Stepper Motor Controller Disable Z Axis controls while moving to location.
8/9/2024 15:33:04 [Information] Time remaining: 00:00:01 targetEndTime = 03:33:04
8/9/2024 15:33:04 [Information] Stepper Motor Controller Disable Z Axis controls while moving to location.
8/9/2024 15:33:04 [Information] Time remaining: 00:00:01 targetEndTime = 03:33:04
8/9/2024 15:33:04 [Information] Stepper Motor Controller Disable Z Axis controls while moving to location.
8/9/2024 15:33:04 [Information] Time remaining: 00:00:01 targetEndTime = 03:33:04
8/9/2024 15:33:04 [Information] Stepper Motor Controller Disable Z Axis controls while moving to location.
8/9/2024 15:33:04 [Information] Time remaining: 00:00:01 targetEndTime = 03:33:04
8/9/2024 15:33:04 [Information] Stepper Motor Controller Disable Z Axis controls while moving to location.
8/9/2024 15:33:04 [Information] Time remaining: 00:00:01 targetEndTime = 03:33:04
8/9/2024 15:33:04 [Information] Stepper Motor Controller Disable Z Axis controls while moving to location.
8/9/2024 15:33:04 [Information] Time remaining: 00:00:01 targetEndTime = 03:33:04
8/9/2024 15:33:04 [Information] Stepper Motor Controller Disable Z Axis controls while moving to location.
8/9/2024 15:33:04 [Information] Time remaining: 00:00:01 targetEndTime = 03:33:04
8/9/2024 15:33:04 [Information] Stepper Motor Controller Disable Z Axis controls while moving to location.
8/9/2024 15:33:04 [Information] Time remaining: 00:00:01 targetEndTime = 03:33:04
8/9/2024 15:33:04 [Information] Stepper Motor Controller Disable Z Axis controls while moving to location.
8/9/2024 15:33:04 [Information] Time remaining: 00:00:01 targetEndTime = 03:33:04
8/9/2024 15:33:04 [Information] Stepper Motor Controller Disable Z Axis controls while moving to location.
8/9/2024 15:33:04 [Information] Time remaining: 00:00:01 targetEndTime = 03:33:04
8/9/2024 15:33:04 [Information] Stepper Motor Controller Disable Z Axis controls while moving to location.
8/9/2024 15:33:04 [Information] Time remaining: 00:00:01 targetEndTime = 03:33:04
8/9/2024 15:33:04 [Information] Stepper Motor Controller Disable Z Axis controls while moving to location.
8/9/2024 15:33:04 [Information] Time remaining: 00:00:01 targetEndTime = 03:33:04
8/9/2024 15:33:04 [Information] Stepper Motor Controller Disable Z Axis controls while moving to location.
8/9/2024 15:33:04 [Information] Time remaining: 00:00:01 targetEndTime = 03:33:04
8/9/2024 15:33:04 [Information] Stepper Motor Controller Disable Z Axis controls while moving to location.
8/9/2024 15:33:04 [Information] Time remaining: 00:00:01 targetEndTime = 03:33:04
8/9/2024 15:33:04 [Information] Stepper Motor Controller Disable Z Axis controls while moving to location.
8/9/2024 15:33:04 [Information] Time remaining: 00:00:01 targetEndTime = 03:33:04
8/9/2024 15:33:04 [Information] Stepper Motor Controller Enable Z Axis controls after moving to location.
8/9/2024 15:33:04 [Information] Stepper Motor Controller Stopwatch Stopped.
8/9/2024 15:33:04 [Information] Stepper Motor Controller Timer Stopped.
8/9/2024 15:33:04 [Information] Stepper Motor Controller Stopwatch Reset.
8/9/2024 15:33:20 [Information] Z Axis mouse controlled Keypad returned: 5.00
8/9/2024 15:33:23 [Information] ZAxisRun_Click button clicked:
8/9/2024 15:33:23 [Information] Z Axis MotorMovementSeconds decimal: (5.00 / 4) / 2 = 0.625
8/9/2024 15:33:23 [Information] Z Axis myMovementTimer int: 1000 * 0.625 = 1000
8/9/2024 15:33:24 [Information] Z Axis Run Event: Z,0.00,400.00,0,0.00,400.00,0,-11.00,400.00,0
8/9/2024 15:33:24 [Information] Z Axis Current Time: 03:33:24 + 1000 = targetEndTime: 03:33:25
8/9/2024 15:33:24 [Information] Stepper Motor Controller Disable Z Axis controls while moving to location.
8/9/2024 15:33:24 [Information] Time remaining: 00:00:00 targetEndTime = 03:33:25
8/9/2024 15:33:24 [Information] Stepper Motor Controller Disable Z Axis controls while moving to location.
8/9/2024 15:33:24 [Information] Time remaining: 00:00:00 targetEndTime = 03:33:25
8/9/2024 15:33:24 [Information] Stepper Motor Controller Disable Z Axis controls while moving to location.
8/9/2024 15:33:24 [Information] Time remaining: 00:00:00 targetEndTime = 03:33:25
8/9/2024 15:33:24 [Information] Stepper Motor Controller Disable Z Axis controls while moving to location.
8/9/2024 15:33:24 [Information] Time remaining: 00:00:00 targetEndTime = 03:33:25
8/9/2024 15:33:24 [Information] Stepper Motor Controller Disable Z Axis controls while moving to location.
8/9/2024 15:33:24 [Information] Time remaining: 00:00:00 targetEndTime = 03:33:25
8/9/2024 15:33:24 [Information] Stepper Motor Controller Disable Z Axis controls while moving to location.
8/9/2024 15:33:24 [Information] Time remaining: 00:00:00 targetEndTime = 03:33:25
8/9/2024 15:33:24 [Information] Stepper Motor Controller Disable Z Axis controls while moving to location.
8/9/2024 15:33:24 [Information] Time remaining: 00:00:00 targetEndTime = 03:33:25
8/9/2024 15:33:24 [Information] Stepper Motor Controller Disable Z Axis controls while moving to location.
8/9/2024 15:33:24 [Information] Time remaining: 00:00:00 targetEndTime = 03:33:25
8/9/2024 15:33:24 [Information] Stepper Motor Controller Disable Z Axis controls while moving to location.
8/9/2024 15:33:24 [Information] Time remaining: 00:00:00 targetEndTime = 03:33:25
8/9/2024 15:33:24 [Information] Stepper Motor Controller Disable Z Axis controls while moving to location.
8/9/2024 15:33:24 [Information] Time remaining: 00:00:00 targetEndTime = 03:33:25
8/9/2024 15:33:24 [Information] Stepper Motor Controller Disable Z Axis controls while moving to location.
8/9/2024 15:33:24 [Information] Time remaining: 00:00:00 targetEndTime = 03:33:25
8/9/2024 15:33:24 [Information] Stepper Motor Controller Disable Z Axis controls while moving to location.
8/9/2024 15:33:24 [Information] Time remaining: 00:00:00 targetEndTime = 03:33:25
8/9/2024 15:33:24 [Information] Stepper Motor Controller Disable Z Axis controls while moving to location.
8/9/2024 15:33:24 [Information] Time remaining: 00:00:00 targetEndTime = 03:33:25
8/9/2024 15:33:24 [Information] Stepper Motor Controller Disable Z Axis controls while moving to location.
8/9/2024 15:33:24 [Information] Time remaining: 00:00:00 targetEndTime = 03:33:25
8/9/2024 15:33:24 [Information] Stepper Motor Controller Disable Z Axis controls while moving to location.
8/9/2024 15:33:24 [Information] Time remaining: 00:00:00 targetEndTime = 03:33:25
8/9/2024 15:33:24 [Information] Stepper Motor Controller Disable Z Axis controls while moving to location.
8/9/2024 15:33:24 [Information] Time remaining: 00:00:00 targetEndTime = 03:33:25
8/9/2024 15:33:24 [Information] Stepper Motor Controller Disable Z Axis controls while moving to location.
8/9/2024 15:33:24 [Information] Time remaining: 00:00:00 targetEndTime = 03:33:25
8/9/2024 15:33:24 [Information] Stepper Motor Controller Disable Z Axis controls while moving to location.
8/9/2024 15:33:24 [Information] Time remaining: 00:00:00 targetEndTime = 03:33:25
8/9/2024 15:33:24 [Information] Stepper Motor Controller Disable Z Axis controls while moving to location.
8/9/2024 15:33:24 [Information] Time remaining: 00:00:00 targetEndTime = 03:33:25
8/9/2024 15:33:24 [Information] Stepper Motor Controller Disable Z Axis controls while moving to location.
8/9/2024 15:33:24 [Information] Time remaining: 00:00:00 targetEndTime = 03:33:25
8/9/2024 15:33:24 [Information] Stepper Motor Controller Disable Z Axis controls while moving to location.
8/9/2024 15:33:24 [Information] Time remaining: 00:00:00 targetEndTime = 03:33:25
8/9/2024 15:33:24 [Information] Stepper Motor Controller Disable Z Axis controls while moving to location.
8/9/2024 15:33:24 [Information] Time remaining: 00:00:00 targetEndTime = 03:33:25
8/9/2024 15:33:24 [Information] Stepper Motor Controller Disable Z Axis controls while moving to location.
8/9/2024 15:33:24 [Information] Time remaining: 00:00:00 targetEndTime = 03:33:25
8/9/2024 15:33:24 [Information] Stepper Motor Controller Disable Z Axis controls while moving to location.
8/9/2024 15:33:24 [Information] Time remaining: 00:00:00 targetEndTime = 03:33:25
8/9/2024 15:33:24 [Information] Stepper Motor Controller Disable Z Axis controls while moving to location.
8/9/2024 15:33:24 [Information] Time remaining: 00:00:00 targetEndTime = 03:33:25
8/9/2024 15:33:24 [Information] Stepper Motor Controller Disable Z Axis controls while moving to location.
8/9/2024 15:33:24 [Information] Time remaining: 00:00:00 targetEndTime = 03:33:25
8/9/2024 15:33:24 [Information] Stepper Motor Controller Disable Z Axis controls while moving to location.
8/9/2024 15:33:24 [Information] Time remaining: 00:00:00 targetEndTime = 03:33:25
8/9/2024 15:33:24 [Information] Stepper Motor Controller Disable Z Axis controls while moving to location.
8/9/2024 15:33:24 [Information] Time remaining: 00:00:00 targetEndTime = 03:33:25
8/9/2024 15:33:24 [Information] Stepper Motor Controller Disable Z Axis controls while moving to location.
8/9/2024 15:33:24 [Information] Time remaining: 00:00:00 targetEndTime = 03:33:25
8/9/2024 15:33:24 [Information] Stepper Motor Controller Disable Z Axis controls while moving to location.
8/9/2024 15:33:24 [Information] Time remaining: 00:00:00 targetEndTime = 03:33:25
8/9/2024 15:33:24 [Information] Stepper Motor Controller Disable Z Axis controls while moving to location.
8/9/2024 15:33:24 [Information] Time remaining: 00:00:00 targetEndTime = 03:33:25
8/9/2024 15:33:24 [Information] Stepper Motor Controller Disable Z Axis controls while moving to location.
8/9/2024 15:33:24 [Information] Time remaining: 00:00:00 targetEndTime = 03:33:25
8/9/2024 15:33:24 [Information] Stepper Motor Controller Disable Z Axis controls while moving to location.
8/9/2024 15:33:24 [Information] Time remaining: 00:00:00 targetEndTime = 03:33:25
8/9/2024 15:33:25 [Information] Stepper Motor Controller Disable Z Axis controls while moving to location.
8/9/2024 15:33:25 [Information] Time remaining: 00:00:00 targetEndTime = 03:33:25
8/9/2024 15:33:25 [Information] Stepper Motor Controller Disable Z Axis controls while moving to location.
8/9/2024 15:33:25 [Information] Time remaining: 00:00:00 targetEndTime = 03:33:25
8/9/2024 15:33:25 [Information] Stepper Motor Controller Disable Z Axis controls while moving to location.
8/9/2024 15:33:25 [Information] Time remaining: 00:00:00 targetEndTime = 03:33:25
8/9/2024 15:33:25 [Information] Stepper Motor Controller Disable Z Axis controls while moving to location.
8/9/2024 15:33:25 [Information] Time remaining: 00:00:00 targetEndTime = 03:33:25
8/9/2024 15:33:25 [Information] Stepper Motor Controller Disable Z Axis controls while moving to location.
8/9/2024 15:33:25 [Information] Time remaining: 00:00:00 targetEndTime = 03:33:25
8/9/2024 15:33:25 [Information] Stepper Motor Controller Disable Z Axis controls while moving to location.
8/9/2024 15:33:25 [Information] Time remaining: 00:00:00 targetEndTime = 03:33:25
8/9/2024 15:33:25 [Information] Stepper Motor Controller Disable Z Axis controls while moving to location.
8/9/2024 15:33:25 [Information] Time remaining: 00:00:00 targetEndTime = 03:33:25
8/9/2024 15:33:25 [Information] Stepper Motor Controller Disable Z Axis controls while moving to location.
8/9/2024 15:33:25 [Information] Time remaining: 00:00:00 targetEndTime = 03:33:25
8/9/2024 15:33:25 [Information] Stepper Motor Controller Disable Z Axis controls while moving to location.
8/9/2024 15:33:25 [Information] Time remaining: 00:00:00 targetEndTime = 03:33:25
8/9/2024 15:33:25 [Information] Stepper Motor Controller Disable Z Axis controls while moving to location.
8/9/2024 15:33:25 [Information] Time remaining: 00:00:00 targetEndTime = 03:33:25
8/9/2024 15:33:25 [Information] Stepper Motor Controller Disable Z Axis controls while moving to location.
8/9/2024 15:33:25 [Information] Time remaining: 00:00:00 targetEndTime = 03:33:25
8/9/2024 15:33:25 [Information] Stepper Motor Controller Disable Z Axis controls while moving to location.
8/9/2024 15:33:25 [Information] Time remaining: 00:00:00 targetEndTime = 03:33:25
8/9/2024 15:33:25 [Information] Stepper Motor Controller Disable Z Axis controls while moving to location.
8/9/2024 15:33:25 [Information] Time remaining: 00:00:00 targetEndTime = 03:33:25
8/9/2024 15:33:25 [Information] Stepper Motor Controller Disable Z Axis controls while moving to location.
8/9/2024 15:33:25 [Information] Time remaining: 00:00:00 targetEndTime = 03:33:25
8/9/2024 15:33:25 [Information] Stepper Motor Controller Disable Z Axis controls while moving to location.
8/9/2024 15:33:25 [Information] Time remaining: 00:00:00 targetEndTime = 03:33:25
8/9/2024 15:33:25 [Information] Stepper Motor Controller Disable Z Axis controls while moving to location.
8/9/2024 15:33:25 [Information] Time remaining: 00:00:00 targetEndTime = 03:33:25
8/9/2024 15:33:25 [Information] Stepper Motor Controller Disable Z Axis controls while moving to location.
8/9/2024 15:33:25 [Information] Time remaining: 00:00:00 targetEndTime = 03:33:25
8/9/2024 15:33:25 [Information] Stepper Motor Controller Disable Z Axis controls while moving to location.
8/9/2024 15:33:25 [Information] Time remaining: 00:00:00 targetEndTime = 03:33:25
8/9/2024 15:33:25 [Information] Stepper Motor Controller Disable Z Axis controls while moving to location.
8/9/2024 15:33:25 [Information] Time remaining: 00:00:00 targetEndTime = 03:33:25
8/9/2024 15:33:25 [Information] Stepper Motor Controller Disable Z Axis controls while moving to location.
8/9/2024 15:33:25 [Information] Time remaining: 00:00:00 targetEndTime = 03:33:25
8/9/2024 15:33:25 [Information] Stepper Motor Controller Disable Z Axis controls while moving to location.
8/9/2024 15:33:25 [Information] Time remaining: 00:00:00 targetEndTime = 03:33:25
8/9/2024 15:33:25 [Information] Stepper Motor Controller Disable Z Axis controls while moving to location.
8/9/2024 15:33:25 [Information] Time remaining: 00:00:00 targetEndTime = 03:33:25
8/9/2024 15:33:25 [Information] Stepper Motor Controller Disable Z Axis controls while moving to location.
8/9/2024 15:33:25 [Information] Time remaining: 00:00:00 targetEndTime = 03:33:25
8/9/2024 15:33:25 [Information] Stepper Motor Controller Disable Z Axis controls while moving to location.
8/9/2024 15:33:25 [Information] Time remaining: 00:00:00 targetEndTime = 03:33:25
8/9/2024 15:33:25 [Information] Stepper Motor Controller Disable Z Axis controls while moving to location.
8/9/2024 15:33:25 [Information] Time remaining: 00:00:00 targetEndTime = 03:33:25
8/9/2024 15:33:25 [Information] Stepper Motor Controller Disable Z Axis controls while moving to location.
8/9/2024 15:33:25 [Information] Time remaining: 00:00:00 targetEndTime = 03:33:25
8/9/2024 15:33:25 [Information] Stepper Motor Controller Enable Z Axis controls after moving to location.
8/9/2024 15:33:25 [Information] Stepper Motor Controller Stopwatch Stopped.
8/9/2024 15:33:25 [Information] Stepper Motor Controller Timer Stopped.
8/9/2024 15:33:25 [Information] Stepper Motor Controller Stopwatch Reset.
8/9/2024 15:33:34 [Information] Z Axis mouse controlled Keypad returned: 2.00
8/9/2024 15:33:35 [Information] ZAxisRun_Click button clicked:
8/9/2024 15:33:35 [Information] Z Axis MotorMovementSeconds decimal: (2.00 / 4) / 2 = 0.25
8/9/2024 15:33:35 [Information] Z Axis myMovementTimer int: 1000 * 0.25 = 0
8/9/2024 15:33:36 [Information] Z Axis Run Event: Z,0.00,400.00,0,0.00,400.00,0,-9.00,400.00,0
8/9/2024 15:33:36 [Information] Z Axis Current Time: 03:33:36 + 0 = targetEndTime: 03:33:36
8/9/2024 15:33:36 [Information] Stepper Motor Controller Enable Z Axis controls after moving to location.
8/9/2024 15:33:36 [Information] Stepper Motor Controller Stopwatch Stopped.
8/9/2024 15:33:36 [Information] Stepper Motor Controller Timer Stopped.
8/9/2024 15:33:36 [Information] Stepper Motor Controller Stopwatch Reset.
8/9/2024 15:33:59 [Information] Z Axis error occurred: The input string '--.25' was not in a correct format.
8/9/2024 15:34:00 [Information] Z Axis mouse controlled Keypad returned: --.25
8/9/2024 15:34:06 [Information] Z Axis mouse controlled Keypad returned: -.25
8/9/2024 15:34:08 [Information] ZAxisRun_Click button clicked:
8/9/2024 15:34:08 [Information] Z Axis negative value: -.25 converted to positive decimal: 0.25
8/9/2024 15:34:08 [Information] Z Axis MotorMovementSeconds decimal: (0.25 / 4) / 2 = 0.03125
8/9/2024 15:34:08 [Information] Z Axis myMovementTimer int: 1000 * 0.03125 = 0
8/9/2024 15:34:09 [Information] Z Axis Run Event: Z,0.00,400.00,0,0.00,400.00,0,-9.25,400.00,0
8/9/2024 15:34:09 [Information] Z Axis Current Time: 03:34:09 + 0 = targetEndTime: 03:34:09
8/9/2024 15:34:09 [Information] Stepper Motor Controller Enable Z Axis controls after moving to location.
8/9/2024 15:34:09 [Information] Stepper Motor Controller Stopwatch Stopped.
8/9/2024 15:34:09 [Information] Stepper Motor Controller Timer Stopped.
8/9/2024 15:34:09 [Information] Stepper Motor Controller Stopwatch Reset.
8/9/2024 15:34:11 [Information] ZAxisRun_Click button clicked:
8/9/2024 15:34:11 [Information] Z Axis negative value: -.25 converted to positive decimal: 0.25
8/9/2024 15:34:11 [Information] Z Axis MotorMovementSeconds decimal: (0.25 / 4) / 2 = 0.03125
8/9/2024 15:34:11 [Information] Z Axis myMovementTimer int: 1000 * 0.03125 = 0
8/9/2024 15:34:12 [Information] Z Axis Run Event: Z,0.00,400.00,0,0.00,400.00,0,-9.50,400.00,0
8/9/2024 15:34:12 [Information] Z Axis Current Time: 03:34:12 + 0 = targetEndTime: 03:34:12
8/9/2024 15:34:12 [Information] Stepper Motor Controller Enable Z Axis controls after moving to location.
8/9/2024 15:34:12 [Information] Stepper Motor Controller Stopwatch Stopped.
8/9/2024 15:34:12 [Information] Stepper Motor Controller Timer Stopped.
8/9/2024 15:34:12 [Information] Stepper Motor Controller Stopwatch Reset.
8/9/2024 15:34:13 [Information] ZAxisRun_Click button clicked:
8/9/2024 15:34:13 [Information] Z Axis negative value: -.25 converted to positive decimal: 0.25
8/9/2024 15:34:13 [Information] Z Axis MotorMovementSeconds decimal: (0.25 / 4) / 2 = 0.03125
8/9/2024 15:34:13 [Information] Z Axis myMovementTimer int: 1000 * 0.03125 = 0
8/9/2024 15:34:14 [Information] Z Axis Run Event: Z,0.00,400.00,0,0.00,400.00,0,-9.75,400.00,0
8/9/2024 15:34:14 [Information] Z Axis Current Time: 03:34:14 + 0 = targetEndTime: 03:34:14
8/9/2024 15:34:14 [Information] Stepper Motor Controller Enable Z Axis controls after moving to location.
8/9/2024 15:34:14 [Information] Stepper Motor Controller Stopwatch Stopped.
8/9/2024 15:34:14 [Information] Stepper Motor Controller Timer Stopped.
8/9/2024 15:34:14 [Information] Stepper Motor Controller Stopwatch Reset.
8/9/2024 15:34:23 [Information] Z Axis mouse controlled Keypad returned: .20
8/9/2024 15:35:10 [Information] ZAxisRun_Click button clicked:
8/9/2024 15:35:10 [Information] Z Axis MotorMovementSeconds decimal: (0.20 / 4) / 2 = 0.025
8/9/2024 15:35:10 [Information] Z Axis myMovementTimer int: 1000 * 0.025 = 0
8/9/2024 15:35:11 [Information] Z Axis Run Event: Z,0.00,400.00,0,0.00,400.00,0,-9.55,400.00,0
8/9/2024 15:35:11 [Information] Z Axis Current Time: 03:35:11 + 0 = targetEndTime: 03:35:11
8/9/2024 15:35:11 [Information] Stepper Motor Controller Enable Z Axis controls after moving to location.
8/9/2024 15:35:11 [Information] Stepper Motor Controller Stopwatch Stopped.
8/9/2024 15:35:11 [Information] Stepper Motor Controller Timer Stopped.
8/9/2024 15:35:11 [Information] Stepper Motor Controller Stopwatch Reset.
8/9/2024 15:35:19 [Information] Z Axis mouse controlled Keypad returned: -.01
8/9/2024 15:35:21 [Information] ZAxisRun_Click button clicked:
8/9/2024 15:35:21 [Information] Z Axis negative value: -.01 converted to positive decimal: 0.01
8/9/2024 15:35:21 [Information] Z Axis MotorMovementSeconds decimal: (0.01 / 4) / 2 = 0.00125
8/9/2024 15:35:21 [Information] Z Axis myMovementTimer int: 1000 * 0.00125 = 0
8/9/2024 15:35:22 [Information] Z Axis Run Event: Z,0.00,400.00,0,0.00,400.00,0,-9.56,400.00,0
8/9/2024 15:35:22 [Information] Z Axis Current Time: 03:35:22 + 0 = targetEndTime: 03:35:22
8/9/2024 15:35:22 [Information] Stepper Motor Controller Enable Z Axis controls after moving to location.
8/9/2024 15:35:22 [Information] Stepper Motor Controller Stopwatch Stopped.
8/9/2024 15:35:22 [Information] Stepper Motor Controller Timer Stopped.
8/9/2024 15:35:22 [Information] Stepper Motor Controller Stopwatch Reset.
8/9/2024 15:35:23 [Information] ZAxisRun_Click button clicked:
8/9/2024 15:35:23 [Information] Z Axis negative value: -.01 converted to positive decimal: 0.01
8/9/2024 15:35:23 [Information] Z Axis MotorMovementSeconds decimal: (0.01 / 4) / 2 = 0.00125
8/9/2024 15:35:23 [Information] Z Axis myMovementTimer int: 1000 * 0.00125 = 0
8/9/2024 15:35:24 [Information] Z Axis Run Event: Z,0.00,400.00,0,0.00,400.00,0,-9.57,400.00,0
8/9/2024 15:35:24 [Information] Z Axis Current Time: 03:35:24 + 0 = targetEndTime: 03:35:24
8/9/2024 15:35:24 [Information] Stepper Motor Controller Enable Z Axis controls after moving to location.
8/9/2024 15:35:24 [Information] Stepper Motor Controller Stopwatch Stopped.
8/9/2024 15:35:24 [Information] Stepper Motor Controller Timer Stopped.
8/9/2024 15:35:24 [Information] Stepper Motor Controller Stopwatch Reset.
8/9/2024 15:35:25 [Information] ZAxisRun_Click button clicked:
8/9/2024 15:35:25 [Information] Z Axis negative value: -.01 converted to positive decimal: 0.01
8/9/2024 15:35:25 [Information] Z Axis MotorMovementSeconds decimal: (0.01 / 4) / 2 = 0.00125
8/9/2024 15:35:25 [Information] Z Axis myMovementTimer int: 1000 * 0.00125 = 0
8/9/2024 15:35:26 [Information] Z Axis Run Event: Z,0.00,400.00,0,0.00,400.00,0,-9.58,400.00,0
8/9/2024 15:35:26 [Information] Z Axis Current Time: 03:35:26 + 0 = targetEndTime: 03:35:26
8/9/2024 15:35:26 [Information] Stepper Motor Controller Enable Z Axis controls after moving to location.
8/9/2024 15:35:26 [Information] Stepper Motor Controller Stopwatch Stopped.
8/9/2024 15:35:26 [Information] Stepper Motor Controller Timer Stopped.
8/9/2024 15:35:26 [Information] Stepper Motor Controller Stopwatch Reset.
8/9/2024 15:35:28 [Information] ZAxisRun_Click button clicked:
8/9/2024 15:35:28 [Information] Z Axis negative value: -.01 converted to positive decimal: 0.01
8/9/2024 15:35:28 [Information] Z Axis MotorMovementSeconds decimal: (0.01 / 4) / 2 = 0.00125
8/9/2024 15:35:28 [Information] Z Axis myMovementTimer int: 1000 * 0.00125 = 0
8/9/2024 15:35:29 [Information] Z Axis Run Event: Z,0.00,400.00,0,0.00,400.00,0,-9.59,400.00,0
8/9/2024 15:35:29 [Information] Z Axis Current Time: 03:35:29 + 0 = targetEndTime: 03:35:29
8/9/2024 15:35:29 [Information] Stepper Motor Controller Enable Z Axis controls after moving to location.
8/9/2024 15:35:29 [Information] Stepper Motor Controller Stopwatch Stopped.
8/9/2024 15:35:29 [Information] Stepper Motor Controller Timer Stopped.
8/9/2024 15:35:29 [Information] Stepper Motor Controller Stopwatch Reset.
8/9/2024 15:35:38 [Information] Z Axis mouse controlled Keypad returned: .02
8/9/2024 15:35:40 [Information] ZAxisRun_Click button clicked:
8/9/2024 15:35:40 [Information] Z Axis MotorMovementSeconds decimal: (0.02 / 4) / 2 = 0.0025
8/9/2024 15:35:40 [Information] Z Axis myMovementTimer int: 1000 * 0.0025 = 0
8/9/2024 15:35:41 [Information] Z Axis Run Event: Z,0.00,400.00,0,0.00,400.00,0,-9.57,400.00,0
8/9/2024 15:35:41 [Information] Z Axis Current Time: 03:35:41 + 0 = targetEndTime: 03:35:41
8/9/2024 15:35:41 [Information] Stepper Motor Controller Enable Z Axis controls after moving to location.
8/9/2024 15:35:41 [Information] Stepper Motor Controller Stopwatch Stopped.
8/9/2024 15:35:41 [Information] Stepper Motor Controller Timer Stopped.
8/9/2024 15:35:41 [Information] Stepper Motor Controller Stopwatch Reset.
8/9/2024 15:35:51 [Information] Z Axis mouse controlled Keypad returned: -.02
8/9/2024 15:35:53 [Information] ZAxisRun_Click button clicked:
8/9/2024 15:35:53 [Information] Z Axis negative value: -.02 converted to positive decimal: 0.02
8/9/2024 15:35:53 [Information] Z Axis MotorMovementSeconds decimal: (0.02 / 4) / 2 = 0.0025
8/9/2024 15:35:53 [Information] Z Axis myMovementTimer int: 1000 * 0.0025 = 0
8/9/2024 15:35:54 [Information] Z Axis Run Event: Z,0.00,400.00,0,0.00,400.00,0,-9.59,400.00,0
8/9/2024 15:35:54 [Information] Z Axis Current Time: 03:35:54 + 0 = targetEndTime: 03:35:54
8/9/2024 15:35:54 [Information] Stepper Motor Controller Enable Z Axis controls after moving to location.
8/9/2024 15:35:54 [Information] Stepper Motor Controller Stopwatch Stopped.
8/9/2024 15:35:54 [Information] Stepper Motor Controller Timer Stopped.
8/9/2024 15:35:54 [Information] Stepper Motor Controller Stopwatch Reset.
8/9/2024 15:35:55 [Information] ZAxisRun_Click button clicked:
8/9/2024 15:35:55 [Information] Z Axis negative value: -.02 converted to positive decimal: 0.02
8/9/2024 15:35:55 [Information] Z Axis MotorMovementSeconds decimal: (0.02 / 4) / 2 = 0.0025
8/9/2024 15:35:55 [Information] Z Axis myMovementTimer int: 1000 * 0.0025 = 0
8/9/2024 15:35:56 [Information] Z Axis Run Event: Z,0.00,400.00,0,0.00,400.00,0,-9.61,400.00,0
8/9/2024 15:35:56 [Information] Z Axis Current Time: 03:35:56 + 0 = targetEndTime: 03:35:56
8/9/2024 15:35:56 [Information] Stepper Motor Controller Enable Z Axis controls after moving to location.
8/9/2024 15:35:56 [Information] Stepper Motor Controller Stopwatch Stopped.
8/9/2024 15:35:56 [Information] Stepper Motor Controller Timer Stopped.
8/9/2024 15:35:56 [Information] Stepper Motor Controller Stopwatch Reset.
8/9/2024 15:36:00 [Information] Updated X,Y Zero.IsChecked status to 0 and Z Zero.IsChecked status to 1.
8/9/2024 15:36:02 [Information] ZAxisRun_Click button clicked:
8/9/2024 15:36:02 [Information] Z Axis Run Event to reset Axis to zero: Z,0.00,400.00,0,0.00,400.00,0,0.00,400.00,1
8/9/2024 15:36:02 [Information] Setting Z Axis Current Location Set to Zero on DRO
8/9/2024 15:36:03 [Information] Updated X,Y,Z Zero.IsChecked status to 0.
8/9/2024 15:36:03 [Information] Z Axis Current Location Set to Zero
8/9/2024 15:37:23 [Information] Stepper Motor Controller Serial Ports closed.
8/9/2024 15:37:23 [Information] Stepper Motor Controller MainWindow Closing.
8/9/2024 15:37:23 [Information] Properties Settings Saved.
8/9/2024 15:37:23 [Information] Properties Settings Form Closed.
8/9/2024 15:37:23 [Information] Stepper Motor Controller Application Settings Saved and Window Closing.
