8/9/2024 16:53:16 [Information] X Stepper Motor Controller Application Started.
8/9/2024 16:53:16 [Information] Version: 3.0.8987.30397 (8/9/2024 16:53:16)
8/9/2024 16:53:16 [Information] X Axis SerialPort COM7 not connected.
8/9/2024 16:53:16 [Information] Y Axis SerialPort COM8 not connected.
8/9/2024 16:53:16 [Information] Version: 3.1.0.30398 (8/9/2024 16:53:16)
8/9/2024 16:53:16 [Information] Version: 3.1.0.30398 (8/9/2024 16:53:16)
8/9/2024 16:53:16 [Information] Stepper Motor Controller Application Settings Window Opened.
8/9/2024 16:53:16 [Information] Stepper Motor Controller Application Settings form is rebuilt each and every time it is opened.
8/9/2024 16:53:16 [Information] int: 9600 BaudRate added to the Settings Form.
8/9/2024 16:53:16 [Information] bool: False ckbXaxisResetToZeroIsChecked added to the Settings Form.
8/9/2024 16:53:16 [Information] bool: False ckbYaxisResetToZeroIsChecked added to the Settings Form.
8/9/2024 16:53:16 [Information] bool: False ckbZaxisResetToZeroIsChecked added to the Settings Form.
8/9/2024 16:53:16 [Information] COM1: ComPort added to the Settings Form.
8/9/2024 16:53:16 [Information] COM2: ComPort added to the Settings Form.
8/9/2024 16:53:16 [Information] COM3: ComPort added to the Settings Form.
8/9/2024 16:53:16 [Information] COM4: ComPort added to the Settings Form.
8/9/2024 16:53:16 [Information] COM5: ComPort added to the Settings Form.
8/9/2024 16:53:16 [Information] COM6: ComPort added to the Settings Form.
8/9/2024 16:53:16 [Information] COM7: ComPort added to the Settings Form.
8/9/2024 16:53:16 [Information] COM8: ComPort added to the Settings Form.
8/9/2024 16:53:16 [Information] COM9: ComPort added to the Settings Form.
8/9/2024 16:53:16 [Information] COM10: ComPort added to the Settings Form.
8/9/2024 16:53:16 [Information] decimal: 4.00 Divider4_00 added to the Settings Form.
8/9/2024 16:53:16 [Information] decimal: 0.00 MathPart2Initlz added to the Settings Form.
8/9/2024 16:53:16 [Information] decimal: 1.00 MilisecondTimerInterval added to the Settings Form.
8/9/2024 16:53:16 [Information] decimal: 1000.00 MillisecondDelay added to the Settings Form.
8/9/2024 16:53:16 [Information] int: 1000 Milliseconds added to the Settings Form.
8/9/2024 16:53:16 [Information] int: 4 mmPerRevolution added to the Settings Form.
8/9/2024 16:53:16 [Information] decimal: 0.00 Value_0_00 added to the Settings Form.
8/9/2024 16:53:16 [Information] bool: False XaxisChanged added to the Settings Form.
8/9/2024 16:53:16 [Information] decimal: 400.00 XaxisMotorSpeed added to the Settings Form.
8/9/2024 16:53:16 [Information] decimal: 0.00 XaxisStepperCurrent added to the Settings Form.
8/9/2024 16:53:16 [Information] decimal: 0.00 XaxisStepperMove added to the Settings Form.
8/9/2024 16:53:16 [Information] XCOM1: XComPort added to the Settings Form.
8/9/2024 16:53:16 [Information] XCOM2: XComPort added to the Settings Form.
8/9/2024 16:53:16 [Information] XCOM3: XComPort added to the Settings Form.
8/9/2024 16:53:16 [Information] XCOM4: XComPort added to the Settings Form.
8/9/2024 16:53:16 [Information] XCOM5: XComPort added to the Settings Form.
8/9/2024 16:53:16 [Information] XCOM6: XComPort added to the Settings Form.
8/9/2024 16:53:16 [Information] XCOM7: XComPort added to the Settings Form.
8/9/2024 16:53:16 [Information] XCOM8: XComPort added to the Settings Form.
8/9/2024 16:53:16 [Information] XCOM9: XComPort added to the Settings Form.
8/9/2024 16:53:16 [Information] XCOM10: XComPort added to the Settings Form.
8/9/2024 16:53:16 [Information] bool: False YaxisChanged added to the Settings Form.
8/9/2024 16:53:16 [Information] decimal: 400.00 YaxisMotorSpeed added to the Settings Form.
8/9/2024 16:53:16 [Information] decimal: 0.00 YaxisStepperCurrent added to the Settings Form.
8/9/2024 16:53:16 [Information] decimal: 0.00 YaxisStepperMove added to the Settings Form.
8/9/2024 16:53:16 [Information] YCOM1: YComPort added to the Settings Form.
8/9/2024 16:53:16 [Information] YCOM2: YComPort added to the Settings Form.
8/9/2024 16:53:16 [Information] YCOM3: YComPort added to the Settings Form.
8/9/2024 16:53:16 [Information] YCOM4: YComPort added to the Settings Form.
8/9/2024 16:53:16 [Information] YCOM5: YComPort added to the Settings Form.
8/9/2024 16:53:16 [Information] YCOM6: YComPort added to the Settings Form.
8/9/2024 16:53:16 [Information] YCOM7: YComPort added to the Settings Form.
8/9/2024 16:53:16 [Information] YCOM8: YComPort added to the Settings Form.
8/9/2024 16:53:16 [Information] YCOM9: YComPort added to the Settings Form.
8/9/2024 16:53:16 [Information] YCOM10: YComPort added to the Settings Form.
8/9/2024 16:53:16 [Information] bool: False ZaxisChanged added to the Settings Form.
8/9/2024 16:53:16 [Information] decimal: 400.00 ZaxisMotorSpeed added to the Settings Form.
8/9/2024 16:53:16 [Information] decimal: 0.00 ZaxisStepperCurrent added to the Settings Form.
8/9/2024 16:53:16 [Information] decimal: 0.00 ZaxisStepperMove added to the Settings Form.
8/9/2024 16:53:16 [Information] ZCOM1: ZComPort added to the Settings Form.
8/9/2024 16:53:16 [Information] ZCOM2: ZComPort added to the Settings Form.
8/9/2024 16:53:16 [Information] ZCOM3: ZComPort added to the Settings Form.
8/9/2024 16:53:16 [Information] ZCOM4: ZComPort added to the Settings Form.
8/9/2024 16:53:16 [Information] ZCOM5: ZComPort added to the Settings Form.
8/9/2024 16:53:16 [Information] ZCOM6: ZComPort added to the Settings Form.
8/9/2024 16:53:16 [Information] ZCOM7: ZComPort added to the Settings Form.
8/9/2024 16:53:16 [Information] ZCOM8: ZComPort added to the Settings Form.
8/9/2024 16:53:16 [Information] ZCOM9: ZComPort added to the Settings Form.
8/9/2024 16:53:16 [Information] ZCOM10: ZComPort added to the Settings Form.
8/9/2024 16:53:16 [Information] int: 0 zeroXaxis added to the Settings Form.
8/9/2024 16:53:16 [Information] int: 0 zeroYaxis added to the Settings Form.
8/9/2024 16:53:16 [Information] int: 0 zeroZaxis added to the Settings Form.
8/9/2024 16:53:17 [Information] Stepper Motor Controller MainWindow loaded
8/9/2024 16:53:17 [Information] Set MainWindow Media Brushes to White.
8/9/2024 16:53:35 [Information] Z Axis Data Received: Attempting to connect to WPA SSID: LogCabinHome

8/9/2024 16:53:55 [Information] Z Axis Data Received: Attempting to connect to WPA SSID: LogCabinHome

8/9/2024 16:54:15 [Information] Z Axis Data Received: Attempting to connect to WPA SSID: LogCabinHome

8/9/2024 16:54:35 [Information] Z Axis Data Received: Attempting to connect to WPA SSID: LogCabinHome

8/9/2024 16:54:53 [Information] Z Axis mouse controlled Keypad returned: -16.00
8/9/2024 16:54:55 [Information] Z Axis Data Received: Attempting to connect to WPA SSID: LogCabinHome

8/9/2024 16:55:01 [Information] ZAxisRun_Click button clicked:
8/9/2024 16:55:01 [Information] Z Axis negative value: -16.00 converted to positive decimal: 16.00
8/9/2024 16:55:01 [Information] Z Axis MotorMovementSeconds decimal: (16.00 / 4) / 2 = 2.00
8/9/2024 16:55:01 [Information] Z Axis myMovementTimer int: 1000 * 2.00 = 2000
8/9/2024 16:55:04 [Information] Z Axis Run Event: Z,0.00,400.00,0,0.00,400.00,0,-16.00,400.00,0
8/9/2024 16:55:04 [Information] Z Axis Current Time: 04:55:04 + 2000 = targetEndTime: 04:55:06
8/9/2024 16:55:04 [Information] Stepper Motor Controller Disable Z Axis controls while moving to location.
8/9/2024 16:55:04 [Information] Time remaining: 00:00:00 targetEndTime = 04:55:06
8/9/2024 16:55:04 [Information] Stepper Motor Controller Disable Z Axis controls while moving to location.
8/9/2024 16:55:04 [Information] Time remaining: 00:00:00 targetEndTime = 04:55:06
8/9/2024 16:55:04 [Information] Stepper Motor Controller Disable Z Axis controls while moving to location.
8/9/2024 16:55:04 [Information] Time remaining: 00:00:00 targetEndTime = 04:55:06
8/9/2024 16:55:04 [Information] Stepper Motor Controller Disable Z Axis controls while moving to location.
8/9/2024 16:55:04 [Information] Time remaining: 00:00:00 targetEndTime = 04:55:06
8/9/2024 16:55:04 [Information] Stepper Motor Controller Disable Z Axis controls while moving to location.
8/9/2024 16:55:04 [Information] Time remaining: 00:00:00 targetEndTime = 04:55:06
8/9/2024 16:55:04 [Information] Stepper Motor Controller Disable Z Axis controls while moving to location.
8/9/2024 16:55:04 [Information] Time remaining: 00:00:00 targetEndTime = 04:55:06
8/9/2024 16:55:04 [Information] Stepper Motor Controller Disable Z Axis controls while moving to location.
8/9/2024 16:55:04 [Information] Time remaining: 00:00:00 targetEndTime = 04:55:06
8/9/2024 16:55:04 [Information] Stepper Motor Controller Disable Z Axis controls while moving to location.
8/9/2024 16:55:04 [Information] Time remaining: 00:00:00 targetEndTime = 04:55:06
8/9/2024 16:55:04 [Information] Stepper Motor Controller Disable Z Axis controls while moving to location.
8/9/2024 16:55:04 [Information] Time remaining: 00:00:00 targetEndTime = 04:55:06
8/9/2024 16:55:04 [Information] Stepper Motor Controller Disable Z Axis controls while moving to location.
8/9/2024 16:55:04 [Information] Time remaining: 00:00:00 targetEndTime = 04:55:06
8/9/2024 16:55:04 [Information] Stepper Motor Controller Disable Z Axis controls while moving to location.
8/9/2024 16:55:04 [Information] Time remaining: 00:00:00 targetEndTime = 04:55:06
8/9/2024 16:55:04 [Information] Stepper Motor Controller Disable Z Axis controls while moving to location.
8/9/2024 16:55:04 [Information] Time remaining: 00:00:00 targetEndTime = 04:55:06
8/9/2024 16:55:04 [Information] Stepper Motor Controller Disable Z Axis controls while moving to location.
8/9/2024 16:55:04 [Information] Time remaining: 00:00:00 targetEndTime = 04:55:06
8/9/2024 16:55:04 [Information] Stepper Motor Controller Disable Z Axis controls while moving to location.
8/9/2024 16:55:04 [Information] Time remaining: 00:00:00 targetEndTime = 04:55:06
8/9/2024 16:55:04 [Information] Stepper Motor Controller Disable Z Axis controls while moving to location.
8/9/2024 16:55:04 [Information] Time remaining: 00:00:00 targetEndTime = 04:55:06
8/9/2024 16:55:04 [Information] Stepper Motor Controller Disable Z Axis controls while moving to location.
8/9/2024 16:55:04 [Information] Time remaining: 00:00:00 targetEndTime = 04:55:06
8/9/2024 16:55:04 [Information] Stepper Motor Controller Disable Z Axis controls while moving to location.
8/9/2024 16:55:04 [Information] Time remaining: 00:00:00 targetEndTime = 04:55:06
8/9/2024 16:55:04 [Information] Stepper Motor Controller Disable Z Axis controls while moving to location.
8/9/2024 16:55:04 [Information] Time remaining: 00:00:00 targetEndTime = 04:55:06
8/9/2024 16:55:04 [Information] Stepper Motor Controller Disable Z Axis controls while moving to location.
8/9/2024 16:55:04 [Information] Time remaining: 00:00:00 targetEndTime = 04:55:06
8/9/2024 16:55:04 [Information] Stepper Motor Controller Disable Z Axis controls while moving to location.
8/9/2024 16:55:04 [Information] Time remaining: 00:00:00 targetEndTime = 04:55:06
8/9/2024 16:55:04 [Information] Stepper Motor Controller Disable Z Axis controls while moving to location.
8/9/2024 16:55:04 [Information] Time remaining: 00:00:00 targetEndTime = 04:55:06
8/9/2024 16:55:04 [Information] Stepper Motor Controller Disable Z Axis controls while moving to location.
8/9/2024 16:55:04 [Information] Time remaining: 00:00:00 targetEndTime = 04:55:06
8/9/2024 16:55:04 [Information] Stepper Motor Controller Disable Z Axis controls while moving to location.
8/9/2024 16:55:04 [Information] Time remaining: 00:00:00 targetEndTime = 04:55:06
8/9/2024 16:55:04 [Information] Stepper Motor Controller Disable Z Axis controls while moving to location.
8/9/2024 16:55:04 [Information] Time remaining: 00:00:00 targetEndTime = 04:55:06
8/9/2024 16:55:04 [Information] Stepper Motor Controller Disable Z Axis controls while moving to location.
8/9/2024 16:55:04 [Information] Time remaining: 00:00:00 targetEndTime = 04:55:06
8/9/2024 16:55:04 [Information] Stepper Motor Controller Disable Z Axis controls while moving to location.
8/9/2024 16:55:04 [Information] Time remaining: 00:00:00 targetEndTime = 04:55:06
8/9/2024 16:55:04 [Information] Stepper Motor Controller Disable Z Axis controls while moving to location.
8/9/2024 16:55:04 [Information] Time remaining: 00:00:00 targetEndTime = 04:55:06
8/9/2024 16:55:04 [Information] Stepper Motor Controller Disable Z Axis controls while moving to location.
8/9/2024 16:55:04 [Information] Time remaining: 00:00:00 targetEndTime = 04:55:06
8/9/2024 16:55:04 [Information] Stepper Motor Controller Disable Z Axis controls while moving to location.
8/9/2024 16:55:04 [Information] Time remaining: 00:00:00 targetEndTime = 04:55:06
8/9/2024 16:55:04 [Information] Stepper Motor Controller Disable Z Axis controls while moving to location.
8/9/2024 16:55:04 [Information] Time remaining: 00:00:00 targetEndTime = 04:55:06
8/9/2024 16:55:04 [Information] Stepper Motor Controller Disable Z Axis controls while moving to location.
8/9/2024 16:55:04 [Information] Time remaining: 00:00:00 targetEndTime = 04:55:06
8/9/2024 16:55:04 [Information] Stepper Motor Controller Disable Z Axis controls while moving to location.
8/9/2024 16:55:04 [Information] Time remaining: 00:00:00 targetEndTime = 04:55:06
8/9/2024 16:55:04 [Information] Stepper Motor Controller Disable Z Axis controls while moving to location.
8/9/2024 16:55:04 [Information] Time remaining: 00:00:00 targetEndTime = 04:55:06
8/9/2024 16:55:04 [Information] Stepper Motor Controller Disable Z Axis controls while moving to location.
8/9/2024 16:55:04 [Information] Time remaining: 00:00:00 targetEndTime = 04:55:06
8/9/2024 16:55:04 [Information] Stepper Motor Controller Disable Z Axis controls while moving to location.
8/9/2024 16:55:04 [Information] Time remaining: 00:00:00 targetEndTime = 04:55:06
8/9/2024 16:55:04 [Information] Stepper Motor Controller Disable Z Axis controls while moving to location.
8/9/2024 16:55:04 [Information] Time remaining: 00:00:00 targetEndTime = 04:55:06
8/9/2024 16:55:04 [Information] Stepper Motor Controller Disable Z Axis controls while moving to location.
8/9/2024 16:55:04 [Information] Time remaining: 00:00:00 targetEndTime = 04:55:06
8/9/2024 16:55:04 [Information] Stepper Motor Controller Disable Z Axis controls while moving to location.
8/9/2024 16:55:04 [Information] Time remaining: 00:00:00 targetEndTime = 04:55:06
8/9/2024 16:55:04 [Information] Stepper Motor Controller Disable Z Axis controls while moving to location.
8/9/2024 16:55:04 [Information] Time remaining: 00:00:00 targetEndTime = 04:55:06
8/9/2024 16:55:04 [Information] Stepper Motor Controller Disable Z Axis controls while moving to location.
8/9/2024 16:55:04 [Information] Time remaining: 00:00:00 targetEndTime = 04:55:06
8/9/2024 16:55:04 [Information] Stepper Motor Controller Disable Z Axis controls while moving to location.
8/9/2024 16:55:04 [Information] Time remaining: 00:00:00 targetEndTime = 04:55:06
8/9/2024 16:55:05 [Information] Stepper Motor Controller Disable Z Axis controls while moving to location.
8/9/2024 16:55:05 [Information] Time remaining: 00:00:00 targetEndTime = 04:55:06
8/9/2024 16:55:05 [Information] Stepper Motor Controller Disable Z Axis controls while moving to location.
8/9/2024 16:55:05 [Information] Time remaining: 00:00:00 targetEndTime = 04:55:06
8/9/2024 16:55:05 [Information] Stepper Motor Controller Disable Z Axis controls while moving to location.
8/9/2024 16:55:05 [Information] Time remaining: 00:00:00 targetEndTime = 04:55:06
8/9/2024 16:55:05 [Information] Stepper Motor Controller Disable Z Axis controls while moving to location.
8/9/2024 16:55:05 [Information] Time remaining: 00:00:00 targetEndTime = 04:55:06
8/9/2024 16:55:05 [Information] Stepper Motor Controller Disable Z Axis controls while moving to location.
8/9/2024 16:55:05 [Information] Time remaining: 00:00:00 targetEndTime = 04:55:06
8/9/2024 16:55:05 [Information] Stepper Motor Controller Disable Z Axis controls while moving to location.
8/9/2024 16:55:05 [Information] Time remaining: 00:00:00 targetEndTime = 04:55:06
8/9/2024 16:55:05 [Information] Stepper Motor Controller Disable Z Axis controls while moving to location.
8/9/2024 16:55:05 [Information] Time remaining: 00:00:00 targetEndTime = 04:55:06
8/9/2024 16:55:05 [Information] Stepper Motor Controller Disable Z Axis controls while moving to location.
8/9/2024 16:55:05 [Information] Time remaining: 00:00:00 targetEndTime = 04:55:06
8/9/2024 16:55:05 [Information] Stepper Motor Controller Disable Z Axis controls while moving to location.
8/9/2024 16:55:05 [Information] Time remaining: 00:00:00 targetEndTime = 04:55:06
8/9/2024 16:55:05 [Information] Stepper Motor Controller Disable Z Axis controls while moving to location.
8/9/2024 16:55:05 [Information] Time remaining: 00:00:00 targetEndTime = 04:55:06
8/9/2024 16:55:05 [Information] Stepper Motor Controller Disable Z Axis controls while moving to location.
8/9/2024 16:55:05 [Information] Time remaining: 00:00:00 targetEndTime = 04:55:06
8/9/2024 16:55:05 [Information] Stepper Motor Controller Disable Z Axis controls while moving to location.
8/9/2024 16:55:05 [Information] Time remaining: 00:00:00 targetEndTime = 04:55:06
8/9/2024 16:55:05 [Information] Stepper Motor Controller Disable Z Axis controls while moving to location.
8/9/2024 16:55:05 [Information] Time remaining: 00:00:00 targetEndTime = 04:55:06
8/9/2024 16:55:05 [Information] Stepper Motor Controller Disable Z Axis controls while moving to location.
8/9/2024 16:55:05 [Information] Time remaining: 00:00:00 targetEndTime = 04:55:06
8/9/2024 16:55:05 [Information] Stepper Motor Controller Disable Z Axis controls while moving to location.
8/9/2024 16:55:05 [Information] Time remaining: 00:00:00 targetEndTime = 04:55:06
8/9/2024 16:55:05 [Information] Stepper Motor Controller Disable Z Axis controls while moving to location.
8/9/2024 16:55:05 [Information] Time remaining: 00:00:00 targetEndTime = 04:55:06
8/9/2024 16:55:05 [Information] Stepper Motor Controller Disable Z Axis controls while moving to location.
8/9/2024 16:55:05 [Information] Time remaining: 00:00:00 targetEndTime = 04:55:06
8/9/2024 16:55:05 [Information] Stepper Motor Controller Disable Z Axis controls while moving to location.
8/9/2024 16:55:05 [Information] Time remaining: 00:00:01 targetEndTime = 04:55:06
8/9/2024 16:55:05 [Information] Stepper Motor Controller Disable Z Axis controls while moving to location.
8/9/2024 16:55:05 [Information] Time remaining: 00:00:01 targetEndTime = 04:55:06
8/9/2024 16:55:05 [Information] Stepper Motor Controller Disable Z Axis controls while moving to location.
8/9/2024 16:55:05 [Information] Time remaining: 00:00:01 targetEndTime = 04:55:06
8/9/2024 16:55:05 [Information] Stepper Motor Controller Disable Z Axis controls while moving to location.
8/9/2024 16:55:05 [Information] Time remaining: 00:00:01 targetEndTime = 04:55:06
8/9/2024 16:55:05 [Information] Stepper Motor Controller Disable Z Axis controls while moving to location.
8/9/2024 16:55:05 [Information] Time remaining: 00:00:01 targetEndTime = 04:55:06
8/9/2024 16:55:05 [Information] Stepper Motor Controller Disable Z Axis controls while moving to location.
8/9/2024 16:55:05 [Information] Time remaining: 00:00:01 targetEndTime = 04:55:06
8/9/2024 16:55:05 [Information] Stepper Motor Controller Disable Z Axis controls while moving to location.
8/9/2024 16:55:05 [Information] Time remaining: 00:00:01 targetEndTime = 04:55:06
8/9/2024 16:55:05 [Information] Stepper Motor Controller Disable Z Axis controls while moving to location.
8/9/2024 16:55:05 [Information] Time remaining: 00:00:01 targetEndTime = 04:55:06
8/9/2024 16:55:05 [Information] Stepper Motor Controller Disable Z Axis controls while moving to location.
8/9/2024 16:55:05 [Information] Time remaining: 00:00:01 targetEndTime = 04:55:06
8/9/2024 16:55:05 [Information] Stepper Motor Controller Disable Z Axis controls while moving to location.
8/9/2024 16:55:05 [Information] Time remaining: 00:00:01 targetEndTime = 04:55:06
8/9/2024 16:55:05 [Information] Stepper Motor Controller Disable Z Axis controls while moving to location.
8/9/2024 16:55:05 [Information] Time remaining: 00:00:01 targetEndTime = 04:55:06
8/9/2024 16:55:05 [Information] Stepper Motor Controller Disable Z Axis controls while moving to location.
8/9/2024 16:55:05 [Information] Time remaining: 00:00:01 targetEndTime = 04:55:06
8/9/2024 16:55:05 [Information] Stepper Motor Controller Disable Z Axis controls while moving to location.
8/9/2024 16:55:05 [Information] Time remaining: 00:00:01 targetEndTime = 04:55:06
8/9/2024 16:55:05 [Information] Stepper Motor Controller Disable Z Axis controls while moving to location.
8/9/2024 16:55:05 [Information] Time remaining: 00:00:01 targetEndTime = 04:55:06
8/9/2024 16:55:05 [Information] Stepper Motor Controller Disable Z Axis controls while moving to location.
8/9/2024 16:55:05 [Information] Time remaining: 00:00:01 targetEndTime = 04:55:06
8/9/2024 16:55:05 [Information] Stepper Motor Controller Disable Z Axis controls while moving to location.
8/9/2024 16:55:05 [Information] Time remaining: 00:00:01 targetEndTime = 04:55:06
8/9/2024 16:55:05 [Information] Stepper Motor Controller Disable Z Axis controls while moving to location.
8/9/2024 16:55:05 [Information] Time remaining: 00:00:01 targetEndTime = 04:55:06
8/9/2024 16:55:05 [Information] Stepper Motor Controller Disable Z Axis controls while moving to location.
8/9/2024 16:55:05 [Information] Time remaining: 00:00:01 targetEndTime = 04:55:06
8/9/2024 16:55:05 [Information] Stepper Motor Controller Disable Z Axis controls while moving to location.
8/9/2024 16:55:05 [Information] Time remaining: 00:00:01 targetEndTime = 04:55:06
8/9/2024 16:55:05 [Information] Stepper Motor Controller Disable Z Axis controls while moving to location.
8/9/2024 16:55:05 [Information] Time remaining: 00:00:01 targetEndTime = 04:55:06
8/9/2024 16:55:05 [Information] Stepper Motor Controller Disable Z Axis controls while moving to location.
8/9/2024 16:55:05 [Information] Time remaining: 00:00:01 targetEndTime = 04:55:06
8/9/2024 16:55:05 [Information] Stepper Motor Controller Disable Z Axis controls while moving to location.
8/9/2024 16:55:05 [Information] Time remaining: 00:00:01 targetEndTime = 04:55:06
8/9/2024 16:55:05 [Information] Stepper Motor Controller Disable Z Axis controls while moving to location.
8/9/2024 16:55:05 [Information] Time remaining: 00:00:01 targetEndTime = 04:55:06
8/9/2024 16:55:05 [Information] Stepper Motor Controller Disable Z Axis controls while moving to location.
8/9/2024 16:55:05 [Information] Time remaining: 00:00:01 targetEndTime = 04:55:06
8/9/2024 16:55:05 [Information] Stepper Motor Controller Disable Z Axis controls while moving to location.
8/9/2024 16:55:05 [Information] Time remaining: 00:00:01 targetEndTime = 04:55:06
8/9/2024 16:55:05 [Information] Stepper Motor Controller Disable Z Axis controls while moving to location.
8/9/2024 16:55:05 [Information] Time remaining: 00:00:01 targetEndTime = 04:55:06
8/9/2024 16:55:05 [Information] Stepper Motor Controller Disable Z Axis controls while moving to location.
8/9/2024 16:55:05 [Information] Time remaining: 00:00:01 targetEndTime = 04:55:06
8/9/2024 16:55:05 [Information] Stepper Motor Controller Disable Z Axis controls while moving to location.
8/9/2024 16:55:05 [Information] Time remaining: 00:00:01 targetEndTime = 04:55:06
8/9/2024 16:55:05 [Information] Stepper Motor Controller Disable Z Axis controls while moving to location.
8/9/2024 16:55:05 [Information] Time remaining: 00:00:01 targetEndTime = 04:55:06
8/9/2024 16:55:05 [Information] Stepper Motor Controller Disable Z Axis controls while moving to location.
8/9/2024 16:55:05 [Information] Time remaining: 00:00:01 targetEndTime = 04:55:06
8/9/2024 16:55:05 [Information] Stepper Motor Controller Disable Z Axis controls while moving to location.
8/9/2024 16:55:05 [Information] Time remaining: 00:00:01 targetEndTime = 04:55:06
8/9/2024 16:55:05 [Information] Stepper Motor Controller Disable Z Axis controls while moving to location.
8/9/2024 16:55:05 [Information] Time remaining: 00:00:01 targetEndTime = 04:55:06
8/9/2024 16:55:05 [Information] Stepper Motor Controller Disable Z Axis controls while moving to location.
8/9/2024 16:55:05 [Information] Time remaining: 00:00:01 targetEndTime = 04:55:06
8/9/2024 16:55:05 [Information] Stepper Motor Controller Disable Z Axis controls while moving to location.
8/9/2024 16:55:05 [Information] Time remaining: 00:00:01 targetEndTime = 04:55:06
8/9/2024 16:55:05 [Information] Stepper Motor Controller Disable Z Axis controls while moving to location.
8/9/2024 16:55:05 [Information] Time remaining: 00:00:01 targetEndTime = 04:55:06
8/9/2024 16:55:05 [Information] Stepper Motor Controller Disable Z Axis controls while moving to location.
8/9/2024 16:55:05 [Information] Time remaining: 00:00:01 targetEndTime = 04:55:06
8/9/2024 16:55:05 [Information] Stepper Motor Controller Disable Z Axis controls while moving to location.
8/9/2024 16:55:05 [Information] Time remaining: 00:00:01 targetEndTime = 04:55:06
8/9/2024 16:55:05 [Information] Stepper Motor Controller Disable Z Axis controls while moving to location.
8/9/2024 16:55:05 [Information] Time remaining: 00:00:01 targetEndTime = 04:55:06
8/9/2024 16:55:05 [Information] Stepper Motor Controller Disable Z Axis controls while moving to location.
8/9/2024 16:55:05 [Information] Time remaining: 00:00:01 targetEndTime = 04:55:06
8/9/2024 16:55:05 [Information] Stepper Motor Controller Disable Z Axis controls while moving to location.
8/9/2024 16:55:05 [Information] Time remaining: 00:00:01 targetEndTime = 04:55:06
8/9/2024 16:55:05 [Information] Stepper Motor Controller Disable Z Axis controls while moving to location.
8/9/2024 16:55:05 [Information] Time remaining: 00:00:01 targetEndTime = 04:55:06
8/9/2024 16:55:05 [Information] Stepper Motor Controller Disable Z Axis controls while moving to location.
8/9/2024 16:55:05 [Information] Time remaining: 00:00:01 targetEndTime = 04:55:06
8/9/2024 16:55:05 [Information] Stepper Motor Controller Disable Z Axis controls while moving to location.
8/9/2024 16:55:05 [Information] Time remaining: 00:00:01 targetEndTime = 04:55:06
8/9/2024 16:55:06 [Information] Stepper Motor Controller Disable Z Axis controls while moving to location.
8/9/2024 16:55:06 [Information] Time remaining: 00:00:01 targetEndTime = 04:55:06
8/9/2024 16:55:06 [Information] Stepper Motor Controller Disable Z Axis controls while moving to location.
8/9/2024 16:55:06 [Information] Time remaining: 00:00:01 targetEndTime = 04:55:06
8/9/2024 16:55:06 [Information] Stepper Motor Controller Disable Z Axis controls while moving to location.
8/9/2024 16:55:06 [Information] Time remaining: 00:00:01 targetEndTime = 04:55:06
8/9/2024 16:55:06 [Information] Stepper Motor Controller Disable Z Axis controls while moving to location.
8/9/2024 16:55:06 [Information] Time remaining: 00:00:01 targetEndTime = 04:55:06
8/9/2024 16:55:06 [Information] Stepper Motor Controller Disable Z Axis controls while moving to location.
8/9/2024 16:55:06 [Information] Time remaining: 00:00:01 targetEndTime = 04:55:06
8/9/2024 16:55:06 [Information] Stepper Motor Controller Disable Z Axis controls while moving to location.
8/9/2024 16:55:06 [Information] Time remaining: 00:00:01 targetEndTime = 04:55:06
8/9/2024 16:55:06 [Information] Stepper Motor Controller Disable Z Axis controls while moving to location.
8/9/2024 16:55:06 [Information] Time remaining: 00:00:01 targetEndTime = 04:55:06
8/9/2024 16:55:06 [Information] Stepper Motor Controller Disable Z Axis controls while moving to location.
8/9/2024 16:55:06 [Information] Time remaining: 00:00:01 targetEndTime = 04:55:06
8/9/2024 16:55:06 [Information] Stepper Motor Controller Disable Z Axis controls while moving to location.
8/9/2024 16:55:06 [Information] Time remaining: 00:00:01 targetEndTime = 04:55:06
8/9/2024 16:55:06 [Information] Stepper Motor Controller Disable Z Axis controls while moving to location.
8/9/2024 16:55:06 [Information] Time remaining: 00:00:01 targetEndTime = 04:55:06
8/9/2024 16:55:06 [Information] Stepper Motor Controller Disable Z Axis controls while moving to location.
8/9/2024 16:55:06 [Information] Time remaining: 00:00:01 targetEndTime = 04:55:06
8/9/2024 16:55:06 [Information] Stepper Motor Controller Disable Z Axis controls while moving to location.
8/9/2024 16:55:06 [Information] Time remaining: 00:00:01 targetEndTime = 04:55:06
8/9/2024 16:55:06 [Information] Stepper Motor Controller Disable Z Axis controls while moving to location.
8/9/2024 16:55:06 [Information] Time remaining: 00:00:01 targetEndTime = 04:55:06
8/9/2024 16:55:06 [Information] Stepper Motor Controller Disable Z Axis controls while moving to location.
8/9/2024 16:55:06 [Information] Time remaining: 00:00:01 targetEndTime = 04:55:06
8/9/2024 16:55:06 [Information] Stepper Motor Controller Disable Z Axis controls while moving to location.
8/9/2024 16:55:06 [Information] Time remaining: 00:00:01 targetEndTime = 04:55:06
8/9/2024 16:55:06 [Information] Stepper Motor Controller Disable Z Axis controls while moving to location.
8/9/2024 16:55:06 [Information] Time remaining: 00:00:01 targetEndTime = 04:55:06
8/9/2024 16:55:06 [Information] Stepper Motor Controller Enable Z Axis controls after moving to location.
8/9/2024 16:55:06 [Information] Stepper Motor Controller Stopwatch Stopped.
8/9/2024 16:55:06 [Information] Stepper Motor Controller Timer Stopped.
8/9/2024 16:55:06 [Information] Stepper Motor Controller Stopwatch Reset.
8/9/2024 16:55:14 [Information] Stepper Motor Controller Serial Ports closed.
8/9/2024 16:55:14 [Information] Stepper Motor Controller MainWindow Closing.
8/9/2024 16:55:14 [Information] Properties Settings Saved.
8/9/2024 16:55:14 [Information] Properties Settings Form Closed.
8/9/2024 16:55:14 [Information] Stepper Motor Controller Application Settings Saved and Window Closing.
