8/10/2024 15:53:59 [Information] X Stepper Motor Controller Application Started.
8/10/2024 15:53:59 [Information] Version: 3.0.8988.28162 (8/10/2024 15:53:59)
8/10/2024 15:53:59 [Information] X Axis SerialPort COM7 not connected.
8/10/2024 15:53:59 [Information] Y Axis SerialPort COM8 not connected.
8/10/2024 15:53:59 [Information] Version: 3.1.0.28163 (8/10/2024 15:53:59)
8/10/2024 15:53:59 [Information] Version: 3.1.0.28163 (8/10/2024 15:53:59)
8/10/2024 15:53:59 [Information] Stepper Motor Controller Application Settings Window Opened.
8/10/2024 15:53:59 [Information] Stepper Motor Controller Application Settings form is rebuilt each and every time it is opened.
8/10/2024 15:53:59 [Information] int: 9600 BaudRate added to the Settings Form.
8/10/2024 15:53:59 [Information] bool: False ckbXaxisResetToZeroIsChecked added to the Settings Form.
8/10/2024 15:53:59 [Information] bool: False ckbYaxisResetToZeroIsChecked added to the Settings Form.
8/10/2024 15:53:59 [Information] bool: False ckbZaxisResetToZeroIsChecked added to the Settings Form.
8/10/2024 15:53:59 [Information] COM1: ComPort added to the Settings Form.
8/10/2024 15:53:59 [Information] COM2: ComPort added to the Settings Form.
8/10/2024 15:53:59 [Information] COM3: ComPort added to the Settings Form.
8/10/2024 15:53:59 [Information] COM4: ComPort added to the Settings Form.
8/10/2024 15:53:59 [Information] COM5: ComPort added to the Settings Form.
8/10/2024 15:53:59 [Information] COM6: ComPort added to the Settings Form.
8/10/2024 15:53:59 [Information] COM7: ComPort added to the Settings Form.
8/10/2024 15:53:59 [Information] COM8: ComPort added to the Settings Form.
8/10/2024 15:53:59 [Information] COM9: ComPort added to the Settings Form.
8/10/2024 15:53:59 [Information] COM10: ComPort added to the Settings Form.
8/10/2024 15:53:59 [Information] decimal: 4.00 Divider4_00 added to the Settings Form.
8/10/2024 15:53:59 [Information] decimal: 0.00 MathPart2Initlz added to the Settings Form.
8/10/2024 15:53:59 [Information] decimal: 1.00 MilisecondTimerInterval added to the Settings Form.
8/10/2024 15:53:59 [Information] decimal: 1000.00 MillisecondDelay added to the Settings Form.
8/10/2024 15:53:59 [Information] int: 1000 Milliseconds added to the Settings Form.
8/10/2024 15:53:59 [Information] int: 4 mmPerRevolution added to the Settings Form.
8/10/2024 15:53:59 [Information] decimal: 0.00 Value_0_00 added to the Settings Form.
8/10/2024 15:53:59 [Information] bool: False XaxisChanged added to the Settings Form.
8/10/2024 15:53:59 [Information] decimal: 400.00 XaxisMotorSpeed added to the Settings Form.
8/10/2024 15:53:59 [Information] decimal: 0.00 XaxisStepperCurrent added to the Settings Form.
8/10/2024 15:53:59 [Information] decimal: 0.00 XaxisStepperMove added to the Settings Form.
8/10/2024 15:53:59 [Information] XCOM1: XComPort added to the Settings Form.
8/10/2024 15:53:59 [Information] XCOM2: XComPort added to the Settings Form.
8/10/2024 15:53:59 [Information] XCOM3: XComPort added to the Settings Form.
8/10/2024 15:53:59 [Information] XCOM4: XComPort added to the Settings Form.
8/10/2024 15:53:59 [Information] XCOM5: XComPort added to the Settings Form.
8/10/2024 15:53:59 [Information] XCOM6: XComPort added to the Settings Form.
8/10/2024 15:53:59 [Information] XCOM7: XComPort added to the Settings Form.
8/10/2024 15:53:59 [Information] XCOM8: XComPort added to the Settings Form.
8/10/2024 15:53:59 [Information] XCOM9: XComPort added to the Settings Form.
8/10/2024 15:53:59 [Information] XCOM10: XComPort added to the Settings Form.
8/10/2024 15:53:59 [Information] bool: False YaxisChanged added to the Settings Form.
8/10/2024 15:53:59 [Information] decimal: 400.00 YaxisMotorSpeed added to the Settings Form.
8/10/2024 15:53:59 [Information] decimal: 0.00 YaxisStepperCurrent added to the Settings Form.
8/10/2024 15:53:59 [Information] decimal: 0.00 YaxisStepperMove added to the Settings Form.
8/10/2024 15:53:59 [Information] YCOM1: YComPort added to the Settings Form.
8/10/2024 15:53:59 [Information] YCOM2: YComPort added to the Settings Form.
8/10/2024 15:53:59 [Information] YCOM3: YComPort added to the Settings Form.
8/10/2024 15:53:59 [Information] YCOM4: YComPort added to the Settings Form.
8/10/2024 15:53:59 [Information] YCOM5: YComPort added to the Settings Form.
8/10/2024 15:53:59 [Information] YCOM6: YComPort added to the Settings Form.
8/10/2024 15:53:59 [Information] YCOM7: YComPort added to the Settings Form.
8/10/2024 15:53:59 [Information] YCOM8: YComPort added to the Settings Form.
8/10/2024 15:53:59 [Information] YCOM9: YComPort added to the Settings Form.
8/10/2024 15:53:59 [Information] YCOM10: YComPort added to the Settings Form.
8/10/2024 15:53:59 [Information] bool: False ZaxisChanged added to the Settings Form.
8/10/2024 15:53:59 [Information] decimal: 400.00 ZaxisMotorSpeed added to the Settings Form.
8/10/2024 15:53:59 [Information] decimal: 8.00 ZaxisStepperCurrent added to the Settings Form.
8/10/2024 15:53:59 [Information] decimal: 0.00 ZaxisStepperMove added to the Settings Form.
8/10/2024 15:53:59 [Information] ZCOM1: ZComPort added to the Settings Form.
8/10/2024 15:53:59 [Information] ZCOM2: ZComPort added to the Settings Form.
8/10/2024 15:53:59 [Information] ZCOM3: ZComPort added to the Settings Form.
8/10/2024 15:53:59 [Information] ZCOM4: ZComPort added to the Settings Form.
8/10/2024 15:53:59 [Information] ZCOM5: ZComPort added to the Settings Form.
8/10/2024 15:53:59 [Information] ZCOM6: ZComPort added to the Settings Form.
8/10/2024 15:53:59 [Information] ZCOM7: ZComPort added to the Settings Form.
8/10/2024 15:53:59 [Information] ZCOM8: ZComPort added to the Settings Form.
8/10/2024 15:53:59 [Information] ZCOM9: ZComPort added to the Settings Form.
8/10/2024 15:53:59 [Information] ZCOM10: ZComPort added to the Settings Form.
8/10/2024 15:53:59 [Information] int: 0 zeroXaxis added to the Settings Form.
8/10/2024 15:53:59 [Information] int: 0 zeroYaxis added to the Settings Form.
8/10/2024 15:53:59 [Information] int: 0 zeroZaxis added to the Settings Form.
8/10/2024 15:54:00 [Information] Stepper Motor Controller MainWindow loaded
8/10/2024 15:54:00 [Information] Set MainWindow Media Brushes to White.
8/10/2024 15:54:07 [Information] Z Axis mouse controlled Keypad returned: 8.00
8/10/2024 15:54:08 [Information] ZAxisRun_Click button clicked:
8/10/2024 15:54:08 [Information] Z Axis MotorMovementSeconds decimal: (8.00 / 4) / 2 = 1.00
8/10/2024 15:54:08 [Information] Z Axis myMovementTimer int: 1000 * 1.00 = 1000
8/10/2024 15:54:09 [Information] Z Axis Run Event: Z,0.00,400.00,0,0.00,400.00,0,16.00,400.00,0
8/10/2024 15:54:09 [Information] Z Axis Current Time: 03:54:09 + 1000 = targetEndTime: 03:54:10
8/10/2024 15:54:09 [Information] Stepper Motor Controller Disable Z Axis controls while moving to location.
8/10/2024 15:54:09 [Information] Time remaining: 00:00:00 targetEndTime = 03:54:10
8/10/2024 15:54:09 [Information] Stepper Motor Controller Disable Z Axis controls while moving to location.
8/10/2024 15:54:09 [Information] Time remaining: 00:00:00 targetEndTime = 03:54:10
8/10/2024 15:54:09 [Information] Stepper Motor Controller Disable Z Axis controls while moving to location.
8/10/2024 15:54:09 [Information] Time remaining: 00:00:00 targetEndTime = 03:54:10
8/10/2024 15:54:09 [Information] Stepper Motor Controller Disable Z Axis controls while moving to location.
8/10/2024 15:54:09 [Information] Time remaining: 00:00:00 targetEndTime = 03:54:10
8/10/2024 15:54:09 [Information] Stepper Motor Controller Disable Z Axis controls while moving to location.
8/10/2024 15:54:09 [Information] Time remaining: 00:00:00 targetEndTime = 03:54:10
8/10/2024 15:54:09 [Information] Stepper Motor Controller Disable Z Axis controls while moving to location.
8/10/2024 15:54:09 [Information] Time remaining: 00:00:00 targetEndTime = 03:54:10
8/10/2024 15:54:09 [Information] Stepper Motor Controller Disable Z Axis controls while moving to location.
8/10/2024 15:54:09 [Information] Time remaining: 00:00:00 targetEndTime = 03:54:10
8/10/2024 15:54:09 [Information] Stepper Motor Controller Disable Z Axis controls while moving to location.
8/10/2024 15:54:09 [Information] Time remaining: 00:00:00 targetEndTime = 03:54:10
8/10/2024 15:54:09 [Information] Stepper Motor Controller Disable Z Axis controls while moving to location.
8/10/2024 15:54:09 [Information] Time remaining: 00:00:00 targetEndTime = 03:54:10
8/10/2024 15:54:09 [Information] Stepper Motor Controller Disable Z Axis controls while moving to location.
8/10/2024 15:54:09 [Information] Time remaining: 00:00:00 targetEndTime = 03:54:10
8/10/2024 15:54:09 [Information] Stepper Motor Controller Disable Z Axis controls while moving to location.
8/10/2024 15:54:09 [Information] Time remaining: 00:00:00 targetEndTime = 03:54:10
8/10/2024 15:54:09 [Information] Stepper Motor Controller Disable Z Axis controls while moving to location.
8/10/2024 15:54:09 [Information] Time remaining: 00:00:00 targetEndTime = 03:54:10
8/10/2024 15:54:09 [Information] Stepper Motor Controller Disable Z Axis controls while moving to location.
8/10/2024 15:54:09 [Information] Time remaining: 00:00:00 targetEndTime = 03:54:10
8/10/2024 15:54:09 [Information] Stepper Motor Controller Disable Z Axis controls while moving to location.
8/10/2024 15:54:09 [Information] Time remaining: 00:00:00 targetEndTime = 03:54:10
8/10/2024 15:54:09 [Information] Stepper Motor Controller Disable Z Axis controls while moving to location.
8/10/2024 15:54:09 [Information] Time remaining: 00:00:00 targetEndTime = 03:54:10
8/10/2024 15:54:09 [Information] Stepper Motor Controller Disable Z Axis controls while moving to location.
8/10/2024 15:54:09 [Information] Time remaining: 00:00:00 targetEndTime = 03:54:10
8/10/2024 15:54:09 [Information] Stepper Motor Controller Disable Z Axis controls while moving to location.
8/10/2024 15:54:09 [Information] Time remaining: 00:00:00 targetEndTime = 03:54:10
8/10/2024 15:54:10 [Information] Stepper Motor Controller Disable Z Axis controls while moving to location.
8/10/2024 15:54:10 [Information] Time remaining: 00:00:00 targetEndTime = 03:54:10
8/10/2024 15:54:10 [Information] Stepper Motor Controller Disable Z Axis controls while moving to location.
8/10/2024 15:54:10 [Information] Time remaining: 00:00:00 targetEndTime = 03:54:10
8/10/2024 15:54:10 [Information] Stepper Motor Controller Disable Z Axis controls while moving to location.
8/10/2024 15:54:10 [Information] Time remaining: 00:00:00 targetEndTime = 03:54:10
8/10/2024 15:54:10 [Information] Stepper Motor Controller Disable Z Axis controls while moving to location.
8/10/2024 15:54:10 [Information] Time remaining: 00:00:00 targetEndTime = 03:54:10
8/10/2024 15:54:10 [Information] Stepper Motor Controller Disable Z Axis controls while moving to location.
8/10/2024 15:54:10 [Information] Time remaining: 00:00:00 targetEndTime = 03:54:10
8/10/2024 15:54:10 [Information] Stepper Motor Controller Disable Z Axis controls while moving to location.
8/10/2024 15:54:10 [Information] Time remaining: 00:00:00 targetEndTime = 03:54:10
8/10/2024 15:54:10 [Information] Stepper Motor Controller Disable Z Axis controls while moving to location.
8/10/2024 15:54:10 [Information] Time remaining: 00:00:00 targetEndTime = 03:54:10
8/10/2024 15:54:10 [Information] Stepper Motor Controller Disable Z Axis controls while moving to location.
8/10/2024 15:54:10 [Information] Time remaining: 00:00:00 targetEndTime = 03:54:10
8/10/2024 15:54:10 [Information] Stepper Motor Controller Disable Z Axis controls while moving to location.
8/10/2024 15:54:10 [Information] Time remaining: 00:00:00 targetEndTime = 03:54:10
8/10/2024 15:54:10 [Information] Stepper Motor Controller Disable Z Axis controls while moving to location.
8/10/2024 15:54:10 [Information] Time remaining: 00:00:00 targetEndTime = 03:54:10
8/10/2024 15:54:10 [Information] Stepper Motor Controller Disable Z Axis controls while moving to location.
8/10/2024 15:54:10 [Information] Time remaining: 00:00:00 targetEndTime = 03:54:10
8/10/2024 15:54:10 [Information] Stepper Motor Controller Disable Z Axis controls while moving to location.
8/10/2024 15:54:10 [Information] Time remaining: 00:00:00 targetEndTime = 03:54:10
8/10/2024 15:54:10 [Information] Stepper Motor Controller Disable Z Axis controls while moving to location.
8/10/2024 15:54:10 [Information] Time remaining: 00:00:00 targetEndTime = 03:54:10
8/10/2024 15:54:10 [Information] Stepper Motor Controller Disable Z Axis controls while moving to location.
8/10/2024 15:54:10 [Information] Time remaining: 00:00:00 targetEndTime = 03:54:10
8/10/2024 15:54:10 [Information] Stepper Motor Controller Disable Z Axis controls while moving to location.
8/10/2024 15:54:10 [Information] Time remaining: 00:00:00 targetEndTime = 03:54:10
8/10/2024 15:54:10 [Information] Stepper Motor Controller Disable Z Axis controls while moving to location.
8/10/2024 15:54:10 [Information] Time remaining: 00:00:00 targetEndTime = 03:54:10
8/10/2024 15:54:10 [Information] Stepper Motor Controller Disable Z Axis controls while moving to location.
8/10/2024 15:54:10 [Information] Time remaining: 00:00:00 targetEndTime = 03:54:10
8/10/2024 15:54:10 [Information] Stepper Motor Controller Disable Z Axis controls while moving to location.
8/10/2024 15:54:10 [Information] Time remaining: 00:00:00 targetEndTime = 03:54:10
8/10/2024 15:54:10 [Information] Stepper Motor Controller Disable Z Axis controls while moving to location.
8/10/2024 15:54:10 [Information] Time remaining: 00:00:00 targetEndTime = 03:54:10
8/10/2024 15:54:10 [Information] Stepper Motor Controller Disable Z Axis controls while moving to location.
8/10/2024 15:54:10 [Information] Time remaining: 00:00:00 targetEndTime = 03:54:10
8/10/2024 15:54:10 [Information] Stepper Motor Controller Disable Z Axis controls while moving to location.
8/10/2024 15:54:10 [Information] Time remaining: 00:00:00 targetEndTime = 03:54:10
8/10/2024 15:54:10 [Information] Stepper Motor Controller Disable Z Axis controls while moving to location.
8/10/2024 15:54:10 [Information] Time remaining: 00:00:00 targetEndTime = 03:54:10
8/10/2024 15:54:10 [Information] Stepper Motor Controller Disable Z Axis controls while moving to location.
8/10/2024 15:54:10 [Information] Time remaining: 00:00:00 targetEndTime = 03:54:10
8/10/2024 15:54:10 [Information] Stepper Motor Controller Disable Z Axis controls while moving to location.
8/10/2024 15:54:10 [Information] Time remaining: 00:00:00 targetEndTime = 03:54:10
8/10/2024 15:54:10 [Information] Stepper Motor Controller Disable Z Axis controls while moving to location.
8/10/2024 15:54:10 [Information] Time remaining: 00:00:00 targetEndTime = 03:54:10
8/10/2024 15:54:10 [Information] Stepper Motor Controller Disable Z Axis controls while moving to location.
8/10/2024 15:54:10 [Information] Time remaining: 00:00:00 targetEndTime = 03:54:10
8/10/2024 15:54:10 [Information] Stepper Motor Controller Disable Z Axis controls while moving to location.
8/10/2024 15:54:10 [Information] Time remaining: 00:00:00 targetEndTime = 03:54:10
8/10/2024 15:54:10 [Information] Stepper Motor Controller Disable Z Axis controls while moving to location.
8/10/2024 15:54:10 [Information] Time remaining: 00:00:00 targetEndTime = 03:54:10
8/10/2024 15:54:10 [Information] Stepper Motor Controller Disable Z Axis controls while moving to location.
8/10/2024 15:54:10 [Information] Time remaining: 00:00:00 targetEndTime = 03:54:10
8/10/2024 15:54:10 [Information] Stepper Motor Controller Disable Z Axis controls while moving to location.
8/10/2024 15:54:10 [Information] Time remaining: 00:00:00 targetEndTime = 03:54:10
8/10/2024 15:54:10 [Information] Stepper Motor Controller Disable Z Axis controls while moving to location.
8/10/2024 15:54:10 [Information] Time remaining: 00:00:00 targetEndTime = 03:54:10
8/10/2024 15:54:10 [Information] Stepper Motor Controller Disable Z Axis controls while moving to location.
8/10/2024 15:54:10 [Information] Time remaining: 00:00:00 targetEndTime = 03:54:10
8/10/2024 15:54:10 [Information] Stepper Motor Controller Disable Z Axis controls while moving to location.
8/10/2024 15:54:10 [Information] Time remaining: 00:00:00 targetEndTime = 03:54:10
8/10/2024 15:54:10 [Information] Stepper Motor Controller Disable Z Axis controls while moving to location.
8/10/2024 15:54:10 [Information] Time remaining: 00:00:00 targetEndTime = 03:54:10
8/10/2024 15:54:10 [Information] Stepper Motor Controller Disable Z Axis controls while moving to location.
8/10/2024 15:54:10 [Information] Time remaining: 00:00:00 targetEndTime = 03:54:10
8/10/2024 15:54:10 [Information] Stepper Motor Controller Disable Z Axis controls while moving to location.
8/10/2024 15:54:10 [Information] Time remaining: 00:00:00 targetEndTime = 03:54:10
8/10/2024 15:54:10 [Information] Stepper Motor Controller Disable Z Axis controls while moving to location.
8/10/2024 15:54:10 [Information] Time remaining: 00:00:00 targetEndTime = 03:54:10
8/10/2024 15:54:10 [Information] Stepper Motor Controller Disable Z Axis controls while moving to location.
8/10/2024 15:54:10 [Information] Time remaining: 00:00:00 targetEndTime = 03:54:10
8/10/2024 15:54:10 [Information] Stepper Motor Controller Enable Z Axis controls after moving to location.
8/10/2024 15:54:10 [Information] Stepper Motor Controller Stopwatch Stopped.
8/10/2024 15:54:10 [Information] Stepper Motor Controller Timer Stopped.
8/10/2024 15:54:10 [Information] Stepper Motor Controller Stopwatch Reset.
8/10/2024 15:54:26 [Information] ZAxisRun_Click button clicked:
8/10/2024 15:54:26 [Information] Z Axis MotorMovementSeconds decimal: (8.00 / 4) / 2 = 1.00
8/10/2024 15:54:26 [Information] Z Axis myMovementTimer int: 1000 * 1.00 = 1000
8/10/2024 15:54:27 [Information] Z Axis Run Event: Z,0.00,400.00,0,0.00,400.00,0,24.00,400.00,0
8/10/2024 15:54:27 [Information] Z Axis Current Time: 03:54:27 + 1000 = targetEndTime: 03:54:28
8/10/2024 15:54:27 [Information] Stepper Motor Controller Disable Z Axis controls while moving to location.
8/10/2024 15:54:27 [Information] Time remaining: 00:00:00 targetEndTime = 03:54:28
8/10/2024 15:54:27 [Information] Stepper Motor Controller Disable Z Axis controls while moving to location.
8/10/2024 15:54:27 [Information] Time remaining: 00:00:00 targetEndTime = 03:54:28
8/10/2024 15:54:27 [Information] Stepper Motor Controller Disable Z Axis controls while moving to location.
8/10/2024 15:54:27 [Information] Time remaining: 00:00:00 targetEndTime = 03:54:28
8/10/2024 15:54:27 [Information] Stepper Motor Controller Disable Z Axis controls while moving to location.
8/10/2024 15:54:27 [Information] Time remaining: 00:00:00 targetEndTime = 03:54:28
8/10/2024 15:54:27 [Information] Stepper Motor Controller Disable Z Axis controls while moving to location.
8/10/2024 15:54:27 [Information] Time remaining: 00:00:00 targetEndTime = 03:54:28
8/10/2024 15:54:27 [Information] Stepper Motor Controller Disable Z Axis controls while moving to location.
8/10/2024 15:54:27 [Information] Time remaining: 00:00:00 targetEndTime = 03:54:28
8/10/2024 15:54:27 [Information] Stepper Motor Controller Disable Z Axis controls while moving to location.
8/10/2024 15:54:27 [Information] Time remaining: 00:00:00 targetEndTime = 03:54:28
8/10/2024 15:54:27 [Information] Stepper Motor Controller Disable Z Axis controls while moving to location.
8/10/2024 15:54:27 [Information] Time remaining: 00:00:00 targetEndTime = 03:54:28
8/10/2024 15:54:27 [Information] Stepper Motor Controller Disable Z Axis controls while moving to location.
8/10/2024 15:54:27 [Information] Time remaining: 00:00:00 targetEndTime = 03:54:28
8/10/2024 15:54:28 [Information] Stepper Motor Controller Disable Z Axis controls while moving to location.
8/10/2024 15:54:28 [Information] Time remaining: 00:00:00 targetEndTime = 03:54:28
8/10/2024 15:54:28 [Information] Stepper Motor Controller Disable Z Axis controls while moving to location.
8/10/2024 15:54:28 [Information] Time remaining: 00:00:00 targetEndTime = 03:54:28
8/10/2024 15:54:28 [Information] Stepper Motor Controller Disable Z Axis controls while moving to location.
8/10/2024 15:54:28 [Information] Time remaining: 00:00:00 targetEndTime = 03:54:28
8/10/2024 15:54:28 [Information] Stepper Motor Controller Disable Z Axis controls while moving to location.
8/10/2024 15:54:28 [Information] Time remaining: 00:00:00 targetEndTime = 03:54:28
8/10/2024 15:54:28 [Information] Stepper Motor Controller Disable Z Axis controls while moving to location.
8/10/2024 15:54:28 [Information] Time remaining: 00:00:00 targetEndTime = 03:54:28
8/10/2024 15:54:28 [Information] Stepper Motor Controller Disable Z Axis controls while moving to location.
8/10/2024 15:54:28 [Information] Time remaining: 00:00:00 targetEndTime = 03:54:28
8/10/2024 15:54:28 [Information] Stepper Motor Controller Disable Z Axis controls while moving to location.
8/10/2024 15:54:28 [Information] Time remaining: 00:00:00 targetEndTime = 03:54:28
8/10/2024 15:54:28 [Information] Stepper Motor Controller Disable Z Axis controls while moving to location.
8/10/2024 15:54:28 [Information] Time remaining: 00:00:00 targetEndTime = 03:54:28
8/10/2024 15:54:28 [Information] Stepper Motor Controller Disable Z Axis controls while moving to location.
8/10/2024 15:54:28 [Information] Time remaining: 00:00:00 targetEndTime = 03:54:28
8/10/2024 15:54:28 [Information] Stepper Motor Controller Disable Z Axis controls while moving to location.
8/10/2024 15:54:28 [Information] Time remaining: 00:00:00 targetEndTime = 03:54:28
8/10/2024 15:54:28 [Information] Stepper Motor Controller Disable Z Axis controls while moving to location.
8/10/2024 15:54:28 [Information] Time remaining: 00:00:00 targetEndTime = 03:54:28
8/10/2024 15:54:28 [Information] Stepper Motor Controller Disable Z Axis controls while moving to location.
8/10/2024 15:54:28 [Information] Time remaining: 00:00:00 targetEndTime = 03:54:28
8/10/2024 15:54:28 [Information] Stepper Motor Controller Disable Z Axis controls while moving to location.
8/10/2024 15:54:28 [Information] Time remaining: 00:00:00 targetEndTime = 03:54:28
8/10/2024 15:54:28 [Information] Stepper Motor Controller Disable Z Axis controls while moving to location.
8/10/2024 15:54:28 [Information] Time remaining: 00:00:00 targetEndTime = 03:54:28
8/10/2024 15:54:28 [Information] Stepper Motor Controller Disable Z Axis controls while moving to location.
8/10/2024 15:54:28 [Information] Time remaining: 00:00:00 targetEndTime = 03:54:28
8/10/2024 15:54:28 [Information] Stepper Motor Controller Disable Z Axis controls while moving to location.
8/10/2024 15:54:28 [Information] Time remaining: 00:00:00 targetEndTime = 03:54:28
8/10/2024 15:54:28 [Information] Stepper Motor Controller Disable Z Axis controls while moving to location.
8/10/2024 15:54:28 [Information] Time remaining: 00:00:00 targetEndTime = 03:54:28
8/10/2024 15:54:28 [Information] Stepper Motor Controller Disable Z Axis controls while moving to location.
8/10/2024 15:54:28 [Information] Time remaining: 00:00:00 targetEndTime = 03:54:28
8/10/2024 15:54:28 [Information] Stepper Motor Controller Disable Z Axis controls while moving to location.
8/10/2024 15:54:28 [Information] Time remaining: 00:00:00 targetEndTime = 03:54:28
8/10/2024 15:54:28 [Information] Stepper Motor Controller Disable Z Axis controls while moving to location.
8/10/2024 15:54:28 [Information] Time remaining: 00:00:00 targetEndTime = 03:54:28
8/10/2024 15:54:28 [Information] Stepper Motor Controller Disable Z Axis controls while moving to location.
8/10/2024 15:54:28 [Information] Time remaining: 00:00:00 targetEndTime = 03:54:28
8/10/2024 15:54:28 [Information] Stepper Motor Controller Disable Z Axis controls while moving to location.
8/10/2024 15:54:28 [Information] Time remaining: 00:00:00 targetEndTime = 03:54:28
8/10/2024 15:54:28 [Information] Stepper Motor Controller Disable Z Axis controls while moving to location.
8/10/2024 15:54:28 [Information] Time remaining: 00:00:00 targetEndTime = 03:54:28
8/10/2024 15:54:28 [Information] Stepper Motor Controller Disable Z Axis controls while moving to location.
8/10/2024 15:54:28 [Information] Time remaining: 00:00:00 targetEndTime = 03:54:28
8/10/2024 15:54:28 [Information] Stepper Motor Controller Disable Z Axis controls while moving to location.
8/10/2024 15:54:28 [Information] Time remaining: 00:00:00 targetEndTime = 03:54:28
8/10/2024 15:54:28 [Information] Stepper Motor Controller Disable Z Axis controls while moving to location.
8/10/2024 15:54:28 [Information] Time remaining: 00:00:00 targetEndTime = 03:54:28
8/10/2024 15:54:28 [Information] Stepper Motor Controller Disable Z Axis controls while moving to location.
8/10/2024 15:54:28 [Information] Time remaining: 00:00:00 targetEndTime = 03:54:28
8/10/2024 15:54:28 [Information] Stepper Motor Controller Disable Z Axis controls while moving to location.
8/10/2024 15:54:28 [Information] Time remaining: 00:00:00 targetEndTime = 03:54:28
8/10/2024 15:54:28 [Information] Stepper Motor Controller Disable Z Axis controls while moving to location.
8/10/2024 15:54:28 [Information] Time remaining: 00:00:00 targetEndTime = 03:54:28
8/10/2024 15:54:28 [Information] Stepper Motor Controller Disable Z Axis controls while moving to location.
8/10/2024 15:54:28 [Information] Time remaining: 00:00:00 targetEndTime = 03:54:28
8/10/2024 15:54:28 [Information] Stepper Motor Controller Disable Z Axis controls while moving to location.
8/10/2024 15:54:28 [Information] Time remaining: 00:00:00 targetEndTime = 03:54:28
8/10/2024 15:54:28 [Information] Stepper Motor Controller Disable Z Axis controls while moving to location.
8/10/2024 15:54:28 [Information] Time remaining: 00:00:00 targetEndTime = 03:54:28
8/10/2024 15:54:28 [Information] Stepper Motor Controller Disable Z Axis controls while moving to location.
8/10/2024 15:54:28 [Information] Time remaining: 00:00:00 targetEndTime = 03:54:28
8/10/2024 15:54:28 [Information] Stepper Motor Controller Disable Z Axis controls while moving to location.
8/10/2024 15:54:28 [Information] Time remaining: 00:00:00 targetEndTime = 03:54:28
8/10/2024 15:54:28 [Information] Stepper Motor Controller Disable Z Axis controls while moving to location.
8/10/2024 15:54:28 [Information] Time remaining: 00:00:00 targetEndTime = 03:54:28
8/10/2024 15:54:28 [Information] Stepper Motor Controller Disable Z Axis controls while moving to location.
8/10/2024 15:54:28 [Information] Time remaining: 00:00:00 targetEndTime = 03:54:28
8/10/2024 15:54:28 [Information] Stepper Motor Controller Disable Z Axis controls while moving to location.
8/10/2024 15:54:28 [Information] Time remaining: 00:00:00 targetEndTime = 03:54:28
8/10/2024 15:54:28 [Information] Stepper Motor Controller Enable Z Axis controls after moving to location.
8/10/2024 15:54:28 [Information] Stepper Motor Controller Stopwatch Stopped.
8/10/2024 15:54:28 [Information] Stepper Motor Controller Timer Stopped.
8/10/2024 15:54:28 [Information] Stepper Motor Controller Stopwatch Reset.
8/10/2024 15:54:31 [Information] Stepper Motor Controller MainWindow Closing.
8/10/2024 15:54:31 [Information] Properties Settings Saved.
8/10/2024 15:54:31 [Information] Properties Settings Form Closed.
8/10/2024 15:54:31 [Information] Stepper Motor Controller Application Settings Saved and Window Closing.
