9/1/2024 18:16:26 [Information] X Stepper Motor Controller Application Started.
9/1/2024 18:16:26 [Information] Version: 3.0.9010.32891 (9/1/2024 18:16:26)
9/1/2024 18:16:26 [Information] X Axis SerialPort COM7 not connected.
9/1/2024 18:16:26 [Information] Y Axis SerialPort COM8 not connected.
9/1/2024 18:16:26 [Information] Version: 3.1.0.32892 (9/1/2024 18:16:26)
9/1/2024 18:16:26 [Information] Version: 3.1.0.32892 (9/1/2024 18:16:26)
9/1/2024 18:16:26 [Information] Stepper Motor Controller Application Settings Window Opened.
9/1/2024 18:16:26 [Information] Stepper Motor Controller Application Settings form is rebuilt each and every time it is opened.
9/1/2024 18:16:26 [Information] int: 9600 BaudRate added to the Settings Form.
9/1/2024 18:16:26 [Information] bool: False ckbXaxisResetToZeroIsChecked added to the Settings Form.
9/1/2024 18:16:26 [Information] bool: False ckbYaxisResetToZeroIsChecked added to the Settings Form.
9/1/2024 18:16:26 [Information] bool: False ckbZaxisResetToZeroIsChecked added to the Settings Form.
9/1/2024 18:16:26 [Information] COM1: ComPort added to the Settings Form.
9/1/2024 18:16:26 [Information] COM2: ComPort added to the Settings Form.
9/1/2024 18:16:26 [Information] COM3: ComPort added to the Settings Form.
9/1/2024 18:16:26 [Information] COM4: ComPort added to the Settings Form.
9/1/2024 18:16:26 [Information] COM5: ComPort added to the Settings Form.
9/1/2024 18:16:26 [Information] COM6: ComPort added to the Settings Form.
9/1/2024 18:16:26 [Information] COM7: ComPort added to the Settings Form.
9/1/2024 18:16:26 [Information] COM8: ComPort added to the Settings Form.
9/1/2024 18:16:26 [Information] COM9: ComPort added to the Settings Form.
9/1/2024 18:16:26 [Information] COM10: ComPort added to the Settings Form.
9/1/2024 18:16:26 [Information] decimal: 4.00 Divider4_00 added to the Settings Form.
9/1/2024 18:16:26 [Information] decimal: 0.00 MathPart2Initlz added to the Settings Form.
9/1/2024 18:16:26 [Information] decimal: 1.00 MilisecondTimerInterval added to the Settings Form.
9/1/2024 18:16:26 [Information] decimal: 1000.00 MillisecondDelay added to the Settings Form.
9/1/2024 18:16:26 [Information] int: 1000 Milliseconds added to the Settings Form.
9/1/2024 18:16:26 [Information] int: 4 mmPerRevolution added to the Settings Form.
9/1/2024 18:16:26 [Information] int: 2000 ThreadSleep added to the Settings Form.
9/1/2024 18:16:26 [Information] decimal: 0.00 Value_0_00 added to the Settings Form.
9/1/2024 18:16:26 [Information] decimal: 50.00 XaxisAcceleration added to the Settings Form.
9/1/2024 18:16:26 [Information] bool: False XaxisChanged added to the Settings Form.
9/1/2024 18:16:26 [Information] decimal: 400.00 XaxisMotorSpeed added to the Settings Form.
9/1/2024 18:16:26 [Information] decimal: 0.00 XaxisStepperCurrent added to the Settings Form.
9/1/2024 18:16:26 [Information] decimal: 0.00 XaxisStepperMove added to the Settings Form.
9/1/2024 18:16:26 [Information] XCOM1: XComPort added to the Settings Form.
9/1/2024 18:16:26 [Information] XCOM2: XComPort added to the Settings Form.
9/1/2024 18:16:26 [Information] XCOM3: XComPort added to the Settings Form.
9/1/2024 18:16:26 [Information] XCOM4: XComPort added to the Settings Form.
9/1/2024 18:16:26 [Information] XCOM5: XComPort added to the Settings Form.
9/1/2024 18:16:26 [Information] XCOM6: XComPort added to the Settings Form.
9/1/2024 18:16:26 [Information] XCOM7: XComPort added to the Settings Form.
9/1/2024 18:16:26 [Information] XCOM8: XComPort added to the Settings Form.
9/1/2024 18:16:26 [Information] XCOM9: XComPort added to the Settings Form.
9/1/2024 18:16:26 [Information] XCOM10: XComPort added to the Settings Form.
9/1/2024 18:16:26 [Information] decimal: 50.00 YaxisAcceleration added to the Settings Form.
9/1/2024 18:16:26 [Information] bool: False YaxisChanged added to the Settings Form.
9/1/2024 18:16:26 [Information] decimal: 400.00 YaxisMotorSpeed added to the Settings Form.
9/1/2024 18:16:26 [Information] decimal: 0.00 YaxisStepperCurrent added to the Settings Form.
9/1/2024 18:16:26 [Information] decimal: 0.00 YaxisStepperMove added to the Settings Form.
9/1/2024 18:16:26 [Information] YCOM1: YComPort added to the Settings Form.
9/1/2024 18:16:26 [Information] YCOM2: YComPort added to the Settings Form.
9/1/2024 18:16:26 [Information] YCOM3: YComPort added to the Settings Form.
9/1/2024 18:16:26 [Information] YCOM4: YComPort added to the Settings Form.
9/1/2024 18:16:26 [Information] YCOM5: YComPort added to the Settings Form.
9/1/2024 18:16:26 [Information] YCOM6: YComPort added to the Settings Form.
9/1/2024 18:16:26 [Information] YCOM7: YComPort added to the Settings Form.
9/1/2024 18:16:26 [Information] YCOM8: YComPort added to the Settings Form.
9/1/2024 18:16:26 [Information] YCOM9: YComPort added to the Settings Form.
9/1/2024 18:16:26 [Information] YCOM10: YComPort added to the Settings Form.
9/1/2024 18:16:26 [Information] decimal: 50.00 ZaxisAcceleration added to the Settings Form.
9/1/2024 18:16:26 [Information] bool: False ZaxisChanged added to the Settings Form.
9/1/2024 18:16:26 [Information] decimal: 400.00 ZaxisMotorSpeed added to the Settings Form.
9/1/2024 18:16:26 [Information] decimal: 0.00 ZaxisStepperCurrent added to the Settings Form.
9/1/2024 18:16:26 [Information] decimal: 0.00 ZaxisStepperMove added to the Settings Form.
9/1/2024 18:16:26 [Information] ZCOM1: ZComPort added to the Settings Form.
9/1/2024 18:16:26 [Information] ZCOM2: ZComPort added to the Settings Form.
9/1/2024 18:16:26 [Information] ZCOM3: ZComPort added to the Settings Form.
9/1/2024 18:16:26 [Information] ZCOM4: ZComPort added to the Settings Form.
9/1/2024 18:16:26 [Information] ZCOM5: ZComPort added to the Settings Form.
9/1/2024 18:16:26 [Information] ZCOM6: ZComPort added to the Settings Form.
9/1/2024 18:16:26 [Information] ZCOM7: ZComPort added to the Settings Form.
9/1/2024 18:16:26 [Information] ZCOM8: ZComPort added to the Settings Form.
9/1/2024 18:16:26 [Information] ZCOM9: ZComPort added to the Settings Form.
9/1/2024 18:16:26 [Information] ZCOM10: ZComPort added to the Settings Form.
9/1/2024 18:16:26 [Information] int: 0 zeroXaxis added to the Settings Form.
9/1/2024 18:16:26 [Information] int: 0 zeroYaxis added to the Settings Form.
9/1/2024 18:16:26 [Information] int: 0 zeroZaxis added to the Settings Form.
9/1/2024 18:16:26 [Information] Stepper Motor Controller MainWindow loaded
9/1/2024 18:16:26 [Information] Set MainWindow Media Brushes to White.
9/1/2024 18:16:32 [Information] Z Axis mouse controlled Keypad returned: 32.00
9/1/2024 18:16:33 [Information] Updated X,Y Zero.IsChecked status to 0 and Z Zero.IsChecked status to 1.
9/1/2024 18:16:34 [Information] ZAxisRun_Click button clicked:
9/1/2024 18:16:34 [Information] Z Axis Run Event to reset Axis to zero: Z,0.00,400.00,0,0.00,400.00,0,0.00,400.00,1
9/1/2024 18:16:34 [Information] Setting Z Axis Current Location Set to Zero on DRO
9/1/2024 18:16:35 [Information] Updated X,Y,Z Zero.IsChecked status to 0.
9/1/2024 18:16:35 [Information] Z Axis Current Location Set to Zero
9/1/2024 18:16:35 [Information] Z Axis Data Received: ?
9/1/2024 18:16:42 [Information] Z Axis mouse controlled Keypad returned: 4.00
9/1/2024 18:16:44 [Information] ZAxisRun_Click button clicked:
9/1/2024 18:16:44 [Information] Z Axis MotorMovementSeconds decimal: (4.00 / 4) / 2 = 0.50
9/1/2024 18:16:44 [Information] Z Axis myMovementTimer int: 1000 * 0.50 = 0
9/1/2024 18:16:45 [Information] Z Axis Run Event: Z,0.00,400.00,0,0.00,400.00,0,4.00,400.00,0
9/1/2024 18:16:45 [Information] Z Axis Current Time: 06:16:45 + 0 = targetEndTime: 06:16:45
9/1/2024 18:16:45 [Information] Stepper Motor Controller Enable Z Axis controls after moving to location.
9/1/2024 18:16:45 [Information] Stepper Motor Controller Stopwatch Stopped.
9/1/2024 18:16:45 [Information] Stepper Motor Controller Timer Stopped.
9/1/2024 18:16:45 [Information] Stepper Motor Controller Stopwatch Reset.
9/1/2024 18:16:54 [Information] Z Axis mouse controlled Keypad returned: -4.00
9/1/2024 18:16:55 [Information] ZAxisRun_Click button clicked:
9/1/2024 18:16:55 [Information] Z Axis negative value: -4.00 converted to positive decimal: 4.00
9/1/2024 18:16:55 [Information] Z Axis MotorMovementSeconds decimal: (4.00 / 4) / 2 = 0.50
9/1/2024 18:16:55 [Information] Z Axis myMovementTimer int: 1000 * 0.50 = 0
9/1/2024 18:16:56 [Information] Z Axis Run Event: Z,0.00,400.00,0,0.00,400.00,0,0.00,400.00,0
9/1/2024 18:16:56 [Information] Z Axis Current Time: 06:16:56 + 0 = targetEndTime: 06:16:56
9/1/2024 18:16:56 [Information] Stepper Motor Controller Enable Z Axis controls after moving to location.
9/1/2024 18:16:56 [Information] Stepper Motor Controller Stopwatch Stopped.
9/1/2024 18:16:56 [Information] Stepper Motor Controller Timer Stopped.
9/1/2024 18:16:56 [Information] Stepper Motor Controller Stopwatch Reset.
9/1/2024 18:17:01 [Information] Stepper Motor Controller Serial Ports closed.
9/1/2024 18:17:01 [Information] Stepper Motor Controller MainWindow Closing.
9/1/2024 18:17:01 [Information] Properties Settings Saved.
9/1/2024 18:17:01 [Information] Properties Settings Form Closed.
9/1/2024 18:17:01 [Information] Stepper Motor Controller Application Settings Saved and Window Closing.
