9/3/2024 14:36:12 [Information] X Stepper Motor Controller Application Started.
9/3/2024 14:36:12 [Information] Version: 3.0.9011.35893 (9/3/2024 14:36:12)
9/3/2024 14:36:12 [Information] X Axis SerialPort COM7 not connected.
9/3/2024 14:36:12 [Information] Y Axis SerialPort COM8 not connected.
9/3/2024 14:36:12 [Information] Version: 3.1.0.35894 (9/3/2024 14:36:12)
9/3/2024 14:36:12 [Information] Version: 3.1.0.35894 (9/3/2024 14:36:12)
9/3/2024 14:36:13 [Information] Stepper Motor Controller Application Settings Window Opened.
9/3/2024 14:36:13 [Information] Stepper Motor Controller Application Settings form is rebuilt each and every time it is opened.
9/3/2024 14:36:13 [Information] int: 9600 BaudRate added to the Settings Form.
9/3/2024 14:36:13 [Information] bool: False ckbXaxisResetToZeroIsChecked added to the Settings Form.
9/3/2024 14:36:13 [Information] bool: False ckbYaxisResetToZeroIsChecked added to the Settings Form.
9/3/2024 14:36:13 [Information] bool: False ckbZaxisResetToZeroIsChecked added to the Settings Form.
9/3/2024 14:36:13 [Information] COM1: ComPort added to the Settings Form.
9/3/2024 14:36:13 [Information] COM2: ComPort added to the Settings Form.
9/3/2024 14:36:13 [Information] COM3: ComPort added to the Settings Form.
9/3/2024 14:36:13 [Information] COM4: ComPort added to the Settings Form.
9/3/2024 14:36:13 [Information] COM5: ComPort added to the Settings Form.
9/3/2024 14:36:13 [Information] COM6: ComPort added to the Settings Form.
9/3/2024 14:36:13 [Information] COM7: ComPort added to the Settings Form.
9/3/2024 14:36:13 [Information] COM8: ComPort added to the Settings Form.
9/3/2024 14:36:13 [Information] COM9: ComPort added to the Settings Form.
9/3/2024 14:36:13 [Information] COM10: ComPort added to the Settings Form.
9/3/2024 14:36:13 [Information] decimal: 4.00 Divider4_00 added to the Settings Form.
9/3/2024 14:36:13 [Information] decimal: 0.00 MathPart2Initlz added to the Settings Form.
9/3/2024 14:36:13 [Information] decimal: 1.00 MilisecondTimerInterval added to the Settings Form.
9/3/2024 14:36:13 [Information] decimal: 1000.00 MillisecondDelay added to the Settings Form.
9/3/2024 14:36:13 [Information] int: 1000 Milliseconds added to the Settings Form.
9/3/2024 14:36:13 [Information] int: 4 mmPerRevolution added to the Settings Form.
9/3/2024 14:36:13 [Information] int: 2000 ThreadSleep added to the Settings Form.
9/3/2024 14:36:13 [Information] decimal: 0.00 Value_0_00 added to the Settings Form.
9/3/2024 14:36:13 [Information] decimal: 50.00 XaxisAcceleration added to the Settings Form.
9/3/2024 14:36:13 [Information] bool: False XaxisChanged added to the Settings Form.
9/3/2024 14:36:13 [Information] decimal: 100.00 XaxisMotorSpeed added to the Settings Form.
9/3/2024 14:36:13 [Information] decimal: 0.00 XaxisStepperCurrent added to the Settings Form.
9/3/2024 14:36:13 [Information] decimal: 0.00 XaxisStepperMove added to the Settings Form.
9/3/2024 14:36:13 [Information] XCOM1: XComPort added to the Settings Form.
9/3/2024 14:36:13 [Information] XCOM2: XComPort added to the Settings Form.
9/3/2024 14:36:13 [Information] XCOM3: XComPort added to the Settings Form.
9/3/2024 14:36:13 [Information] XCOM4: XComPort added to the Settings Form.
9/3/2024 14:36:13 [Information] XCOM5: XComPort added to the Settings Form.
9/3/2024 14:36:13 [Information] XCOM6: XComPort added to the Settings Form.
9/3/2024 14:36:13 [Information] XCOM7: XComPort added to the Settings Form.
9/3/2024 14:36:13 [Information] XCOM8: XComPort added to the Settings Form.
9/3/2024 14:36:13 [Information] XCOM9: XComPort added to the Settings Form.
9/3/2024 14:36:13 [Information] XCOM10: XComPort added to the Settings Form.
9/3/2024 14:36:13 [Information] decimal: 50.00 YaxisAcceleration added to the Settings Form.
9/3/2024 14:36:13 [Information] bool: False YaxisChanged added to the Settings Form.
9/3/2024 14:36:13 [Information] decimal: 100.00 YaxisMotorSpeed added to the Settings Form.
9/3/2024 14:36:13 [Information] decimal: 0.00 YaxisStepperCurrent added to the Settings Form.
9/3/2024 14:36:13 [Information] decimal: 0.00 YaxisStepperMove added to the Settings Form.
9/3/2024 14:36:13 [Information] YCOM1: YComPort added to the Settings Form.
9/3/2024 14:36:13 [Information] YCOM2: YComPort added to the Settings Form.
9/3/2024 14:36:13 [Information] YCOM3: YComPort added to the Settings Form.
9/3/2024 14:36:13 [Information] YCOM4: YComPort added to the Settings Form.
9/3/2024 14:36:13 [Information] YCOM5: YComPort added to the Settings Form.
9/3/2024 14:36:13 [Information] YCOM6: YComPort added to the Settings Form.
9/3/2024 14:36:13 [Information] YCOM7: YComPort added to the Settings Form.
9/3/2024 14:36:13 [Information] YCOM8: YComPort added to the Settings Form.
9/3/2024 14:36:13 [Information] YCOM9: YComPort added to the Settings Form.
9/3/2024 14:36:13 [Information] YCOM10: YComPort added to the Settings Form.
9/3/2024 14:36:13 [Information] decimal: 50.00 ZaxisAcceleration added to the Settings Form.
9/3/2024 14:36:13 [Information] bool: False ZaxisChanged added to the Settings Form.
9/3/2024 14:36:13 [Information] decimal: 400.00 ZaxisMotorSpeed added to the Settings Form.
9/3/2024 14:36:13 [Information] decimal: 0.00 ZaxisStepperCurrent added to the Settings Form.
9/3/2024 14:36:13 [Information] decimal: 0.00 ZaxisStepperMove added to the Settings Form.
9/3/2024 14:36:13 [Information] ZCOM1: ZComPort added to the Settings Form.
9/3/2024 14:36:13 [Information] ZCOM2: ZComPort added to the Settings Form.
9/3/2024 14:36:13 [Information] ZCOM3: ZComPort added to the Settings Form.
9/3/2024 14:36:13 [Information] ZCOM4: ZComPort added to the Settings Form.
9/3/2024 14:36:13 [Information] ZCOM5: ZComPort added to the Settings Form.
9/3/2024 14:36:13 [Information] ZCOM6: ZComPort added to the Settings Form.
9/3/2024 14:36:13 [Information] ZCOM7: ZComPort added to the Settings Form.
9/3/2024 14:36:13 [Information] ZCOM8: ZComPort added to the Settings Form.
9/3/2024 14:36:13 [Information] ZCOM9: ZComPort added to the Settings Form.
9/3/2024 14:36:13 [Information] ZCOM10: ZComPort added to the Settings Form.
9/3/2024 14:36:13 [Information] int: 0 zeroXaxis added to the Settings Form.
9/3/2024 14:36:13 [Information] int: 0 zeroYaxis added to the Settings Form.
9/3/2024 14:36:13 [Information] int: 0 zeroZaxis added to the Settings Form.
9/3/2024 14:36:13 [Information] Stepper Motor Controller MainWindow loaded
9/3/2024 14:36:13 [Information] Set MainWindow Media Brushes to White.
