8/20/2024 16:30:27 [Information] X Stepper Motor Controller Application Started.
8/20/2024 16:30:27 [Information] Version: 3.0.8998.29365 (8/20/2024 16:30:27)
8/20/2024 16:30:27 [Information] X Axis SerialPort COM7 not connected.
8/20/2024 16:30:27 [Information] Y Axis SerialPort COM8 not connected.
8/20/2024 16:30:27 [Information] Z Axis SerialPort Read = 4
8/20/2024 16:30:27 [Information] Version: 3.1.0.29366 (8/20/2024 16:30:27)
8/20/2024 16:30:27 [Information] Version: 3.1.0.29366 (8/20/2024 16:30:27)
8/20/2024 16:30:27 [Information] Z Axis Data Received: ?
8/20/2024 16:30:27 [Information] Stepper Motor Controller Application Settings Window Opened.
8/20/2024 16:30:27 [Information] Stepper Motor Controller Application Settings form is rebuilt each and every time it is opened.
8/20/2024 16:30:27 [Information] int: 9600 BaudRate added to the Settings Form.
8/20/2024 16:30:27 [Information] bool: False ckbXaxisResetToZeroIsChecked added to the Settings Form.
8/20/2024 16:30:27 [Information] bool: False ckbYaxisResetToZeroIsChecked added to the Settings Form.
8/20/2024 16:30:27 [Information] bool: False ckbZaxisResetToZeroIsChecked added to the Settings Form.
8/20/2024 16:30:27 [Information] COM1: ComPort added to the Settings Form.
8/20/2024 16:30:27 [Information] COM2: ComPort added to the Settings Form.
8/20/2024 16:30:27 [Information] COM3: ComPort added to the Settings Form.
8/20/2024 16:30:27 [Information] COM4: ComPort added to the Settings Form.
8/20/2024 16:30:27 [Information] COM5: ComPort added to the Settings Form.
8/20/2024 16:30:27 [Information] COM6: ComPort added to the Settings Form.
8/20/2024 16:30:27 [Information] COM7: ComPort added to the Settings Form.
8/20/2024 16:30:27 [Information] COM8: ComPort added to the Settings Form.
8/20/2024 16:30:27 [Information] COM9: ComPort added to the Settings Form.
8/20/2024 16:30:27 [Information] COM10: ComPort added to the Settings Form.
8/20/2024 16:30:27 [Information] decimal: 4.00 Divider4_00 added to the Settings Form.
8/20/2024 16:30:27 [Information] decimal: 0.00 MathPart2Initlz added to the Settings Form.
8/20/2024 16:30:27 [Information] decimal: 1.00 MilisecondTimerInterval added to the Settings Form.
8/20/2024 16:30:27 [Information] decimal: 1000.00 MillisecondDelay added to the Settings Form.
8/20/2024 16:30:27 [Information] int: 1000 Milliseconds added to the Settings Form.
8/20/2024 16:30:27 [Information] int: 4 mmPerRevolution added to the Settings Form.
8/20/2024 16:30:27 [Information] decimal: 0.00 Value_0_00 added to the Settings Form.
8/20/2024 16:30:27 [Information] bool: False XaxisChanged added to the Settings Form.
8/20/2024 16:30:27 [Information] decimal: 400.00 XaxisMotorSpeed added to the Settings Form.
8/20/2024 16:30:27 [Information] decimal: 0.00 XaxisStepperCurrent added to the Settings Form.
8/20/2024 16:30:27 [Information] decimal: 0.00 XaxisStepperMove added to the Settings Form.
8/20/2024 16:30:27 [Information] XCOM1: XComPort added to the Settings Form.
8/20/2024 16:30:27 [Information] XCOM2: XComPort added to the Settings Form.
8/20/2024 16:30:27 [Information] XCOM3: XComPort added to the Settings Form.
8/20/2024 16:30:27 [Information] XCOM4: XComPort added to the Settings Form.
8/20/2024 16:30:27 [Information] XCOM5: XComPort added to the Settings Form.
8/20/2024 16:30:27 [Information] XCOM6: XComPort added to the Settings Form.
8/20/2024 16:30:27 [Information] XCOM7: XComPort added to the Settings Form.
8/20/2024 16:30:27 [Information] XCOM8: XComPort added to the Settings Form.
8/20/2024 16:30:27 [Information] XCOM9: XComPort added to the Settings Form.
8/20/2024 16:30:27 [Information] XCOM10: XComPort added to the Settings Form.
8/20/2024 16:30:27 [Information] bool: False YaxisChanged added to the Settings Form.
8/20/2024 16:30:27 [Information] decimal: 400.00 YaxisMotorSpeed added to the Settings Form.
8/20/2024 16:30:27 [Information] decimal: 0.00 YaxisStepperCurrent added to the Settings Form.
8/20/2024 16:30:27 [Information] decimal: 0.00 YaxisStepperMove added to the Settings Form.
8/20/2024 16:30:27 [Information] YCOM1: YComPort added to the Settings Form.
8/20/2024 16:30:27 [Information] YCOM2: YComPort added to the Settings Form.
8/20/2024 16:30:27 [Information] YCOM3: YComPort added to the Settings Form.
8/20/2024 16:30:27 [Information] YCOM4: YComPort added to the Settings Form.
8/20/2024 16:30:27 [Information] YCOM5: YComPort added to the Settings Form.
8/20/2024 16:30:27 [Information] YCOM6: YComPort added to the Settings Form.
8/20/2024 16:30:27 [Information] YCOM7: YComPort added to the Settings Form.
8/20/2024 16:30:27 [Information] YCOM8: YComPort added to the Settings Form.
8/20/2024 16:30:27 [Information] YCOM9: YComPort added to the Settings Form.
8/20/2024 16:30:27 [Information] YCOM10: YComPort added to the Settings Form.
8/20/2024 16:30:27 [Information] bool: False ZaxisChanged added to the Settings Form.
8/20/2024 16:30:27 [Information] decimal: 400.00 ZaxisMotorSpeed added to the Settings Form.
8/20/2024 16:30:27 [Information] decimal: 0.00 ZaxisStepperCurrent added to the Settings Form.
8/20/2024 16:30:27 [Information] decimal: 0.00 ZaxisStepperMove added to the Settings Form.
8/20/2024 16:30:27 [Information] ZCOM1: ZComPort added to the Settings Form.
8/20/2024 16:30:27 [Information] ZCOM2: ZComPort added to the Settings Form.
8/20/2024 16:30:27 [Information] ZCOM3: ZComPort added to the Settings Form.
8/20/2024 16:30:27 [Information] ZCOM4: ZComPort added to the Settings Form.
8/20/2024 16:30:27 [Information] ZCOM5: ZComPort added to the Settings Form.
8/20/2024 16:30:27 [Information] ZCOM6: ZComPort added to the Settings Form.
8/20/2024 16:30:27 [Information] ZCOM7: ZComPort added to the Settings Form.
8/20/2024 16:30:27 [Information] ZCOM8: ZComPort added to the Settings Form.
8/20/2024 16:30:27 [Information] ZCOM9: ZComPort added to the Settings Form.
8/20/2024 16:30:27 [Information] ZCOM10: ZComPort added to the Settings Form.
8/20/2024 16:30:27 [Information] int: 0 zeroXaxis added to the Settings Form.
8/20/2024 16:30:27 [Information] int: 0 zeroYaxis added to the Settings Form.
8/20/2024 16:30:27 [Information] int: 0 zeroZaxis added to the Settings Form.
8/20/2024 16:30:27 [Information] Z Axis Data Received: 
8/20/2024 16:30:27 [Information] Z Axis Data Received: 

8/20/2024 16:30:27 [Information] Z Axis Data Received: A
8/20/2024 16:30:27 [Information] Z Axis Data Received: ppl
8/20/2024 16:30:27 [Information] Z Axis Data Received: icati
8/20/2024 16:30:27 [Information] Z Axis Data Received: on Ver
8/20/2024 16:30:27 [Information] Z Axis Data Received: sion:
8/20/2024 16:30:27 [Information] Z Axis Data Received:  1.0.
8/20/2024 16:30:27 [Information] Z Axis Data Received: 0
Build 
8/20/2024 16:30:27 [Information] Z Axis Data Received: Version: 001
8/20/2024 16:30:28 [Information] Stepper Motor Controller MainWindow loaded
8/20/2024 16:30:28 [Information] Set MainWindow Media Brushes to White.
8/20/2024 16:30:28 [Information] Z Axis Data Received: 

8/20/2024 16:30:29 [Information] Z Axis Data Received: 
X,0.00Y,0.00X,0.00Y,0.00X,0.00Y,0.00X,0.00Y,0.00X,0.00Y,0.00X,0.00Y,0.00X,0.00Y,0.00X,0.00Y,0.00X,0.00Y,0.00X,0.00Y,0.00X,0.00Y,0.00X,0.00Y,0.00X,0.00Y,0.00X,0.00Y,0.00X,0.00Y,0.00X,0.00Y,0.00X,0.00Y,0.00X,0.00Y,0.00X,0.00Y,0.00X,0.00Y,0.00X,0.00Y,0.00X,0.00Y,0.00X,0.00Y,0.00X,0.00Y,0.00X,0.00Y,0.00X,0.00Y,0.00X,0.00Y,0.00X,0.00Y,0.00X,0.00Y,0.00X,0.00Y,0.00X,0.00Y,0.00X,0.00Y,0.00X,0.00Y,0.00X,0.00Y,0.00X,0.00Y,0.00X,0.00Y,0.00X,0.00Y,0.00X,0.00Y,0.00X,0.00Y,0.00X,0.00Y,0.00X,0.00Y,0.00X,0.00Y,0.00X,0.00Y,0.00X,0.00Y,0.00X,0.00Y,0.00X,0.00Y,0.00X,0.00Y,0.00X,0.00Y,0.00X,0.00Y,0.00X,0.00Y,0.00X,0.00Y,0.00X,0.00Y,0.00X,0.00Y,0.00X,0.00Y,0.00X,0.00Y,0.00X,0.00Y,0.00X,0.00Y,0.00X,0.00Y,0.00X,0.00Y,0.00X,0.00Y,0.00X,0.00Y,0.00X,0.00Y,0.00X,0.00Y,0.00X
8/20/2024 16:30:30 [Information] Z Axis Data Received: ,0.00Y,0.00X,0.00Y,0.00X,0.00Y,0.00X,0.00Y,0.00X,0.00Y,0.00X,0.00Y,0.00X,0.00Y,0.00X,0.00Y,0.00X,0.00Y,0.00X,0.00Y,0.00X,0.00Y,0.00X,0.00Y,0.00X,0.00Y,0.00X,0.00Y,0.00X,0.00Y,0.00X,0.00Y,0.00X,0.00Y,0.00X,0.00Y,0.00X,0.00Y,0.00X,0.00Y,0.00X,0.00Y,0.00X,0.00Y,0.00X,0.00Y,0.00X,0.00Y,0.00X,0.00Y,0.00X,0.00Y,0.00X,0.00Y,0.00X,0.00Y,0.00X,0.00Y,0.00X,0.00Y,0.00X,0.00Y,0.00X,0.00Y,0.00X,0.00Y,0.00X,0.00Y,0.00X,0.00Y,0.00X,0.00Y,0.00X,0.00Y,0.00X,0.00Y,0.00X,0.00Y,0.00X,0.00Y,0.00X,0.00Y,0.00X,0.00Y,0.00X,0.00Y,0.00X,0.00Y,0.00X,0.00Y,0.00X,0.00Y,0.00X,0.00Y,0.00X,0.00Y,0.00X,0.00Y,0.00X,0.00Y,0.00X,0.00Y,0.00X,0.00Y,0.00X,0.00Y,0.00X,0.00Y,0.00X,0.00Y,0.00X,0.00Y,0.00X,0.00Y,0.00X,0.00Y,0.00X,0.00Y,0.00X,0.00Y,0.00X,0.00Y,0.00X,0.00Y,0.00X,0.00Y,0.00X,0.00Y,0.00X,0.00Y,0.00X,0.00Y,0.00X,0.00Y,0.00X,0.00Y,0.00X,0.00Y,0.00X,0.00Y,0.00X,0.00Y,0.00X,0.00Y,0.00X,0.00Y,0.00X,0.00Y,0.00X,0.00Y,0.00X,0.00Y,0.00X,0.00Y,0.00X,0.00Y,0.00X,0.00Y,0.00X,0.00Y,0.00X
8/20/2024 16:30:31 [Information] Z Axis Data Received: ,0.00Y,0.00X,0.00Y,0.00X,0.00Y,0.00X,0.00Y,0.00X,0.00Y,0.00X,0.00Y,0.00X,0.00Y,0.00X,0.00Y,0.00X,0.00Y,0.00X,0.00Y,0.00X,0.00Y,0.00X,0.00Y,0.00X,0.00Y,0.00X,0.00Y,0.00X,0.00Y,0.00X,0.00Y,0.00X,0.00Y,0.00X,0.00Y,0.00X,0.00Y,0.00X,0.00Y,0.00X,0.00Y,0.00X,0.00Y,0.00X,0.00Y,0.00X,0.00Y,0.00X,0.00Y,0.00X,0.00Y,0.00X,0.00Y,0.00X,0.00Y,0.00X,0.00Y,0.00X,0.00Y,0.00X,0.00Y,0.00X,0.00Y,0.00X,0.00Y,0.00X,0.00Y,0.00X,0.00Y,0.00X,0.00Y,0.00X,0.00Y,0.00X,0.00Y,0.00X,0.00Y,0.00X,0.00Y,0.00X,0.00Y,0.00X,0.00Y,0.00X,0.00Y,0.00X,0.00Y,0.00X,0.00Y,0.00X,0.00Y,0.00X,0.00Y,0.00X,0.00Y,0.00X,0.00Y,0.00X,0.00Y,0.00X,0.00Y,0.00X,0.00Y,0.00X,0.00Y,0.00X,0.00Y,0.00X,0.00Y,0.00X,0.00Y,0.00X,0.00Y,0.00X,0.00Y,0.00X,0.00Y,0.00X,0.00Y,0.00X,0.00Y,0.00X,0.00Y,0.00X,0.00Y,0.00X,0.00Y,0.00X,0.00Y,0.00X,0.00Y,0.00X,0.00Y,0.00X,0.00Y,0.00X,0.00Y,0.00X,0.00Y,0.00X,0.00Y,0.00X,0.00Y,0.00X,0.00Y,0.00X,0.00Y,0.00X,0.00Y,0.00X,0.00Y,0.00X,0.00Y,0.00X,0.00Y,0.00X,0.00Y,0.00X,0.00Y,0.00X,0
8/20/2024 16:30:32 [Information] Z Axis Data Received: .00Y,0.00X,0.00Y,0.00X,0.00Y,0.00X,0.00Y,0.00X,0.00Y,0.00X,0.00Y,0.00X,0.00Y,0.00X,0.00Y,0.00X,0.00Y,0.00X,0.00Y,0.00X,0.00Y,0.00X,0.00Y,0.00X,0.00Y,0.00X,0.00Y,0.00X,0.00Y,0.00X,0.00Y,0.00X,0.00Y,0.00X,0.00Y,0.00X,0.00Y,0.00X,0.00Y,0.00X,0.00Y,0.00X,0.00Y,0.00X,0.00Y,0.00X,0.00Y,0.00X,0.00Y,0.00X,0.00Y,0.00X,0.00Y,0.00X,0.00Y,0.00X,0.00Y,0.00X,0.00Y,0.00X,0.00Y,0.00X,0.00Y,0.00X,0.00Y,0.00X,0.00Y,0.00X,0.00Y,0.00X,0.00Y,0.00X,0.00Y,0.00X,0.00Y,0.00X,0.00Y,0.00X,0.00Y,0.00X,0.00Y,0.00X,0.00Y,0.00X,0.00Y,0.00X,0.00Y,0.00X,0.00Y,0.00X,0.00Y,0.00X,0.00Y,0.00X,0.00Y,0.00X,0.00Y,0.00X,0.00Y,0.00X,0.00Y,0.00X,0.00Y,0.00X,0.00Y,0.00X,0.00Y,0.00X,0.00Y,0.00X,0.00Y,0.00X,0.00Y,0.00X,0.00Y,0.00X,0.00Y,0.00X,0.00Y,0.00X,0.00Y,0.00X,0.00Y,0.00X,0.00Y,0.00X,0.00Y,0.00X,0.00Y,0.00X,0.00Y,0.00X,0.00Y,0.00X,0.00Y,0.00X,0.00Y,0.00X,0.00Y,0.00X,0.00Y,0.00X,0.00Y,0.00X,0.00Y,0.00X,0.00Y,0.00X,0.00Y,0.00X,0.00Y,0.00X,0.00Y,0.00X,0.00Y,0.00X,0.00Y,0.00X,0.00Y,0.00X,0.
8/20/2024 16:30:33 [Information] Z Axis Data Received: 00Y,0.00X,0.00Y,0.00X,0.00Y,0.00X,0.00Y,0.00X,0.00Y,0.00X,0.00Y,0.00X,0.00Y,0.00X,0.00Y,0.00X,0.00Y,0.00X,0.00Y,0.00X,0.00Y,0.00X,0.00Y,0.00X,0.00Y,0.00X,0.00Y,0.00X,0.00Y,0.00X,0.00Y,0.00X,0.00Y,0.00X,0.00Y,0.00X,0.00Y,0.00X,0.00Y,0.00X,0.00Y,0.00X,0.00Y,0.00X,0.00Y,0.00X,0.00Y,0.00X,0.00Y,0.00X,0.00Y,0.00X,0.00Y,0.00X,0.00Y,0.00X,0.00Y,0.00X,0.00Y,0.00X,0.00Y,0.00X,0.00Y,0.00X,0.00Y,0.00X,0.00Y,0.00X,0.00Y,0.00X,0.00Y,0.00X,0.00Y,0.00X,0.00Y,0.00X,0.00Y,0.00X,0.00Y,0.00X,0.00Y,0.00X,0.00Y,0.00X,0.00Y,0.00X,0.00Y,0.00X,0.00Y,0.00X,0.00Y,0.00X,0.00Y,0.00X,0.00Y,0.00X,0.00Y,0.00X,0.00Y,0.00X,0.00Y,0.00X,0.00Y,0.00X,0.00Y,0.00X,0.00Y,0.00X,0.00Y,0.00X,0.00Y,0.00X,0.00Y,0.00X,0.00Y,0.00X,0.00Y,0.00X,0.00Y,0.00X,0.00Y,0.00X,0.00Y,0.00X,0.00Y,0.00X,0.00Y,0.00X,0.00Y,0.00X,0.00Y,0.00X,0.00Y,0.00X,0.00Y,0.00X,0.00Y,0.00X,0.00Y,0.00X,0.00Y,0.00X,0.00Y,0.00X,0.00Y,0.00X,0.00Y,0.00X,0.00Y,0.00X,0.00Y,0.00X,0.00Y,0.00X,0.00Y,0.00X,0.00Y,0.00X,0.00Y,0.00
8/20/2024 16:30:33 [Information] Z Axis Data Received: X,0.00Y,0.00X,0.00Y,0.00X,0.00Y,0.00X,0.00Y,0.00X,0.00Y,0.00X,0.00Y,0.00X,0.00Y,0.00X,0.00Y,0.00X,0.00Y,0.00X,0.00Y,0.00X,0.00Y,0.00X,0.00Y,0.00X,0.00Y,0.00X,0.00Y,0.00X,0.00Y,0.00X,0.00Y,0.00X,0.00Y,0.00X,0.00Y,0.00X,0.00Y,0.00X,0.00Y,0.00X,0.00Y,0.00X,0.00Y,0.00X,0.00Y,0.00X,0.00Y,0.00X,0.00Y,0.00X,0.00Y,0.00X,0.00Y,0.00X,0.00Y,0.00X,0.00Y,0.00X,0.00Y,0.00X,0.00Y,0.00X,0.00Y,0.00X,0.00Y,0.00X,0.00Y,0.00X,0.00Y,0.00X,0.00Y,0.00X,0.00Y,0.00X,0.00Y,0.00X,0.00Y,0.00X,0.00Y,0.00X,0.00Y,0.00X,0.00Y,0.00X,0.00Y,0.00X,0.00Y,0.00X,0.00Y,0.00X,0.00Y,0.00X,0.00Y,0.00X,0.00Y,0.00X,0.00Y,0.00X,0.00Y,0.00X,0.00Y,0.00X,0.00Y,0.00X,0.00Y,0.00X,0.00Y,0.00X,0.00Y,0.00X,0.00Y,0.00X,0.00Y,0.00X,0.00Y,0.00X,0.00Y,0.00X,0.00Y,0.00X,0.00Y,0.00X,0.00Y,0.00X,0.00Y,0.00X,0.00Y,0.00X,0.00Y,0.00X,0.00Y,0.00X,0.00Y,0.00X,0.00Y,0.00X,0.00Y,0.00X,0.00Y,0.00X,0.00Y,0.00X,0.00Y,0.00X,0.00Y,0.00X,0.00Y,0.00X,0.00Y,0.00X,0.00Y,0.00X,0.00Y,0.00X,0.00Y,0.00X,0.00Y,0.00X,0.00Y,0.00X,0.00Y
8/20/2024 16:30:34 [Information] Z Axis Data Received: ,0.00
8/20/2024 16:30:35 [Information] Z Axis Data Received: X,0.00Y,0.00X,0.00Y,0.00X,0.00Y,0.00X,0.00Y,0.00X,0.00Y,0.00X,0.00Y,0.00X,0.00Y,0.00X,0.00Y,0.00X,0.00Y,0.00X,0.00Y,0.00X,0.00Y,0.00X,0.00Y,0.00X,0.00Y,0.00X,0.00Y,0.00X,0.00Y,0.00X,0.00Y,0.00X,0.00Y,0.00X,0.00Y,0.00X,0.00Y,0.00X,0.00Y,0.00X,0.00Y,0.00X,0.00Y,0.00X,0.00Y,0.00X,0.00Y,0.00X,0.00Y,0.00X,0.00Y,0.00X,0.00Y,0.00X,0.00Y,0.00X,0.00Y,0.00X,0.00Y,0.00X,0.00Y,0.00X,0.00Y,0.00X,0.00Y,0.00X,0.00Y,0.00X,0.00Y,0.00X,0.00Y,0.00X,0.00Y,0.00X,0.00Y,0.00X,0.00Y,0.00X,0.00Y,0.00X,0.00Y,0.00X,0.00Y,0.00X,0.00Y,0.00X,0.00Y,0.00X,0.00Y,0.00X,0.00Y,0.00X,0.00Y,0.00X,0.00Y,0.00X,0.00Y,0.00X,0.00Y,0.00X,0.00Y,0.00X,0.00Y,0.00X,0.00Y,0.00X,0.00Y,0.00X,0.00Y,0.00X,0.00Y,0.00X,0.00Y,0.00X,0.00Y,0.00X,0.00Y,0.00X,0.00Y,0.00X,0.00Y,0.00X,0.00Y,0.00X,0.00Y,0.00X,0.00Y,0.00X,0.00Y,0.00X,0.00Y,0.00X,0.00Y,0.00X,0.00Y,0.00X,0.00Y,0.00X,0.00Y,0.00X,0.00Y,0.00X,0.00Y,0.00X,0.00Y,0.00X,0.00Y,0.00X,0.00Y,0.00X,0.00Y,0.00X,0.00Y,0.00X,0.00Y,0.00X,0.00Y,0.00X,0.00Y,
8/20/2024 16:30:36 [Information] Z Axis Data Received: 0.00X,0.00Y,0.00X,0.00Y,0.00X,0.00Y,0.00X,0.00Y,0.00X,0.00Y,0.00X,0.00Y,0.00X,0.00Y,0.00X,0.00Y,0.00X,0.00Y,0.00X,0.00Y,0.00X,0.00Y,0.00X,0.00Y,0.00X,0.00Y,0.00X,0.00Y,0.00X,0.00Y,0.00X,0.00Y,0.00X,0.00Y,0.00X,0.00Y,0.00X,0.00Y,0.00X,0.00Y,0.00X,0.00Y,0.00X,0.00Y,0.00X,0.00Y,0.00X,0.00Y,0.00X,0.00Y,0.00X,0.00Y,0.00X,0.00Y,0.00X,0.00Y,0.00X,0.00Y,0.00X,0.00Y,0.00X,0.00Y,0.00X,0.00Y,0.00X,0.00Y,0.00X,0.00Y,0.00X,0.00Y,0.00X,0.00Y,0.00X,0.00Y,0.00X,0.00Y,0.00X,0.00Y,0.00X,0.00Y,0.00X,0.00Y,0.00X,0.00Y,0.00X,0.00Y,0.00X,0.00Y,0.00X,0.00Y,0.00X,0.00Y,0.00X,0.00Y,0.00X,0.00Y,0.00X,0.00Y,0.00X,0.00Y,0.00X,0.00Y,0.00X,0.00Y,0.00X,0.00Y,0.00X,0.00Y,0.00X,0.00Y,0.00X,0.00Y,0.00X,0.00Y,0.00X,0.00Y,0.00X,0.00Y,0.00X,0.00Y,0.00X,0.00Y,0.00X,0.00Y,0.00X,0.00Y,0.00X,0.00Y,0.00X,0.00Y,0.00X,0.00Y,0.00X,0.00Y,0.00X,0.00Y,0.00X,0.00Y,0.00X,0.00Y,0.00X,0.00Y,0.00X,0.00Y,0.00X,0.00Y,0.00X,0.00Y,0.00X,0.00Y,0.00X,0.00Y,0.00X,0.00Y,0.00X,0.00Y,0.00X,0.00Y,0.00X,0.00Y,0.0
8/20/2024 16:30:37 [Information] Z Axis Data Received: 0X,0.00Y,0.00X,0.00Y,0.00X,0.00Y,0.00X,0.00Y,0.00X,0.00Y,0.00X,0.00Y,0.00X,0.00Y,0.00X,0.00Y,0.00X,0.00Y,0.00X,0.00Y,0.00X,0.00Y,0.00X,0.00Y,0.00X,0.00Y,0.00X,0.00Y,0.00X,0.00Y,0.00X,0.00Y,0.00X,0.00Y,0.00X,0.00Y,0.00X,0.00Y,0.00X,0.00Y,0.00X,0.00Y,0.00X,0.00Y,0.00X,0.00Y,0.00X,0.00Y,0.00X,0.00Y,0.00X,0.00Y,0.00X,0.00Y,0.00X,0.00Y,0.00X,0.00Y,0.00X,0.00Y,0.00X,0.00Y,0.00X,0.00Y,0.00X,0.00Y,0.00X,0.00Y,0.00X,0.00Y,0.00X,0.00Y,0.00X,0.00Y,0.00X,0.00Y,0.00X,0.00Y,0.00X,0.00Y,0.00X,0.00Y,0.00X,0.00Y,0.00X,0.00Y,0.00X,0.00Y,0.00X,0.00Y,0.00X,0.00Y,0.00X,0.00Y,0.00X,0.00Y,0.00X,0.00Y,0.00X,0.00Y,0.00X,0.00Y,0.00X,0.00Y,0.00X,0.00Y,0.00X,0.00Y,0.00X,0.00Y,0.00X,0.00Y,0.00X,0.00Y,0.00X,0.00Y,0.00X,0.00Y,0.00X,0.00Y,0.00X,0.00Y,0.00X,0.00Y,0.00X,0.00Y,0.00X,0.00Y,0.00X,0.00Y,0.00X,0.00Y,0.00X,0.00Y,0.00X,0.00Y,0.00X,0.00Y,0.00X,0.00Y,0.00X,0.00Y,0.00X,0.00Y,0.00X,0.00Y,0.00X,0.00Y,0.00X,0.00Y,0.00X,0.00Y,0.00X,0.00Y,0.00X,0.00Y,0.00X,0.00Y,0.00X,0.0
8/20/2024 16:30:37 [Information] Z Axis Data Received: 0Y,0.00X,0.00Y,0.00X,0.00Y,0.00X,0.00Y,0.00X,0.00Y,0.00X,0.00Y,0.00X,0.00Y,0.00X,0.00Y,0.00X,0.00Y,0.00X,0.00Y,0.00X,0.00Y,0.00X,0.00Y,0.00X,0.00Y,0.00X,0.00Y,0.00X,0.00Y,0.00X,0.00Y,0.00X,0.00Y,0.00X,0.00Y,0.00X,0.00Y,0.00X,0.00Y,0.00X,0.00Y,0.00X,0.00Y,0.00X,0.00Y,0.00X,0.00Y,0.00X,0.00Y,0.00X,0.00Y,0.00X,0.00Y,0.00X,0.00Y,0.00X,0.00Y,0.00X,0.00Y,0.00X,0.00Y,0.00X,0.00Y,0.00X,0.00Y,0.00X,0.00Y,0.00X,0.00Y,0.00X,0.00Y,0.00X,0.00Y,0.00X,0.00Y,0.00X,0.00Y,0.00X,0.00Y,0.00X,0.00Y,0.00X,0.00Y,0.00X,0.00Y,0.00X,0.00Y,0.00X,0.00Y,0.00X,0.00Y,0.00X,0.00Y,0.00X,0.00Y,0.00X,0.00Y,0.00X,0.00Y,0.00X,0.00Y,0.00X,0.00Y,0.00X,0.00Y,0.00X,0.00Y,0.00X,0.00Y,0.00X,0.00Y,0.00X,0.00Y,0.00X,0.00Y,0.00X,0.00Y,0.00X,0.00Y,0.00X,0.00Y,0.00X,0.00Y,0.00X,0.00Y,0.00X,0.00Y,0.00X,0.00Y,0.00X,0.00Y,0.00X,0.00Y,0.00X,0.00Y,0.00X,0.00Y,0.00X,0.00Y,0.00X,0.00Y,0.00X,0.00Y,0.00X,0.00Y,0.00X,0.00Y,0.00X,0.00Y,0.00X,0.00Y,0.00X,0.00Y,0.00X,0.00Y,0.00X,0.00Y,0.00X,0.00Y,0.00X,0.00Y,0.0
8/20/2024 16:30:37 [Information] Z Axis Data Received: 0X,0.00Y,
8/20/2024 16:30:37 [Information] Z Axis Data Received: 0.00
8/20/2024 16:30:37 [Information] Z Axis Data Received: X,0.00Y,
8/20/2024 16:30:37 [Information] Z Axis Data Received: 0.0
8/20/2024 16:30:37 [Information] Z Axis Data Received: 0X,0.
8/20/2024 16:30:37 [Information] Z Axis Data Received: 00Y,0.00
8/20/2024 16:30:37 [Information] Z Axis Data Received: X,0.
8/20/2024 16:30:37 [Information] Z Axis Data Received: 00Y,
8/20/2024 16:30:37 [Information] Z Axis Data Received: 0.00X,0.0
8/20/2024 16:30:37 [Information] Z Axis Data Received: 0Y,0.0
8/20/2024 16:30:37 [Information] Z Axis Data Received: 0X,0
8/20/2024 16:30:37 [Information] Z Axis Data Received: .00Y,0.0
8/20/2024 16:30:37 [Information] Z Axis Data Received: 0X,0
8/20/2024 16:30:37 [Information] Z Axis Data Received: .00Y,0.00
8/20/2024 16:30:37 [Information] Z Axis Data Received: X,0.
8/20/2024 16:30:37 [Information] Z Axis Data Received: 00Y,0.
8/20/2024 16:30:38 [Information] Z Axis Data Received: 00X,0
8/20/2024 16:30:38 [Information] Z Axis Data Received: .00Y,0.00X,0.00Y,0.00X,0.00Y,0.00X,0.00Y,0.00X,0.00Y,0.00X,0.00Y,0.00X,0.00Y,0.00X,0.00Y,0.00X,0.00Y,0.00X,0.00Y,0.00X,0.00Y,0.00X,0.00Y,0.00X,0.00Y,0.00X,0.00Y,0.00X,0.00Y,0.00X,0.00Y,0.00X,0.00Y,0.00X,0.00Y,0.00X,0.00Y,0.00X,0.00Y,0.00X,0.00Y,0.00X,0.00Y,0.00X,0.00Y,0.00X,0.00Y,0.00X,0.00Y,0.00X,0.00Y,0.00X,0.00Y,0.00X,0.00Y,0.00X,0.00Y,0.00X,0.00Y,0.00X,0.00Y,0.00X,0.00Y,0.00X,0.00Y,0.00X,0.00Y,0.00X,0.00Y,0.00X,0.00Y,0.00X,0.00Y,0.00X,0.00Y,0.00X,0.00Y,0.00X,0.00Y,0.00X,0.00Y,0.00X,0.00Y,0.00X,0.00Y,0.00X,0.00Y,0.00X,0.00Y,0.00X,0.00Y,0.00X,0.00Y,0.00X,0.00Y,0.00X,0.00Y,0.00X,0.00Y,0.00X,0.00Y,0.00X,0.00Y,0.00X,0.00Y,0.00X,0.00Y,0.00X,0.00Y,0.00X,0.00Y,0.00X,0.00Y,0.00X,0.00Y,0.00X,0.00Y,0.00X,0.00Y,0.00X,0.00Y,0.00X,0.00Y,0.00X,0.00Y,0.00X,0.00Y,0.00X,0.00Y,0.00X,0.00Y,0.00X,0.00Y,0.00X,0.00Y,0.00X,0.00Y,0.00X,0.00Y,0.00X,0.00Y,0.00X,0.00Y,0.00X,0
8/20/2024 16:30:39 [Information] Z Axis Data Received: .00Y,0
8/20/2024 16:30:40 [Information] Z Axis Data Received: .00X,0.00Y,0.00X,0.00Y,0.00X,0.00Y,0.00X,0.00Y,0.00X,0.00Y,0.00X,0.00Y,0.00X,0.00Y,0.00X,0.00Y,0.00X,0.00Y,0.00X,0.00Y,0.00X,0.00Y,0.00X,0.00Y,0.00X,0.00Y,0.00X,0.00Y,0.00X,0.00Y,0.00X,0.00Y,0.00X,0.00Y,0.00X,0.00Y,0.00X,0.00Y,0.00X,0.00Y,0.00X,0.00Y,0.00X,0.00Y,0.00X,0.00Y,0.00X,0.00Y,0.00X,0.00Y,0.00X,0.00Y,0.00X,0.00Y,0.00X,0.00Y,0.00X,0.00Y,0.00X,0.00Y,0.00X,0.00Y,0.00X,0.00Y,0.00X,0.00Y,0.00X,0.00Y,0.00X,0.00Y,0.00X,0.00Y,0.00X,0.00Y,0.00X,0.00Y,0.00X,0.00Y,0.00X,0.00Y,0.00X,0.00Y,0.00X,0.00Y,0.00X,0.00Y,0.00X,0.00Y,0.00X,0.00Y,0.00X,0.00Y,0.00X,0.00Y,0.00X,0.00Y,0.00X,0.00Y,0.00X,0.00Y,0.00X,0.00Y,0.00X,0.00Y,0.00X,0.00Y,0.00X,0.00Y,0.00X,0.00Y,0.00X,0.00Y,0.00X,0.00Y,0.00X,0.00Y,0.00X,0.00Y,0.00X,0.00Y,0.00X,0.00Y,0.00X,0.00Y,0.00X,0.00Y,0.00X,0.00Y,0.00X,0.00Y,0.00X,0.00Y,0.00X,0.00Y,0.00X,0.00Y,0.00X,0.00Y,0.00X,0.00Y,0.00X,0.00Y,0.00X,0.00Y,0.00X,0.00Y,0.00X,0.00Y,0.00X,0.00Y,0.00X,0.00Y,0.00X,0.00Y,0.00X,0.00Y,0.00X,0.00Y,0.00X,0.
8/20/2024 16:30:41 [Information] Z Axis Data Received: 00Y,0.00X,0.00Y,0.00X,0.00Y,0.00X,0.00Y,0.00X,0.00Y,0.00X,0.00Y,0.00X,0.00Y,0.00X,0.00Y,0.00X,0.00Y,0.00X,0.00Y,0.00X,0.00Y,0.00X,0.00Y,0.00X,0.00Y,0.00X,0.00Y,0.00X,0.00Y,0.00X,0.00Y,0.00X,0.00Y,0.00X,0.00Y,0.00X,0.00Y,0.00X,0.00Y,0.00X,0.00Y,0.00X,0.00Y,0.00X,0.00Y,0.00X,0.00Y,0.00X,0.00Y,0.00X,0.00Y,0.00X,0.00Y,0.00X,0.00Y,0.00X,0.00Y,0.00X,0.00Y,0.00X,0.00Y,0.00X,0.00Y,0.00X,0.00Y,0.00X,0.00Y,0.00X,0.00Y,0.00X,0.00Y,0.00X,0.00Y,0.00X,0.00Y,0.00X,0.00Y,0.00X,0.00Y,0.00X,0.00Y,0.00X,0.00Y,0.00X,0.00Y,0.00X,0.00Y,0.00X,0.00Y,0.00X,0.00Y,0.00X,0.00Y,0.00X,0.00Y,0.00X,0.00Y,0.00X,0.00Y,0.00X,0.00Y,0.00X,0.00Y,0.00X,0.00Y,0.00X,0.00Y,0.00X,0.00Y,0.00X,0.00Y,0.00X,0.00Y,0.00X,0.00Y,0.00X,0.00Y,0.00X,0.00Y,0.00X,0.00Y,0.00X,0.00Y,0.00X,0.00Y,0.00X,0.00Y,0.00X,0.00Y,0.00X,0.00Y,0.00X,0.00Y,0.00X,0.00Y,0.00X,0.00Y,0.00X,0.00Y,0.00X,0.00Y,0.00X,0.00Y,0.00X,0.00Y,0.00X,0.00Y,0.00X,0.00Y,0.00X,0.00Y,0.00X,0.00Y,0.00X,0.00Y,0.00X,0.00Y,0.00X,0.00Y,0.
8/20/2024 16:30:41 [Information] Z Axis Data Received: 00X,0.00Y,0.00X,0.00Y,0.00X,0.00Y,0.00X,0.00Y,0.00X,0.00Y,0.00X,0.00Y,0.00X,0.00Y,0.00X,0.00Y,0.00X,0.00Y,0.00X,0.00Y,0.00X,0.00Y,0.00X,0.00Y,0.00X,0.00Y,0.00X,0.00Y,0.00X,0.00Y,0.00X,0.00Y,0.00X,0.00Y,0.00X,0.00Y,0.00X,0.00Y,0.00X,0.00Y,0.00X,0.00Y,0.00X,0.00Y,0.00X,0.00Y,0.00X,0.00Y,0.00X,0.00Y,0.00X,0.00Y,0.00X,0.00Y,0.00X,0.00Y,0.00X,0.00Y,0.00X,0.00Y,0.00X,0.00Y,0.00X,0.00Y,0.00X,0.00Y,0.00X,0.00Y,0.00X,0.00Y,0.00X,0.00Y,0.00X,0.00Y,0.00X,0.00Y,0.00X,0.00Y,0.00X,0.00Y,0.00X,0.00Y,0.00X,0.00Y,0.00X,0.00Y,0.00X,0.00Y,0.00X,0.00Y,0.00X,0.00Y,0.00X,0.00Y,0.00X,0.00Y,0.00X,0.00Y,0.00X,0.00Y,0.00X,0.00Y,0.00X,0.00Y,0.00X,0.00Y,0.00X,0.00Y,0.00X,0.00Y,0.00X,0.00Y,0.00X,0.00Y,0.00X,0.00Y,0.00X,0.00Y,0.00X,0.00Y,0.00X,0.00Y,0.00X,0.00Y,0.00X,0.00Y,0.00X,0.00Y,0.00X,0.00Y,0.00X,0.00Y,0.00X,0.00Y,0.00X,0.00Y,0.00X,0.00Y,0.00X,0.00Y,0.00X,0.00Y,0.00X,0.00Y,0.00X,0.00Y,0.00X,0.00Y,0.00X,0.00Y,0.00X,0.00Y,0.00X,0.00Y,0.00X,0.00Y,0.00X,0.00Y,0.00X,0.00Y,0.0
8/20/2024 16:30:41 [Information] Z Axis Data Received: 0X,0.00Y,0.
8/20/2024 16:30:41 [Information] Z Axis Data Received: 00X,
8/20/2024 16:30:41 [Information] Z Axis Data Received: 0.00
8/20/2024 16:30:41 [Information] Z Axis Data Received: Y,0
8/20/2024 16:30:41 [Information] Z Axis Data Received: .00X,0.00Y,
8/20/2024 16:30:41 [Information] Z Axis Data Received: 0.00X,0
8/20/2024 16:30:41 [Information] Z Axis Data Received: .00Y,0.0
8/20/2024 16:30:41 [Information] Z Axis Data Received: 0X,0
8/20/2024 16:30:41 [Information] Z Axis Data Received: .00Y,0
8/20/2024 16:30:41 [Information] Z Axis Data Received: .
8/20/2024 16:30:41 [Information] Z Axis Data Received: 00X,0.00
8/20/2024 16:30:41 [Information] Z Axis Data Received: Y,0.00X,0.
8/20/2024 16:30:41 [Information] Z Axis Data Received: 00Y,0.00X
8/20/2024 16:30:41 [Information] Z Axis Data Received: ,0.00Y,
8/20/2024 16:30:41 [Information] Z Axis Data Received: 0.00
8/20/2024 16:30:41 [Information] Z Axis Data Received: X,0.00Y,0.
8/20/2024 16:30:41 [Information] Z Axis Data Received: 00X,0.00
8/20/2024 16:30:41 [Information] Z Axis Data Received: Y,0.00X
8/20/2024 16:30:41 [Information] Z Axis Data Received: ,0.00Y,
8/20/2024 16:30:41 [Information] Z Axis Data Received: 0.00X
8/20/2024 16:30:41 [Information] Z Axis Data Received: ,0.0
8/20/2024 16:30:41 [Information] Z Axis Data Received: 0Y,0.00
8/20/2024 16:30:42 [Information] Z Axis Data Received: X,0
8/20/2024 16:30:43 [Information] Z Axis Data Received: .00Y,0.00X,0.00Y,0.00X,0.00Y,0.00X,0.00Y,0.00X,0.00Y,0.00X,0.00Y,0.00X,0.00Y,0.00X,0.00Y,0.00X,0.00Y,0.00X,0.00Y,0.00X,0.00Y,0.00X,0.00Y,0.00X,0.00Y,0.00X,0.00Y,0.00X,0.00Y,0.00X,0.00Y,0.00X,0.00Y,0.00X,0.00Y,0.00X,0.00Y,0.00X,0.00Y,0.00X,0.00Y,0.00X,0.00Y,0.00X,0.00Y,0.00X,0.00Y,0.00X,0.00Y,0.00X,0.00Y,0.00X,0.00Y,0.00X,0.00Y,0.00X,0.00Y,0.00X,0.00Y,0.00X,0.00Y,0.00X,0.00Y,0.00X,0.00Y,0.00X,0.00Y,0.00X,0.00Y,0.00X,0.00Y,0.00X,0.00Y,0.00X,0.00Y,0.00X,0.00Y,0.00X,0.00Y,0.00X,0.00Y,0.00X,0.00Y,0.00X,0.00Y,0.00X,0.00Y,0.00X,0.00Y,0.00X,0.00Y,0.00X,0.00Y,0.00X,0.00Y,0.00X,0.00Y,0.00X,0.00Y,0.00X,0.00Y,0.00X,0.00Y,0.00X,0.00Y,0.00X,0.00Y,0.00X,0.00Y,0.00X,0.00Y,0.00X,0.00Y,0.00X,0.00Y,0.00X,0.00Y,0.00X,0.00Y,0.00X,0.00Y,0.00X,0.00Y,0.00X,0.00Y,0.00X,0.00Y,0.00X,0.00Y,0.00X,0.00Y,0.00X,0.00Y,0.00X,0.00Y,0.00X,0.00Y,
8/20/2024 16:30:44 [Information] Z Axis Data Received: 0.00X,0.00Y,0.00X,0.00Y,0.00X,0.00Y,0.00X,0.00Y,0.00X,0.00Y,0.00X,0.00Y,0.00X,0.00Y,0.00X,0.00Y,0.00X,0.00Y,0.00X,0.00Y,0.00X,0.00Y,0.00X,0.00Y,0.00X,0.00Y,0.00X,0.00Y,0.00X,0.00Y,0.00X,0.00Y,0.00X,0.00Y,0.00X,0.00Y,0.00X,0.00Y,0.00X,0.00Y,0.00X,0.00Y,0.00X,0.00Y,0.00X,0.00Y,0.00X,0.00Y,0.00X,0.00Y,0.00X,0.00Y,0.00X,0.00Y,0.00X,0.00Y,0.00X,0.00Y,0.00X,0.00Y,0.00X,0.00Y,0.00X,0.00Y,0.00X,0.00Y,0.00X,0.00Y,0.00X,0.00Y,0.00X,0.00Y,0.00X,0.00Y,0.00X,0.00Y,0.00X,0.00Y,0.00X,0.00Y,0.00X,0.00Y,0.00X,0.00Y,0.00X,0.00Y,0.00X,0.00Y,0.00X,0.00Y,0.00X,0.00Y,0.00X,0.00Y,0.00X,0.00Y,0.00X,0.00Y,0.00X,0.00Y,0.00X,0.00Y,0.00X,0.00Y,0.00X,0.00Y,0.00X,0.00Y,0.00X,0.00Y,0.00X,0.00Y,0.00X,0.00Y,0.00X,0.00Y,0.00X,0.00Y,0.00X,0.00Y,0.00X,0.00Y,0.00X,0.00Y,0.00X,0.00Y,0.00X,0.00Y,0.00X,0.00Y,0.00X,0.00Y,0.00X,0.00Y,0.00X,0.00Y,0.00X,0.00Y,0.00X,0.00Y,0.00X,0.00Y,0.00X,0.00Y,0.00X,0.00Y,0.00X,0.00Y,0.00X,0.00Y,0.00X,0.00Y,0.00X,0.00Y,0.00X,0.00Y,0.00X,0.00Y,0.00X,0.00Y,0.
8/20/2024 16:30:45 [Information] Z Axis Data Received: 00X,0.00Y,0.00X,0.00Y,0.00X,0.00Y,0.00X,0.00Y,0.00X,0.00Y,0.00X,0.00Y,0.00X,0.00Y,0.00X,0.00Y,0.00X,0.00Y,0.00X,0.00Y,0.00X,0.00Y,0.00X,0.00Y,0.00X,0.00Y,0.00X,0.00Y,0.00X,0.00Y,0.00X,0.00Y,0.00X,0.00Y,0.00X,0.00Y,0.00X,0.00Y,0.00X,0.00Y,0.00X,0.00Y,0.00X,0.00Y,0.00X,0.00Y,0.00X,0.00Y,0.00X,0.00Y,0.00X,0.00Y,0.00X,0.00Y,0.00X,0.00Y,0.00X,0.00Y,0.00X,0.00Y,0.00X,0.00Y,0.00X,0.00Y,0.00X,0.00Y,0.00X,0.00Y,0.00X,0.00Y,0.00X,0.00Y,0.00X,0.00Y,0.00X,0.00Y,0.00X,0.00Y,0.00X,0.00Y,0.00X,0.00Y,0.00X,0.00Y,0.00X,0.00Y,0.00X,0.00Y,0.00X,0.00Y,0.00X,0.00Y,0.00X,0.00Y,0.00X,0.00Y,0.00X,0.00Y,0.00X,0.00Y,0.00X,0.00Y,0.00X,0.00Y,0.00X,0.00Y,0.00X,0.00Y,0.00X,0.00Y,0.00X,0.00Y,0.00X,0.00Y,0.00X,0.00Y,0.00X,0.00Y,0.00X,0.00Y,0.00X,0.00Y,0.00X,0.00Y,0.00X,0.00Y,0.00X,0.00Y,0.00X,0.00Y,0.00X,0.00Y,0.00X,0.00Y,0.00X,0.00Y,0.00X,0.00Y,0.00X,0.00Y,0.00X,0.00Y,0.00X,0.00Y,0.00X,0.00Y,0.00X,0.00Y,0.00X,0.00Y,0.00X,0.00Y,0.00X,0.00Y,0.00X,0.00Y,0.00X,0.00Y,0.00X,0
8/20/2024 16:30:45 [Information] Z Axis Data Received: .00Y,0.00X,0.00Y,0.00X,0.00Y,0.00X,0.00Y,0.00X,0.00Y,0.00X,0.00Y,0.00X,0.00Y,0.00X,0.00Y,0.00X,0.00Y,0.00X,0.00Y,0.00X,0.00Y,0.00X,0.00Y,0.00X,0.00Y,0.00X,0.00Y,0.00X,0.00Y,0.00X,0.00Y,0.00X,0.00Y,0.00X,0.00Y,0.00X,0.00Y,0.00X,0.00Y,0.00X,0.00Y,0.00X,0.00Y,0.00X,0.00Y,0.00X,0.00Y,0.00X,0.00Y,0.00X,0.00Y,0.00X,0.00Y,0.00X,0.00Y,0.00X,0.00Y,0.00X,0.00Y,0.00X,0.00Y,0.00X,0.00Y,0.00X,0.00Y,0.00X,0.00Y,0.00X,0.00Y,0.00X,0.00Y,0.00X,0.00Y,0.00X,0.00Y,0.00X,0.00Y,0.00X,0.00Y,0.00X,0.00Y,0.00X,0.00Y,0.00X,0.00Y,0.00X,0.00Y,0.00X,0.00Y,0.00X,0.00Y,0.00X,0.00Y,0.00X,0.00Y,0.00X,0.00Y,0.00X,0.00Y,0.00X,0.00Y,0.00X,0.00Y,0.00X,0.00Y,0.00X,0.00Y,0.00X,0.00Y,0.00X,0.00Y,0.00X,0.00Y,0.00X,0.00Y,0.00X,0.00Y,0.00X,0.00Y,0.00X,0.00Y,0.00X,0.00Y,0.00X,0.00Y,0.00X,0.00Y,0.00X,0.00Y,0.00X,0.00Y,0.00X,0.00Y,0.00X,0.00Y,0.00X,0.00Y,0.00X,0.00Y,0.00X,0.00Y,0.00X,0.00Y,0.00X,0.00Y,0.00X,0.00Y,0.00X,0.00Y,0.00X,0.00Y,0.00X,0.00Y,0.00X,0.00Y,0.00X,0.00Y,0.00X,0.00Y,0.00X,0.
8/20/2024 16:30:45 [Information] Z Axis Data Received: 00Y,0.00X,0.00Y,0
8/20/2024 16:30:45 [Information] Z Axis Data Received: .
8/20/2024 16:30:45 [Information] Z Axis Data Received: 00X,0.00
8/20/2024 16:30:45 [Information] Z Axis Data Received: Y,0.00X,0.00
8/20/2024 16:30:45 [Information] Z Axis Data Received: Y,0.0
8/20/2024 16:30:45 [Information] Z Axis Data Received: 0X,0.00Y
8/20/2024 16:30:45 [Information] Z Axis Data Received: ,0.00X,0
8/20/2024 16:30:45 [Information] Z Axis Data Received: .00Y,0.0
8/20/2024 16:30:45 [Information] Z Axis Data Received: 0X,0.00Y,0.0
8/20/2024 16:30:45 [Information] Z Axis Data Received: 0X,0.
8/20/2024 16:30:45 [Information] Z Axis Data Received: 00Y,0.00X
8/20/2024 16:30:45 [Information] Z Axis Data Received: ,0.00Y,0
8/20/2024 16:30:45 [Information] Z Axis Data Received: .00X,0.00Y,0
8/20/2024 16:30:45 [Information] Z Axis Data Received: .00X,0.0
8/20/2024 16:30:45 [Information] Z Axis Data Received: 0Y,0.
8/20/2024 16:30:45 [Information] Z Axis Data Received: 00X,0.00
8/20/2024 16:30:45 [Information] Z Axis Data Received: Y,0.00X,0.00Y
8/20/2024 16:30:45 [Information] Z Axis Data Received: ,0.00
8/20/2024 16:30:45 [Information] Z Axis Data Received: X,0.00Y,0.00
8/20/2024 16:30:46 [Information] Z Axis Data Received: X,0.
8/20/2024 16:30:47 [Information] Z Axis Data Received: 00Y,0.00X,0.00Y,0.00X,0.00Y,0.00X,0.00Y,0.00X,0.00Y,0.00X,0.00Y,0.00X,0.00Y,0.00X,0.00Y,0.00X,0.00Y,0.00X,0.00Y,0.00X,0.00Y,0.00X,0.00Y,0.00X,0.00Y,0.00X,0.00Y,0.00X,0.00Y,0.00X,0.00Y,0.00X,0.00Y,0.00X,0.00Y,0.00X,0.00Y,0.00X,0.00Y,0.00X,0.00Y,0.00X,0.00Y,0.00X,0.00Y,0.00X,0.00Y,0.00X,0.00Y,0.00X,0.00Y,0.00X,0.00Y,0.00X,0.00Y,0.00X,0.00Y,0.00X,0.00Y,0.00X,0.00Y,0.00X,0.00Y,0.00X,0.00Y,0.00X,0.00Y,0.00X,0.00Y,0.00X,0.00Y,0.00X,0.00Y,0.00X,0.00Y,0.00X,0.00Y,0.00X,0.00Y,0.00X,0.00Y,0.00X,0.00Y,0.00X,0.00Y,0.00X,0.00Y,0.00X,0.00Y,0.00X,0.00Y,0.00X,0.00Y,0.00X,0.00Y,0.00X,0.00Y,0.00X,0.00Y,0.00X,0.00Y,0.00X,0.00Y,0.00X,0.00Y,0.00X,0.00Y,0.00X,0.00Y,0.00X,0.00Y,0.00X,0.00Y,0.00X,0.00Y,0.00X,0.00Y,0.00X,0.00Y,0.00X,0.00Y,0.00X,0.00Y,0.00X,0.00Y,0.00X,0.00Y,0.00X,0.00Y,0.00X,0.00Y,0.00X,0.00Y,0.00X
8/20/2024 16:30:48 [Information] Z Axis mouse controlled Keypad returned: 32.00
8/20/2024 16:30:48 [Information] Z Axis Data Received: ,0.00Y,0.00X,0.00Y,0.00X,0.00Y,0.00X,0.00Y,0.00X,0.00Y,0.00X,0.00Y,0.00X,0.00Y,0.00X,0.00Y,0.00X,0.00Y,0.00X,0.00Y,0.00X,0.00Y,0.00X,0.00Y,0.00X,0.00Y,0.00X,0.00Y,0.00X,0.00Y,0.00X,0.00Y,0.00X,0.00Y,0.00X,0.00Y,0.00X,0.00Y,0.00X,0.00Y,0.00X,0.00Y,0.00X,0.00Y,0.00X,0.00Y,0.00X,0.00Y,0.00X,0.00Y,0.00X,0.00Y,0.00X,0.00Y,0.00X,0.00Y,0.00X,0.00Y,0.00X,0.00Y,0.00X,0.00Y,0.00X,0.00Y,0.00X,0.00Y,0.00X,0.00Y,0.00X,0.00Y,0.00X,0.00Y,0.00X,0.00Y,0.00X,0.00Y,0.00X,0.00Y,0.00X,0.00Y,0.00X,0.00Y,0.00X,0.00Y,0.00X,0.00Y,0.00X,0.00Y,0.00X,0.00Y,0.00X,0.00Y,0.00X,0.00Y,0.00X,0.00Y,0.00X,0.00Y,0.00X,0.00Y,0.00X,0.00Y,0.00X,0.00Y,0.00X,0.00Y,0.00X,0.00Y,0.00X,0.00Y,0.00X,0.00Y,0.00X,0.00Y,0.00X,0.00Y,0.00X,0.00Y,0.00X,0.00Y,0.00X,0.00Y,0.00X,0.00Y,0.00X,0.00Y,0.00X,0.00Y,0.00X,0.00Y,0.00X,0.00Y,0.00X,0.00Y,0.00X,0.00Y,0.00X,0.00Y,0.00X,0.00Y,0.00X,0.00Y,0.00X,0.00Y,0.00X,0.00Y,0.00X,0.00Y,0.00X,0.00Y,0.00X,0.00Y,0.00X,0.00Y,0.00X,0.00Y,0.00X,0.00Y,0.00X,0.00Y,0.00X,
8/20/2024 16:30:49 [Information] Z Axis Data Received: 0.00Y,0.00X,0.00Y,0.00X,0.00Y,0.00X,0.00Y,0.00X,0.00Y,0.00X,0.00Y,0.00X,0.00Y,0.00X,0.00Y,0.00X,0.00Y,0.00X,0.00Y,0.00X,0.00Y,0.00X,0.00Y,0.00X,0.00Y,0.00X,0.00Y,0.00X,0.00Y,0.00X,0.00Y,0.00X,0.00Y,0.00X,0.00Y,0.00X,0.00Y,0.00X,0.00Y,0.00X,0.00Y,0.00X,0.00Y,0.00X,0.00Y,0.00X,0.00Y,0.00X,0.00Y,0.00X,0.00Y,0.00X,0.00Y,0.00X,0.00Y,0.00X,0.00Y,0.00X,0.00Y,0.00X,0.00Y,0.00X,0.00Y,0.00X,0.00Y,0.00X,0.00Y,0.00X,0.00Y,0.00X,0.00Y,0.00X,0.00Y,0.00X,0.00Y,0.00X,0.00Y,0.00X,0.00Y,0.00X,0.00Y,0.00X,0.00Y,0.00X,0.00Y,0.00X,0.00Y,0.00X,0.00Y,0.00X,0.00Y,0.00X,0.00Y,0.00X,0.00Y,0.00X,0.00Y,0.00X,0.00Y,0.00X,0.00Y,0.00X,0.00Y,0.00X,0.00Y,0.00X,0.00Y,0.00X,0.00Y,0.00X,0.00Y,0.00X,0.00Y,0.00X,0.00Y,0.00X,0.00Y,0.00X,0.00Y,0.00X,0.00Y,0.00X,0.00Y,0.00X,0.00Y,0.00X,0.00Y,0.00X,0.00Y,0.00X,0.00Y,0.00X,0.00Y,0.00X,0.00Y,0.00X,0.00Y,0.00X,0.00Y,0.00X,0.00Y,0.00X,0.00Y,0.00X,0.00Y,0.00X,0.00Y,0.00X,0.00Y,0.00X,0.00Y,0.00X,0.00Y,0.00X,0.00Y,0.00X,0.00Y,0.00X,0.00
8/20/2024 16:30:49 [Information] Z Axis Data Received: Y,0.00X,0.00Y,0.00X,0.00Y,0.00X,0.00Y,0.00X,0.00Y,0.00X,0.00Y,0.00X,0.00Y,0.00X,0.00Y,0.00X,0.00Y,0.00X,0.00Y,0.00X,0.00Y,0.00X,0.00Y,0.00X,0.00Y,0.00X,0.00Y,0.00X,0.00Y,0.00X,0.00Y,0.00X,0.00Y,0.00X,0.00Y,0.00X,0.00Y,0.00X,0.00Y,0.00X,0.00Y,0.00X,0.00Y,0.00X,0.00Y,0.00X,0.00Y,0.00X,0.00Y,0.00X,0.00Y,0.00X,0.00Y,0.00X,0.00Y,0.00X,0.00Y,0.00X,0.00Y,0.00X,0.00Y,0.00X,0.00Y,0.00X,0.00Y,0.00X,0.00Y,0.00X,0.00Y,0.00X,0.00Y,0.00X,0.00Y,0.00X,0.00Y,0.00X,0.00Y,0.00X,0.00Y,0.00X,0.00Y,0.00X,0.00Y,0.00X,0.00Y,0.00X,0.00Y,0.00X,0.00Y,0.00X,0.00Y,0.00X,0.00Y,0.00X,0.00Y,0.00X,0.00Y,0.00X,0.00Y,0.00X,0.00Y,0.00X,0.00Y,0.00X,0.00Y,0.00X,0.00Y,0.00X,0.00Y,0.00X,0.00Y,0.00X,0.00Y,0.00X,0.00Y,0.00X,0.00Y,0.00X,0.00Y,0.00X,0.00Y,0.00X,0.00Y,0.00X,0.00Y,0.00X,0.00Y,0.00X,0.00Y,0.00X,0.00Y,0.00X,0.00Y,0.00X,0.00Y,0.00X,0.00Y,0.00X,0.00Y,0.00X,0.00Y,0.00X,0.00Y,0.00X,0.00Y,0.00X,0.00Y,0.00X,0.00Y,0.00X,0.00Y,0.00X,0.00Y,0.00X,0.00Y,0.00X,0.00Y,0.00X,0.00Y,0.00X,0.00
8/20/2024 16:30:49 [Information] Z Axis Data Received: Y,0.00X,0.00Y,0.
8/20/2024 16:30:49 [Information] Z Axis Data Received: 00X,
8/20/2024 16:30:49 [Information] Z Axis Data Received: 0.00Y,0.00
8/20/2024 16:30:49 [Information] Z Axis Data Received: X,0.00Y,0.00X
8/20/2024 16:30:49 [Information] Z Axis Data Received: ,0.00Y,0.00
8/20/2024 16:30:49 [Information] Z Axis Data Received: X,0.00
8/20/2024 16:30:49 [Information] Z Axis Data Received: Y,0.00X,0.
8/20/2024 16:30:49 [Information] Z Axis Data Received: 00Y,0.00X,0.00Y,0.
8/20/2024 16:30:49 [Information] Z Axis Data Received: 00X,0
8/20/2024 16:30:49 [Information] Z Axis Data Received: .00Y,0.00X,0.
8/20/2024 16:30:49 [Information] Z Axis Data Received: 00Y,0.00X
8/20/2024 16:30:49 [Information] Z Axis Data Received: ,0.00Y
8/20/2024 16:30:49 [Information] Z Axis Data Received: ,0.00X,0.00Y,
8/20/2024 16:30:49 [Information] Z Axis Data Received: 0.00X,0.00
8/20/2024 16:30:49 [Information] Z Axis Data Received: Y,0.00X,0.0
8/20/2024 16:30:49 [Information] Z Axis Data Received: 0Y,0.00X,0.0
8/20/2024 16:30:49 [Information] Z Axis Data Received: 0Y,0.0
8/20/2024 16:30:49 [Information] Z Axis Data Received: 0X,0.00Y,0
8/20/2024 16:30:49 [Information] Z Axis Data Received: .00X,0.00Y
8/20/2024 16:30:50 [Information] Z Axis Data Received: ,0.00X,0.
8/20/2024 16:30:51 [Information] Z Axis Data Received: 00Y,0.00X,0.00Y,0.00X,0.00Y,0.00X,0.00Y,0.00X,0.00Y,0.00X,0.00Y,0.00X,0.00Y,0.00X,0.00Y,0.00X,0.00Y,0.00X,0.00Y,0.00X,0.00Y,0.00X,0.00Y,0.00X,0.00Y,0.00X,0.00Y,0.00X,0.00Y,0.00X,0.00Y,0.00X,0.00Y,0.00X,0.00Y,0.00X,0.00Y,0.00X,0.00Y,0.00X,0.00Y,0.00X,0.00Y,0.00X,0.00Y,0.00X,0.00Y,0.00X,0.00Y,0.00X,0.00Y,0.00X,0.00Y,0.00X,0.00Y,0.00X,0.00Y,0.00X,0.00Y,0.00X,0.00Y,0.00X,0.00Y,0.00X,0.00Y,0.00X,0.00Y,0.00X,0.00Y,0.00X,0.00Y,0.00X,0.00Y,0.00X,0.00Y,0.00X,0.00Y,0.00X,0.00Y,0.00X,0.00Y,0.00X,0.00Y,0.00X,0.00Y,0.00X,0.00Y,0.00X,0.00Y,0.00X,0.00Y,0.00X,0.00Y,0.00X,0.00Y,0.00X,0.00Y,0.00X,0.00Y,0.00X,0.00Y,0.00X,0.00Y,0.00X,0.00Y,0.00X,0.00Y,0.00X,0.00Y,0.00X,0.00Y,0.00X,0.00Y,0.00X,0.00Y,0.00X,0.00Y,0.00X,0.00Y,0.00X,0.00Y,0.00X,0.00Y,0.00X,0.00Y,0.00X,0.00Y,0.00X,0.0
8/20/2024 16:30:52 [Information] ZAxisRun_Click button clicked:
8/20/2024 16:30:52 [Information] Z Axis MotorMovementSeconds decimal: (32.00 / 4) / 2 = 4.00
8/20/2024 16:30:52 [Information] Z Axis myMovementTimer int: 1000 * 4.00 = 4000
8/20/2024 16:30:52 [Information] Z Axis Data Received: 0Y,0.00X,0.00Y,0.00X,0.00Y,0.00X,0.00Y,0.00X,0.00Y,0.00X,0.00Y,0.00X,0.00Y,0.00X,0.00Y,0.00X,0.00Y,0.00X,0.00Y,0.00X,0.00Y,0.00X,0.00Y,0.00X,0.00Y,0.00X,0.00Y,0.00X,0.00Y,0.00X,0.00Y,0.00X,0.00Y,0.00X,0.00Y,0.00X,0.00Y,0.00X,0.00Y,0.00X,0.00Y,0.00X,0.00Y,0.00X,0.00Y,0.00X,0.00Y,0.00X,0.00Y,0.00X,0.00Y,0.00X,0.00Y,0.00X,0.00Y,0.00X,0.00Y,0.00X,0.00Y,0.00X,0.00Y,0.00X,0.00Y,0.00X,0.00Y,0.00X,0.00Y,0.00X,0.00Y,0.00X,0.00Y,0.00X,0.00Y,0.00X,0.00Y,0.00X,0.00Y,0.00X,0.00Y,0.00X,0.00Y,0.00X,0.00Y,0.00X,0.00Y,0.00X,0.00Y,0.00X,0.00Y,0.00X,0.00Y,0.00X,0.00Y,0.00X,0.00Y,0.00X,0.00Y,0.00X,0.00Y,0.00X,0.00Y,0.00X,0.00Y,0.00X,0.00Y,0.00X,0.00Y,0.00X,0.00Y,0.00X,0.00Y,0.00X,0.00Y,0.00X,0.00Y,0.00X,0.00Y,0.00X,0.00Y,0.00X,0.00Y,0.00X,0.00Y,0.00X,0.00Y,0.00X,0.00Y,0.00X,0.00Y,0.00X,0.00Y,0.00X,0.00Y,0.00X,0.00Y,0.00X,0.00Y,0.00X,0.00Y,0.00X,0.00Y,0.00X,0.00Y,0.00X,0.00Y,0.00X,0.00Y,0.00X,0.00Y,0.00X,0.00Y,0.00X,0.00Y,0.00X,0.00Y,0.00X,0.00Y,0.00X,0.00Y,0.00X,0.00
8/20/2024 16:30:53 [Information] Z Axis Data Received: Y,0.00X,0.00Y,0.00X,0.00Y,0.00X,0.00Y,0.00X,0.00Y,0.00X,0.00Y,0.00X,0.00Y,0.00X,0.00Y,0.00X,0.00Y,0.00X,0.00Y,0.00X,0.00Y,0.00X,0.00Y,0.00X,0.00Y,0.00X,0.00Y,0.00X,0.00Y,0.00X,0.00Y,0.00X,0.00Y,0.00X,0.00Y,0.00X,0.00Y,0.00X,0.00Y,0.00X,0.00Y,0.00X,0.00Y,0.00X,0.00Y,0.00X,0.00Y,0.00X,0.00Y,0.00X,0.00Y,0.00X,0.00Y,0.00X,0.00Y,0.00X,0.00Y,0.00X,0.00Y,0.00X,0.00Y,0.00X,0.00Y,0.00X,0.00Y,0.00X,0.00Y,0.00X,0.00Y,0.00X,0.00Y,0.00X,0.00Y,0.00X,0.00Y,0.00X,0.00Y,0.00X,0.00Y,0.00X,0.00Y,0.00X,0.00Y,0.00X,0.00Y,0.00X,0.00Y,0.00X,0.00Y,0.00X,0.00Y,0.00X,0.00Y,0.00X,0.00Y,0.00X,0.00Y,0.00X,0.00Y,0.00X,0.00Y,0.00X,0.00Y,0.00X,0.00Y,0.00
8/20/2024 16:30:53 [Information] Z Axis Run Event: Z,0.00,400.00,0,0.00,400.00,0,32.00,400.00,0
8/20/2024 16:30:53 [Information] Z Axis Current Time: 04:30:53 + 4000 = targetEndTime: 04:30:57
8/20/2024 16:30:53 [Information] Stepper Motor Controller Disable Z Axis controls while moving to location.
8/20/2024 16:30:53 [Information] Time remaining: 00:00:00 targetEndTime = 04:30:57
8/20/2024 16:30:53 [Information] Stepper Motor Controller Disable Z Axis controls while moving to location.
8/20/2024 16:30:53 [Information] Time remaining: 00:00:00 targetEndTime = 04:30:57
8/20/2024 16:30:53 [Information] Stepper Motor Controller Disable Z Axis controls while moving to location.
8/20/2024 16:30:53 [Information] Time remaining: 00:00:00 targetEndTime = 04:30:57
8/20/2024 16:30:53 [Information] Stepper Motor Controller Disable Z Axis controls while moving to location.
8/20/2024 16:30:53 [Information] Time remaining: 00:00:00 targetEndTime = 04:30:57
8/20/2024 16:30:53 [Information] Stepper Motor Controller Disable Z Axis controls while moving to location.
8/20/2024 16:30:53 [Information] Time remaining: 00:00:00 targetEndTime = 04:30:57
8/20/2024 16:30:53 [Information] Stepper Motor Controller Disable Z Axis controls while moving to location.
8/20/2024 16:30:53 [Information] Time remaining: 00:00:00 targetEndTime = 04:30:57
8/20/2024 16:30:53 [Information] Stepper Motor Controller Disable Z Axis controls while moving to location.
8/20/2024 16:30:53 [Information] Time remaining: 00:00:00 targetEndTime = 04:30:57
8/20/2024 16:30:53 [Information] Stepper Motor Controller Disable Z Axis controls while moving to location.
8/20/2024 16:30:53 [Information] Time remaining: 00:00:00 targetEndTime = 04:30:57
8/20/2024 16:30:53 [Information] Stepper Motor Controller Disable Z Axis controls while moving to location.
8/20/2024 16:30:53 [Information] Time remaining: 00:00:00 targetEndTime = 04:30:57
8/20/2024 16:30:53 [Information] Stepper Motor Controller Disable Z Axis controls while moving to location.
8/20/2024 16:30:53 [Information] Time remaining: 00:00:00 targetEndTime = 04:30:57
8/20/2024 16:30:53 [Information] Stepper Motor Controller Disable Z Axis controls while moving to location.
8/20/2024 16:30:53 [Information] Time remaining: 00:00:00 targetEndTime = 04:30:57
8/20/2024 16:30:53 [Information] Stepper Motor Controller Disable Z Axis controls while moving to location.
8/20/2024 16:30:53 [Information] Time remaining: 00:00:00 targetEndTime = 04:30:57
8/20/2024 16:30:53 [Information] Stepper Motor Controller Disable Z Axis controls while moving to location.
8/20/2024 16:30:53 [Information] Time remaining: 00:00:00 targetEndTime = 04:30:57
8/20/2024 16:30:53 [Information] Stepper Motor Controller Disable Z Axis controls while moving to location.
8/20/2024 16:30:53 [Information] Time remaining: 00:00:00 targetEndTime = 04:30:57
8/20/2024 16:30:53 [Information] Stepper Motor Controller Disable Z Axis controls while moving to location.
8/20/2024 16:30:53 [Information] Time remaining: 00:00:00 targetEndTime = 04:30:57
8/20/2024 16:30:53 [Information] Stepper Motor Controller Disable Z Axis controls while moving to location.
8/20/2024 16:30:53 [Information] Time remaining: 00:00:00 targetEndTime = 04:30:57
8/20/2024 16:30:53 [Information] Stepper Motor Controller Disable Z Axis controls while moving to location.
8/20/2024 16:30:53 [Information] Time remaining: 00:00:00 targetEndTime = 04:30:57
8/20/2024 16:30:53 [Information] Stepper Motor Controller Disable Z Axis controls while moving to location.
8/20/2024 16:30:53 [Information] Time remaining: 00:00:00 targetEndTime = 04:30:57
8/20/2024 16:30:53 [Information] Stepper Motor Controller Disable Z Axis controls while moving to location.
8/20/2024 16:30:53 [Information] Time remaining: 00:00:00 targetEndTime = 04:30:57
8/20/2024 16:30:53 [Information] Stepper Motor Controller Disable Z Axis controls while moving to location.
8/20/2024 16:30:53 [Information] Time remaining: 00:00:00 targetEndTime = 04:30:57
8/20/2024 16:30:53 [Information] Stepper Motor Controller Disable Z Axis controls while moving to location.
8/20/2024 16:30:53 [Information] Time remaining: 00:00:00 targetEndTime = 04:30:57
8/20/2024 16:30:53 [Information] Stepper Motor Controller Disable Z Axis controls while moving to location.
8/20/2024 16:30:53 [Information] Time remaining: 00:00:00 targetEndTime = 04:30:57
8/20/2024 16:30:53 [Information] Stepper Motor Controller Disable Z Axis controls while moving to location.
8/20/2024 16:30:53 [Information] Time remaining: 00:00:00 targetEndTime = 04:30:57
8/20/2024 16:30:54 [Information] Stepper Motor Controller Disable Z Axis controls while moving to location.
8/20/2024 16:30:54 [Information] Time remaining: 00:00:00 targetEndTime = 04:30:57
8/20/2024 16:30:54 [Information] Stepper Motor Controller Disable Z Axis controls while moving to location.
8/20/2024 16:30:54 [Information] Time remaining: 00:00:00 targetEndTime = 04:30:57
8/20/2024 16:30:54 [Information] Stepper Motor Controller Disable Z Axis controls while moving to location.
8/20/2024 16:30:54 [Information] Time remaining: 00:00:00 targetEndTime = 04:30:57
8/20/2024 16:30:54 [Information] Stepper Motor Controller Disable Z Axis controls while moving to location.
8/20/2024 16:30:54 [Information] Time remaining: 00:00:00 targetEndTime = 04:30:57
8/20/2024 16:30:54 [Information] Stepper Motor Controller Disable Z Axis controls while moving to location.
8/20/2024 16:30:54 [Information] Time remaining: 00:00:00 targetEndTime = 04:30:57
8/20/2024 16:30:54 [Information] Stepper Motor Controller Disable Z Axis controls while moving to location.
8/20/2024 16:30:54 [Information] Time remaining: 00:00:00 targetEndTime = 04:30:57
8/20/2024 16:30:54 [Information] Stepper Motor Controller Disable Z Axis controls while moving to location.
8/20/2024 16:30:54 [Information] Time remaining: 00:00:00 targetEndTime = 04:30:57
8/20/2024 16:30:54 [Information] Stepper Motor Controller Disable Z Axis controls while moving to location.
8/20/2024 16:30:54 [Information] Time remaining: 00:00:00 targetEndTime = 04:30:57
8/20/2024 16:30:54 [Information] Stepper Motor Controller Disable Z Axis controls while moving to location.
8/20/2024 16:30:54 [Information] Time remaining: 00:00:00 targetEndTime = 04:30:57
8/20/2024 16:30:54 [Information] Stepper Motor Controller Disable Z Axis controls while moving to location.
8/20/2024 16:30:54 [Information] Time remaining: 00:00:00 targetEndTime = 04:30:57
8/20/2024 16:30:54 [Information] Stepper Motor Controller Disable Z Axis controls while moving to location.
8/20/2024 16:30:54 [Information] Time remaining: 00:00:00 targetEndTime = 04:30:57
8/20/2024 16:30:54 [Information] Stepper Motor Controller Disable Z Axis controls while moving to location.
8/20/2024 16:30:54 [Information] Time remaining: 00:00:00 targetEndTime = 04:30:57
8/20/2024 16:30:54 [Information] Stepper Motor Controller Disable Z Axis controls while moving to location.
8/20/2024 16:30:54 [Information] Time remaining: 00:00:00 targetEndTime = 04:30:57
8/20/2024 16:30:54 [Information] Stepper Motor Controller Disable Z Axis controls while moving to location.
8/20/2024 16:30:54 [Information] Time remaining: 00:00:00 targetEndTime = 04:30:57
8/20/2024 16:30:54 [Information] Stepper Motor Controller Disable Z Axis controls while moving to location.
8/20/2024 16:30:54 [Information] Time remaining: 00:00:00 targetEndTime = 04:30:57
8/20/2024 16:30:54 [Information] Stepper Motor Controller Disable Z Axis controls while moving to location.
8/20/2024 16:30:54 [Information] Time remaining: 00:00:00 targetEndTime = 04:30:57
8/20/2024 16:30:54 [Information] Stepper Motor Controller Disable Z Axis controls while moving to location.
8/20/2024 16:30:54 [Information] Time remaining: 00:00:00 targetEndTime = 04:30:57
8/20/2024 16:30:54 [Information] Stepper Motor Controller Disable Z Axis controls while moving to location.
8/20/2024 16:30:54 [Information] Time remaining: 00:00:00 targetEndTime = 04:30:57
8/20/2024 16:30:54 [Information] Stepper Motor Controller Disable Z Axis controls while moving to location.
8/20/2024 16:30:54 [Information] Time remaining: 00:00:00 targetEndTime = 04:30:57
8/20/2024 16:30:54 [Information] Stepper Motor Controller Disable Z Axis controls while moving to location.
8/20/2024 16:30:54 [Information] Time remaining: 00:00:00 targetEndTime = 04:30:57
8/20/2024 16:30:54 [Information] Stepper Motor Controller Disable Z Axis controls while moving to location.
8/20/2024 16:30:54 [Information] Time remaining: 00:00:00 targetEndTime = 04:30:57
8/20/2024 16:30:54 [Information] Stepper Motor Controller Disable Z Axis controls while moving to location.
8/20/2024 16:30:54 [Information] Time remaining: 00:00:00 targetEndTime = 04:30:57
8/20/2024 16:30:54 [Information] Stepper Motor Controller Disable Z Axis controls while moving to location.
8/20/2024 16:30:54 [Information] Time remaining: 00:00:00 targetEndTime = 04:30:57
8/20/2024 16:30:54 [Information] Stepper Motor Controller Disable Z Axis controls while moving to location.
8/20/2024 16:30:54 [Information] Time remaining: 00:00:00 targetEndTime = 04:30:57
8/20/2024 16:30:54 [Information] Stepper Motor Controller Disable Z Axis controls while moving to location.
8/20/2024 16:30:54 [Information] Time remaining: 00:00:00 targetEndTime = 04:30:57
8/20/2024 16:30:54 [Information] Stepper Motor Controller Disable Z Axis controls while moving to location.
8/20/2024 16:30:54 [Information] Time remaining: 00:00:00 targetEndTime = 04:30:57
8/20/2024 16:30:54 [Information] Stepper Motor Controller Disable Z Axis controls while moving to location.
8/20/2024 16:30:54 [Information] Time remaining: 00:00:00 targetEndTime = 04:30:57
8/20/2024 16:30:54 [Information] Stepper Motor Controller Disable Z Axis controls while moving to location.
8/20/2024 16:30:54 [Information] Time remaining: 00:00:00 targetEndTime = 04:30:57
8/20/2024 16:30:54 [Information] Stepper Motor Controller Disable Z Axis controls while moving to location.
8/20/2024 16:30:54 [Information] Time remaining: 00:00:00 targetEndTime = 04:30:57
8/20/2024 16:30:54 [Information] Stepper Motor Controller Disable Z Axis controls while moving to location.
8/20/2024 16:30:54 [Information] Time remaining: 00:00:00 targetEndTime = 04:30:57
8/20/2024 16:30:54 [Information] Stepper Motor Controller Disable Z Axis controls while moving to location.
8/20/2024 16:30:54 [Information] Time remaining: 00:00:00 targetEndTime = 04:30:57
8/20/2024 16:30:54 [Information] Stepper Motor Controller Disable Z Axis controls while moving to location.
8/20/2024 16:30:54 [Information] Time remaining: 00:00:00 targetEndTime = 04:30:57
8/20/2024 16:30:54 [Information] Stepper Motor Controller Disable Z Axis controls while moving to location.
8/20/2024 16:30:54 [Information] Time remaining: 00:00:00 targetEndTime = 04:30:57
8/20/2024 16:30:54 [Information] Stepper Motor Controller Disable Z Axis controls while moving to location.
8/20/2024 16:30:54 [Information] Time remaining: 00:00:00 targetEndTime = 04:30:57
8/20/2024 16:30:54 [Information] Stepper Motor Controller Disable Z Axis controls while moving to location.
8/20/2024 16:30:54 [Information] Time remaining: 00:00:00 targetEndTime = 04:30:57
8/20/2024 16:30:54 [Information] Stepper Motor Controller Disable Z Axis controls while moving to location.
8/20/2024 16:30:54 [Information] Time remaining: 00:00:01 targetEndTime = 04:30:57
8/20/2024 16:30:54 [Information] Stepper Motor Controller Disable Z Axis controls while moving to location.
8/20/2024 16:30:54 [Information] Time remaining: 00:00:01 targetEndTime = 04:30:57
8/20/2024 16:30:54 [Information] Stepper Motor Controller Disable Z Axis controls while moving to location.
8/20/2024 16:30:54 [Information] Time remaining: 00:00:01 targetEndTime = 04:30:57
8/20/2024 16:30:54 [Information] Stepper Motor Controller Disable Z Axis controls while moving to location.
8/20/2024 16:30:54 [Information] Time remaining: 00:00:01 targetEndTime = 04:30:57
8/20/2024 16:30:54 [Information] Stepper Motor Controller Disable Z Axis controls while moving to location.
8/20/2024 16:30:54 [Information] Time remaining: 00:00:01 targetEndTime = 04:30:57
8/20/2024 16:30:54 [Information] Stepper Motor Controller Disable Z Axis controls while moving to location.
8/20/2024 16:30:54 [Information] Time remaining: 00:00:01 targetEndTime = 04:30:57
8/20/2024 16:30:54 [Information] Stepper Motor Controller Disable Z Axis controls while moving to location.
8/20/2024 16:30:54 [Information] Time remaining: 00:00:01 targetEndTime = 04:30:57
8/20/2024 16:30:54 [Information] Stepper Motor Controller Disable Z Axis controls while moving to location.
8/20/2024 16:30:54 [Information] Time remaining: 00:00:01 targetEndTime = 04:30:57
8/20/2024 16:30:54 [Information] Stepper Motor Controller Disable Z Axis controls while moving to location.
8/20/2024 16:30:54 [Information] Time remaining: 00:00:01 targetEndTime = 04:30:57
8/20/2024 16:30:54 [Information] Stepper Motor Controller Disable Z Axis controls while moving to location.
8/20/2024 16:30:54 [Information] Time remaining: 00:00:01 targetEndTime = 04:30:57
8/20/2024 16:30:54 [Information] Stepper Motor Controller Disable Z Axis controls while moving to location.
8/20/2024 16:30:54 [Information] Time remaining: 00:00:01 targetEndTime = 04:30:57
8/20/2024 16:30:54 [Information] Stepper Motor Controller Disable Z Axis controls while moving to location.
8/20/2024 16:30:54 [Information] Time remaining: 00:00:01 targetEndTime = 04:30:57
8/20/2024 16:30:54 [Information] Stepper Motor Controller Disable Z Axis controls while moving to location.
8/20/2024 16:30:54 [Information] Time remaining: 00:00:01 targetEndTime = 04:30:57
8/20/2024 16:30:54 [Information] Stepper Motor Controller Disable Z Axis controls while moving to location.
8/20/2024 16:30:54 [Information] Time remaining: 00:00:01 targetEndTime = 04:30:57
8/20/2024 16:30:54 [Information] Stepper Motor Controller Disable Z Axis controls while moving to location.
8/20/2024 16:30:54 [Information] Time remaining: 00:00:01 targetEndTime = 04:30:57
8/20/2024 16:30:54 [Information] Stepper Motor Controller Disable Z Axis controls while moving to location.
8/20/2024 16:30:54 [Information] Time remaining: 00:00:01 targetEndTime = 04:30:57
8/20/2024 16:30:54 [Information] Stepper Motor Controller Disable Z Axis controls while moving to location.
8/20/2024 16:30:54 [Information] Time remaining: 00:00:01 targetEndTime = 04:30:57
8/20/2024 16:30:54 [Information] Stepper Motor Controller Disable Z Axis controls while moving to location.
8/20/2024 16:30:54 [Information] Time remaining: 00:00:01 targetEndTime = 04:30:57
8/20/2024 16:30:54 [Information] Stepper Motor Controller Disable Z Axis controls while moving to location.
8/20/2024 16:30:54 [Information] Time remaining: 00:00:01 targetEndTime = 04:30:57
8/20/2024 16:30:54 [Information] Stepper Motor Controller Disable Z Axis controls while moving to location.
8/20/2024 16:30:54 [Information] Time remaining: 00:00:01 targetEndTime = 04:30:57
8/20/2024 16:30:54 [Information] Stepper Motor Controller Disable Z Axis controls while moving to location.
8/20/2024 16:30:54 [Information] Time remaining: 00:00:01 targetEndTime = 04:30:57
8/20/2024 16:30:55 [Information] Stepper Motor Controller Disable Z Axis controls while moving to location.
8/20/2024 16:30:55 [Information] Time remaining: 00:00:01 targetEndTime = 04:30:57
8/20/2024 16:30:55 [Information] Stepper Motor Controller Disable Z Axis controls while moving to location.
8/20/2024 16:30:55 [Information] Time remaining: 00:00:01 targetEndTime = 04:30:57
8/20/2024 16:30:55 [Information] Stepper Motor Controller Disable Z Axis controls while moving to location.
8/20/2024 16:30:55 [Information] Time remaining: 00:00:01 targetEndTime = 04:30:57
8/20/2024 16:30:55 [Information] Stepper Motor Controller Disable Z Axis controls while moving to location.
8/20/2024 16:30:55 [Information] Time remaining: 00:00:01 targetEndTime = 04:30:57
8/20/2024 16:30:55 [Information] Stepper Motor Controller Disable Z Axis controls while moving to location.
8/20/2024 16:30:55 [Information] Time remaining: 00:00:01 targetEndTime = 04:30:57
8/20/2024 16:30:55 [Information] Stepper Motor Controller Disable Z Axis controls while moving to location.
8/20/2024 16:30:55 [Information] Time remaining: 00:00:01 targetEndTime = 04:30:57
8/20/2024 16:30:55 [Information] Stepper Motor Controller Disable Z Axis controls while moving to location.
8/20/2024 16:30:55 [Information] Time remaining: 00:00:01 targetEndTime = 04:30:57
8/20/2024 16:30:55 [Information] Stepper Motor Controller Disable Z Axis controls while moving to location.
8/20/2024 16:30:55 [Information] Time remaining: 00:00:01 targetEndTime = 04:30:57
8/20/2024 16:30:55 [Information] Stepper Motor Controller Disable Z Axis controls while moving to location.
8/20/2024 16:30:55 [Information] Time remaining: 00:00:01 targetEndTime = 04:30:57
8/20/2024 16:30:55 [Information] Stepper Motor Controller Disable Z Axis controls while moving to location.
8/20/2024 16:30:55 [Information] Time remaining: 00:00:01 targetEndTime = 04:30:57
8/20/2024 16:30:55 [Information] Stepper Motor Controller Disable Z Axis controls while moving to location.
8/20/2024 16:30:55 [Information] Time remaining: 00:00:01 targetEndTime = 04:30:57
8/20/2024 16:30:55 [Information] Stepper Motor Controller Disable Z Axis controls while moving to location.
8/20/2024 16:30:55 [Information] Time remaining: 00:00:01 targetEndTime = 04:30:57
8/20/2024 16:30:55 [Information] Stepper Motor Controller Disable Z Axis controls while moving to location.
8/20/2024 16:30:55 [Information] Time remaining: 00:00:01 targetEndTime = 04:30:57
8/20/2024 16:30:55 [Information] Stepper Motor Controller Disable Z Axis controls while moving to location.
8/20/2024 16:30:55 [Information] Time remaining: 00:00:01 targetEndTime = 04:30:57
8/20/2024 16:30:55 [Information] Stepper Motor Controller Disable Z Axis controls while moving to location.
8/20/2024 16:30:55 [Information] Time remaining: 00:00:01 targetEndTime = 04:30:57
8/20/2024 16:30:55 [Information] Stepper Motor Controller Disable Z Axis controls while moving to location.
8/20/2024 16:30:55 [Information] Time remaining: 00:00:01 targetEndTime = 04:30:57
8/20/2024 16:30:55 [Information] Stepper Motor Controller Disable Z Axis controls while moving to location.
8/20/2024 16:30:55 [Information] Time remaining: 00:00:01 targetEndTime = 04:30:57
8/20/2024 16:30:55 [Information] Stepper Motor Controller Disable Z Axis controls while moving to location.
8/20/2024 16:30:55 [Information] Time remaining: 00:00:01 targetEndTime = 04:30:57
8/20/2024 16:30:55 [Information] Stepper Motor Controller Disable Z Axis controls while moving to location.
8/20/2024 16:30:55 [Information] Time remaining: 00:00:01 targetEndTime = 04:30:57
8/20/2024 16:30:55 [Information] Stepper Motor Controller Disable Z Axis controls while moving to location.
8/20/2024 16:30:55 [Information] Time remaining: 00:00:01 targetEndTime = 04:30:57
8/20/2024 16:30:55 [Information] Stepper Motor Controller Disable Z Axis controls while moving to location.
8/20/2024 16:30:55 [Information] Time remaining: 00:00:01 targetEndTime = 04:30:57
8/20/2024 16:30:55 [Information] Stepper Motor Controller Disable Z Axis controls while moving to location.
8/20/2024 16:30:55 [Information] Time remaining: 00:00:01 targetEndTime = 04:30:57
8/20/2024 16:30:55 [Information] Stepper Motor Controller Disable Z Axis controls while moving to location.
8/20/2024 16:30:55 [Information] Time remaining: 00:00:01 targetEndTime = 04:30:57
8/20/2024 16:30:55 [Information] Stepper Motor Controller Disable Z Axis controls while moving to location.
8/20/2024 16:30:55 [Information] Time remaining: 00:00:01 targetEndTime = 04:30:57
8/20/2024 16:30:55 [Information] Stepper Motor Controller Disable Z Axis controls while moving to location.
8/20/2024 16:30:55 [Information] Time remaining: 00:00:01 targetEndTime = 04:30:57
8/20/2024 16:30:55 [Information] Stepper Motor Controller Disable Z Axis controls while moving to location.
8/20/2024 16:30:55 [Information] Time remaining: 00:00:01 targetEndTime = 04:30:57
8/20/2024 16:30:55 [Information] Stepper Motor Controller Disable Z Axis controls while moving to location.
8/20/2024 16:30:55 [Information] Time remaining: 00:00:02 targetEndTime = 04:30:57
8/20/2024 16:30:55 [Information] Stepper Motor Controller Disable Z Axis controls while moving to location.
8/20/2024 16:30:55 [Information] Time remaining: 00:00:02 targetEndTime = 04:30:57
8/20/2024 16:30:55 [Information] Stepper Motor Controller Disable Z Axis controls while moving to location.
8/20/2024 16:30:55 [Information] Time remaining: 00:00:02 targetEndTime = 04:30:57
8/20/2024 16:30:55 [Information] Stepper Motor Controller Disable Z Axis controls while moving to location.
8/20/2024 16:30:55 [Information] Time remaining: 00:00:02 targetEndTime = 04:30:57
8/20/2024 16:30:55 [Information] Stepper Motor Controller Disable Z Axis controls while moving to location.
8/20/2024 16:30:55 [Information] Time remaining: 00:00:02 targetEndTime = 04:30:57
8/20/2024 16:30:55 [Information] Stepper Motor Controller Disable Z Axis controls while moving to location.
8/20/2024 16:30:55 [Information] Time remaining: 00:00:02 targetEndTime = 04:30:57
8/20/2024 16:30:55 [Information] Stepper Motor Controller Disable Z Axis controls while moving to location.
8/20/2024 16:30:55 [Information] Time remaining: 00:00:02 targetEndTime = 04:30:57
8/20/2024 16:30:55 [Information] Stepper Motor Controller Disable Z Axis controls while moving to location.
8/20/2024 16:30:55 [Information] Time remaining: 00:00:02 targetEndTime = 04:30:57
8/20/2024 16:30:55 [Information] Stepper Motor Controller Disable Z Axis controls while moving to location.
8/20/2024 16:30:55 [Information] Time remaining: 00:00:02 targetEndTime = 04:30:57
8/20/2024 16:30:55 [Information] Stepper Motor Controller Disable Z Axis controls while moving to location.
8/20/2024 16:30:55 [Information] Time remaining: 00:00:02 targetEndTime = 04:30:57
8/20/2024 16:30:55 [Information] Stepper Motor Controller Disable Z Axis controls while moving to location.
8/20/2024 16:30:55 [Information] Time remaining: 00:00:02 targetEndTime = 04:30:57
8/20/2024 16:30:55 [Information] Stepper Motor Controller Disable Z Axis controls while moving to location.
8/20/2024 16:30:55 [Information] Time remaining: 00:00:02 targetEndTime = 04:30:57
8/20/2024 16:30:55 [Information] Stepper Motor Controller Disable Z Axis controls while moving to location.
8/20/2024 16:30:55 [Information] Time remaining: 00:00:02 targetEndTime = 04:30:57
8/20/2024 16:30:55 [Information] Stepper Motor Controller Disable Z Axis controls while moving to location.
8/20/2024 16:30:55 [Information] Time remaining: 00:00:02 targetEndTime = 04:30:57
8/20/2024 16:30:55 [Information] Stepper Motor Controller Disable Z Axis controls while moving to location.
8/20/2024 16:30:55 [Information] Time remaining: 00:00:02 targetEndTime = 04:30:57
8/20/2024 16:30:55 [Information] Stepper Motor Controller Disable Z Axis controls while moving to location.
8/20/2024 16:30:55 [Information] Time remaining: 00:00:02 targetEndTime = 04:30:57
8/20/2024 16:30:55 [Information] Stepper Motor Controller Disable Z Axis controls while moving to location.
8/20/2024 16:30:55 [Information] Time remaining: 00:00:02 targetEndTime = 04:30:57
8/20/2024 16:30:55 [Information] Stepper Motor Controller Disable Z Axis controls while moving to location.
8/20/2024 16:30:55 [Information] Time remaining: 00:00:02 targetEndTime = 04:30:57
8/20/2024 16:30:55 [Information] Stepper Motor Controller Disable Z Axis controls while moving to location.
8/20/2024 16:30:55 [Information] Time remaining: 00:00:02 targetEndTime = 04:30:57
8/20/2024 16:30:55 [Information] Stepper Motor Controller Disable Z Axis controls while moving to location.
8/20/2024 16:30:55 [Information] Time remaining: 00:00:02 targetEndTime = 04:30:57
8/20/2024 16:30:55 [Information] Stepper Motor Controller Disable Z Axis controls while moving to location.
8/20/2024 16:30:55 [Information] Time remaining: 00:00:02 targetEndTime = 04:30:57
8/20/2024 16:30:55 [Information] Stepper Motor Controller Disable Z Axis controls while moving to location.
8/20/2024 16:30:55 [Information] Time remaining: 00:00:02 targetEndTime = 04:30:57
8/20/2024 16:30:55 [Information] Stepper Motor Controller Disable Z Axis controls while moving to location.
8/20/2024 16:30:55 [Information] Time remaining: 00:00:02 targetEndTime = 04:30:57
8/20/2024 16:30:56 [Information] Stepper Motor Controller Disable Z Axis controls while moving to location.
8/20/2024 16:30:56 [Information] Time remaining: 00:00:02 targetEndTime = 04:30:57
8/20/2024 16:30:56 [Information] Stepper Motor Controller Disable Z Axis controls while moving to location.
8/20/2024 16:30:56 [Information] Time remaining: 00:00:02 targetEndTime = 04:30:57
8/20/2024 16:30:56 [Information] Stepper Motor Controller Disable Z Axis controls while moving to location.
8/20/2024 16:30:56 [Information] Time remaining: 00:00:02 targetEndTime = 04:30:57
8/20/2024 16:30:56 [Information] Stepper Motor Controller Disable Z Axis controls while moving to location.
8/20/2024 16:30:56 [Information] Time remaining: 00:00:02 targetEndTime = 04:30:57
8/20/2024 16:30:56 [Information] Stepper Motor Controller Disable Z Axis controls while moving to location.
8/20/2024 16:30:56 [Information] Time remaining: 00:00:02 targetEndTime = 04:30:57
8/20/2024 16:30:56 [Information] Stepper Motor Controller Disable Z Axis controls while moving to location.
8/20/2024 16:30:56 [Information] Time remaining: 00:00:02 targetEndTime = 04:30:57
8/20/2024 16:30:56 [Information] Stepper Motor Controller Disable Z Axis controls while moving to location.
8/20/2024 16:30:56 [Information] Time remaining: 00:00:02 targetEndTime = 04:30:57
8/20/2024 16:30:56 [Information] Stepper Motor Controller Disable Z Axis controls while moving to location.
8/20/2024 16:30:56 [Information] Time remaining: 00:00:02 targetEndTime = 04:30:57
8/20/2024 16:30:56 [Information] Stepper Motor Controller Disable Z Axis controls while moving to location.
8/20/2024 16:30:56 [Information] Time remaining: 00:00:02 targetEndTime = 04:30:57
8/20/2024 16:30:56 [Information] Stepper Motor Controller Disable Z Axis controls while moving to location.
8/20/2024 16:30:56 [Information] Time remaining: 00:00:02 targetEndTime = 04:30:57
8/20/2024 16:30:56 [Information] Stepper Motor Controller Disable Z Axis controls while moving to location.
8/20/2024 16:30:56 [Information] Time remaining: 00:00:02 targetEndTime = 04:30:57
8/20/2024 16:30:56 [Information] Stepper Motor Controller Disable Z Axis controls while moving to location.
8/20/2024 16:30:56 [Information] Time remaining: 00:00:02 targetEndTime = 04:30:57
8/20/2024 16:30:56 [Information] Stepper Motor Controller Disable Z Axis controls while moving to location.
8/20/2024 16:30:56 [Information] Time remaining: 00:00:02 targetEndTime = 04:30:57
8/20/2024 16:30:56 [Information] Stepper Motor Controller Disable Z Axis controls while moving to location.
8/20/2024 16:30:56 [Information] Time remaining: 00:00:02 targetEndTime = 04:30:57
8/20/2024 16:30:56 [Information] Stepper Motor Controller Disable Z Axis controls while moving to location.
8/20/2024 16:30:56 [Information] Time remaining: 00:00:02 targetEndTime = 04:30:57
8/20/2024 16:30:56 [Information] Stepper Motor Controller Disable Z Axis controls while moving to location.
8/20/2024 16:30:56 [Information] Time remaining: 00:00:02 targetEndTime = 04:30:57
8/20/2024 16:30:56 [Information] Stepper Motor Controller Disable Z Axis controls while moving to location.
8/20/2024 16:30:56 [Information] Time remaining: 00:00:02 targetEndTime = 04:30:57
8/20/2024 16:30:56 [Information] Stepper Motor Controller Disable Z Axis controls while moving to location.
8/20/2024 16:30:56 [Information] Time remaining: 00:00:02 targetEndTime = 04:30:57
8/20/2024 16:30:56 [Information] Stepper Motor Controller Disable Z Axis controls while moving to location.
8/20/2024 16:30:56 [Information] Time remaining: 00:00:02 targetEndTime = 04:30:57
8/20/2024 16:30:56 [Information] Stepper Motor Controller Disable Z Axis controls while moving to location.
8/20/2024 16:30:56 [Information] Time remaining: 00:00:02 targetEndTime = 04:30:57
8/20/2024 16:30:56 [Information] Stepper Motor Controller Disable Z Axis controls while moving to location.
8/20/2024 16:30:56 [Information] Time remaining: 00:00:02 targetEndTime = 04:30:57
8/20/2024 16:30:56 [Information] Stepper Motor Controller Disable Z Axis controls while moving to location.
8/20/2024 16:30:56 [Information] Time remaining: 00:00:02 targetEndTime = 04:30:57
8/20/2024 16:30:56 [Information] Stepper Motor Controller Disable Z Axis controls while moving to location.
8/20/2024 16:30:56 [Information] Time remaining: 00:00:02 targetEndTime = 04:30:57
8/20/2024 16:30:56 [Information] Stepper Motor Controller Disable Z Axis controls while moving to location.
8/20/2024 16:30:56 [Information] Time remaining: 00:00:02 targetEndTime = 04:30:57
8/20/2024 16:30:56 [Information] Stepper Motor Controller Disable Z Axis controls while moving to location.
8/20/2024 16:30:56 [Information] Time remaining: 00:00:02 targetEndTime = 04:30:57
8/20/2024 16:30:56 [Information] Stepper Motor Controller Disable Z Axis controls while moving to location.
8/20/2024 16:30:56 [Information] Time remaining: 00:00:02 targetEndTime = 04:30:57
8/20/2024 16:30:56 [Information] Stepper Motor Controller Disable Z Axis controls while moving to location.
8/20/2024 16:30:56 [Information] Time remaining: 00:00:02 targetEndTime = 04:30:57
8/20/2024 16:30:56 [Information] Stepper Motor Controller Disable Z Axis controls while moving to location.
8/20/2024 16:30:56 [Information] Time remaining: 00:00:02 targetEndTime = 04:30:57
8/20/2024 16:30:56 [Information] Stepper Motor Controller Disable Z Axis controls while moving to location.
8/20/2024 16:30:56 [Information] Time remaining: 00:00:02 targetEndTime = 04:30:57
8/20/2024 16:30:56 [Information] Stepper Motor Controller Disable Z Axis controls while moving to location.
8/20/2024 16:30:56 [Information] Time remaining: 00:00:02 targetEndTime = 04:30:57
8/20/2024 16:30:56 [Information] Stepper Motor Controller Disable Z Axis controls while moving to location.
8/20/2024 16:30:56 [Information] Time remaining: 00:00:02 targetEndTime = 04:30:57
8/20/2024 16:30:56 [Information] Stepper Motor Controller Disable Z Axis controls while moving to location.
8/20/2024 16:30:56 [Information] Time remaining: 00:00:02 targetEndTime = 04:30:57
8/20/2024 16:30:56 [Information] Stepper Motor Controller Disable Z Axis controls while moving to location.
8/20/2024 16:30:56 [Information] Time remaining: 00:00:02 targetEndTime = 04:30:57
8/20/2024 16:30:56 [Information] Stepper Motor Controller Disable Z Axis controls while moving to location.
8/20/2024 16:30:56 [Information] Time remaining: 00:00:02 targetEndTime = 04:30:57
8/20/2024 16:30:56 [Information] Stepper Motor Controller Disable Z Axis controls while moving to location.
8/20/2024 16:30:56 [Information] Time remaining: 00:00:03 targetEndTime = 04:30:57
8/20/2024 16:30:56 [Information] Stepper Motor Controller Disable Z Axis controls while moving to location.
8/20/2024 16:30:56 [Information] Time remaining: 00:00:03 targetEndTime = 04:30:57
8/20/2024 16:30:56 [Information] Stepper Motor Controller Disable Z Axis controls while moving to location.
8/20/2024 16:30:56 [Information] Time remaining: 00:00:03 targetEndTime = 04:30:57
8/20/2024 16:30:56 [Information] Stepper Motor Controller Disable Z Axis controls while moving to location.
8/20/2024 16:30:56 [Information] Time remaining: 00:00:03 targetEndTime = 04:30:57
8/20/2024 16:30:56 [Information] Stepper Motor Controller Disable Z Axis controls while moving to location.
8/20/2024 16:30:56 [Information] Time remaining: 00:00:03 targetEndTime = 04:30:57
8/20/2024 16:30:56 [Information] Stepper Motor Controller Disable Z Axis controls while moving to location.
8/20/2024 16:30:56 [Information] Time remaining: 00:00:03 targetEndTime = 04:30:57
8/20/2024 16:30:56 [Information] Stepper Motor Controller Disable Z Axis controls while moving to location.
8/20/2024 16:30:56 [Information] Time remaining: 00:00:03 targetEndTime = 04:30:57
8/20/2024 16:30:56 [Information] Stepper Motor Controller Disable Z Axis controls while moving to location.
8/20/2024 16:30:56 [Information] Time remaining: 00:00:03 targetEndTime = 04:30:57
8/20/2024 16:30:56 [Information] Stepper Motor Controller Disable Z Axis controls while moving to location.
8/20/2024 16:30:56 [Information] Time remaining: 00:00:03 targetEndTime = 04:30:57
8/20/2024 16:30:56 [Information] Stepper Motor Controller Disable Z Axis controls while moving to location.
8/20/2024 16:30:56 [Information] Time remaining: 00:00:03 targetEndTime = 04:30:57
8/20/2024 16:30:56 [Information] Stepper Motor Controller Disable Z Axis controls while moving to location.
8/20/2024 16:30:56 [Information] Time remaining: 00:00:03 targetEndTime = 04:30:57
8/20/2024 16:30:56 [Information] Stepper Motor Controller Disable Z Axis controls while moving to location.
8/20/2024 16:30:56 [Information] Time remaining: 00:00:03 targetEndTime = 04:30:57
8/20/2024 16:30:56 [Information] Stepper Motor Controller Disable Z Axis controls while moving to location.
8/20/2024 16:30:56 [Information] Time remaining: 00:00:03 targetEndTime = 04:30:57
8/20/2024 16:30:56 [Information] Stepper Motor Controller Disable Z Axis controls while moving to location.
8/20/2024 16:30:56 [Information] Time remaining: 00:00:03 targetEndTime = 04:30:57
8/20/2024 16:30:56 [Information] Stepper Motor Controller Disable Z Axis controls while moving to location.
8/20/2024 16:30:56 [Information] Time remaining: 00:00:03 targetEndTime = 04:30:57
8/20/2024 16:30:56 [Information] Stepper Motor Controller Disable Z Axis controls while moving to location.
8/20/2024 16:30:56 [Information] Time remaining: 00:00:03 targetEndTime = 04:30:57
8/20/2024 16:30:56 [Information] Stepper Motor Controller Disable Z Axis controls while moving to location.
8/20/2024 16:30:56 [Information] Time remaining: 00:00:03 targetEndTime = 04:30:57
8/20/2024 16:30:56 [Information] Stepper Motor Controller Disable Z Axis controls while moving to location.
8/20/2024 16:30:56 [Information] Time remaining: 00:00:03 targetEndTime = 04:30:57
8/20/2024 16:30:56 [Information] Stepper Motor Controller Disable Z Axis controls while moving to location.
8/20/2024 16:30:56 [Information] Time remaining: 00:00:03 targetEndTime = 04:30:57
8/20/2024 16:30:56 [Information] Stepper Motor Controller Disable Z Axis controls while moving to location.
8/20/2024 16:30:56 [Information] Time remaining: 00:00:03 targetEndTime = 04:30:57
8/20/2024 16:30:56 [Information] Stepper Motor Controller Disable Z Axis controls while moving to location.
8/20/2024 16:30:56 [Information] Time remaining: 00:00:03 targetEndTime = 04:30:57
8/20/2024 16:30:56 [Information] Stepper Motor Controller Disable Z Axis controls while moving to location.
8/20/2024 16:30:56 [Information] Time remaining: 00:00:03 targetEndTime = 04:30:57
8/20/2024 16:30:56 [Information] Stepper Motor Controller Disable Z Axis controls while moving to location.
8/20/2024 16:30:56 [Information] Time remaining: 00:00:03 targetEndTime = 04:30:57
8/20/2024 16:30:57 [Information] Stepper Motor Controller Disable Z Axis controls while moving to location.
8/20/2024 16:30:57 [Information] Time remaining: 00:00:03 targetEndTime = 04:30:57
8/20/2024 16:30:57 [Information] Stepper Motor Controller Disable Z Axis controls while moving to location.
8/20/2024 16:30:57 [Information] Time remaining: 00:00:03 targetEndTime = 04:30:57
8/20/2024 16:30:57 [Information] Stepper Motor Controller Disable Z Axis controls while moving to location.
8/20/2024 16:30:57 [Information] Time remaining: 00:00:03 targetEndTime = 04:30:57
8/20/2024 16:30:57 [Information] Stepper Motor Controller Disable Z Axis controls while moving to location.
8/20/2024 16:30:57 [Information] Time remaining: 00:00:03 targetEndTime = 04:30:57
8/20/2024 16:30:57 [Information] Stepper Motor Controller Disable Z Axis controls while moving to location.
8/20/2024 16:30:57 [Information] Time remaining: 00:00:03 targetEndTime = 04:30:57
8/20/2024 16:30:57 [Information] Stepper Motor Controller Disable Z Axis controls while moving to location.
8/20/2024 16:30:57 [Information] Time remaining: 00:00:03 targetEndTime = 04:30:57
8/20/2024 16:30:57 [Information] Stepper Motor Controller Disable Z Axis controls while moving to location.
8/20/2024 16:30:57 [Information] Time remaining: 00:00:03 targetEndTime = 04:30:57
8/20/2024 16:30:57 [Information] Stepper Motor Controller Disable Z Axis controls while moving to location.
8/20/2024 16:30:57 [Information] Time remaining: 00:00:03 targetEndTime = 04:30:57
8/20/2024 16:30:57 [Information] Stepper Motor Controller Disable Z Axis controls while moving to location.
8/20/2024 16:30:57 [Information] Time remaining: 00:00:03 targetEndTime = 04:30:57
8/20/2024 16:30:57 [Information] Stepper Motor Controller Disable Z Axis controls while moving to location.
8/20/2024 16:30:57 [Information] Time remaining: 00:00:03 targetEndTime = 04:30:57
8/20/2024 16:30:57 [Information] Stepper Motor Controller Disable Z Axis controls while moving to location.
8/20/2024 16:30:57 [Information] Time remaining: 00:00:03 targetEndTime = 04:30:57
8/20/2024 16:30:57 [Information] Stepper Motor Controller Disable Z Axis controls while moving to location.
8/20/2024 16:30:57 [Information] Time remaining: 00:00:03 targetEndTime = 04:30:57
8/20/2024 16:30:57 [Information] Z Axis Data Received: Z
8/20/2024 16:30:57 [Information] Z Axis Data Received: ,
8/20/2024 16:30:57 [Information] Z Axis Data Received: 1
8/20/2024 16:30:57 [Information] Z Axis Data Received: 6
8/20/2024 16:30:57 [Information] Z Axis Data Received: 0
8/20/2024 16:30:57 [Information] Z Axis Data Received: 0
8/20/2024 16:30:57 [Information] Z Axis Data Received: .
8/20/2024 16:30:57 [Information] Z Axis Data Received: 0
8/20/2024 16:30:57 [Information] Z Axis Data Received: 0
8/20/2024 16:30:57 [Information] Z Axis Data Received: Z
8/20/2024 16:30:57 [Information] Z Axis Data Received: ,
8/20/2024 16:30:57 [Information] Z Axis Data Received: 1
8/20/2024 16:30:57 [Information] Z Axis Data Received: 6
8/20/2024 16:30:57 [Information] Stepper Motor Controller Disable Z Axis controls while moving to location.
8/20/2024 16:30:57 [Information] Z Axis Data Received: 0
8/20/2024 16:30:57 [Information] Z Axis Data Received: 0
8/20/2024 16:30:57 [Information] Z Axis Data Received: .0
